Reading input took 0.0000000000 seconds.
Linking took 0.0000000000 seconds.
Linking took 0.0000000000 seconds.
Completed after 0.0000000000 seconds.
This process (15582) memory usage: 
------------------------------------------
------------------------------------------

Reading input took 0.0000000000 seconds.
Linking took 0.0000000000 seconds.
Linking took 0.0000000000 seconds.
Completed after 0.0000000000 seconds.
This process (15584) memory usage: 
------------------------------------------
------------------------------------------

Reading input took 0.0000000000 seconds.
Linking took 0.0000000000 seconds.
Linking took 0.0000000000 seconds.
Completed after 0.0000000000 seconds.
This process (15586) memory usage: 
------------------------------------------
------------------------------------------

Reading input took 0.0000000000 seconds.
Linking took 0.0000000000 seconds.
Linking took 0.0000000000 seconds.
Completed after 0.0000000000 seconds.
This process (15588) memory usage: 
------------------------------------------
------------------------------------------

Reading input took 0.0000000000 seconds.
Linking took 0.0000000000 seconds.
Linking took 0.0000000000 seconds.
Completed after 0.0000000000 seconds.
This process (15590) memory usage: 
------------------------------------------
------------------------------------------

Reading input took 0.0000000000 seconds.
Linking took 0.0000000000 seconds.
Linking took 0.0000000000 seconds.
Completed after 0.0000000000 seconds.
This process (15592) memory usage: 
------------------------------------------
------------------------------------------

Reading input took 0.0000000000 seconds.
Linking took 0.0000000000 seconds.
Linking took 0.0000000000 seconds.
Completed after 0.0000000000 seconds.
This process (15594) memory usage: 
------------------------------------------
------------------------------------------

Reading input took 0.0000000000 seconds.
Linking took 0.0000000000 seconds.
Linking took 0.0000000000 seconds.
Completed after 0.0000000000 seconds.
This process (15596) memory usage: 
------------------------------------------
------------------------------------------

