purifyTracklets: 
==========================================
Detections file:        /Users/joachim/repos/neosim/example/nightly/59580.dias
Pairs (tracklets) file: /Users/joachim/repos/neosim/example/run/trackletsCollapsed/59580.tracklets.collapsed
Output file:            /Users/joachim/repos/neosim/example/run/trackletsPurified/59580.tracklets.purified
max RMS:                0.05
Reading detections file....
Reading tracklets (pairs) file....
Done!
Reading input took 0.0000000000 seconds.
Doing the filtering...
Done. Writing output.
Done!
Completed after 0.0000000000 seconds.
This process (13094) memory usage: 
------------------------------------------
------------------------------------------

purifyTracklets: 
==========================================
Detections file:        /Users/joachim/repos/neosim/example/nightly/59581.dias
Pairs (tracklets) file: /Users/joachim/repos/neosim/example/run/trackletsCollapsed/59581.tracklets.collapsed
Output file:            /Users/joachim/repos/neosim/example/run/trackletsPurified/59581.tracklets.purified
max RMS:                0.05
Reading detections file....
Reading tracklets (pairs) file....
Done!
Reading input took 0.0000000000 seconds.
Doing the filtering...
Done. Writing output.
Done!
Completed after 0.0000000000 seconds.
This process (13096) memory usage: 
------------------------------------------
------------------------------------------

purifyTracklets: 
==========================================
Detections file:        /Users/joachim/repos/neosim/example/nightly/59582.dias
Pairs (tracklets) file: /Users/joachim/repos/neosim/example/run/trackletsCollapsed/59582.tracklets.collapsed
Output file:            /Users/joachim/repos/neosim/example/run/trackletsPurified/59582.tracklets.purified
max RMS:                0.05
Reading detections file....
Reading tracklets (pairs) file....
Done!
Reading input took 0.0000000000 seconds.
Doing the filtering...
Done. Writing output.
Done!
Completed after 0.0000000000 seconds.
This process (13098) memory usage: 
------------------------------------------
------------------------------------------

purifyTracklets: 
==========================================
Detections file:        /Users/joachim/repos/neosim/example/nightly/59583.dias
Pairs (tracklets) file: /Users/joachim/repos/neosim/example/run/trackletsCollapsed/59583.tracklets.collapsed
Output file:            /Users/joachim/repos/neosim/example/run/trackletsPurified/59583.tracklets.purified
max RMS:                0.05
Reading detections file....
Reading tracklets (pairs) file....
Done!
Reading input took 0.0000000000 seconds.
Doing the filtering...
Done. Writing output.
Done!
Completed after 0.0000000000 seconds.
This process (13100) memory usage: 
------------------------------------------
------------------------------------------

purifyTracklets: 
==========================================
Detections file:        /Users/joachim/repos/neosim/example/nightly/59584.dias
Pairs (tracklets) file: /Users/joachim/repos/neosim/example/run/trackletsCollapsed/59584.tracklets.collapsed
Output file:            /Users/joachim/repos/neosim/example/run/trackletsPurified/59584.tracklets.purified
max RMS:                0.05
Reading detections file....
Reading tracklets (pairs) file....
Done!
Reading input took 0.0000000000 seconds.
Doing the filtering...
Done. Writing output.
Done!
Completed after 0.0000000000 seconds.
This process (13102) memory usage: 
------------------------------------------
------------------------------------------

purifyTracklets: 
==========================================
Detections file:        /Users/joachim/repos/neosim/example/nightly/59585.dias
Pairs (tracklets) file: /Users/joachim/repos/neosim/example/run/trackletsCollapsed/59585.tracklets.collapsed
Output file:            /Users/joachim/repos/neosim/example/run/trackletsPurified/59585.tracklets.purified
max RMS:                0.05
Reading detections file....
Reading tracklets (pairs) file....
Done!
Reading input took 0.0000000000 seconds.
Doing the filtering...
Done. Writing output.
Done!
Completed after 0.0000000000 seconds.
This process (13104) memory usage: 
------------------------------------------
------------------------------------------

purifyTracklets: 
==========================================
Detections file:        /Users/joachim/repos/neosim/example/nightly/59586.dias
Pairs (tracklets) file: /Users/joachim/repos/neosim/example/run/trackletsCollapsed/59586.tracklets.collapsed
Output file:            /Users/joachim/repos/neosim/example/run/trackletsPurified/59586.tracklets.purified
max RMS:                0.05
Reading detections file....
Reading tracklets (pairs) file....
Done!
Reading input took 0.0000000000 seconds.
Doing the filtering...
Done. Writing output.
Done!
Completed after 0.0000000000 seconds.
This process (13106) memory usage: 
------------------------------------------
------------------------------------------

purifyTracklets: 
==========================================
Detections file:        /Users/joachim/repos/neosim/example/nightly/59587.dias
Pairs (tracklets) file: /Users/joachim/repos/neosim/example/run/trackletsCollapsed/59587.tracklets.collapsed
Output file:            /Users/joachim/repos/neosim/example/run/trackletsPurified/59587.tracklets.purified
max RMS:                0.05
Reading detections file....
Reading tracklets (pairs) file....
Done!
Reading input took 0.0000000000 seconds.
Doing the filtering...
Done. Writing output.
Done!
Completed after 0.0000000000 seconds.
This process (13108) memory usage: 
------------------------------------------
------------------------------------------

purifyTracklets: 
==========================================
Detections file:        /Users/joachim/repos/neosim/example/nightly/59588.dias
Pairs (tracklets) file: /Users/joachim/repos/neosim/example/run/trackletsCollapsed/59588.tracklets.collapsed
Output file:            /Users/joachim/repos/neosim/example/run/trackletsPurified/59588.tracklets.purified
max RMS:                0.05
Reading detections file....
Reading tracklets (pairs) file....
Done!
Reading input took 0.0000000000 seconds.
Doing the filtering...
Done. Writing output.
Done!
Completed after 0.0000000000 seconds.
This process (13110) memory usage: 
------------------------------------------
------------------------------------------

purifyTracklets: 
==========================================
Detections file:        /Users/joachim/repos/neosim/example/nightly/59589.dias
Pairs (tracklets) file: /Users/joachim/repos/neosim/example/run/trackletsCollapsed/59589.tracklets.collapsed
Output file:            /Users/joachim/repos/neosim/example/run/trackletsPurified/59589.tracklets.purified
max RMS:                0.05
Reading detections file....
Reading tracklets (pairs) file....
Done!
Reading input took 0.0000000000 seconds.
Doing the filtering...
Done. Writing output.
Done!
Completed after 0.0000000000 seconds.
This process (13112) memory usage: 
------------------------------------------
------------------------------------------

purifyTracklets: 
==========================================
Detections file:        /Users/joachim/repos/neosim/example/nightly/59590.dias
Pairs (tracklets) file: /Users/joachim/repos/neosim/example/run/trackletsCollapsed/59590.tracklets.collapsed
Output file:            /Users/joachim/repos/neosim/example/run/trackletsPurified/59590.tracklets.purified
max RMS:                0.05
Reading detections file....
Reading tracklets (pairs) file....
Done!
Reading input took 0.0000000000 seconds.
Doing the filtering...
Done. Writing output.
Done!
Completed after 0.0000000000 seconds.
This process (13114) memory usage: 
------------------------------------------
------------------------------------------

purifyTracklets: 
==========================================
Detections file:        /Users/joachim/repos/neosim/example/nightly/59591.dias
Pairs (tracklets) file: /Users/joachim/repos/neosim/example/run/trackletsCollapsed/59591.tracklets.collapsed
Output file:            /Users/joachim/repos/neosim/example/run/trackletsPurified/59591.tracklets.purified
max RMS:                0.05
Reading detections file....
Reading tracklets (pairs) file....
Done!
Reading input took 0.0000000000 seconds.
Doing the filtering...
Done. Writing output.
Done!
Completed after 0.0000000000 seconds.
This process (13116) memory usage: 
------------------------------------------
------------------------------------------

purifyTracklets: 
==========================================
Detections file:        /Users/joachim/repos/neosim/example/nightly/59592.dias
Pairs (tracklets) file: /Users/joachim/repos/neosim/example/run/trackletsCollapsed/59592.tracklets.collapsed
Output file:            /Users/joachim/repos/neosim/example/run/trackletsPurified/59592.tracklets.purified
max RMS:                0.05
Reading detections file....
Reading tracklets (pairs) file....
Done!
Reading input took 0.0000000000 seconds.
Doing the filtering...
Done. Writing output.
Done!
Completed after 0.0000000000 seconds.
This process (13118) memory usage: 
------------------------------------------
------------------------------------------

purifyTracklets: 
==========================================
Detections file:        /Users/joachim/repos/neosim/example/nightly/59593.dias
Pairs (tracklets) file: /Users/joachim/repos/neosim/example/run/trackletsCollapsed/59593.tracklets.collapsed
Output file:            /Users/joachim/repos/neosim/example/run/trackletsPurified/59593.tracklets.purified
max RMS:                0.05
Reading detections file....
Reading tracklets (pairs) file....
Done!
Reading input took 0.0000000000 seconds.
Doing the filtering...
Done. Writing output.
Done!
Completed after 0.0000000000 seconds.
This process (13120) memory usage: 
------------------------------------------
------------------------------------------

purifyTracklets: 
==========================================
Detections file:        /Users/joachim/repos/neosim/example/nightly/59594.dias
Pairs (tracklets) file: /Users/joachim/repos/neosim/example/run/trackletsCollapsed/59594.tracklets.collapsed
Output file:            /Users/joachim/repos/neosim/example/run/trackletsPurified/59594.tracklets.purified
max RMS:                0.05
Reading detections file....
Reading tracklets (pairs) file....
Done!
Reading input took 0.0000000000 seconds.
Doing the filtering...
Done. Writing output.
Done!
Completed after 0.0000000000 seconds.
This process (13122) memory usage: 
------------------------------------------
------------------------------------------

purifyTracklets: 
==========================================
Detections file:        /Users/joachim/repos/neosim/example/nightly/59595.dias
Pairs (tracklets) file: /Users/joachim/repos/neosim/example/run/trackletsCollapsed/59595.tracklets.collapsed
Output file:            /Users/joachim/repos/neosim/example/run/trackletsPurified/59595.tracklets.purified
max RMS:                0.05
Reading detections file....
Reading tracklets (pairs) file....
Done!
Reading input took 0.0000000000 seconds.
Doing the filtering...
Done. Writing output.
Done!
Completed after 0.0000000000 seconds.
This process (13124) memory usage: 
------------------------------------------
------------------------------------------

purifyTracklets: 
==========================================
Detections file:        /Users/joachim/repos/neosim/example/nightly/59596.dias
Pairs (tracklets) file: /Users/joachim/repos/neosim/example/run/trackletsCollapsed/59596.tracklets.collapsed
Output file:            /Users/joachim/repos/neosim/example/run/trackletsPurified/59596.tracklets.purified
max RMS:                0.05
Reading detections file....
Reading tracklets (pairs) file....
Done!
Reading input took 0.0000000000 seconds.
Doing the filtering...
Done. Writing output.
Done!
Completed after 0.0000000000 seconds.
This process (13126) memory usage: 
------------------------------------------
------------------------------------------

purifyTracklets: 
==========================================
Detections file:        /Users/joachim/repos/neosim/example/nightly/59597.dias
Pairs (tracklets) file: /Users/joachim/repos/neosim/example/run/trackletsCollapsed/59597.tracklets.collapsed
Output file:            /Users/joachim/repos/neosim/example/run/trackletsPurified/59597.tracklets.purified
max RMS:                0.05
Reading detections file....
Reading tracklets (pairs) file....
Done!
Reading input took 0.0000000000 seconds.
Doing the filtering...
Done. Writing output.
Done!
Completed after 0.0000000000 seconds.
This process (13128) memory usage: 
------------------------------------------
------------------------------------------

purifyTracklets: 
==========================================
Detections file:        /Users/joachim/repos/neosim/example/nightly/59598.dias
Pairs (tracklets) file: /Users/joachim/repos/neosim/example/run/trackletsCollapsed/59598.tracklets.collapsed
Output file:            /Users/joachim/repos/neosim/example/run/trackletsPurified/59598.tracklets.purified
max RMS:                0.05
Reading detections file....
Reading tracklets (pairs) file....
Done!
Reading input took 0.0000000000 seconds.
Doing the filtering...
Done. Writing output.
Done!
Completed after 0.0000000000 seconds.
This process (13130) memory usage: 
------------------------------------------
------------------------------------------

purifyTracklets: 
==========================================
Detections file:        /Users/joachim/repos/neosim/example/nightly/59599.dias
Pairs (tracklets) file: /Users/joachim/repos/neosim/example/run/trackletsCollapsed/59599.tracklets.collapsed
Output file:            /Users/joachim/repos/neosim/example/run/trackletsPurified/59599.tracklets.purified
max RMS:                0.05
Reading detections file....
Reading tracklets (pairs) file....
Done!
Reading input took 0.0000000000 seconds.
Doing the filtering...
Done. Writing output.
Done!
Completed after 0.0000000000 seconds.
This process (13132) memory usage: 
------------------------------------------
------------------------------------------

purifyTracklets: 
==========================================
Detections file:        /Users/joachim/repos/neosim/example/nightly/59600.dias
Pairs (tracklets) file: /Users/joachim/repos/neosim/example/run/trackletsCollapsed/59600.tracklets.collapsed
Output file:            /Users/joachim/repos/neosim/example/run/trackletsPurified/59600.tracklets.purified
max RMS:                0.05
Reading detections file....
Reading tracklets (pairs) file....
Done!
Reading input took 0.0000000000 seconds.
Doing the filtering...
Done. Writing output.
Done!
Completed after 0.0000000000 seconds.
This process (13134) memory usage: 
------------------------------------------
------------------------------------------

purifyTracklets: 
==========================================
Detections file:        /Users/joachim/repos/neosim/example/nightly/59601.dias
Pairs (tracklets) file: /Users/joachim/repos/neosim/example/run/trackletsCollapsed/59601.tracklets.collapsed
Output file:            /Users/joachim/repos/neosim/example/run/trackletsPurified/59601.tracklets.purified
max RMS:                0.05
Reading detections file....
Reading tracklets (pairs) file....
Done!
Reading input took 0.0000000000 seconds.
Doing the filtering...
Done. Writing output.
Done!
Completed after 0.0000000000 seconds.
This process (13136) memory usage: 
------------------------------------------
------------------------------------------

purifyTracklets: 
==========================================
Detections file:        /Users/joachim/repos/neosim/example/nightly/59602.dias
Pairs (tracklets) file: /Users/joachim/repos/neosim/example/run/trackletsCollapsed/59602.tracklets.collapsed
Output file:            /Users/joachim/repos/neosim/example/run/trackletsPurified/59602.tracklets.purified
max RMS:                0.05
Reading detections file....
Reading tracklets (pairs) file....
Done!
Reading input took 0.0000000000 seconds.
Doing the filtering...
Done. Writing output.
Done!
Completed after 0.0000000000 seconds.
This process (13138) memory usage: 
------------------------------------------
------------------------------------------

purifyTracklets: 
==========================================
Detections file:        /Users/joachim/repos/neosim/example/nightly/59603.dias
Pairs (tracklets) file: /Users/joachim/repos/neosim/example/run/trackletsCollapsed/59603.tracklets.collapsed
Output file:            /Users/joachim/repos/neosim/example/run/trackletsPurified/59603.tracklets.purified
max RMS:                0.05
Reading detections file....
Reading tracklets (pairs) file....
Done!
Reading input took 0.0000000000 seconds.
Doing the filtering...
Done. Writing output.
Done!
Completed after 0.0000000000 seconds.
This process (13140) memory usage: 
------------------------------------------
------------------------------------------

purifyTracklets: 
==========================================
Detections file:        /Users/joachim/repos/neosim/example/nightly/59604.dias
Pairs (tracklets) file: /Users/joachim/repos/neosim/example/run/trackletsCollapsed/59604.tracklets.collapsed
Output file:            /Users/joachim/repos/neosim/example/run/trackletsPurified/59604.tracklets.purified
max RMS:                0.05
Reading detections file....
Reading tracklets (pairs) file....
Done!
Reading input took 0.0000000000 seconds.
Doing the filtering...
Done. Writing output.
Done!
Completed after 0.0000000000 seconds.
This process (13142) memory usage: 
------------------------------------------
------------------------------------------

purifyTracklets: 
==========================================
Detections file:        /Users/joachim/repos/neosim/example/nightly/59605.dias
Pairs (tracklets) file: /Users/joachim/repos/neosim/example/run/trackletsCollapsed/59605.tracklets.collapsed
Output file:            /Users/joachim/repos/neosim/example/run/trackletsPurified/59605.tracklets.purified
max RMS:                0.05
Reading detections file....
Reading tracklets (pairs) file....
Done!
Reading input took 0.0000000000 seconds.
Doing the filtering...
Done. Writing output.
Done!
Completed after 0.0000000000 seconds.
This process (13144) memory usage: 
------------------------------------------
------------------------------------------

purifyTracklets: 
==========================================
Detections file:        /Users/joachim/repos/neosim/example/nightly/59606.dias
Pairs (tracklets) file: /Users/joachim/repos/neosim/example/run/trackletsCollapsed/59606.tracklets.collapsed
Output file:            /Users/joachim/repos/neosim/example/run/trackletsPurified/59606.tracklets.purified
max RMS:                0.05
Reading detections file....
Reading tracklets (pairs) file....
Done!
Reading input took 0.0000000000 seconds.
Doing the filtering...
Done. Writing output.
Done!
Completed after 0.0000000000 seconds.
This process (13146) memory usage: 
------------------------------------------
------------------------------------------

purifyTracklets: 
==========================================
Detections file:        /Users/joachim/repos/neosim/example/nightly/59607.dias
Pairs (tracklets) file: /Users/joachim/repos/neosim/example/run/trackletsCollapsed/59607.tracklets.collapsed
Output file:            /Users/joachim/repos/neosim/example/run/trackletsPurified/59607.tracklets.purified
max RMS:                0.05
Reading detections file....
Reading tracklets (pairs) file....
Done!
Reading input took 0.0000000000 seconds.
Doing the filtering...
Done. Writing output.
Done!
Completed after 0.0000000000 seconds.
This process (13148) memory usage: 
------------------------------------------
------------------------------------------

purifyTracklets: 
==========================================
Detections file:        /Users/joachim/repos/neosim/example/nightly/59608.dias
Pairs (tracklets) file: /Users/joachim/repos/neosim/example/run/trackletsCollapsed/59608.tracklets.collapsed
Output file:            /Users/joachim/repos/neosim/example/run/trackletsPurified/59608.tracklets.purified
max RMS:                0.05
Reading detections file....
Reading tracklets (pairs) file....
Done!
Reading input took 0.0000000000 seconds.
Doing the filtering...
Done. Writing output.
Done!
Completed after 0.0000000000 seconds.
This process (13150) memory usage: 
------------------------------------------
------------------------------------------

purifyTracklets: 
==========================================
Detections file:        /Users/joachim/repos/neosim/example/nightly/59609.dias
Pairs (tracklets) file: /Users/joachim/repos/neosim/example/run/trackletsCollapsed/59609.tracklets.collapsed
Output file:            /Users/joachim/repos/neosim/example/run/trackletsPurified/59609.tracklets.purified
max RMS:                0.05
Reading detections file....
Reading tracklets (pairs) file....
Done!
Reading input took 0.0000000000 seconds.
Doing the filtering...
Done. Writing output.
Done!
Completed after 0.0000000000 seconds.
This process (13152) memory usage: 
------------------------------------------
------------------------------------------

