Reading input took 0.0000000000 seconds.
Linking took 0.0000000000 seconds.
Linking took 0.0000000000 seconds.
Completed after 0.0000000000 seconds.
This process (37330) memory usage: 
------------------------------------------
------------------------------------------

Reading input took 0.0000000000 seconds.
Linking took 0.0000000000 seconds.
Linking took 0.0000000000 seconds.
Completed after 0.0000000000 seconds.
This process (37332) memory usage: 
------------------------------------------
------------------------------------------

Reading input took 0.0000000000 seconds.
Linking took 0.0000000000 seconds.
Linking took 0.0000000000 seconds.
Completed after 0.0000000000 seconds.
This process (37334) memory usage: 
------------------------------------------
------------------------------------------

Reading input took 0.0000000000 seconds.
Linking took 0.0000000000 seconds.
Linking took 0.0000000000 seconds.
Completed after 0.0000000000 seconds.
This process (37336) memory usage: 
------------------------------------------
------------------------------------------

Reading input took 0.0000000000 seconds.
Linking took 0.0000000000 seconds.
Linking took 0.0000000000 seconds.
Completed after 0.0000000000 seconds.
This process (37338) memory usage: 
------------------------------------------
------------------------------------------

Reading input took 0.0000000000 seconds.
Linking took 0.0000000000 seconds.
Linking took 0.0000000000 seconds.
Completed after 0.0000000000 seconds.
This process (37340) memory usage: 
------------------------------------------
------------------------------------------

Reading input took 0.0000000000 seconds.
Linking took 0.0000000000 seconds.
Linking took 0.0000000000 seconds.
Completed after 0.0000000000 seconds.
This process (37342) memory usage: 
------------------------------------------
------------------------------------------

Reading input took 0.0000000000 seconds.
Linking took 0.0000000000 seconds.
Linking took 0.0000000000 seconds.
Completed after 0.0000000000 seconds.
This process (37344) memory usage: 
------------------------------------------
------------------------------------------

Reading input took 0.0000000000 seconds.
Linking took 0.0000000000 seconds.
Linking took 0.0000000000 seconds.
Completed after 0.0000000000 seconds.
This process (37346) memory usage: 
------------------------------------------
------------------------------------------

Reading input took 0.0000000000 seconds.
Linking took 0.0000000000 seconds.
Linking took 0.0000000000 seconds.
Completed after 0.0000000000 seconds.
This process (37348) memory usage: 
------------------------------------------
------------------------------------------

Reading input took 0.0000000000 seconds.
Linking took 0.0000000000 seconds.
Linking took 0.0000000000 seconds.
Completed after 0.0000000000 seconds.
This process (37350) memory usage: 
------------------------------------------
------------------------------------------

Reading input took 0.0000000000 seconds.
Linking took 0.0000000000 seconds.
Linking took 0.0000000000 seconds.
Completed after 0.0000000000 seconds.
This process (37352) memory usage: 
------------------------------------------
------------------------------------------

Reading input took 0.0000000000 seconds.
Linking took 0.0000000000 seconds.
Linking took 0.0000000000 seconds.
Completed after 0.0000000000 seconds.
This process (37354) memory usage: 
------------------------------------------
------------------------------------------

Reading input took 0.0000000000 seconds.
Linking took 0.0000000000 seconds.
Linking took 0.0000000000 seconds.
Completed after 0.0000000000 seconds.
This process (37356) memory usage: 
------------------------------------------
------------------------------------------

Reading input took 0.0000000000 seconds.
Linking took 0.0000000000 seconds.
Linking took 0.0000000000 seconds.
Completed after 0.0000000000 seconds.
This process (37358) memory usage: 
------------------------------------------
------------------------------------------

Reading input took 0.0000000000 seconds.
Linking took 0.0000000000 seconds.
Linking took 0.0000000000 seconds.
Completed after 0.0000000000 seconds.
This process (37360) memory usage: 
------------------------------------------
------------------------------------------

Reading input took 0.0000000000 seconds.
Linking took 0.0000000000 seconds.
Linking took 0.0000000000 seconds.
Completed after 0.0000000000 seconds.
This process (37362) memory usage: 
------------------------------------------
------------------------------------------

Reading input took 0.0000000000 seconds.
Linking took 0.0000000000 seconds.
Linking took 0.0000000000 seconds.
Completed after 0.0000000000 seconds.
This process (37364) memory usage: 
------------------------------------------
------------------------------------------

Reading input took 0.0000000000 seconds.
Linking took 0.0000000000 seconds.
Linking took 0.0000000000 seconds.
Completed after 0.0000000000 seconds.
This process (37366) memory usage: 
------------------------------------------
------------------------------------------

Reading input took 0.0000000000 seconds.
Linking took 0.0000000000 seconds.
Linking took 0.0000000000 seconds.
Completed after 0.0000000000 seconds.
This process (37368) memory usage: 
------------------------------------------
------------------------------------------

Reading input took 0.0000000000 seconds.
Linking took 0.0000000000 seconds.
Linking took 0.0000000000 seconds.
Completed after 0.0000000000 seconds.
This process (37370) memory usage: 
------------------------------------------
------------------------------------------

Reading input took 0.0000000000 seconds.
Linking took 0.0000000000 seconds.
Linking took 0.0000000000 seconds.
Completed after 0.0000000000 seconds.
This process (37372) memory usage: 
------------------------------------------
------------------------------------------

Reading input took 0.0000000000 seconds.
Linking took 0.0000000000 seconds.
Linking took 0.0000000000 seconds.
Completed after 0.0000000000 seconds.
This process (37374) memory usage: 
------------------------------------------
------------------------------------------

Reading input took 0.0000000000 seconds.
Linking took 0.0000000000 seconds.
Linking took 0.0000000000 seconds.
Completed after 0.0000000000 seconds.
This process (37376) memory usage: 
------------------------------------------
------------------------------------------

Reading input took 0.0000000000 seconds.
Linking took 0.0000000000 seconds.
Linking took 0.0000000000 seconds.
Completed after 0.0000000000 seconds.
This process (37378) memory usage: 
------------------------------------------
------------------------------------------

Reading input took 0.0000000000 seconds.
Linking took 0.0000000000 seconds.
Linking took 0.0000000000 seconds.
Completed after 0.0000000000 seconds.
This process (37380) memory usage: 
------------------------------------------
------------------------------------------

Reading input took 0.0000000000 seconds.
Linking took 0.0000000000 seconds.
Linking took 0.0000000000 seconds.
Completed after 0.0000000000 seconds.
This process (37382) memory usage: 
------------------------------------------
------------------------------------------

Reading input took 0.0000000000 seconds.
Linking took 0.0000000000 seconds.
Linking took 0.0000000000 seconds.
Completed after 0.0000000000 seconds.
This process (37384) memory usage: 
------------------------------------------
------------------------------------------

Reading input took 0.0000000000 seconds.
Linking took 0.0000000000 seconds.
Linking took 0.0000000000 seconds.
Completed after 0.0000000000 seconds.
This process (37386) memory usage: 
------------------------------------------
------------------------------------------

Reading input took 0.0000000000 seconds.
Linking took 0.0000000000 seconds.
Linking took 0.0000000000 seconds.
Completed after 0.0000000000 seconds.
This process (37388) memory usage: 
------------------------------------------
------------------------------------------

