collapseTracklets: 
--------------------------------
Method:            greedy
enforce min. RMS:  true
maximum RMS:       0.001
Dets File:         nightly/51029.dias
Pairs File         /Users/joachim/repos/neosim/mopsPresentation/samplerun/tracklets/51029.tracklets.byIndices
Output File:       /Users/joachim/repos/neosim/mopsPresentation/samplerun/trackletsCollapsed/51029.tracklets.collapsed
Tolerances: 
RA0: 0.002, Dec0: 0.002, angle: 5, velocity: 0.05
Reading input took 0.0000000000 seconds.
Found 273 detections
Found 131 pairs.
Doing the collapsing...

Done!
Writing the output to file...
Done!
Completed after 0.0000000000 seconds.
This process (13866) memory usage: 
------------------------------------------
------------------------------------------

collapseTracklets: 
--------------------------------
Method:            greedy
enforce min. RMS:  true
maximum RMS:       0.001
Dets File:         nightly/51030.dias
Pairs File         /Users/joachim/repos/neosim/mopsPresentation/samplerun/tracklets/51030.tracklets.byIndices
Output File:       /Users/joachim/repos/neosim/mopsPresentation/samplerun/trackletsCollapsed/51030.tracklets.collapsed
Tolerances: 
RA0: 0.002, Dec0: 0.002, angle: 5, velocity: 0.05
Reading input took 0.0000000000 seconds.
Found 831 detections
Found 777 pairs.
Doing the collapsing...

Done!
Writing the output to file...
Done!
Completed after 0.0000000000 seconds.
This process (13868) memory usage: 
------------------------------------------
------------------------------------------

collapseTracklets: 
--------------------------------
Method:            greedy
enforce min. RMS:  true
maximum RMS:       0.001
Dets File:         nightly/51031.dias
Pairs File         /Users/joachim/repos/neosim/mopsPresentation/samplerun/tracklets/51031.tracklets.byIndices
Output File:       /Users/joachim/repos/neosim/mopsPresentation/samplerun/trackletsCollapsed/51031.tracklets.collapsed
Tolerances: 
RA0: 0.002, Dec0: 0.002, angle: 5, velocity: 0.05
Reading input took 0.0000000000 seconds.
Found 468 detections
Found 375 pairs.
Doing the collapsing...

Done!
Writing the output to file...
Done!
Completed after 0.0000000000 seconds.
This process (13870) memory usage: 
------------------------------------------
------------------------------------------

collapseTracklets: 
--------------------------------
Method:            greedy
enforce min. RMS:  true
maximum RMS:       0.001
Dets File:         nightly/51032.dias
Pairs File         /Users/joachim/repos/neosim/mopsPresentation/samplerun/tracklets/51032.tracklets.byIndices
Output File:       /Users/joachim/repos/neosim/mopsPresentation/samplerun/trackletsCollapsed/51032.tracklets.collapsed
Tolerances: 
RA0: 0.002, Dec0: 0.002, angle: 5, velocity: 0.05
Reading input took 0.0000000000 seconds.
Found 258 detections
Found 157 pairs.
Doing the collapsing...

Done!
Writing the output to file...
Done!
Completed after 0.0000000000 seconds.
This process (13872) memory usage: 
------------------------------------------
------------------------------------------

collapseTracklets: 
--------------------------------
Method:            greedy
enforce min. RMS:  true
maximum RMS:       0.001
Dets File:         nightly/51034.dias
Pairs File         /Users/joachim/repos/neosim/mopsPresentation/samplerun/tracklets/51034.tracklets.byIndices
Output File:       /Users/joachim/repos/neosim/mopsPresentation/samplerun/trackletsCollapsed/51034.tracklets.collapsed
Tolerances: 
RA0: 0.002, Dec0: 0.002, angle: 5, velocity: 0.05
Reading input took 0.0000000000 seconds.
Found 433 detections
Found 264 pairs.
Doing the collapsing...

Done!
Writing the output to file...
Done!
Completed after 0.0000000000 seconds.
This process (13874) memory usage: 
------------------------------------------
------------------------------------------

collapseTracklets: 
--------------------------------
Method:            greedy
enforce min. RMS:  true
maximum RMS:       0.001
Dets File:         nightly/51035.dias
Pairs File         /Users/joachim/repos/neosim/mopsPresentation/samplerun/tracklets/51035.tracklets.byIndices
Output File:       /Users/joachim/repos/neosim/mopsPresentation/samplerun/trackletsCollapsed/51035.tracklets.collapsed
Tolerances: 
RA0: 0.002, Dec0: 0.002, angle: 5, velocity: 0.05
Reading input took 0.0000000000 seconds.
Found 50 detections
Found 0 pairs.
Writing the output to file...
Done!
Completed after 0.0000000000 seconds.
This process (13876) memory usage: 
------------------------------------------
------------------------------------------

collapseTracklets: 
--------------------------------
Method:            greedy
enforce min. RMS:  true
maximum RMS:       0.001
Dets File:         nightly/51042.dias
Pairs File         /Users/joachim/repos/neosim/mopsPresentation/samplerun/tracklets/51042.tracklets.byIndices
Output File:       /Users/joachim/repos/neosim/mopsPresentation/samplerun/trackletsCollapsed/51042.tracklets.collapsed
Tolerances: 
RA0: 0.002, Dec0: 0.002, angle: 5, velocity: 0.05
Reading input took 0.0000000000 seconds.
Found 20 detections
Found 0 pairs.
Writing the output to file...
Done!
Completed after 0.0000000000 seconds.
This process (13878) memory usage: 
------------------------------------------
------------------------------------------

collapseTracklets: 
--------------------------------
Method:            greedy
enforce min. RMS:  true
maximum RMS:       0.001
Dets File:         nightly/51048.dias
Pairs File         /Users/joachim/repos/neosim/mopsPresentation/samplerun/tracklets/51048.tracklets.byIndices
Output File:       /Users/joachim/repos/neosim/mopsPresentation/samplerun/trackletsCollapsed/51048.tracklets.collapsed
Tolerances: 
RA0: 0.002, Dec0: 0.002, angle: 5, velocity: 0.05
Reading input took 0.0000000000 seconds.
Found 151 detections
Found 0 pairs.
Writing the output to file...
Done!
Completed after 0.0000000000 seconds.
This process (13880) memory usage: 
------------------------------------------
------------------------------------------

