purifyTracklets: 
==========================================
Detections file:        mopsPresentation/nightly/51030.dias
Pairs (tracklets) file: /Users/joachim/repos/neosim/mopsPresentation/run/trackletsCollapsed/51030.tracklet.collapsed
Output file:            /Users/joachim/repos/neosim/mopsPresentation/run/trackletsPurified/51030.tracklet.purified
max RMS:                0.0005
Reading detections file....
Reading tracklets (pairs) file....
Done!
Reading input took 0.0000000000 seconds.
Doing the filtering...
Done. Writing output.
Done!
Completed after 0.0000000000 seconds.
This process (15622) memory usage: 
------------------------------------------
------------------------------------------

purifyTracklets: 
==========================================
Detections file:        mopsPresentation/nightly/51031.dias
Pairs (tracklets) file: /Users/joachim/repos/neosim/mopsPresentation/run/trackletsCollapsed/51031.tracklet.collapsed
Output file:            /Users/joachim/repos/neosim/mopsPresentation/run/trackletsPurified/51031.tracklet.purified
max RMS:                0.0005
Reading detections file....
Reading tracklets (pairs) file....
Done!
Reading input took 0.0000000000 seconds.
Doing the filtering...
Done. Writing output.
Done!
Completed after 0.0000000000 seconds.
This process (15624) memory usage: 
------------------------------------------
------------------------------------------

purifyTracklets: 
==========================================
Detections file:        mopsPresentation/nightly/51032.dias
Pairs (tracklets) file: /Users/joachim/repos/neosim/mopsPresentation/run/trackletsCollapsed/51032.tracklet.collapsed
Output file:            /Users/joachim/repos/neosim/mopsPresentation/run/trackletsPurified/51032.tracklet.purified
max RMS:                0.0005
Reading detections file....
Reading tracklets (pairs) file....
Done!
Reading input took 0.0000000000 seconds.
Doing the filtering...
Done. Writing output.
Done!
Completed after 0.0000000000 seconds.
This process (15626) memory usage: 
------------------------------------------
------------------------------------------

purifyTracklets: 
==========================================
Detections file:        mopsPresentation/nightly/51033.dias
Pairs (tracklets) file: /Users/joachim/repos/neosim/mopsPresentation/run/trackletsCollapsed/51033.tracklet.collapsed
Output file:            /Users/joachim/repos/neosim/mopsPresentation/run/trackletsPurified/51033.tracklet.purified
max RMS:                0.0005
Reading detections file....
Reading tracklets (pairs) file....
Done!
Reading input took 0.0000000000 seconds.
Doing the filtering...
Done. Writing output.
Done!
Completed after 0.0000000000 seconds.
This process (15628) memory usage: 
------------------------------------------
------------------------------------------

purifyTracklets: 
==========================================
Detections file:        mopsPresentation/nightly/51034.dias
Pairs (tracklets) file: /Users/joachim/repos/neosim/mopsPresentation/run/trackletsCollapsed/51034.tracklet.collapsed
Output file:            /Users/joachim/repos/neosim/mopsPresentation/run/trackletsPurified/51034.tracklet.purified
max RMS:                0.0005
Reading detections file....
Reading tracklets (pairs) file....
Done!
Reading input took 0.0000000000 seconds.
Doing the filtering...
Done. Writing output.
Done!
Completed after 0.0000000000 seconds.
This process (15630) memory usage: 
------------------------------------------
------------------------------------------

purifyTracklets: 
==========================================
Detections file:        mopsPresentation/nightly/51035.dias
Pairs (tracklets) file: /Users/joachim/repos/neosim/mopsPresentation/run/trackletsCollapsed/51035.tracklet.collapsed
Output file:            /Users/joachim/repos/neosim/mopsPresentation/run/trackletsPurified/51035.tracklet.purified
max RMS:                0.0005
Reading detections file....
Reading tracklets (pairs) file....
Done!
Reading input took 0.0000000000 seconds.
Doing the filtering...
Done. Writing output.
Done!
Completed after 0.0000000000 seconds.
This process (15632) memory usage: 
------------------------------------------
------------------------------------------

purifyTracklets: 
==========================================
Detections file:        mopsPresentation/nightly/51036.dias
Pairs (tracklets) file: /Users/joachim/repos/neosim/mopsPresentation/run/trackletsCollapsed/51036.tracklet.collapsed
Output file:            /Users/joachim/repos/neosim/mopsPresentation/run/trackletsPurified/51036.tracklet.purified
max RMS:                0.0005
Reading detections file....
Reading tracklets (pairs) file....
Done!
Reading input took 0.0000000000 seconds.
Doing the filtering...
Done. Writing output.
Done!
Completed after 0.0000000000 seconds.
This process (15634) memory usage: 
------------------------------------------
------------------------------------------

purifyTracklets: 
==========================================
Detections file:        mopsPresentation/nightly/51038.dias
Pairs (tracklets) file: /Users/joachim/repos/neosim/mopsPresentation/run/trackletsCollapsed/51038.tracklet.collapsed
Output file:            /Users/joachim/repos/neosim/mopsPresentation/run/trackletsPurified/51038.tracklet.purified
max RMS:                0.0005
Reading detections file....
Reading tracklets (pairs) file....
Done!
Reading input took 0.0000000000 seconds.
Doing the filtering...
Done. Writing output.
Done!
Completed after 0.0000000000 seconds.
This process (15636) memory usage: 
------------------------------------------
------------------------------------------

