Set min unique nights per track: 3
Set min detections per track: 6
 Set output buffer size = 1000
Reading detections file 
Calculating topocentric correction 
Reading tracklets file 
Reading input took 0.0000000000 seconds.
Recentering all detections on (180, 0).
   Bounds were (in deg) R=[229.0773696990,  511.7956771420], D=[ -24.8317269676,  16.6339441186]
Setting tracklet velocities.
Sorting tracklets by image time and creating trees.
Doing the linking.
Looking for tracks between images at times 59603.160000000003 (image 0 / 7) and 59604.160000000003 (image 1 / 7)  (with 0 support images).
 current wall-clock time is Fri Feb  5 14:49:59 2016
That iteration took 1454709213.000000000000 seconds. 
 so far, we have found 0 tracks.

Looking for tracks between images at times 59603.160000000003 (image 0 / 7) and 59605.160000000003 (image 2 / 7)  (with 1 support images).
 current wall-clock time is Fri Feb  5 14:49:59 2016
That iteration took 1454709001.000000000000 seconds. 
 so far, we have found 2 tracks.

Looking for tracks between images at times 59603.160000000003 (image 0 / 7) and 59606.160000000003 (image 3 / 7)  (with 2 support images).
 current wall-clock time is Fri Feb  5 14:49:59 2016
That iteration took 1454708755.000000000000 seconds. 
 so far, we have found 4 tracks.

Looking for tracks between images at times 59603.160000000003 (image 0 / 7) and 59607.160000000003 (image 4 / 7)  (with 3 support images).
 current wall-clock time is Fri Feb  5 14:49:59 2016
That iteration took 1454708565.000000000000 seconds. 
 so far, we have found 6 tracks.

Looking for tracks between images at times 59603.160000000003 (image 0 / 7) and 59608.160000000003 (image 5 / 7)  (with 4 support images).
 current wall-clock time is Fri Feb  5 14:49:59 2016
That iteration took 1454708370.000000000000 seconds. 
 so far, we have found 8 tracks.

Looking for tracks between images at times 59603.160000000003 (image 0 / 7) and 59609.160000000003 (image 6 / 7)  (with 5 support images).
 current wall-clock time is Fri Feb  5 14:49:59 2016
That iteration took 1454708159.000000000000 seconds. 
 so far, we have found 10 tracks.

Looking for tracks between images at times 59604.160000000003 (image 1 / 7) and 59605.160000000003 (image 2 / 7)  (with 0 support images).
 current wall-clock time is Fri Feb  5 14:49:59 2016
That iteration took 1454707949.000000000000 seconds. 
 so far, we have found 10 tracks.

Looking for tracks between images at times 59604.160000000003 (image 1 / 7) and 59606.160000000003 (image 3 / 7)  (with 1 support images).
 current wall-clock time is Fri Feb  5 14:49:59 2016
That iteration took 1454707925.000000000000 seconds. 
 so far, we have found 12 tracks.

Looking for tracks between images at times 59604.160000000003 (image 1 / 7) and 59607.160000000003 (image 4 / 7)  (with 2 support images).
 current wall-clock time is Fri Feb  5 14:49:59 2016
That iteration took 1454707751.000000000000 seconds. 
 so far, we have found 14 tracks.

Looking for tracks between images at times 59604.160000000003 (image 1 / 7) and 59608.160000000003 (image 5 / 7)  (with 3 support images).
 current wall-clock time is Fri Feb  5 14:49:59 2016
That iteration took 1454707574.000000000000 seconds. 
 so far, we have found 16 tracks.

Looking for tracks between images at times 59604.160000000003 (image 1 / 7) and 59609.160000000003 (image 6 / 7)  (with 4 support images).
 current wall-clock time is Fri Feb  5 14:49:59 2016
That iteration took 1454707385.000000000000 seconds. 
 so far, we have found 18 tracks.

Looking for tracks between images at times 59605.160000000003 (image 2 / 7) and 59606.160000000003 (image 3 / 7)  (with 0 support images).
 current wall-clock time is Fri Feb  5 14:49:59 2016
That iteration took 1454707180.000000000000 seconds. 
 so far, we have found 18 tracks.

Looking for tracks between images at times 59605.160000000003 (image 2 / 7) and 59607.160000000003 (image 4 / 7)  (with 1 support images).
 current wall-clock time is Fri Feb  5 14:49:59 2016
That iteration took 1454707156.000000000000 seconds. 
 so far, we have found 20 tracks.

Looking for tracks between images at times 59605.160000000003 (image 2 / 7) and 59608.160000000003 (image 5 / 7)  (with 2 support images).
 current wall-clock time is Fri Feb  5 14:49:59 2016
That iteration took 1454706997.000000000000 seconds. 
 so far, we have found 22 tracks.

Looking for tracks between images at times 59605.160000000003 (image 2 / 7) and 59609.160000000003 (image 6 / 7)  (with 3 support images).
 current wall-clock time is Fri Feb  5 14:49:59 2016
That iteration took 1454706814.000000000000 seconds. 
 so far, we have found 24 tracks.

Looking for tracks between images at times 59606.160000000003 (image 3 / 7) and 59607.160000000003 (image 4 / 7)  (with 0 support images).
 current wall-clock time is Fri Feb  5 14:49:59 2016
That iteration took 1454706629.000000000000 seconds. 
 so far, we have found 24 tracks.

Looking for tracks between images at times 59606.160000000003 (image 3 / 7) and 59608.160000000003 (image 5 / 7)  (with 1 support images).
 current wall-clock time is Fri Feb  5 14:49:59 2016
That iteration took 1454706606.000000000000 seconds. 
 so far, we have found 26 tracks.

Looking for tracks between images at times 59606.160000000003 (image 3 / 7) and 59609.160000000003 (image 6 / 7)  (with 2 support images).
 current wall-clock time is Fri Feb  5 14:49:59 2016
That iteration took 1454706443.000000000000 seconds. 
 so far, we have found 28 tracks.

Looking for tracks between images at times 59607.160000000003 (image 4 / 7) and 59608.160000000003 (image 5 / 7)  (with 0 support images).
 current wall-clock time is Fri Feb  5 14:49:59 2016
That iteration took 1454706272.000000000000 seconds. 
 so far, we have found 28 tracks.

Looking for tracks between images at times 59607.160000000003 (image 4 / 7) and 59609.160000000003 (image 6 / 7)  (with 1 support images).
 current wall-clock time is Fri Feb  5 14:49:59 2016
That iteration took 1454706250.000000000000 seconds. 
 so far, we have found 30 tracks.

Looking for tracks between images at times 59608.160000000003 (image 5 / 7) and 59609.160000000003 (image 6 / 7)  (with 0 support images).
 current wall-clock time is Fri Feb  5 14:49:59 2016
That iteration took 1454706090.000000000000 seconds. 
 so far, we have found 30 tracks.

Found 21 valid start/end image pairs.
Finished linking.
Linking took 1454709215.000000000000 seconds.
TrackSet: purgeToFile called.
TrackSet: clearing component tracks from memory.
Results successfully written to disk.
Done. Exiting successfully.
Completed after 0.0000000000 seconds.
This process (37737) memory usage: 
------------------------------------------
------------------------------------------

