Set min unique nights per track: 3
Set min detections per track: 6
 Set output buffer size = 1000
Reading detections file 
Calculating topocentric correction 
Reading tracklets file 
Reading input took 0.0000000000 seconds.
Recentering all detections on (180, 0).
   Bounds were (in deg) R=[227.7370027640,  512.3569926300], D=[ -24.8317269676,  16.6339441186]
Setting tracklet velocities.
Sorting tracklets by image time and creating trees.
Doing the linking.
Looking for tracks between images at times 59599.160000000003 (image 0 / 11) and 59600.160000000003 (image 1 / 11)  (with 0 support images).
 current wall-clock time is Fri Feb  5 14:49:59 2016
That iteration took 1454709026.000000000000 seconds. 
 so far, we have found 0 tracks.

Looking for tracks between images at times 59599.160000000003 (image 0 / 11) and 59601.160000000003 (image 2 / 11)  (with 1 support images).
 current wall-clock time is Fri Feb  5 14:49:59 2016
That iteration took 1454708819.000000000000 seconds. 
 so far, we have found 2 tracks.

Looking for tracks between images at times 59599.160000000003 (image 0 / 11) and 59602.160000000003 (image 3 / 11)  (with 2 support images).
 current wall-clock time is Fri Feb  5 14:49:59 2016
That iteration took 1454708553.000000000000 seconds. 
 so far, we have found 4 tracks.

Looking for tracks between images at times 59599.160000000003 (image 0 / 11) and 59603.160000000003 (image 4 / 11)  (with 3 support images).
 current wall-clock time is Fri Feb  5 14:49:59 2016
That iteration took 1454708364.000000000000 seconds. 
 so far, we have found 6 tracks.

Looking for tracks between images at times 59599.160000000003 (image 0 / 11) and 59604.160000000003 (image 5 / 11)  (with 4 support images).
 current wall-clock time is Fri Feb  5 14:49:59 2016
That iteration took 1454708172.000000000000 seconds. 
 so far, we have found 7 tracks.

Looking for tracks between images at times 59599.160000000003 (image 0 / 11) and 59605.160000000003 (image 6 / 11)  (with 5 support images).
 current wall-clock time is Fri Feb  5 14:49:59 2016
That iteration took 1454707938.000000000000 seconds. 
 so far, we have found 9 tracks.

Looking for tracks between images at times 59599.160000000003 (image 0 / 11) and 59606.160000000003 (image 7 / 11)  (with 6 support images).
 current wall-clock time is Fri Feb  5 14:49:59 2016
That iteration took 1454707718.000000000000 seconds. 
 so far, we have found 11 tracks.

Looking for tracks between images at times 59599.160000000003 (image 0 / 11) and 59607.160000000003 (image 8 / 11)  (with 7 support images).
 current wall-clock time is Fri Feb  5 14:49:59 2016
That iteration took 1454707482.000000000000 seconds. 
 so far, we have found 13 tracks.

Looking for tracks between images at times 59599.160000000003 (image 0 / 11) and 59608.160000000003 (image 9 / 11)  (with 8 support images).
 current wall-clock time is Fri Feb  5 14:49:59 2016
That iteration took 1454707260.000000000000 seconds. 
 so far, we have found 15 tracks.

Looking for tracks between images at times 59599.160000000003 (image 0 / 11) and 59609.160000000003 (image 10 / 11)  (with 9 support images).
 current wall-clock time is Fri Feb  5 14:49:59 2016
That iteration took 1454707005.000000000000 seconds. 
 so far, we have found 17 tracks.

Looking for tracks between images at times 59600.160000000003 (image 1 / 11) and 59601.160000000003 (image 2 / 11)  (with 0 support images).
 current wall-clock time is Fri Feb  5 14:49:59 2016
That iteration took 1454706761.000000000000 seconds. 
 so far, we have found 17 tracks.

Looking for tracks between images at times 59600.160000000003 (image 1 / 11) and 59602.160000000003 (image 3 / 11)  (with 1 support images).
 current wall-clock time is Fri Feb  5 14:49:59 2016
That iteration took 1454706739.000000000000 seconds. 
 so far, we have found 19 tracks.

Looking for tracks between images at times 59600.160000000003 (image 1 / 11) and 59603.160000000003 (image 4 / 11)  (with 2 support images).
 current wall-clock time is Fri Feb  5 14:49:59 2016
That iteration took 1454706579.000000000000 seconds. 
 so far, we have found 21 tracks.

Looking for tracks between images at times 59600.160000000003 (image 1 / 11) and 59604.160000000003 (image 5 / 11)  (with 3 support images).
 current wall-clock time is Fri Feb  5 14:49:59 2016
That iteration took 1454706386.000000000000 seconds. 
 so far, we have found 23 tracks.

Looking for tracks between images at times 59600.160000000003 (image 1 / 11) and 59605.160000000003 (image 6 / 11)  (with 4 support images).
 current wall-clock time is Fri Feb  5 14:49:59 2016
That iteration took 1454706202.000000000000 seconds. 
 so far, we have found 25 tracks.

Looking for tracks between images at times 59600.160000000003 (image 1 / 11) and 59606.160000000003 (image 7 / 11)  (with 5 support images).
 current wall-clock time is Fri Feb  5 14:49:59 2016
That iteration took 1454705995.000000000000 seconds. 
 so far, we have found 27 tracks.

Looking for tracks between images at times 59600.160000000003 (image 1 / 11) and 59607.160000000003 (image 8 / 11)  (with 6 support images).
 current wall-clock time is Fri Feb  5 14:49:59 2016
That iteration took 1454705794.000000000000 seconds. 
 so far, we have found 29 tracks.

Looking for tracks between images at times 59600.160000000003 (image 1 / 11) and 59608.160000000003 (image 9 / 11)  (with 7 support images).
 current wall-clock time is Fri Feb  5 14:49:59 2016
That iteration took 1454705568.000000000000 seconds. 
 so far, we have found 31 tracks.

Looking for tracks between images at times 59600.160000000003 (image 1 / 11) and 59609.160000000003 (image 10 / 11)  (with 8 support images).
 current wall-clock time is Fri Feb  5 14:49:59 2016
That iteration took 1454705350.000000000000 seconds. 
 so far, we have found 33 tracks.

Looking for tracks between images at times 59601.160000000003 (image 2 / 11) and 59602.160000000003 (image 3 / 11)  (with 0 support images).
 current wall-clock time is Fri Feb  5 14:49:59 2016
That iteration took 1454705105.000000000000 seconds. 
 so far, we have found 33 tracks.

Looking for tracks between images at times 59601.160000000003 (image 2 / 11) and 59603.160000000003 (image 4 / 11)  (with 1 support images).
 current wall-clock time is Fri Feb  5 14:49:59 2016
That iteration took 1454705082.000000000000 seconds. 
 so far, we have found 35 tracks.

Looking for tracks between images at times 59601.160000000003 (image 2 / 11) and 59604.160000000003 (image 5 / 11)  (with 2 support images).
 current wall-clock time is Fri Feb  5 14:49:59 2016
That iteration took 1454704924.000000000000 seconds. 
 so far, we have found 37 tracks.

Looking for tracks between images at times 59601.160000000003 (image 2 / 11) and 59605.160000000003 (image 6 / 11)  (with 3 support images).
 current wall-clock time is Fri Feb  5 14:49:59 2016
That iteration took 1454704749.000000000000 seconds. 
 so far, we have found 39 tracks.

Looking for tracks between images at times 59601.160000000003 (image 2 / 11) and 59606.160000000003 (image 7 / 11)  (with 4 support images).
 current wall-clock time is Fri Feb  5 14:49:59 2016
That iteration took 1454704569.000000000000 seconds. 
 so far, we have found 41 tracks.

Looking for tracks between images at times 59601.160000000003 (image 2 / 11) and 59607.160000000003 (image 8 / 11)  (with 5 support images).
 current wall-clock time is Fri Feb  5 14:49:59 2016
That iteration took 1454704367.000000000000 seconds. 
 so far, we have found 43 tracks.

Looking for tracks between images at times 59601.160000000003 (image 2 / 11) and 59608.160000000003 (image 9 / 11)  (with 6 support images).
 current wall-clock time is Fri Feb  5 14:49:59 2016
That iteration took 1454704165.000000000000 seconds. 
 so far, we have found 45 tracks.

Looking for tracks between images at times 59601.160000000003 (image 2 / 11) and 59609.160000000003 (image 10 / 11)  (with 7 support images).
 current wall-clock time is Fri Feb  5 14:49:59 2016
That iteration took 1454703712.000000000000 seconds. 
 so far, we have found 47 tracks.

Looking for tracks between images at times 59602.160000000003 (image 3 / 11) and 59603.160000000003 (image 4 / 11)  (with 0 support images).
 current wall-clock time is Fri Feb  5 14:49:59 2016
That iteration took 1454703410.000000000000 seconds. 
 so far, we have found 47 tracks.

Looking for tracks between images at times 59602.160000000003 (image 3 / 11) and 59604.160000000003 (image 5 / 11)  (with 1 support images).
 current wall-clock time is Fri Feb  5 14:49:59 2016
That iteration took 1454703370.000000000000 seconds. 
 so far, we have found 49 tracks.

Looking for tracks between images at times 59602.160000000003 (image 3 / 11) and 59605.160000000003 (image 6 / 11)  (with 2 support images).
 current wall-clock time is Fri Feb  5 14:49:59 2016
That iteration took 1454703138.000000000000 seconds. 
 so far, we have found 51 tracks.

Looking for tracks between images at times 59602.160000000003 (image 3 / 11) and 59606.160000000003 (image 7 / 11)  (with 3 support images).
 current wall-clock time is Fri Feb  5 14:49:59 2016
That iteration took 1454702936.000000000000 seconds. 
 so far, we have found 53 tracks.

Looking for tracks between images at times 59602.160000000003 (image 3 / 11) and 59607.160000000003 (image 8 / 11)  (with 4 support images).
 current wall-clock time is Fri Feb  5 14:49:59 2016
That iteration took 1454702737.000000000000 seconds. 
 so far, we have found 55 tracks.

Looking for tracks between images at times 59602.160000000003 (image 3 / 11) and 59608.160000000003 (image 9 / 11)  (with 5 support images).
 current wall-clock time is Fri Feb  5 14:49:59 2016
That iteration took 1454702512.000000000000 seconds. 
 so far, we have found 57 tracks.

Looking for tracks between images at times 59602.160000000003 (image 3 / 11) and 59609.160000000003 (image 10 / 11)  (with 6 support images).
 current wall-clock time is Fri Feb  5 14:49:59 2016
That iteration took 1454702293.000000000000 seconds. 
 so far, we have found 59 tracks.

Looking for tracks between images at times 59603.160000000003 (image 4 / 11) and 59604.160000000003 (image 5 / 11)  (with 0 support images).
 current wall-clock time is Fri Feb  5 14:49:59 2016
That iteration took 1454702027.000000000000 seconds. 
 so far, we have found 59 tracks.

Looking for tracks between images at times 59603.160000000003 (image 4 / 11) and 59605.160000000003 (image 6 / 11)  (with 1 support images).
 current wall-clock time is Fri Feb  5 14:49:59 2016
That iteration took 1454702003.000000000000 seconds. 
 so far, we have found 61 tracks.

Looking for tracks between images at times 59603.160000000003 (image 4 / 11) and 59606.160000000003 (image 7 / 11)  (with 2 support images).
 current wall-clock time is Fri Feb  5 14:49:59 2016
That iteration took 1454701840.000000000000 seconds. 
 so far, we have found 63 tracks.

Looking for tracks between images at times 59603.160000000003 (image 4 / 11) and 59607.160000000003 (image 8 / 11)  (with 3 support images).
 current wall-clock time is Fri Feb  5 14:49:59 2016
That iteration took 1454701664.000000000000 seconds. 
 so far, we have found 65 tracks.

Looking for tracks between images at times 59603.160000000003 (image 4 / 11) and 59608.160000000003 (image 9 / 11)  (with 4 support images).
 current wall-clock time is Fri Feb  5 14:49:59 2016
That iteration took 1454701479.000000000000 seconds. 
 so far, we have found 67 tracks.

Looking for tracks between images at times 59603.160000000003 (image 4 / 11) and 59609.160000000003 (image 10 / 11)  (with 5 support images).
 current wall-clock time is Fri Feb  5 14:49:59 2016
That iteration took 1454701276.000000000000 seconds. 
 so far, we have found 69 tracks.

Looking for tracks between images at times 59604.160000000003 (image 5 / 11) and 59605.160000000003 (image 6 / 11)  (with 0 support images).
 current wall-clock time is Fri Feb  5 14:49:59 2016
That iteration took 1454701072.000000000000 seconds. 
 so far, we have found 69 tracks.

Looking for tracks between images at times 59604.160000000003 (image 5 / 11) and 59606.160000000003 (image 7 / 11)  (with 1 support images).
 current wall-clock time is Fri Feb  5 14:49:59 2016
That iteration took 1454701050.000000000000 seconds. 
 so far, we have found 71 tracks.

Looking for tracks between images at times 59604.160000000003 (image 5 / 11) and 59607.160000000003 (image 8 / 11)  (with 2 support images).
 current wall-clock time is Fri Feb  5 14:49:59 2016
That iteration took 1454700868.000000000000 seconds. 
 so far, we have found 73 tracks.

Looking for tracks between images at times 59604.160000000003 (image 5 / 11) and 59608.160000000003 (image 9 / 11)  (with 3 support images).
 current wall-clock time is Fri Feb  5 14:49:59 2016
That iteration took 1454700691.000000000000 seconds. 
 so far, we have found 75 tracks.

Looking for tracks between images at times 59604.160000000003 (image 5 / 11) and 59609.160000000003 (image 10 / 11)  (with 4 support images).
 current wall-clock time is Fri Feb  5 14:49:59 2016
That iteration took 1454700509.000000000000 seconds. 
 so far, we have found 77 tracks.

Looking for tracks between images at times 59605.160000000003 (image 6 / 11) and 59606.160000000003 (image 7 / 11)  (with 0 support images).
 current wall-clock time is Fri Feb  5 14:49:59 2016
That iteration took 1454700304.000000000000 seconds. 
 so far, we have found 77 tracks.

Looking for tracks between images at times 59605.160000000003 (image 6 / 11) and 59607.160000000003 (image 8 / 11)  (with 1 support images).
 current wall-clock time is Fri Feb  5 14:49:59 2016
That iteration took 1454700282.000000000000 seconds. 
 so far, we have found 79 tracks.

Looking for tracks between images at times 59605.160000000003 (image 6 / 11) and 59608.160000000003 (image 9 / 11)  (with 2 support images).
 current wall-clock time is Fri Feb  5 14:49:59 2016
That iteration took 1454700126.000000000000 seconds. 
 so far, we have found 81 tracks.

Looking for tracks between images at times 59605.160000000003 (image 6 / 11) and 59609.160000000003 (image 10 / 11)  (with 3 support images).
 current wall-clock time is Fri Feb  5 14:49:59 2016
That iteration took 1454699957.000000000000 seconds. 
 so far, we have found 83 tracks.

Looking for tracks between images at times 59606.160000000003 (image 7 / 11) and 59607.160000000003 (image 8 / 11)  (with 0 support images).
 current wall-clock time is Fri Feb  5 14:49:59 2016
That iteration took 1454699775.000000000000 seconds. 
 so far, we have found 83 tracks.

Looking for tracks between images at times 59606.160000000003 (image 7 / 11) and 59608.160000000003 (image 9 / 11)  (with 1 support images).
 current wall-clock time is Fri Feb  5 14:49:59 2016
That iteration took 1454699752.000000000000 seconds. 
 so far, we have found 85 tracks.

Looking for tracks between images at times 59606.160000000003 (image 7 / 11) and 59609.160000000003 (image 10 / 11)  (with 2 support images).
 current wall-clock time is Fri Feb  5 14:49:59 2016
That iteration took 1454699594.000000000000 seconds. 
 so far, we have found 87 tracks.

Looking for tracks between images at times 59607.160000000003 (image 8 / 11) and 59608.160000000003 (image 9 / 11)  (with 0 support images).
 current wall-clock time is Fri Feb  5 14:49:59 2016
That iteration took 1454699423.000000000000 seconds. 
 so far, we have found 87 tracks.

Looking for tracks between images at times 59607.160000000003 (image 8 / 11) and 59609.160000000003 (image 10 / 11)  (with 1 support images).
 current wall-clock time is Fri Feb  5 14:49:59 2016
That iteration took 1454699402.000000000000 seconds. 
 so far, we have found 89 tracks.

Looking for tracks between images at times 59608.160000000003 (image 9 / 11) and 59609.160000000003 (image 10 / 11)  (with 0 support images).
 current wall-clock time is Fri Feb  5 14:49:59 2016
That iteration took 1454699244.000000000000 seconds. 
 so far, we have found 89 tracks.

Found 55 valid start/end image pairs.
Finished linking.
Linking took 1454709028.000000000000 seconds.
TrackSet: purgeToFile called.
TrackSet: clearing component tracks from memory.
Results successfully written to disk.
Done. Exiting successfully.
Completed after 0.0000000000 seconds.
This process (37729) memory usage: 
------------------------------------------
------------------------------------------

