Set min unique nights per track: 3
Set min detections per track: 6
 Set output buffer size = 1000
Reading detections file 
Calculating topocentric correction 
Reading tracklets file 
Reading input took 0.0000000000 seconds.
Recentering all detections on (180, 0).
   Bounds were (in deg) R=[222.6250782710,  513.6975045210], D=[ -24.0784085363,  15.6501070134]
Setting tracklet velocities.
Sorting tracklets by image time and creating trees.
Doing the linking.
Looking for tracks between images at times 59585.160000000003 (image 0 / 16) and 59586.160000000003 (image 1 / 16)  (with 0 support images).
 current wall-clock time is Fri Feb  5 14:49:59 2016
That iteration took 1454708441.000000000000 seconds. 
 so far, we have found 0 tracks.

Looking for tracks between images at times 59585.160000000003 (image 0 / 16) and 59587.160000000003 (image 2 / 16)  (with 1 support images).
 current wall-clock time is Fri Feb  5 14:49:59 2016
That iteration took 1454708271.000000000000 seconds. 
 so far, we have found 2 tracks.

Looking for tracks between images at times 59585.160000000003 (image 0 / 16) and 59588.160000000003 (image 3 / 16)  (with 2 support images).
 current wall-clock time is Fri Feb  5 14:49:59 2016
That iteration took 1454708023.000000000000 seconds. 
 so far, we have found 3 tracks.

Looking for tracks between images at times 59585.160000000003 (image 0 / 16) and 59589.160000000003 (image 4 / 16)  (with 3 support images).
 current wall-clock time is Fri Feb  5 14:49:59 2016
That iteration took 1454707837.000000000000 seconds. 
 so far, we have found 5 tracks.

Looking for tracks between images at times 59585.160000000003 (image 0 / 16) and 59590.160000000003 (image 5 / 16)  (with 4 support images).
 current wall-clock time is Fri Feb  5 14:49:59 2016
That iteration took 1454707662.000000000000 seconds. 
 so far, we have found 7 tracks.

Looking for tracks between images at times 59585.160000000003 (image 0 / 16) and 59591.160000000003 (image 6 / 16)  (with 5 support images).
 current wall-clock time is Fri Feb  5 14:49:59 2016
That iteration took 1454707391.000000000000 seconds. 
 so far, we have found 9 tracks.

Looking for tracks between images at times 59585.160000000003 (image 0 / 16) and 59592.160000000003 (image 7 / 16)  (with 6 support images).
 current wall-clock time is Fri Feb  5 14:49:59 2016
That iteration took 1454707180.000000000000 seconds. 
 so far, we have found 11 tracks.

Looking for tracks between images at times 59585.160000000003 (image 0 / 16) and 59593.160000000003 (image 8 / 16)  (with 7 support images).
 current wall-clock time is Fri Feb  5 14:49:59 2016
That iteration took 1454706954.000000000000 seconds. 
 so far, we have found 14 tracks.

Looking for tracks between images at times 59585.160000000003 (image 0 / 16) and 59594.160000000003 (image 9 / 16)  (with 8 support images).
 current wall-clock time is Fri Feb  5 14:49:59 2016
That iteration took 1454706721.000000000000 seconds. 
 so far, we have found 16 tracks.

Looking for tracks between images at times 59585.160000000003 (image 0 / 16) and 59595.160000000003 (image 10 / 16)  (with 9 support images).
 current wall-clock time is Fri Feb  5 14:49:59 2016
That iteration took 1454706459.000000000000 seconds. 
 so far, we have found 19 tracks.

Looking for tracks between images at times 59585.160000000003 (image 0 / 16) and 59596.160000000003 (image 11 / 16)  (with 10 support images).
 current wall-clock time is Fri Feb  5 14:49:59 2016
That iteration took 1454706203.000000000000 seconds. 
 so far, we have found 22 tracks.

Looking for tracks between images at times 59585.160000000003 (image 0 / 16) and 59597.160000000003 (image 12 / 16)  (with 11 support images).
 current wall-clock time is Fri Feb  5 14:49:59 2016
That iteration took 1454705929.000000000000 seconds. 
 so far, we have found 25 tracks.

Looking for tracks between images at times 59585.160000000003 (image 0 / 16) and 59598.160000000003 (image 13 / 16)  (with 12 support images).
 current wall-clock time is Fri Feb  5 14:49:59 2016
That iteration took 1454705651.000000000000 seconds. 
 so far, we have found 28 tracks.

Looking for tracks between images at times 59585.160000000003 (image 0 / 16) and 59599.160000000003 (image 14 / 16)  (with 13 support images).
 current wall-clock time is Fri Feb  5 14:49:59 2016
That iteration took 1454705355.000000000000 seconds. 
 so far, we have found 30 tracks.

Looking for tracks between images at times 59585.160000000003 (image 0 / 16) and 59600.160000000003 (image 15 / 16)  (with 14 support images).
 current wall-clock time is Fri Feb  5 14:49:59 2016
That iteration took 1454705054.000000000000 seconds. 
 so far, we have found 32 tracks.

Looking for tracks between images at times 59586.160000000003 (image 1 / 16) and 59587.160000000003 (image 2 / 16)  (with 0 support images).
 current wall-clock time is Fri Feb  5 14:49:59 2016
That iteration took 1454704750.000000000000 seconds. 
 so far, we have found 32 tracks.

Looking for tracks between images at times 59586.160000000003 (image 1 / 16) and 59588.160000000003 (image 3 / 16)  (with 1 support images).
 current wall-clock time is Fri Feb  5 14:49:59 2016
That iteration took 1454704727.000000000000 seconds. 
 so far, we have found 34 tracks.

Looking for tracks between images at times 59586.160000000003 (image 1 / 16) and 59589.160000000003 (image 4 / 16)  (with 2 support images).
 current wall-clock time is Fri Feb  5 14:49:59 2016
That iteration took 1454704576.000000000000 seconds. 
 so far, we have found 36 tracks.

Looking for tracks between images at times 59586.160000000003 (image 1 / 16) and 59590.160000000003 (image 5 / 16)  (with 3 support images).
 current wall-clock time is Fri Feb  5 14:49:59 2016
That iteration took 1454704392.000000000000 seconds. 
 so far, we have found 38 tracks.

Looking for tracks between images at times 59586.160000000003 (image 1 / 16) and 59591.160000000003 (image 6 / 16)  (with 4 support images).
 current wall-clock time is Fri Feb  5 14:49:59 2016
That iteration took 1454704219.000000000000 seconds. 
 so far, we have found 40 tracks.

Looking for tracks between images at times 59586.160000000003 (image 1 / 16) and 59592.160000000003 (image 7 / 16)  (with 5 support images).
 current wall-clock time is Fri Feb  5 14:49:59 2016
That iteration took 1454703916.000000000000 seconds. 
 so far, we have found 42 tracks.

Looking for tracks between images at times 59586.160000000003 (image 1 / 16) and 59593.160000000003 (image 8 / 16)  (with 6 support images).
 current wall-clock time is Fri Feb  5 14:49:59 2016
That iteration took 1454703635.000000000000 seconds. 
 so far, we have found 44 tracks.

Looking for tracks between images at times 59586.160000000003 (image 1 / 16) and 59594.160000000003 (image 9 / 16)  (with 7 support images).
 current wall-clock time is Fri Feb  5 14:49:59 2016
That iteration took 1454703391.000000000000 seconds. 
 so far, we have found 47 tracks.

Looking for tracks between images at times 59586.160000000003 (image 1 / 16) and 59595.160000000003 (image 10 / 16)  (with 8 support images).
 current wall-clock time is Fri Feb  5 14:49:59 2016
That iteration took 1454703075.000000000000 seconds. 
 so far, we have found 49 tracks.

Looking for tracks between images at times 59586.160000000003 (image 1 / 16) and 59596.160000000003 (image 11 / 16)  (with 9 support images).
 current wall-clock time is Fri Feb  5 14:49:59 2016
That iteration took 1454702806.000000000000 seconds. 
 so far, we have found 52 tracks.

Looking for tracks between images at times 59586.160000000003 (image 1 / 16) and 59597.160000000003 (image 12 / 16)  (with 10 support images).
 current wall-clock time is Fri Feb  5 14:49:59 2016
That iteration took 1454702503.000000000000 seconds. 
 so far, we have found 55 tracks.

Looking for tracks between images at times 59586.160000000003 (image 1 / 16) and 59598.160000000003 (image 13 / 16)  (with 11 support images).
 current wall-clock time is Fri Feb  5 14:49:59 2016
That iteration took 1454702152.000000000000 seconds. 
 so far, we have found 58 tracks.

Looking for tracks between images at times 59586.160000000003 (image 1 / 16) and 59599.160000000003 (image 14 / 16)  (with 12 support images).
 current wall-clock time is Fri Feb  5 14:49:59 2016
That iteration took 1454701807.000000000000 seconds. 
 so far, we have found 61 tracks.

Looking for tracks between images at times 59586.160000000003 (image 1 / 16) and 59600.160000000003 (image 15 / 16)  (with 13 support images).
 current wall-clock time is Fri Feb  5 14:49:59 2016
That iteration took 1454701489.000000000000 seconds. 
 so far, we have found 63 tracks.

Looking for tracks between images at times 59587.160000000003 (image 2 / 16) and 59588.160000000003 (image 3 / 16)  (with 0 support images).
 current wall-clock time is Fri Feb  5 14:49:59 2016
That iteration took 1454701182.000000000000 seconds. 
 so far, we have found 63 tracks.

Looking for tracks between images at times 59587.160000000003 (image 2 / 16) and 59589.160000000003 (image 4 / 16)  (with 1 support images).
 current wall-clock time is Fri Feb  5 14:49:59 2016
That iteration took 1454701145.000000000000 seconds. 
 so far, we have found 65 tracks.

Looking for tracks between images at times 59587.160000000003 (image 2 / 16) and 59590.160000000003 (image 5 / 16)  (with 2 support images).
 current wall-clock time is Fri Feb  5 14:49:59 2016
That iteration took 1454700945.000000000000 seconds. 
 so far, we have found 67 tracks.

Looking for tracks between images at times 59587.160000000003 (image 2 / 16) and 59591.160000000003 (image 6 / 16)  (with 3 support images).
 current wall-clock time is Fri Feb  5 14:49:59 2016
That iteration took 1454700765.000000000000 seconds. 
 so far, we have found 69 tracks.

Looking for tracks between images at times 59587.160000000003 (image 2 / 16) and 59592.160000000003 (image 7 / 16)  (with 4 support images).
 current wall-clock time is Fri Feb  5 14:49:59 2016
That iteration took 1454700588.000000000000 seconds. 
 so far, we have found 71 tracks.

Looking for tracks between images at times 59587.160000000003 (image 2 / 16) and 59593.160000000003 (image 8 / 16)  (with 5 support images).
 current wall-clock time is Fri Feb  5 14:49:59 2016
That iteration took 1454700374.000000000000 seconds. 
 so far, we have found 73 tracks.

Looking for tracks between images at times 59587.160000000003 (image 2 / 16) and 59594.160000000003 (image 9 / 16)  (with 6 support images).
 current wall-clock time is Fri Feb  5 14:49:59 2016
That iteration took 1454700176.000000000000 seconds. 
 so far, we have found 75 tracks.

Looking for tracks between images at times 59587.160000000003 (image 2 / 16) and 59595.160000000003 (image 10 / 16)  (with 7 support images).
 current wall-clock time is Fri Feb  5 14:49:59 2016
That iteration took 1454699958.000000000000 seconds. 
 so far, we have found 78 tracks.

Looking for tracks between images at times 59587.160000000003 (image 2 / 16) and 59596.160000000003 (image 11 / 16)  (with 8 support images).
 current wall-clock time is Fri Feb  5 14:49:59 2016
That iteration took 1454699740.000000000000 seconds. 
 so far, we have found 80 tracks.

Looking for tracks between images at times 59587.160000000003 (image 2 / 16) and 59597.160000000003 (image 12 / 16)  (with 9 support images).
 current wall-clock time is Fri Feb  5 14:49:59 2016
That iteration took 1454699493.000000000000 seconds. 
 so far, we have found 83 tracks.

Looking for tracks between images at times 59587.160000000003 (image 2 / 16) and 59598.160000000003 (image 13 / 16)  (with 10 support images).
 current wall-clock time is Fri Feb  5 14:49:59 2016
That iteration took 1454699248.000000000000 seconds. 
 so far, we have found 86 tracks.

Looking for tracks between images at times 59587.160000000003 (image 2 / 16) and 59599.160000000003 (image 14 / 16)  (with 11 support images).
 current wall-clock time is Fri Feb  5 14:49:59 2016
That iteration took 1454698979.000000000000 seconds. 
 so far, we have found 89 tracks.

Looking for tracks between images at times 59587.160000000003 (image 2 / 16) and 59600.160000000003 (image 15 / 16)  (with 12 support images).
 current wall-clock time is Fri Feb  5 14:49:59 2016
That iteration took 1454698702.000000000000 seconds. 
 so far, we have found 92 tracks.

Looking for tracks between images at times 59588.160000000003 (image 3 / 16) and 59589.160000000003 (image 4 / 16)  (with 0 support images).
 current wall-clock time is Fri Feb  5 14:49:59 2016
That iteration took 1454698406.000000000000 seconds. 
 so far, we have found 92 tracks.

Looking for tracks between images at times 59588.160000000003 (image 3 / 16) and 59590.160000000003 (image 5 / 16)  (with 1 support images).
 current wall-clock time is Fri Feb  5 14:49:59 2016
That iteration took 1454698381.000000000000 seconds. 
 so far, we have found 94 tracks.

Looking for tracks between images at times 59588.160000000003 (image 3 / 16) and 59591.160000000003 (image 6 / 16)  (with 2 support images).
 current wall-clock time is Fri Feb  5 14:49:59 2016
That iteration took 1454698214.000000000000 seconds. 
 so far, we have found 96 tracks.

Looking for tracks between images at times 59588.160000000003 (image 3 / 16) and 59592.160000000003 (image 7 / 16)  (with 3 support images).
 current wall-clock time is Fri Feb  5 14:49:59 2016
That iteration took 1454698034.000000000000 seconds. 
 so far, we have found 98 tracks.

Looking for tracks between images at times 59588.160000000003 (image 3 / 16) and 59593.160000000003 (image 8 / 16)  (with 4 support images).
 current wall-clock time is Fri Feb  5 14:49:59 2016
That iteration took 1454697850.000000000000 seconds. 
 so far, we have found 100 tracks.

Looking for tracks between images at times 59588.160000000003 (image 3 / 16) and 59594.160000000003 (image 9 / 16)  (with 5 support images).
 current wall-clock time is Fri Feb  5 14:49:59 2016
That iteration took 1454697645.000000000000 seconds. 
 so far, we have found 102 tracks.

Looking for tracks between images at times 59588.160000000003 (image 3 / 16) and 59595.160000000003 (image 10 / 16)  (with 6 support images).
 current wall-clock time is Fri Feb  5 14:49:59 2016
That iteration took 1454697451.000000000000 seconds. 
 so far, we have found 104 tracks.

Looking for tracks between images at times 59588.160000000003 (image 3 / 16) and 59596.160000000003 (image 11 / 16)  (with 7 support images).
 current wall-clock time is Fri Feb  5 14:49:59 2016
That iteration took 1454697235.000000000000 seconds. 
 so far, we have found 107 tracks.

Looking for tracks between images at times 59588.160000000003 (image 3 / 16) and 59597.160000000003 (image 12 / 16)  (with 8 support images).
 current wall-clock time is Fri Feb  5 14:49:59 2016
That iteration took 1454697012.000000000000 seconds. 
 so far, we have found 109 tracks.

Looking for tracks between images at times 59588.160000000003 (image 3 / 16) and 59598.160000000003 (image 13 / 16)  (with 9 support images).
 current wall-clock time is Fri Feb  5 14:49:59 2016
That iteration took 1454696756.000000000000 seconds. 
 so far, we have found 112 tracks.

Looking for tracks between images at times 59588.160000000003 (image 3 / 16) and 59599.160000000003 (image 14 / 16)  (with 10 support images).
 current wall-clock time is Fri Feb  5 14:49:59 2016
That iteration took 1454696513.000000000000 seconds. 
 so far, we have found 115 tracks.

Looking for tracks between images at times 59588.160000000003 (image 3 / 16) and 59600.160000000003 (image 15 / 16)  (with 11 support images).
 current wall-clock time is Fri Feb  5 14:49:59 2016
That iteration took 1454696243.000000000000 seconds. 
 so far, we have found 118 tracks.

Looking for tracks between images at times 59589.160000000003 (image 4 / 16) and 59590.160000000003 (image 5 / 16)  (with 0 support images).
 current wall-clock time is Fri Feb  5 14:49:59 2016
That iteration took 1454695971.000000000000 seconds. 
 so far, we have found 118 tracks.

Looking for tracks between images at times 59589.160000000003 (image 4 / 16) and 59591.160000000003 (image 6 / 16)  (with 1 support images).
 current wall-clock time is Fri Feb  5 14:49:59 2016
That iteration took 1454695948.000000000000 seconds. 
 so far, we have found 120 tracks.

Looking for tracks between images at times 59589.160000000003 (image 4 / 16) and 59592.160000000003 (image 7 / 16)  (with 2 support images).
 current wall-clock time is Fri Feb  5 14:49:59 2016
That iteration took 1454695797.000000000000 seconds. 
 so far, we have found 122 tracks.

Looking for tracks between images at times 59589.160000000003 (image 4 / 16) and 59593.160000000003 (image 8 / 16)  (with 3 support images).
 current wall-clock time is Fri Feb  5 14:49:59 2016
That iteration took 1454695612.000000000000 seconds. 
 so far, we have found 124 tracks.

Looking for tracks between images at times 59589.160000000003 (image 4 / 16) and 59594.160000000003 (image 9 / 16)  (with 4 support images).
 current wall-clock time is Fri Feb  5 14:49:59 2016
That iteration took 1454695438.000000000000 seconds. 
 so far, we have found 125 tracks.

Looking for tracks between images at times 59589.160000000003 (image 4 / 16) and 59595.160000000003 (image 10 / 16)  (with 5 support images).
 current wall-clock time is Fri Feb  5 14:49:59 2016
That iteration took 1454695238.000000000000 seconds. 
 so far, we have found 127 tracks.

Looking for tracks between images at times 59589.160000000003 (image 4 / 16) and 59596.160000000003 (image 11 / 16)  (with 6 support images).
 current wall-clock time is Fri Feb  5 14:49:59 2016
That iteration took 1454695047.000000000000 seconds. 
 so far, we have found 129 tracks.

Looking for tracks between images at times 59589.160000000003 (image 4 / 16) and 59597.160000000003 (image 12 / 16)  (with 7 support images).
 current wall-clock time is Fri Feb  5 14:49:59 2016
That iteration took 1454694832.000000000000 seconds. 
 so far, we have found 131 tracks.

Looking for tracks between images at times 59589.160000000003 (image 4 / 16) and 59598.160000000003 (image 13 / 16)  (with 8 support images).
 current wall-clock time is Fri Feb  5 14:49:59 2016
That iteration took 1454694622.000000000000 seconds. 
 so far, we have found 134 tracks.

Looking for tracks between images at times 59589.160000000003 (image 4 / 16) and 59599.160000000003 (image 14 / 16)  (with 9 support images).
 current wall-clock time is Fri Feb  5 14:49:59 2016
That iteration took 1454694378.000000000000 seconds. 
 so far, we have found 137 tracks.

Looking for tracks between images at times 59589.160000000003 (image 4 / 16) and 59600.160000000003 (image 15 / 16)  (with 10 support images).
 current wall-clock time is Fri Feb  5 14:49:59 2016
That iteration took 1454694132.000000000000 seconds. 
 so far, we have found 140 tracks.

Looking for tracks between images at times 59590.160000000003 (image 5 / 16) and 59591.160000000003 (image 6 / 16)  (with 0 support images).
 current wall-clock time is Fri Feb  5 14:49:59 2016
That iteration took 1454693862.000000000000 seconds. 
 so far, we have found 140 tracks.

Looking for tracks between images at times 59590.160000000003 (image 5 / 16) and 59592.160000000003 (image 7 / 16)  (with 1 support images).
 current wall-clock time is Fri Feb  5 14:49:59 2016
That iteration took 1454693839.000000000000 seconds. 
 so far, we have found 142 tracks.

Looking for tracks between images at times 59590.160000000003 (image 5 / 16) and 59593.160000000003 (image 8 / 16)  (with 2 support images).
 current wall-clock time is Fri Feb  5 14:49:59 2016
That iteration took 1454693690.000000000000 seconds. 
 so far, we have found 144 tracks.

Looking for tracks between images at times 59590.160000000003 (image 5 / 16) and 59594.160000000003 (image 9 / 16)  (with 3 support images).
 current wall-clock time is Fri Feb  5 14:49:59 2016
That iteration took 1454693517.000000000000 seconds. 
 so far, we have found 146 tracks.

Looking for tracks between images at times 59590.160000000003 (image 5 / 16) and 59595.160000000003 (image 10 / 16)  (with 4 support images).
 current wall-clock time is Fri Feb  5 14:49:59 2016
That iteration took 1454693345.000000000000 seconds. 
 so far, we have found 147 tracks.

Looking for tracks between images at times 59590.160000000003 (image 5 / 16) and 59596.160000000003 (image 11 / 16)  (with 5 support images).
 current wall-clock time is Fri Feb  5 14:49:59 2016
That iteration took 1454693138.000000000000 seconds. 
 so far, we have found 149 tracks.

Looking for tracks between images at times 59590.160000000003 (image 5 / 16) and 59597.160000000003 (image 12 / 16)  (with 6 support images).
 current wall-clock time is Fri Feb  5 14:49:59 2016
That iteration took 1454692940.000000000000 seconds. 
 so far, we have found 151 tracks.

Looking for tracks between images at times 59590.160000000003 (image 5 / 16) and 59598.160000000003 (image 13 / 16)  (with 7 support images).
 current wall-clock time is Fri Feb  5 14:49:59 2016
That iteration took 1454692720.000000000000 seconds. 
 so far, we have found 153 tracks.

Looking for tracks between images at times 59590.160000000003 (image 5 / 16) and 59599.160000000003 (image 14 / 16)  (with 8 support images).
 current wall-clock time is Fri Feb  5 14:49:59 2016
That iteration took 1454692501.000000000000 seconds. 
 so far, we have found 155 tracks.

Looking for tracks between images at times 59590.160000000003 (image 5 / 16) and 59600.160000000003 (image 15 / 16)  (with 9 support images).
 current wall-clock time is Fri Feb  5 14:49:59 2016
That iteration took 1454692257.000000000000 seconds. 
 so far, we have found 158 tracks.

Looking for tracks between images at times 59591.160000000003 (image 6 / 16) and 59592.160000000003 (image 7 / 16)  (with 0 support images).
 current wall-clock time is Fri Feb  5 14:49:59 2016
That iteration took 1454692015.000000000000 seconds. 
 so far, we have found 158 tracks.

Looking for tracks between images at times 59591.160000000003 (image 6 / 16) and 59593.160000000003 (image 8 / 16)  (with 1 support images).
 current wall-clock time is Fri Feb  5 14:49:59 2016
That iteration took 1454691992.000000000000 seconds. 
 so far, we have found 160 tracks.

Looking for tracks between images at times 59591.160000000003 (image 6 / 16) and 59594.160000000003 (image 9 / 16)  (with 2 support images).
 current wall-clock time is Fri Feb  5 14:49:59 2016
That iteration took 1454691829.000000000000 seconds. 
 so far, we have found 162 tracks.

Looking for tracks between images at times 59591.160000000003 (image 6 / 16) and 59595.160000000003 (image 10 / 16)  (with 3 support images).
 current wall-clock time is Fri Feb  5 14:49:59 2016
That iteration took 1454691652.000000000000 seconds. 
 so far, we have found 164 tracks.

Looking for tracks between images at times 59591.160000000003 (image 6 / 16) and 59596.160000000003 (image 11 / 16)  (with 4 support images).
 current wall-clock time is Fri Feb  5 14:49:59 2016
That iteration took 1454691475.000000000000 seconds. 
 so far, we have found 165 tracks.

Looking for tracks between images at times 59591.160000000003 (image 6 / 16) and 59597.160000000003 (image 12 / 16)  (with 5 support images).
 current wall-clock time is Fri Feb  5 14:49:59 2016
That iteration took 1454691278.000000000000 seconds. 
 so far, we have found 167 tracks.

Looking for tracks between images at times 59591.160000000003 (image 6 / 16) and 59598.160000000003 (image 13 / 16)  (with 6 support images).
 current wall-clock time is Fri Feb  5 14:49:59 2016
That iteration took 1454691083.000000000000 seconds. 
 so far, we have found 169 tracks.

Looking for tracks between images at times 59591.160000000003 (image 6 / 16) and 59599.160000000003 (image 14 / 16)  (with 7 support images).
 current wall-clock time is Fri Feb  5 14:49:59 2016
That iteration took 1454690867.000000000000 seconds. 
 so far, we have found 171 tracks.

Looking for tracks between images at times 59591.160000000003 (image 6 / 16) and 59600.160000000003 (image 15 / 16)  (with 8 support images).
 current wall-clock time is Fri Feb  5 14:49:59 2016
That iteration took 1454690649.000000000000 seconds. 
 so far, we have found 173 tracks.

Looking for tracks between images at times 59592.160000000003 (image 7 / 16) and 59593.160000000003 (image 8 / 16)  (with 0 support images).
 current wall-clock time is Fri Feb  5 14:49:59 2016
That iteration took 1454690418.000000000000 seconds. 
 so far, we have found 173 tracks.

Looking for tracks between images at times 59592.160000000003 (image 7 / 16) and 59594.160000000003 (image 9 / 16)  (with 1 support images).
 current wall-clock time is Fri Feb  5 14:49:59 2016
That iteration took 1454690395.000000000000 seconds. 
 so far, we have found 175 tracks.

Looking for tracks between images at times 59592.160000000003 (image 7 / 16) and 59595.160000000003 (image 10 / 16)  (with 2 support images).
 current wall-clock time is Fri Feb  5 14:49:59 2016
That iteration took 1454690235.000000000000 seconds. 
 so far, we have found 177 tracks.

Looking for tracks between images at times 59592.160000000003 (image 7 / 16) and 59596.160000000003 (image 11 / 16)  (with 3 support images).
 current wall-clock time is Fri Feb  5 14:49:59 2016
That iteration took 1454690054.000000000000 seconds. 
 so far, we have found 179 tracks.

Looking for tracks between images at times 59592.160000000003 (image 7 / 16) and 59597.160000000003 (image 12 / 16)  (with 4 support images).
 current wall-clock time is Fri Feb  5 14:49:59 2016
That iteration took 1454689882.000000000000 seconds. 
 so far, we have found 180 tracks.

Looking for tracks between images at times 59592.160000000003 (image 7 / 16) and 59598.160000000003 (image 13 / 16)  (with 5 support images).
 current wall-clock time is Fri Feb  5 14:49:59 2016
That iteration took 1454689630.000000000000 seconds. 
 so far, we have found 182 tracks.

Looking for tracks between images at times 59592.160000000003 (image 7 / 16) and 59599.160000000003 (image 14 / 16)  (with 6 support images).
 current wall-clock time is Fri Feb  5 14:49:59 2016
That iteration took 1454689436.000000000000 seconds. 
 so far, we have found 184 tracks.

Looking for tracks between images at times 59592.160000000003 (image 7 / 16) and 59600.160000000003 (image 15 / 16)  (with 7 support images).
 current wall-clock time is Fri Feb  5 14:49:59 2016
That iteration took 1454689219.000000000000 seconds. 
 so far, we have found 186 tracks.

Looking for tracks between images at times 59593.160000000003 (image 8 / 16) and 59594.160000000003 (image 9 / 16)  (with 0 support images).
 current wall-clock time is Fri Feb  5 14:49:59 2016
That iteration took 1454689008.000000000000 seconds. 
 so far, we have found 186 tracks.

Looking for tracks between images at times 59593.160000000003 (image 8 / 16) and 59595.160000000003 (image 10 / 16)  (with 1 support images).
 current wall-clock time is Fri Feb  5 14:49:59 2016
That iteration took 1454688986.000000000000 seconds. 
 so far, we have found 188 tracks.

Looking for tracks between images at times 59593.160000000003 (image 8 / 16) and 59596.160000000003 (image 11 / 16)  (with 2 support images).
 current wall-clock time is Fri Feb  5 14:49:59 2016
That iteration took 1454688822.000000000000 seconds. 
 so far, we have found 190 tracks.

Looking for tracks between images at times 59593.160000000003 (image 8 / 16) and 59597.160000000003 (image 12 / 16)  (with 3 support images).
 current wall-clock time is Fri Feb  5 14:49:59 2016
That iteration took 1454688653.000000000000 seconds. 
 so far, we have found 192 tracks.

Looking for tracks between images at times 59593.160000000003 (image 8 / 16) and 59598.160000000003 (image 13 / 16)  (with 4 support images).
 current wall-clock time is Fri Feb  5 14:49:59 2016
That iteration took 1454688477.000000000000 seconds. 
 so far, we have found 194 tracks.

Looking for tracks between images at times 59593.160000000003 (image 8 / 16) and 59599.160000000003 (image 14 / 16)  (with 5 support images).
 current wall-clock time is Fri Feb  5 14:49:59 2016
That iteration took 1454688282.000000000000 seconds. 
 so far, we have found 196 tracks.

Looking for tracks between images at times 59593.160000000003 (image 8 / 16) and 59600.160000000003 (image 15 / 16)  (with 6 support images).
 current wall-clock time is Fri Feb  5 14:49:59 2016
That iteration took 1454688086.000000000000 seconds. 
 so far, we have found 198 tracks.

Looking for tracks between images at times 59594.160000000003 (image 9 / 16) and 59595.160000000003 (image 10 / 16)  (with 0 support images).
 current wall-clock time is Fri Feb  5 14:49:59 2016
That iteration took 1454687870.000000000000 seconds. 
 so far, we have found 198 tracks.

Looking for tracks between images at times 59594.160000000003 (image 9 / 16) and 59596.160000000003 (image 11 / 16)  (with 1 support images).
 current wall-clock time is Fri Feb  5 14:49:59 2016
That iteration took 1454687842.000000000000 seconds. 
 so far, we have found 200 tracks.

Looking for tracks between images at times 59594.160000000003 (image 9 / 16) and 59597.160000000003 (image 12 / 16)  (with 2 support images).
 current wall-clock time is Fri Feb  5 14:49:59 2016
That iteration took 1454687676.000000000000 seconds. 
 so far, we have found 202 tracks.

Looking for tracks between images at times 59594.160000000003 (image 9 / 16) and 59598.160000000003 (image 13 / 16)  (with 3 support images).
 current wall-clock time is Fri Feb  5 14:49:59 2016
That iteration took 1454687501.000000000000 seconds. 
 so far, we have found 204 tracks.

Looking for tracks between images at times 59594.160000000003 (image 9 / 16) and 59599.160000000003 (image 14 / 16)  (with 4 support images).
 current wall-clock time is Fri Feb  5 14:49:59 2016
That iteration took 1454687329.000000000000 seconds. 
 so far, we have found 205 tracks.

Looking for tracks between images at times 59594.160000000003 (image 9 / 16) and 59600.160000000003 (image 15 / 16)  (with 5 support images).
 current wall-clock time is Fri Feb  5 14:49:59 2016
That iteration took 1454687129.000000000000 seconds. 
 so far, we have found 207 tracks.

Looking for tracks between images at times 59595.160000000003 (image 10 / 16) and 59596.160000000003 (image 11 / 16)  (with 0 support images).
 current wall-clock time is Fri Feb  5 14:49:59 2016
That iteration took 1454686934.000000000000 seconds. 
 so far, we have found 207 tracks.

Looking for tracks between images at times 59595.160000000003 (image 10 / 16) and 59597.160000000003 (image 12 / 16)  (with 1 support images).
 current wall-clock time is Fri Feb  5 14:49:59 2016
That iteration took 1454686911.000000000000 seconds. 
 so far, we have found 209 tracks.

Looking for tracks between images at times 59595.160000000003 (image 10 / 16) and 59598.160000000003 (image 13 / 16)  (with 2 support images).
 current wall-clock time is Fri Feb  5 14:49:59 2016
That iteration took 1454686753.000000000000 seconds. 
 so far, we have found 211 tracks.

Looking for tracks between images at times 59595.160000000003 (image 10 / 16) and 59599.160000000003 (image 14 / 16)  (with 3 support images).
 current wall-clock time is Fri Feb  5 14:49:59 2016
That iteration took 1454686575.000000000000 seconds. 
 so far, we have found 213 tracks.

Looking for tracks between images at times 59595.160000000003 (image 10 / 16) and 59600.160000000003 (image 15 / 16)  (with 4 support images).
 current wall-clock time is Fri Feb  5 14:49:59 2016
That iteration took 1454686313.000000000000 seconds. 
 so far, we have found 214 tracks.

Looking for tracks between images at times 59596.160000000003 (image 11 / 16) and 59597.160000000003 (image 12 / 16)  (with 0 support images).
 current wall-clock time is Fri Feb  5 14:49:59 2016
That iteration took 1454685783.000000000000 seconds. 
 so far, we have found 214 tracks.

Looking for tracks between images at times 59596.160000000003 (image 11 / 16) and 59598.160000000003 (image 13 / 16)  (with 1 support images).
 current wall-clock time is Fri Feb  5 14:49:59 2016
That iteration took 1454685733.000000000000 seconds. 
 so far, we have found 216 tracks.

Looking for tracks between images at times 59596.160000000003 (image 11 / 16) and 59599.160000000003 (image 14 / 16)  (with 2 support images).
 current wall-clock time is Fri Feb  5 14:49:59 2016
That iteration took 1454685393.000000000000 seconds. 
 so far, we have found 218 tracks.

Looking for tracks between images at times 59596.160000000003 (image 11 / 16) and 59600.160000000003 (image 15 / 16)  (with 3 support images).
 current wall-clock time is Fri Feb  5 14:49:59 2016
That iteration took 1454685158.000000000000 seconds. 
 so far, we have found 220 tracks.

Looking for tracks between images at times 59597.160000000003 (image 12 / 16) and 59598.160000000003 (image 13 / 16)  (with 0 support images).
 current wall-clock time is Fri Feb  5 14:49:59 2016
That iteration took 1454684911.000000000000 seconds. 
 so far, we have found 220 tracks.

Looking for tracks between images at times 59597.160000000003 (image 12 / 16) and 59599.160000000003 (image 14 / 16)  (with 1 support images).
 current wall-clock time is Fri Feb  5 14:49:59 2016
That iteration took 1454684883.000000000000 seconds. 
 so far, we have found 222 tracks.

Looking for tracks between images at times 59597.160000000003 (image 12 / 16) and 59600.160000000003 (image 15 / 16)  (with 2 support images).
 current wall-clock time is Fri Feb  5 14:49:59 2016
That iteration took 1454684708.000000000000 seconds. 
 so far, we have found 224 tracks.

Looking for tracks between images at times 59598.160000000003 (image 13 / 16) and 59599.160000000003 (image 14 / 16)  (with 0 support images).
 current wall-clock time is Fri Feb  5 14:49:59 2016
That iteration took 1454684521.000000000000 seconds. 
 so far, we have found 224 tracks.

Looking for tracks between images at times 59598.160000000003 (image 13 / 16) and 59600.160000000003 (image 15 / 16)  (with 1 support images).
 current wall-clock time is Fri Feb  5 14:49:59 2016
That iteration took 1454684497.000000000000 seconds. 
 so far, we have found 226 tracks.

Looking for tracks between images at times 59599.160000000003 (image 14 / 16) and 59600.160000000003 (image 15 / 16)  (with 0 support images).
 current wall-clock time is Fri Feb  5 14:49:59 2016
That iteration took 1454684327.000000000000 seconds. 
 so far, we have found 226 tracks.

Found 120 valid start/end image pairs.
Finished linking.
Linking took 1454708444.000000000000 seconds.
TrackSet: purgeToFile called.
TrackSet: clearing component tracks from memory.
Results successfully written to disk.
Done. Exiting successfully.
Completed after 0.0000000000 seconds.
This process (37701) memory usage: 
------------------------------------------
------------------------------------------

