Set min unique nights per track: 3
Set min detections per track: 6
 Set output buffer size = 1000
Reading detections file 
Calculating topocentric correction 
Reading tracklets file 
Reading input took 0.0000000000 seconds.
Recentering all detections on (180, 0).
   Bounds were (in deg) R=[228.7477995510,  511.9426699800], D=[ -24.8317269676,  16.6339441186]
Setting tracklet velocities.
Sorting tracklets by image time and creating trees.
Doing the linking.
Looking for tracks between images at times 59602.160000000003 (image 0 / 8) and 59603.160000000003 (image 1 / 8)  (with 0 support images).
 current wall-clock time is Fri Feb  5 14:49:59 2016
That iteration took 1454709134.000000000000 seconds. 
 so far, we have found 0 tracks.

Looking for tracks between images at times 59602.160000000003 (image 0 / 8) and 59604.160000000003 (image 2 / 8)  (with 1 support images).
 current wall-clock time is Fri Feb  5 14:49:59 2016
That iteration took 1454708965.000000000000 seconds. 
 so far, we have found 2 tracks.

Looking for tracks between images at times 59602.160000000003 (image 0 / 8) and 59605.160000000003 (image 3 / 8)  (with 2 support images).
 current wall-clock time is Fri Feb  5 14:49:59 2016
That iteration took 1454708715.000000000000 seconds. 
 so far, we have found 4 tracks.

Looking for tracks between images at times 59602.160000000003 (image 0 / 8) and 59606.160000000003 (image 4 / 8)  (with 3 support images).
 current wall-clock time is Fri Feb  5 14:49:59 2016
That iteration took 1454708533.000000000000 seconds. 
 so far, we have found 6 tracks.

Looking for tracks between images at times 59602.160000000003 (image 0 / 8) and 59607.160000000003 (image 5 / 8)  (with 4 support images).
 current wall-clock time is Fri Feb  5 14:49:59 2016
That iteration took 1454708345.000000000000 seconds. 
 so far, we have found 8 tracks.

Looking for tracks between images at times 59602.160000000003 (image 0 / 8) and 59608.160000000003 (image 6 / 8)  (with 5 support images).
 current wall-clock time is Fri Feb  5 14:49:59 2016
That iteration took 1454708140.000000000000 seconds. 
 so far, we have found 10 tracks.

Looking for tracks between images at times 59602.160000000003 (image 0 / 8) and 59609.160000000003 (image 7 / 8)  (with 6 support images).
 current wall-clock time is Fri Feb  5 14:49:59 2016
That iteration took 1454707937.000000000000 seconds. 
 so far, we have found 12 tracks.

Looking for tracks between images at times 59603.160000000003 (image 1 / 8) and 59604.160000000003 (image 2 / 8)  (with 0 support images).
 current wall-clock time is Fri Feb  5 14:49:59 2016
That iteration took 1454707713.000000000000 seconds. 
 so far, we have found 12 tracks.

Looking for tracks between images at times 59603.160000000003 (image 1 / 8) and 59605.160000000003 (image 3 / 8)  (with 1 support images).
 current wall-clock time is Fri Feb  5 14:49:59 2016
That iteration took 1454707692.000000000000 seconds. 
 so far, we have found 14 tracks.

Looking for tracks between images at times 59603.160000000003 (image 1 / 8) and 59606.160000000003 (image 4 / 8)  (with 2 support images).
 current wall-clock time is Fri Feb  5 14:49:59 2016
That iteration took 1454707529.000000000000 seconds. 
 so far, we have found 16 tracks.

Looking for tracks between images at times 59603.160000000003 (image 1 / 8) and 59607.160000000003 (image 5 / 8)  (with 3 support images).
 current wall-clock time is Fri Feb  5 14:49:59 2016
That iteration took 1454707256.000000000000 seconds. 
 so far, we have found 18 tracks.

Looking for tracks between images at times 59603.160000000003 (image 1 / 8) and 59608.160000000003 (image 6 / 8)  (with 4 support images).
 current wall-clock time is Fri Feb  5 14:49:59 2016
That iteration took 1454707058.000000000000 seconds. 
 so far, we have found 20 tracks.

Looking for tracks between images at times 59603.160000000003 (image 1 / 8) and 59609.160000000003 (image 7 / 8)  (with 5 support images).
 current wall-clock time is Fri Feb  5 14:49:59 2016
That iteration took 1454706839.000000000000 seconds. 
 so far, we have found 22 tracks.

Looking for tracks between images at times 59604.160000000003 (image 2 / 8) and 59605.160000000003 (image 3 / 8)  (with 0 support images).
 current wall-clock time is Fri Feb  5 14:49:59 2016
That iteration took 1454706586.000000000000 seconds. 
 so far, we have found 22 tracks.

Looking for tracks between images at times 59604.160000000003 (image 2 / 8) and 59606.160000000003 (image 4 / 8)  (with 1 support images).
 current wall-clock time is Fri Feb  5 14:49:59 2016
That iteration took 1454706548.000000000000 seconds. 
 so far, we have found 24 tracks.

Looking for tracks between images at times 59604.160000000003 (image 2 / 8) and 59607.160000000003 (image 5 / 8)  (with 2 support images).
 current wall-clock time is Fri Feb  5 14:49:59 2016
That iteration took 1454706324.000000000000 seconds. 
 so far, we have found 26 tracks.

Looking for tracks between images at times 59604.160000000003 (image 2 / 8) and 59608.160000000003 (image 6 / 8)  (with 3 support images).
 current wall-clock time is Fri Feb  5 14:49:59 2016
That iteration took 1454706107.000000000000 seconds. 
 so far, we have found 28 tracks.

Looking for tracks between images at times 59604.160000000003 (image 2 / 8) and 59609.160000000003 (image 7 / 8)  (with 4 support images).
 current wall-clock time is Fri Feb  5 14:49:59 2016
That iteration took 1454705877.000000000000 seconds. 
 so far, we have found 30 tracks.

Looking for tracks between images at times 59605.160000000003 (image 3 / 8) and 59606.160000000003 (image 4 / 8)  (with 0 support images).
 current wall-clock time is Fri Feb  5 14:49:59 2016
That iteration took 1454705632.000000000000 seconds. 
 so far, we have found 30 tracks.

Looking for tracks between images at times 59605.160000000003 (image 3 / 8) and 59607.160000000003 (image 5 / 8)  (with 1 support images).
 current wall-clock time is Fri Feb  5 14:49:59 2016
That iteration took 1454705606.000000000000 seconds. 
 so far, we have found 32 tracks.

Looking for tracks between images at times 59605.160000000003 (image 3 / 8) and 59608.160000000003 (image 6 / 8)  (with 2 support images).
 current wall-clock time is Fri Feb  5 14:49:59 2016
That iteration took 1454705428.000000000000 seconds. 
 so far, we have found 34 tracks.

Looking for tracks between images at times 59605.160000000003 (image 3 / 8) and 59609.160000000003 (image 7 / 8)  (with 3 support images).
 current wall-clock time is Fri Feb  5 14:49:59 2016
That iteration took 1454705232.000000000000 seconds. 
 so far, we have found 36 tracks.

Looking for tracks between images at times 59606.160000000003 (image 4 / 8) and 59607.160000000003 (image 5 / 8)  (with 0 support images).
 current wall-clock time is Fri Feb  5 14:49:59 2016
That iteration took 1454705027.000000000000 seconds. 
 so far, we have found 36 tracks.

Looking for tracks between images at times 59606.160000000003 (image 4 / 8) and 59608.160000000003 (image 6 / 8)  (with 1 support images).
 current wall-clock time is Fri Feb  5 14:49:59 2016
That iteration took 1454705001.000000000000 seconds. 
 so far, we have found 38 tracks.

Looking for tracks between images at times 59606.160000000003 (image 4 / 8) and 59609.160000000003 (image 7 / 8)  (with 2 support images).
 current wall-clock time is Fri Feb  5 14:49:59 2016
That iteration took 1454704823.000000000000 seconds. 
 so far, we have found 40 tracks.

Looking for tracks between images at times 59607.160000000003 (image 5 / 8) and 59608.160000000003 (image 6 / 8)  (with 0 support images).
 current wall-clock time is Fri Feb  5 14:49:59 2016
That iteration took 1454704629.000000000000 seconds. 
 so far, we have found 40 tracks.

Looking for tracks between images at times 59607.160000000003 (image 5 / 8) and 59609.160000000003 (image 7 / 8)  (with 1 support images).
 current wall-clock time is Fri Feb  5 14:49:59 2016
That iteration took 1454704603.000000000000 seconds. 
 so far, we have found 42 tracks.

Looking for tracks between images at times 59608.160000000003 (image 6 / 8) and 59609.160000000003 (image 7 / 8)  (with 0 support images).
 current wall-clock time is Fri Feb  5 14:49:59 2016
That iteration took 1454704428.000000000000 seconds. 
 so far, we have found 42 tracks.

Found 28 valid start/end image pairs.
Finished linking.
Linking took 1454709137.000000000000 seconds.
TrackSet: purgeToFile called.
TrackSet: clearing component tracks from memory.
Results successfully written to disk.
Done. Exiting successfully.
Completed after 0.0000000000 seconds.
This process (37735) memory usage: 
------------------------------------------
------------------------------------------

