Set min unique nights per track: 3
Set min detections per track: 6
 Set output buffer size = 1000
Reading detections file 
Calculating topocentric correction 
Reading tracklets file 
Reading input took 0.0000000000 seconds.
Recentering all detections on (180, 0).
   Bounds were (in deg) R=[223.3919878520,  513.5699652490], D=[ -24.2561454423,  15.8614178923]
Setting tracklet velocities.
Sorting tracklets by image time and creating trees.
Doing the linking.
Looking for tracks between images at times 59587.160000000003 (image 0 / 16) and 59588.160000000003 (image 1 / 16)  (with 0 support images).
 current wall-clock time is Fri Feb  5 14:49:59 2016
That iteration took 1454707844.000000000000 seconds. 
 so far, we have found 0 tracks.

Looking for tracks between images at times 59587.160000000003 (image 0 / 16) and 59589.160000000003 (image 2 / 16)  (with 1 support images).
 current wall-clock time is Fri Feb  5 14:49:59 2016
That iteration took 1454707639.000000000000 seconds. 
 so far, we have found 2 tracks.

Looking for tracks between images at times 59587.160000000003 (image 0 / 16) and 59590.160000000003 (image 3 / 16)  (with 2 support images).
 current wall-clock time is Fri Feb  5 14:49:59 2016
That iteration took 1454707359.000000000000 seconds. 
 so far, we have found 4 tracks.

Looking for tracks between images at times 59587.160000000003 (image 0 / 16) and 59591.160000000003 (image 4 / 16)  (with 3 support images).
 current wall-clock time is Fri Feb  5 14:49:59 2016
That iteration took 1454707146.000000000000 seconds. 
 so far, we have found 6 tracks.

Looking for tracks between images at times 59587.160000000003 (image 0 / 16) and 59592.160000000003 (image 5 / 16)  (with 4 support images).
 current wall-clock time is Fri Feb  5 14:49:59 2016
That iteration took 1454706940.000000000000 seconds. 
 so far, we have found 8 tracks.

Looking for tracks between images at times 59587.160000000003 (image 0 / 16) and 59593.160000000003 (image 6 / 16)  (with 5 support images).
 current wall-clock time is Fri Feb  5 14:49:59 2016
That iteration took 1454706697.000000000000 seconds. 
 so far, we have found 10 tracks.

Looking for tracks between images at times 59587.160000000003 (image 0 / 16) and 59594.160000000003 (image 7 / 16)  (with 6 support images).
 current wall-clock time is Fri Feb  5 14:49:59 2016
That iteration took 1454706457.000000000000 seconds. 
 so far, we have found 12 tracks.

Looking for tracks between images at times 59587.160000000003 (image 0 / 16) and 59595.160000000003 (image 8 / 16)  (with 7 support images).
 current wall-clock time is Fri Feb  5 14:49:59 2016
That iteration took 1454706218.000000000000 seconds. 
 so far, we have found 15 tracks.

Looking for tracks between images at times 59587.160000000003 (image 0 / 16) and 59596.160000000003 (image 9 / 16)  (with 8 support images).
 current wall-clock time is Fri Feb  5 14:49:59 2016
That iteration took 1454705985.000000000000 seconds. 
 so far, we have found 17 tracks.

Looking for tracks between images at times 59587.160000000003 (image 0 / 16) and 59597.160000000003 (image 10 / 16)  (with 9 support images).
 current wall-clock time is Fri Feb  5 14:49:59 2016
That iteration took 1454705712.000000000000 seconds. 
 so far, we have found 20 tracks.

Looking for tracks between images at times 59587.160000000003 (image 0 / 16) and 59598.160000000003 (image 11 / 16)  (with 10 support images).
 current wall-clock time is Fri Feb  5 14:49:59 2016
That iteration took 1454705450.000000000000 seconds. 
 so far, we have found 23 tracks.

Looking for tracks between images at times 59587.160000000003 (image 0 / 16) and 59599.160000000003 (image 12 / 16)  (with 11 support images).
 current wall-clock time is Fri Feb  5 14:49:59 2016
That iteration took 1454705159.000000000000 seconds. 
 so far, we have found 26 tracks.

Looking for tracks between images at times 59587.160000000003 (image 0 / 16) and 59600.160000000003 (image 13 / 16)  (with 12 support images).
 current wall-clock time is Fri Feb  5 14:49:59 2016
That iteration took 1454704861.000000000000 seconds. 
 so far, we have found 29 tracks.

Looking for tracks between images at times 59587.160000000003 (image 0 / 16) and 59601.160000000003 (image 14 / 16)  (with 13 support images).
 current wall-clock time is Fri Feb  5 14:49:59 2016
That iteration took 1454704540.000000000000 seconds. 
 so far, we have found 31 tracks.

Looking for tracks between images at times 59587.160000000003 (image 0 / 16) and 59602.160000000003 (image 15 / 16)  (with 14 support images).
 current wall-clock time is Fri Feb  5 14:49:59 2016
That iteration took 1454704223.000000000000 seconds. 
 so far, we have found 33 tracks.

Looking for tracks between images at times 59588.160000000003 (image 1 / 16) and 59589.160000000003 (image 2 / 16)  (with 0 support images).
 current wall-clock time is Fri Feb  5 14:49:59 2016
That iteration took 1454703814.000000000000 seconds. 
 so far, we have found 33 tracks.

Looking for tracks between images at times 59588.160000000003 (image 1 / 16) and 59590.160000000003 (image 3 / 16)  (with 1 support images).
 current wall-clock time is Fri Feb  5 14:49:59 2016
That iteration took 1454703789.000000000000 seconds. 
 so far, we have found 35 tracks.

Looking for tracks between images at times 59588.160000000003 (image 1 / 16) and 59591.160000000003 (image 4 / 16)  (with 2 support images).
 current wall-clock time is Fri Feb  5 14:49:59 2016
That iteration took 1454703622.000000000000 seconds. 
 so far, we have found 37 tracks.

Looking for tracks between images at times 59588.160000000003 (image 1 / 16) and 59592.160000000003 (image 5 / 16)  (with 3 support images).
 current wall-clock time is Fri Feb  5 14:49:59 2016
That iteration took 1454703439.000000000000 seconds. 
 so far, we have found 39 tracks.

Looking for tracks between images at times 59588.160000000003 (image 1 / 16) and 59593.160000000003 (image 6 / 16)  (with 4 support images).
 current wall-clock time is Fri Feb  5 14:49:59 2016
That iteration took 1454703258.000000000000 seconds. 
 so far, we have found 41 tracks.

Looking for tracks between images at times 59588.160000000003 (image 1 / 16) and 59594.160000000003 (image 7 / 16)  (with 5 support images).
 current wall-clock time is Fri Feb  5 14:49:59 2016
That iteration took 1454703049.000000000000 seconds. 
 so far, we have found 43 tracks.

Looking for tracks between images at times 59588.160000000003 (image 1 / 16) and 59595.160000000003 (image 8 / 16)  (with 6 support images).
 current wall-clock time is Fri Feb  5 14:49:59 2016
That iteration took 1454702847.000000000000 seconds. 
 so far, we have found 45 tracks.

Looking for tracks between images at times 59588.160000000003 (image 1 / 16) and 59596.160000000003 (image 9 / 16)  (with 7 support images).
 current wall-clock time is Fri Feb  5 14:49:59 2016
That iteration took 1454702623.000000000000 seconds. 
 so far, we have found 48 tracks.

Looking for tracks between images at times 59588.160000000003 (image 1 / 16) and 59597.160000000003 (image 10 / 16)  (with 8 support images).
 current wall-clock time is Fri Feb  5 14:49:59 2016
That iteration took 1454702392.000000000000 seconds. 
 so far, we have found 50 tracks.

Looking for tracks between images at times 59588.160000000003 (image 1 / 16) and 59598.160000000003 (image 11 / 16)  (with 9 support images).
 current wall-clock time is Fri Feb  5 14:49:59 2016
That iteration took 1454702139.000000000000 seconds. 
 so far, we have found 53 tracks.

Looking for tracks between images at times 59588.160000000003 (image 1 / 16) and 59599.160000000003 (image 12 / 16)  (with 10 support images).
 current wall-clock time is Fri Feb  5 14:49:59 2016
That iteration took 1454701890.000000000000 seconds. 
 so far, we have found 56 tracks.

Looking for tracks between images at times 59588.160000000003 (image 1 / 16) and 59600.160000000003 (image 13 / 16)  (with 11 support images).
 current wall-clock time is Fri Feb  5 14:49:59 2016
That iteration took 1454701615.000000000000 seconds. 
 so far, we have found 59 tracks.

Looking for tracks between images at times 59588.160000000003 (image 1 / 16) and 59601.160000000003 (image 14 / 16)  (with 12 support images).
 current wall-clock time is Fri Feb  5 14:49:59 2016
That iteration took 1454701331.000000000000 seconds. 
 so far, we have found 62 tracks.

Looking for tracks between images at times 59588.160000000003 (image 1 / 16) and 59602.160000000003 (image 15 / 16)  (with 13 support images).
 current wall-clock time is Fri Feb  5 14:49:59 2016
That iteration took 1454701031.000000000000 seconds. 
 so far, we have found 64 tracks.

Looking for tracks between images at times 59589.160000000003 (image 2 / 16) and 59590.160000000003 (image 3 / 16)  (with 0 support images).
 current wall-clock time is Fri Feb  5 14:49:59 2016
That iteration took 1454700721.000000000000 seconds. 
 so far, we have found 64 tracks.

Looking for tracks between images at times 59589.160000000003 (image 2 / 16) and 59591.160000000003 (image 4 / 16)  (with 1 support images).
 current wall-clock time is Fri Feb  5 14:49:59 2016
That iteration took 1454700697.000000000000 seconds. 
 so far, we have found 66 tracks.

Looking for tracks between images at times 59589.160000000003 (image 2 / 16) and 59592.160000000003 (image 5 / 16)  (with 2 support images).
 current wall-clock time is Fri Feb  5 14:49:59 2016
That iteration took 1454700543.000000000000 seconds. 
 so far, we have found 68 tracks.

Looking for tracks between images at times 59589.160000000003 (image 2 / 16) and 59593.160000000003 (image 6 / 16)  (with 3 support images).
 current wall-clock time is Fri Feb  5 14:49:59 2016
That iteration took 1454700367.000000000000 seconds. 
 so far, we have found 70 tracks.

Looking for tracks between images at times 59589.160000000003 (image 2 / 16) and 59594.160000000003 (image 7 / 16)  (with 4 support images).
 current wall-clock time is Fri Feb  5 14:49:59 2016
That iteration took 1454700195.000000000000 seconds. 
 so far, we have found 71 tracks.

Looking for tracks between images at times 59589.160000000003 (image 2 / 16) and 59595.160000000003 (image 8 / 16)  (with 5 support images).
 current wall-clock time is Fri Feb  5 14:49:59 2016
That iteration took 1454699992.000000000000 seconds. 
 so far, we have found 73 tracks.

Looking for tracks between images at times 59589.160000000003 (image 2 / 16) and 59596.160000000003 (image 9 / 16)  (with 6 support images).
 current wall-clock time is Fri Feb  5 14:49:59 2016
That iteration took 1454699798.000000000000 seconds. 
 so far, we have found 75 tracks.

Looking for tracks between images at times 59589.160000000003 (image 2 / 16) and 59597.160000000003 (image 10 / 16)  (with 7 support images).
 current wall-clock time is Fri Feb  5 14:49:59 2016
That iteration took 1454699578.000000000000 seconds. 
 so far, we have found 77 tracks.

Looking for tracks between images at times 59589.160000000003 (image 2 / 16) and 59598.160000000003 (image 11 / 16)  (with 8 support images).
 current wall-clock time is Fri Feb  5 14:49:59 2016
That iteration took 1454699364.000000000000 seconds. 
 so far, we have found 80 tracks.

Looking for tracks between images at times 59589.160000000003 (image 2 / 16) and 59599.160000000003 (image 12 / 16)  (with 9 support images).
 current wall-clock time is Fri Feb  5 14:49:59 2016
That iteration took 1454699117.000000000000 seconds. 
 so far, we have found 83 tracks.

Looking for tracks between images at times 59589.160000000003 (image 2 / 16) and 59600.160000000003 (image 13 / 16)  (with 10 support images).
 current wall-clock time is Fri Feb  5 14:49:59 2016
That iteration took 1454698869.000000000000 seconds. 
 so far, we have found 86 tracks.

Looking for tracks between images at times 59589.160000000003 (image 2 / 16) and 59601.160000000003 (image 14 / 16)  (with 11 support images).
 current wall-clock time is Fri Feb  5 14:49:59 2016
That iteration took 1454698598.000000000000 seconds. 
 so far, we have found 89 tracks.

Looking for tracks between images at times 59589.160000000003 (image 2 / 16) and 59602.160000000003 (image 15 / 16)  (with 12 support images).
 current wall-clock time is Fri Feb  5 14:49:59 2016
That iteration took 1454698317.000000000000 seconds. 
 so far, we have found 91 tracks.

Looking for tracks between images at times 59590.160000000003 (image 3 / 16) and 59591.160000000003 (image 4 / 16)  (with 0 support images).
 current wall-clock time is Fri Feb  5 14:49:59 2016
That iteration took 1454698021.000000000000 seconds. 
 so far, we have found 91 tracks.

Looking for tracks between images at times 59590.160000000003 (image 3 / 16) and 59592.160000000003 (image 5 / 16)  (with 1 support images).
 current wall-clock time is Fri Feb  5 14:49:59 2016
That iteration took 1454697996.000000000000 seconds. 
 so far, we have found 93 tracks.

Looking for tracks between images at times 59590.160000000003 (image 3 / 16) and 59593.160000000003 (image 6 / 16)  (with 2 support images).
 current wall-clock time is Fri Feb  5 14:49:59 2016
That iteration took 1454697843.000000000000 seconds. 
 so far, we have found 95 tracks.

Looking for tracks between images at times 59590.160000000003 (image 3 / 16) and 59594.160000000003 (image 7 / 16)  (with 3 support images).
 current wall-clock time is Fri Feb  5 14:49:59 2016
That iteration took 1454697662.000000000000 seconds. 
 so far, we have found 97 tracks.

Looking for tracks between images at times 59590.160000000003 (image 3 / 16) and 59595.160000000003 (image 8 / 16)  (with 4 support images).
 current wall-clock time is Fri Feb  5 14:49:59 2016
That iteration took 1454697485.000000000000 seconds. 
 so far, we have found 98 tracks.

Looking for tracks between images at times 59590.160000000003 (image 3 / 16) and 59596.160000000003 (image 9 / 16)  (with 5 support images).
 current wall-clock time is Fri Feb  5 14:49:59 2016
That iteration took 1454697285.000000000000 seconds. 
 so far, we have found 100 tracks.

Looking for tracks between images at times 59590.160000000003 (image 3 / 16) and 59597.160000000003 (image 10 / 16)  (with 6 support images).
 current wall-clock time is Fri Feb  5 14:49:59 2016
That iteration took 1454697093.000000000000 seconds. 
 so far, we have found 102 tracks.

Looking for tracks between images at times 59590.160000000003 (image 3 / 16) and 59598.160000000003 (image 11 / 16)  (with 7 support images).
 current wall-clock time is Fri Feb  5 14:49:59 2016
That iteration took 1454696873.000000000000 seconds. 
 so far, we have found 104 tracks.

Looking for tracks between images at times 59590.160000000003 (image 3 / 16) and 59599.160000000003 (image 12 / 16)  (with 8 support images).
 current wall-clock time is Fri Feb  5 14:49:59 2016
That iteration took 1454696652.000000000000 seconds. 
 so far, we have found 106 tracks.

Looking for tracks between images at times 59590.160000000003 (image 3 / 16) and 59600.160000000003 (image 13 / 16)  (with 9 support images).
 current wall-clock time is Fri Feb  5 14:49:59 2016
That iteration took 1454696406.000000000000 seconds. 
 so far, we have found 109 tracks.

Looking for tracks between images at times 59590.160000000003 (image 3 / 16) and 59601.160000000003 (image 14 / 16)  (with 10 support images).
 current wall-clock time is Fri Feb  5 14:49:59 2016
That iteration took 1454696158.000000000000 seconds. 
 so far, we have found 112 tracks.

Looking for tracks between images at times 59590.160000000003 (image 3 / 16) and 59602.160000000003 (image 15 / 16)  (with 11 support images).
 current wall-clock time is Fri Feb  5 14:49:59 2016
That iteration took 1454695888.000000000000 seconds. 
 so far, we have found 115 tracks.

Looking for tracks between images at times 59591.160000000003 (image 4 / 16) and 59592.160000000003 (image 5 / 16)  (with 0 support images).
 current wall-clock time is Fri Feb  5 14:49:59 2016
That iteration took 1454695612.000000000000 seconds. 
 so far, we have found 115 tracks.

Looking for tracks between images at times 59591.160000000003 (image 4 / 16) and 59593.160000000003 (image 6 / 16)  (with 1 support images).
 current wall-clock time is Fri Feb  5 14:49:59 2016
That iteration took 1454695588.000000000000 seconds. 
 so far, we have found 117 tracks.

Looking for tracks between images at times 59591.160000000003 (image 4 / 16) and 59594.160000000003 (image 7 / 16)  (with 2 support images).
 current wall-clock time is Fri Feb  5 14:49:59 2016
That iteration took 1454695422.000000000000 seconds. 
 so far, we have found 119 tracks.

Looking for tracks between images at times 59591.160000000003 (image 4 / 16) and 59595.160000000003 (image 8 / 16)  (with 3 support images).
 current wall-clock time is Fri Feb  5 14:49:59 2016
That iteration took 1454695236.000000000000 seconds. 
 so far, we have found 121 tracks.

Looking for tracks between images at times 59591.160000000003 (image 4 / 16) and 59596.160000000003 (image 9 / 16)  (with 4 support images).
 current wall-clock time is Fri Feb  5 14:49:59 2016
That iteration took 1454695059.000000000000 seconds. 
 so far, we have found 122 tracks.

Looking for tracks between images at times 59591.160000000003 (image 4 / 16) and 59597.160000000003 (image 10 / 16)  (with 5 support images).
 current wall-clock time is Fri Feb  5 14:49:59 2016
That iteration took 1454694855.000000000000 seconds. 
 so far, we have found 124 tracks.

Looking for tracks between images at times 59591.160000000003 (image 4 / 16) and 59598.160000000003 (image 11 / 16)  (with 6 support images).
 current wall-clock time is Fri Feb  5 14:49:59 2016
That iteration took 1454694662.000000000000 seconds. 
 so far, we have found 126 tracks.

Looking for tracks between images at times 59591.160000000003 (image 4 / 16) and 59599.160000000003 (image 12 / 16)  (with 7 support images).
 current wall-clock time is Fri Feb  5 14:49:59 2016
That iteration took 1454694444.000000000000 seconds. 
 so far, we have found 128 tracks.

Looking for tracks between images at times 59591.160000000003 (image 4 / 16) and 59600.160000000003 (image 13 / 16)  (with 8 support images).
 current wall-clock time is Fri Feb  5 14:49:59 2016
That iteration took 1454694225.000000000000 seconds. 
 so far, we have found 130 tracks.

Looking for tracks between images at times 59591.160000000003 (image 4 / 16) and 59601.160000000003 (image 14 / 16)  (with 9 support images).
 current wall-clock time is Fri Feb  5 14:49:59 2016
That iteration took 1454693988.000000000000 seconds. 
 so far, we have found 133 tracks.

Looking for tracks between images at times 59591.160000000003 (image 4 / 16) and 59602.160000000003 (image 15 / 16)  (with 10 support images).
 current wall-clock time is Fri Feb  5 14:49:59 2016
That iteration took 1454693742.000000000000 seconds. 
 so far, we have found 136 tracks.

Looking for tracks between images at times 59592.160000000003 (image 5 / 16) and 59593.160000000003 (image 6 / 16)  (with 0 support images).
 current wall-clock time is Fri Feb  5 14:49:59 2016
That iteration took 1454693414.000000000000 seconds. 
 so far, we have found 136 tracks.

Looking for tracks between images at times 59592.160000000003 (image 5 / 16) and 59594.160000000003 (image 7 / 16)  (with 1 support images).
 current wall-clock time is Fri Feb  5 14:49:59 2016
That iteration took 1454693389.000000000000 seconds. 
 so far, we have found 138 tracks.

Looking for tracks between images at times 59592.160000000003 (image 5 / 16) and 59595.160000000003 (image 8 / 16)  (with 2 support images).
 current wall-clock time is Fri Feb  5 14:49:59 2016
That iteration took 1454693223.000000000000 seconds. 
 so far, we have found 140 tracks.

Looking for tracks between images at times 59592.160000000003 (image 5 / 16) and 59596.160000000003 (image 9 / 16)  (with 3 support images).
 current wall-clock time is Fri Feb  5 14:49:59 2016
That iteration took 1454693043.000000000000 seconds. 
 so far, we have found 142 tracks.

Looking for tracks between images at times 59592.160000000003 (image 5 / 16) and 59597.160000000003 (image 10 / 16)  (with 4 support images).
 current wall-clock time is Fri Feb  5 14:49:59 2016
That iteration took 1454692866.000000000000 seconds. 
 so far, we have found 143 tracks.

Looking for tracks between images at times 59592.160000000003 (image 5 / 16) and 59598.160000000003 (image 11 / 16)  (with 5 support images).
 current wall-clock time is Fri Feb  5 14:49:59 2016
That iteration took 1454692661.000000000000 seconds. 
 so far, we have found 145 tracks.

Looking for tracks between images at times 59592.160000000003 (image 5 / 16) and 59599.160000000003 (image 12 / 16)  (with 6 support images).
 current wall-clock time is Fri Feb  5 14:49:59 2016
That iteration took 1454692458.000000000000 seconds. 
 so far, we have found 147 tracks.

Looking for tracks between images at times 59592.160000000003 (image 5 / 16) and 59600.160000000003 (image 13 / 16)  (with 7 support images).
 current wall-clock time is Fri Feb  5 14:49:59 2016
That iteration took 1454692192.000000000000 seconds. 
 so far, we have found 149 tracks.

Looking for tracks between images at times 59592.160000000003 (image 5 / 16) and 59601.160000000003 (image 14 / 16)  (with 8 support images).
 current wall-clock time is Fri Feb  5 14:49:59 2016
That iteration took 1454691941.000000000000 seconds. 
 so far, we have found 151 tracks.

Looking for tracks between images at times 59592.160000000003 (image 5 / 16) and 59602.160000000003 (image 15 / 16)  (with 9 support images).
 current wall-clock time is Fri Feb  5 14:49:59 2016
That iteration took 1454691650.000000000000 seconds. 
 so far, we have found 153 tracks.

Looking for tracks between images at times 59593.160000000003 (image 6 / 16) and 59594.160000000003 (image 7 / 16)  (with 0 support images).
 current wall-clock time is Fri Feb  5 14:49:59 2016
That iteration took 1454691371.000000000000 seconds. 
 so far, we have found 153 tracks.

Looking for tracks between images at times 59593.160000000003 (image 6 / 16) and 59595.160000000003 (image 8 / 16)  (with 1 support images).
 current wall-clock time is Fri Feb  5 14:49:59 2016
That iteration took 1454691342.000000000000 seconds. 
 so far, we have found 155 tracks.

Looking for tracks between images at times 59593.160000000003 (image 6 / 16) and 59596.160000000003 (image 9 / 16)  (with 2 support images).
 current wall-clock time is Fri Feb  5 14:49:59 2016
That iteration took 1454691149.000000000000 seconds. 
 so far, we have found 157 tracks.

Looking for tracks between images at times 59593.160000000003 (image 6 / 16) and 59597.160000000003 (image 10 / 16)  (with 3 support images).
 current wall-clock time is Fri Feb  5 14:49:59 2016
That iteration took 1454690949.000000000000 seconds. 
 so far, we have found 159 tracks.

Looking for tracks between images at times 59593.160000000003 (image 6 / 16) and 59598.160000000003 (image 11 / 16)  (with 4 support images).
 current wall-clock time is Fri Feb  5 14:49:59 2016
That iteration took 1454690749.000000000000 seconds. 
 so far, we have found 161 tracks.

Looking for tracks between images at times 59593.160000000003 (image 6 / 16) and 59599.160000000003 (image 12 / 16)  (with 5 support images).
 current wall-clock time is Fri Feb  5 14:49:59 2016
That iteration took 1454690517.000000000000 seconds. 
 so far, we have found 163 tracks.

Looking for tracks between images at times 59593.160000000003 (image 6 / 16) and 59600.160000000003 (image 13 / 16)  (with 6 support images).
 current wall-clock time is Fri Feb  5 14:49:59 2016
That iteration took 1454690293.000000000000 seconds. 
 so far, we have found 165 tracks.

Looking for tracks between images at times 59593.160000000003 (image 6 / 16) and 59601.160000000003 (image 14 / 16)  (with 7 support images).
 current wall-clock time is Fri Feb  5 14:49:59 2016
That iteration took 1454690059.000000000000 seconds. 
 so far, we have found 167 tracks.

Looking for tracks between images at times 59593.160000000003 (image 6 / 16) and 59602.160000000003 (image 15 / 16)  (with 8 support images).
 current wall-clock time is Fri Feb  5 14:49:59 2016
That iteration took 1454689833.000000000000 seconds. 
 so far, we have found 169 tracks.

Looking for tracks between images at times 59594.160000000003 (image 7 / 16) and 59595.160000000003 (image 8 / 16)  (with 0 support images).
 current wall-clock time is Fri Feb  5 14:49:59 2016
That iteration took 1454689568.000000000000 seconds. 
 so far, we have found 169 tracks.

Looking for tracks between images at times 59594.160000000003 (image 7 / 16) and 59596.160000000003 (image 9 / 16)  (with 1 support images).
 current wall-clock time is Fri Feb  5 14:49:59 2016
That iteration took 1454689542.000000000000 seconds. 
 so far, we have found 171 tracks.

Looking for tracks between images at times 59594.160000000003 (image 7 / 16) and 59597.160000000003 (image 10 / 16)  (with 2 support images).
 current wall-clock time is Fri Feb  5 14:49:59 2016
That iteration took 1454689347.000000000000 seconds. 
 so far, we have found 173 tracks.

Looking for tracks between images at times 59594.160000000003 (image 7 / 16) and 59598.160000000003 (image 11 / 16)  (with 3 support images).
 current wall-clock time is Fri Feb  5 14:49:59 2016
That iteration took 1454689157.000000000000 seconds. 
 so far, we have found 175 tracks.

Looking for tracks between images at times 59594.160000000003 (image 7 / 16) and 59599.160000000003 (image 12 / 16)  (with 4 support images).
 current wall-clock time is Fri Feb  5 14:49:59 2016
That iteration took 1454688983.000000000000 seconds. 
 so far, we have found 176 tracks.

Looking for tracks between images at times 59594.160000000003 (image 7 / 16) and 59600.160000000003 (image 13 / 16)  (with 5 support images).
 current wall-clock time is Fri Feb  5 14:49:59 2016
That iteration took 1454688774.000000000000 seconds. 
 so far, we have found 178 tracks.

Looking for tracks between images at times 59594.160000000003 (image 7 / 16) and 59601.160000000003 (image 14 / 16)  (with 6 support images).
 current wall-clock time is Fri Feb  5 14:49:59 2016
That iteration took 1454688573.000000000000 seconds. 
 so far, we have found 180 tracks.

Looking for tracks between images at times 59594.160000000003 (image 7 / 16) and 59602.160000000003 (image 15 / 16)  (with 7 support images).
 current wall-clock time is Fri Feb  5 14:49:59 2016
That iteration took 1454688352.000000000000 seconds. 
 so far, we have found 182 tracks.

Looking for tracks between images at times 59595.160000000003 (image 8 / 16) and 59596.160000000003 (image 9 / 16)  (with 0 support images).
 current wall-clock time is Fri Feb  5 14:49:59 2016
That iteration took 1454688144.000000000000 seconds. 
 so far, we have found 182 tracks.

Looking for tracks between images at times 59595.160000000003 (image 8 / 16) and 59597.160000000003 (image 10 / 16)  (with 1 support images).
 current wall-clock time is Fri Feb  5 14:49:59 2016
That iteration took 1454688120.000000000000 seconds. 
 so far, we have found 184 tracks.

Looking for tracks between images at times 59595.160000000003 (image 8 / 16) and 59598.160000000003 (image 11 / 16)  (with 2 support images).
 current wall-clock time is Fri Feb  5 14:49:59 2016
That iteration took 1454687962.000000000000 seconds. 
 so far, we have found 186 tracks.

Looking for tracks between images at times 59595.160000000003 (image 8 / 16) and 59599.160000000003 (image 12 / 16)  (with 3 support images).
 current wall-clock time is Fri Feb  5 14:49:59 2016
That iteration took 1454687779.000000000000 seconds. 
 so far, we have found 188 tracks.

Looking for tracks between images at times 59595.160000000003 (image 8 / 16) and 59600.160000000003 (image 13 / 16)  (with 4 support images).
 current wall-clock time is Fri Feb  5 14:49:59 2016
That iteration took 1454687607.000000000000 seconds. 
 so far, we have found 189 tracks.

Looking for tracks between images at times 59595.160000000003 (image 8 / 16) and 59601.160000000003 (image 14 / 16)  (with 5 support images).
 current wall-clock time is Fri Feb  5 14:49:59 2016
That iteration took 1454687405.000000000000 seconds. 
 so far, we have found 191 tracks.

Looking for tracks between images at times 59595.160000000003 (image 8 / 16) and 59602.160000000003 (image 15 / 16)  (with 6 support images).
 current wall-clock time is Fri Feb  5 14:49:59 2016
That iteration took 1454687213.000000000000 seconds. 
 so far, we have found 193 tracks.

Looking for tracks between images at times 59596.160000000003 (image 9 / 16) and 59597.160000000003 (image 10 / 16)  (with 0 support images).
 current wall-clock time is Fri Feb  5 14:49:59 2016
That iteration took 1454686993.000000000000 seconds. 
 so far, we have found 193 tracks.

Looking for tracks between images at times 59596.160000000003 (image 9 / 16) and 59598.160000000003 (image 11 / 16)  (with 1 support images).
 current wall-clock time is Fri Feb  5 14:49:59 2016
That iteration took 1454686963.000000000000 seconds. 
 so far, we have found 195 tracks.

Looking for tracks between images at times 59596.160000000003 (image 9 / 16) and 59599.160000000003 (image 12 / 16)  (with 2 support images).
 current wall-clock time is Fri Feb  5 14:49:59 2016
That iteration took 1454686802.000000000000 seconds. 
 so far, we have found 197 tracks.

Looking for tracks between images at times 59596.160000000003 (image 9 / 16) and 59600.160000000003 (image 13 / 16)  (with 3 support images).
 current wall-clock time is Fri Feb  5 14:49:59 2016
That iteration took 1454686629.000000000000 seconds. 
 so far, we have found 199 tracks.

Looking for tracks between images at times 59596.160000000003 (image 9 / 16) and 59601.160000000003 (image 14 / 16)  (with 4 support images).
 current wall-clock time is Fri Feb  5 14:49:59 2016
That iteration took 1454686451.000000000000 seconds. 
 so far, we have found 201 tracks.

Looking for tracks between images at times 59596.160000000003 (image 9 / 16) and 59602.160000000003 (image 15 / 16)  (with 5 support images).
 current wall-clock time is Fri Feb  5 14:49:59 2016
That iteration took 1454686254.000000000000 seconds. 
 so far, we have found 203 tracks.

Looking for tracks between images at times 59597.160000000003 (image 10 / 16) and 59598.160000000003 (image 11 / 16)  (with 0 support images).
 current wall-clock time is Fri Feb  5 14:49:59 2016
That iteration took 1454686058.000000000000 seconds. 
 so far, we have found 203 tracks.

Looking for tracks between images at times 59597.160000000003 (image 10 / 16) and 59599.160000000003 (image 12 / 16)  (with 1 support images).
 current wall-clock time is Fri Feb  5 14:49:59 2016
That iteration took 1454686035.000000000000 seconds. 
 so far, we have found 205 tracks.

Looking for tracks between images at times 59597.160000000003 (image 10 / 16) and 59600.160000000003 (image 13 / 16)  (with 2 support images).
 current wall-clock time is Fri Feb  5 14:49:59 2016
That iteration took 1454685879.000000000000 seconds. 
 so far, we have found 207 tracks.

Looking for tracks between images at times 59597.160000000003 (image 10 / 16) and 59601.160000000003 (image 14 / 16)  (with 3 support images).
 current wall-clock time is Fri Feb  5 14:49:59 2016
That iteration took 1454685705.000000000000 seconds. 
 so far, we have found 209 tracks.

Looking for tracks between images at times 59597.160000000003 (image 10 / 16) and 59602.160000000003 (image 15 / 16)  (with 4 support images).
 current wall-clock time is Fri Feb  5 14:49:59 2016
That iteration took 1454685422.000000000000 seconds. 
 so far, we have found 210 tracks.

Looking for tracks between images at times 59598.160000000003 (image 11 / 16) and 59599.160000000003 (image 12 / 16)  (with 0 support images).
 current wall-clock time is Fri Feb  5 14:49:59 2016
That iteration took 1454685199.000000000000 seconds. 
 so far, we have found 210 tracks.

Looking for tracks between images at times 59598.160000000003 (image 11 / 16) and 59600.160000000003 (image 13 / 16)  (with 1 support images).
 current wall-clock time is Fri Feb  5 14:49:59 2016
That iteration took 1454685175.000000000000 seconds. 
 so far, we have found 212 tracks.

Looking for tracks between images at times 59598.160000000003 (image 11 / 16) and 59601.160000000003 (image 14 / 16)  (with 2 support images).
 current wall-clock time is Fri Feb  5 14:49:59 2016
That iteration took 1454685007.000000000000 seconds. 
 so far, we have found 214 tracks.

Looking for tracks between images at times 59598.160000000003 (image 11 / 16) and 59602.160000000003 (image 15 / 16)  (with 3 support images).
 current wall-clock time is Fri Feb  5 14:49:59 2016
That iteration took 1454684819.000000000000 seconds. 
 so far, we have found 216 tracks.

Looking for tracks between images at times 59599.160000000003 (image 12 / 16) and 59600.160000000003 (image 13 / 16)  (with 0 support images).
 current wall-clock time is Fri Feb  5 14:49:59 2016
That iteration took 1454684630.000000000000 seconds. 
 so far, we have found 216 tracks.

Looking for tracks between images at times 59599.160000000003 (image 12 / 16) and 59601.160000000003 (image 14 / 16)  (with 1 support images).
 current wall-clock time is Fri Feb  5 14:49:59 2016
That iteration took 1454684605.000000000000 seconds. 
 so far, we have found 218 tracks.

Looking for tracks between images at times 59599.160000000003 (image 12 / 16) and 59602.160000000003 (image 15 / 16)  (with 2 support images).
 current wall-clock time is Fri Feb  5 14:49:59 2016
That iteration took 1454684436.000000000000 seconds. 
 so far, we have found 220 tracks.

Looking for tracks between images at times 59600.160000000003 (image 13 / 16) and 59601.160000000003 (image 14 / 16)  (with 0 support images).
 current wall-clock time is Fri Feb  5 14:49:59 2016
That iteration took 1454684261.000000000000 seconds. 
 so far, we have found 220 tracks.

Looking for tracks between images at times 59600.160000000003 (image 13 / 16) and 59602.160000000003 (image 15 / 16)  (with 1 support images).
 current wall-clock time is Fri Feb  5 14:49:59 2016
That iteration took 1454684237.000000000000 seconds. 
 so far, we have found 222 tracks.

Looking for tracks between images at times 59601.160000000003 (image 14 / 16) and 59602.160000000003 (image 15 / 16)  (with 0 support images).
 current wall-clock time is Fri Feb  5 14:49:59 2016
That iteration took 1454684080.000000000000 seconds. 
 so far, we have found 222 tracks.

Found 120 valid start/end image pairs.
Finished linking.
Linking took 1454707847.000000000000 seconds.
TrackSet: purgeToFile called.
TrackSet: clearing component tracks from memory.
Results successfully written to disk.
Done. Exiting successfully.
Completed after 0.0000000000 seconds.
This process (37705) memory usage: 
------------------------------------------
------------------------------------------

