Set min unique nights per track: 3
Set min detections per track: 6
 Set output buffer size = 1000
Reading detections file 
Calculating topocentric correction 
Reading tracklets file 
Reading input took 0.0000000000 seconds.
Recentering all detections on (180, 0).
   Bounds were (in deg) R=[225.9826319080,  512.9525405630], D=[ -24.8317269676,  16.6339441186]
Setting tracklet velocities.
Sorting tracklets by image time and creating trees.
Doing the linking.
Looking for tracks between images at times 59594.160000000003 (image 0 / 16) and 59595.160000000003 (image 1 / 16)  (with 0 support images).
 current wall-clock time is Fri Feb  5 14:49:59 2016
That iteration took 1454708958.000000000000 seconds. 
 so far, we have found 0 tracks.

Looking for tracks between images at times 59594.160000000003 (image 0 / 16) and 59596.160000000003 (image 2 / 16)  (with 1 support images).
 current wall-clock time is Fri Feb  5 14:49:59 2016
That iteration took 1454708773.000000000000 seconds. 
 so far, we have found 2 tracks.

Looking for tracks between images at times 59594.160000000003 (image 0 / 16) and 59597.160000000003 (image 3 / 16)  (with 2 support images).
 current wall-clock time is Fri Feb  5 14:49:59 2016
That iteration took 1454708523.000000000000 seconds. 
 so far, we have found 4 tracks.

Looking for tracks between images at times 59594.160000000003 (image 0 / 16) and 59598.160000000003 (image 4 / 16)  (with 3 support images).
 current wall-clock time is Fri Feb  5 14:49:59 2016
That iteration took 1454708333.000000000000 seconds. 
 so far, we have found 6 tracks.

Looking for tracks between images at times 59594.160000000003 (image 0 / 16) and 59599.160000000003 (image 5 / 16)  (with 4 support images).
 current wall-clock time is Fri Feb  5 14:49:59 2016
That iteration took 1454708124.000000000000 seconds. 
 so far, we have found 7 tracks.

Looking for tracks between images at times 59594.160000000003 (image 0 / 16) and 59600.160000000003 (image 6 / 16)  (with 5 support images).
 current wall-clock time is Fri Feb  5 14:49:59 2016
That iteration took 1454707847.000000000000 seconds. 
 so far, we have found 9 tracks.

Looking for tracks between images at times 59594.160000000003 (image 0 / 16) and 59601.160000000003 (image 7 / 16)  (with 6 support images).
 current wall-clock time is Fri Feb  5 14:49:59 2016
That iteration took 1454707629.000000000000 seconds. 
 so far, we have found 11 tracks.

Looking for tracks between images at times 59594.160000000003 (image 0 / 16) and 59602.160000000003 (image 8 / 16)  (with 7 support images).
 current wall-clock time is Fri Feb  5 14:49:59 2016
That iteration took 1454707402.000000000000 seconds. 
 so far, we have found 13 tracks.

Looking for tracks between images at times 59594.160000000003 (image 0 / 16) and 59603.160000000003 (image 9 / 16)  (with 8 support images).
 current wall-clock time is Fri Feb  5 14:49:59 2016
That iteration took 1454707194.000000000000 seconds. 
 so far, we have found 15 tracks.

Looking for tracks between images at times 59594.160000000003 (image 0 / 16) and 59604.160000000003 (image 10 / 16)  (with 9 support images).
 current wall-clock time is Fri Feb  5 14:49:59 2016
That iteration took 1454706947.000000000000 seconds. 
 so far, we have found 17 tracks.

Looking for tracks between images at times 59594.160000000003 (image 0 / 16) and 59605.160000000003 (image 11 / 16)  (with 10 support images).
 current wall-clock time is Fri Feb  5 14:49:59 2016
That iteration took 1454706706.000000000000 seconds. 
 so far, we have found 19 tracks.

Looking for tracks between images at times 59594.160000000003 (image 0 / 16) and 59606.160000000003 (image 12 / 16)  (with 11 support images).
 current wall-clock time is Fri Feb  5 14:49:59 2016
That iteration took 1454706440.000000000000 seconds. 
 so far, we have found 21 tracks.

Looking for tracks between images at times 59594.160000000003 (image 0 / 16) and 59607.160000000003 (image 13 / 16)  (with 12 support images).
 current wall-clock time is Fri Feb  5 14:49:59 2016
That iteration took 1454706160.000000000000 seconds. 
 so far, we have found 22 tracks.

Looking for tracks between images at times 59594.160000000003 (image 0 / 16) and 59608.160000000003 (image 14 / 16)  (with 13 support images).
 current wall-clock time is Fri Feb  5 14:49:59 2016
That iteration took 1454705876.000000000000 seconds. 
 so far, we have found 23 tracks.

Looking for tracks between images at times 59594.160000000003 (image 0 / 16) and 59609.160000000003 (image 15 / 16)  (with 14 support images).
 current wall-clock time is Fri Feb  5 14:49:59 2016
That iteration took 1454705588.000000000000 seconds. 
 so far, we have found 24 tracks.

Looking for tracks between images at times 59595.160000000003 (image 1 / 16) and 59596.160000000003 (image 2 / 16)  (with 0 support images).
 current wall-clock time is Fri Feb  5 14:49:59 2016
That iteration took 1454705295.000000000000 seconds. 
 so far, we have found 24 tracks.

Looking for tracks between images at times 59595.160000000003 (image 1 / 16) and 59597.160000000003 (image 3 / 16)  (with 1 support images).
 current wall-clock time is Fri Feb  5 14:49:59 2016
That iteration took 1454705271.000000000000 seconds. 
 so far, we have found 26 tracks.

Looking for tracks between images at times 59595.160000000003 (image 1 / 16) and 59598.160000000003 (image 4 / 16)  (with 2 support images).
 current wall-clock time is Fri Feb  5 14:49:59 2016
That iteration took 1454705103.000000000000 seconds. 
 so far, we have found 28 tracks.

Looking for tracks between images at times 59595.160000000003 (image 1 / 16) and 59599.160000000003 (image 5 / 16)  (with 3 support images).
 current wall-clock time is Fri Feb  5 14:49:59 2016
That iteration took 1454704911.000000000000 seconds. 
 so far, we have found 30 tracks.

Looking for tracks between images at times 59595.160000000003 (image 1 / 16) and 59600.160000000003 (image 6 / 16)  (with 4 support images).
 current wall-clock time is Fri Feb  5 14:49:59 2016
That iteration took 1454704740.000000000000 seconds. 
 so far, we have found 31 tracks.

Looking for tracks between images at times 59595.160000000003 (image 1 / 16) and 59601.160000000003 (image 7 / 16)  (with 5 support images).
 current wall-clock time is Fri Feb  5 14:49:59 2016
That iteration took 1454704531.000000000000 seconds. 
 so far, we have found 33 tracks.

Looking for tracks between images at times 59595.160000000003 (image 1 / 16) and 59602.160000000003 (image 8 / 16)  (with 6 support images).
 current wall-clock time is Fri Feb  5 14:49:59 2016
That iteration took 1454704338.000000000000 seconds. 
 so far, we have found 35 tracks.

Looking for tracks between images at times 59595.160000000003 (image 1 / 16) and 59603.160000000003 (image 9 / 16)  (with 7 support images).
 current wall-clock time is Fri Feb  5 14:49:59 2016
That iteration took 1454704115.000000000000 seconds. 
 so far, we have found 37 tracks.

Looking for tracks between images at times 59595.160000000003 (image 1 / 16) and 59604.160000000003 (image 10 / 16)  (with 8 support images).
 current wall-clock time is Fri Feb  5 14:49:59 2016
That iteration took 1454703895.000000000000 seconds. 
 so far, we have found 39 tracks.

Looking for tracks between images at times 59595.160000000003 (image 1 / 16) and 59605.160000000003 (image 11 / 16)  (with 9 support images).
 current wall-clock time is Fri Feb  5 14:49:59 2016
That iteration took 1454703573.000000000000 seconds. 
 so far, we have found 41 tracks.

Looking for tracks between images at times 59595.160000000003 (image 1 / 16) and 59606.160000000003 (image 12 / 16)  (with 10 support images).
 current wall-clock time is Fri Feb  5 14:49:59 2016
That iteration took 1454703328.000000000000 seconds. 
 so far, we have found 43 tracks.

Looking for tracks between images at times 59595.160000000003 (image 1 / 16) and 59607.160000000003 (image 13 / 16)  (with 11 support images).
 current wall-clock time is Fri Feb  5 14:49:59 2016
That iteration took 1454703037.000000000000 seconds. 
 so far, we have found 45 tracks.

Looking for tracks between images at times 59595.160000000003 (image 1 / 16) and 59608.160000000003 (image 14 / 16)  (with 12 support images).
 current wall-clock time is Fri Feb  5 14:49:59 2016
That iteration took 1454702750.000000000000 seconds. 
 so far, we have found 46 tracks.

Looking for tracks between images at times 59595.160000000003 (image 1 / 16) and 59609.160000000003 (image 15 / 16)  (with 13 support images).
 current wall-clock time is Fri Feb  5 14:49:59 2016
That iteration took 1454702460.000000000000 seconds. 
 so far, we have found 47 tracks.

Looking for tracks between images at times 59596.160000000003 (image 2 / 16) and 59597.160000000003 (image 3 / 16)  (with 0 support images).
 current wall-clock time is Fri Feb  5 14:49:59 2016
That iteration took 1454702173.000000000000 seconds. 
 so far, we have found 47 tracks.

Looking for tracks between images at times 59596.160000000003 (image 2 / 16) and 59598.160000000003 (image 4 / 16)  (with 1 support images).
 current wall-clock time is Fri Feb  5 14:49:59 2016
That iteration took 1454702149.000000000000 seconds. 
 so far, we have found 49 tracks.

Looking for tracks between images at times 59596.160000000003 (image 2 / 16) and 59599.160000000003 (image 5 / 16)  (with 2 support images).
 current wall-clock time is Fri Feb  5 14:49:59 2016
That iteration took 1454701992.000000000000 seconds. 
 so far, we have found 51 tracks.

Looking for tracks between images at times 59596.160000000003 (image 2 / 16) and 59600.160000000003 (image 6 / 16)  (with 3 support images).
 current wall-clock time is Fri Feb  5 14:49:59 2016
That iteration took 1454701815.000000000000 seconds. 
 so far, we have found 53 tracks.

Looking for tracks between images at times 59596.160000000003 (image 2 / 16) and 59601.160000000003 (image 7 / 16)  (with 4 support images).
 current wall-clock time is Fri Feb  5 14:49:59 2016
That iteration took 1454701628.000000000000 seconds. 
 so far, we have found 55 tracks.

Looking for tracks between images at times 59596.160000000003 (image 2 / 16) and 59602.160000000003 (image 8 / 16)  (with 5 support images).
 current wall-clock time is Fri Feb  5 14:49:59 2016
That iteration took 1454701370.000000000000 seconds. 
 so far, we have found 57 tracks.

Looking for tracks between images at times 59596.160000000003 (image 2 / 16) and 59603.160000000003 (image 9 / 16)  (with 6 support images).
 current wall-clock time is Fri Feb  5 14:49:59 2016
That iteration took 1454701127.000000000000 seconds. 
 so far, we have found 59 tracks.

Looking for tracks between images at times 59596.160000000003 (image 2 / 16) and 59604.160000000003 (image 10 / 16)  (with 7 support images).
 current wall-clock time is Fri Feb  5 14:49:59 2016
That iteration took 1454700860.000000000000 seconds. 
 so far, we have found 61 tracks.

Looking for tracks between images at times 59596.160000000003 (image 2 / 16) and 59605.160000000003 (image 11 / 16)  (with 8 support images).
 current wall-clock time is Fri Feb  5 14:49:59 2016
That iteration took 1454700602.000000000000 seconds. 
 so far, we have found 63 tracks.

Looking for tracks between images at times 59596.160000000003 (image 2 / 16) and 59606.160000000003 (image 12 / 16)  (with 9 support images).
 current wall-clock time is Fri Feb  5 14:49:59 2016
That iteration took 1454700318.000000000000 seconds. 
 so far, we have found 65 tracks.

Looking for tracks between images at times 59596.160000000003 (image 2 / 16) and 59607.160000000003 (image 13 / 16)  (with 10 support images).
 current wall-clock time is Fri Feb  5 14:49:59 2016
That iteration took 1454700027.000000000000 seconds. 
 so far, we have found 67 tracks.

Looking for tracks between images at times 59596.160000000003 (image 2 / 16) and 59608.160000000003 (image 14 / 16)  (with 11 support images).
 current wall-clock time is Fri Feb  5 14:49:59 2016
That iteration took 1454699751.000000000000 seconds. 
 so far, we have found 69 tracks.

Looking for tracks between images at times 59596.160000000003 (image 2 / 16) and 59609.160000000003 (image 15 / 16)  (with 12 support images).
 current wall-clock time is Fri Feb  5 14:49:59 2016
That iteration took 1454699460.000000000000 seconds. 
 so far, we have found 70 tracks.

Looking for tracks between images at times 59597.160000000003 (image 3 / 16) and 59598.160000000003 (image 4 / 16)  (with 0 support images).
 current wall-clock time is Fri Feb  5 14:49:59 2016
That iteration took 1454699159.000000000000 seconds. 
 so far, we have found 70 tracks.

Looking for tracks between images at times 59597.160000000003 (image 3 / 16) and 59599.160000000003 (image 5 / 16)  (with 1 support images).
 current wall-clock time is Fri Feb  5 14:49:59 2016
That iteration took 1454699133.000000000000 seconds. 
 so far, we have found 72 tracks.

Looking for tracks between images at times 59597.160000000003 (image 3 / 16) and 59600.160000000003 (image 6 / 16)  (with 2 support images).
 current wall-clock time is Fri Feb  5 14:49:59 2016
That iteration took 1454698963.000000000000 seconds. 
 so far, we have found 74 tracks.

Looking for tracks between images at times 59597.160000000003 (image 3 / 16) and 59601.160000000003 (image 7 / 16)  (with 3 support images).
 current wall-clock time is Fri Feb  5 14:49:59 2016
That iteration took 1454698773.000000000000 seconds. 
 so far, we have found 76 tracks.

Looking for tracks between images at times 59597.160000000003 (image 3 / 16) and 59602.160000000003 (image 8 / 16)  (with 4 support images).
 current wall-clock time is Fri Feb  5 14:49:59 2016
That iteration took 1454698586.000000000000 seconds. 
 so far, we have found 77 tracks.

Looking for tracks between images at times 59597.160000000003 (image 3 / 16) and 59603.160000000003 (image 9 / 16)  (with 5 support images).
 current wall-clock time is Fri Feb  5 14:49:59 2016
That iteration took 1454698364.000000000000 seconds. 
 so far, we have found 79 tracks.

Looking for tracks between images at times 59597.160000000003 (image 3 / 16) and 59604.160000000003 (image 10 / 16)  (with 6 support images).
 current wall-clock time is Fri Feb  5 14:49:59 2016
That iteration took 1454698149.000000000000 seconds. 
 so far, we have found 81 tracks.

Looking for tracks between images at times 59597.160000000003 (image 3 / 16) and 59605.160000000003 (image 11 / 16)  (with 7 support images).
 current wall-clock time is Fri Feb  5 14:49:59 2016
That iteration took 1454697910.000000000000 seconds. 
 so far, we have found 83 tracks.

Looking for tracks between images at times 59597.160000000003 (image 3 / 16) and 59606.160000000003 (image 12 / 16)  (with 8 support images).
 current wall-clock time is Fri Feb  5 14:49:59 2016
That iteration took 1454697669.000000000000 seconds. 
 so far, we have found 85 tracks.

Looking for tracks between images at times 59597.160000000003 (image 3 / 16) and 59607.160000000003 (image 13 / 16)  (with 9 support images).
 current wall-clock time is Fri Feb  5 14:49:59 2016
That iteration took 1454697406.000000000000 seconds. 
 so far, we have found 87 tracks.

Looking for tracks between images at times 59597.160000000003 (image 3 / 16) and 59608.160000000003 (image 14 / 16)  (with 10 support images).
 current wall-clock time is Fri Feb  5 14:49:59 2016
That iteration took 1454697156.000000000000 seconds. 
 so far, we have found 89 tracks.

Looking for tracks between images at times 59597.160000000003 (image 3 / 16) and 59609.160000000003 (image 15 / 16)  (with 11 support images).
 current wall-clock time is Fri Feb  5 14:49:59 2016
That iteration took 1454696896.000000000000 seconds. 
 so far, we have found 90 tracks.

Looking for tracks between images at times 59598.160000000003 (image 4 / 16) and 59599.160000000003 (image 5 / 16)  (with 0 support images).
 current wall-clock time is Fri Feb  5 14:49:59 2016
That iteration took 1454696636.000000000000 seconds. 
 so far, we have found 90 tracks.

Looking for tracks between images at times 59598.160000000003 (image 4 / 16) and 59600.160000000003 (image 6 / 16)  (with 1 support images).
 current wall-clock time is Fri Feb  5 14:49:59 2016
That iteration took 1454696613.000000000000 seconds. 
 so far, we have found 92 tracks.

Looking for tracks between images at times 59598.160000000003 (image 4 / 16) and 59601.160000000003 (image 7 / 16)  (with 2 support images).
 current wall-clock time is Fri Feb  5 14:49:59 2016
That iteration took 1454696449.000000000000 seconds. 
 so far, we have found 94 tracks.

Looking for tracks between images at times 59598.160000000003 (image 4 / 16) and 59602.160000000003 (image 8 / 16)  (with 3 support images).
 current wall-clock time is Fri Feb  5 14:49:59 2016
That iteration took 1454696138.000000000000 seconds. 
 so far, we have found 96 tracks.

Looking for tracks between images at times 59598.160000000003 (image 4 / 16) and 59603.160000000003 (image 9 / 16)  (with 4 support images).
 current wall-clock time is Fri Feb  5 14:49:59 2016
That iteration took 1454695930.000000000000 seconds. 
 so far, we have found 98 tracks.

Looking for tracks between images at times 59598.160000000003 (image 4 / 16) and 59604.160000000003 (image 10 / 16)  (with 5 support images).
 current wall-clock time is Fri Feb  5 14:49:59 2016
That iteration took 1454695715.000000000000 seconds. 
 so far, we have found 100 tracks.

Looking for tracks between images at times 59598.160000000003 (image 4 / 16) and 59605.160000000003 (image 11 / 16)  (with 6 support images).
 current wall-clock time is Fri Feb  5 14:49:59 2016
That iteration took 1454695505.000000000000 seconds. 
 so far, we have found 102 tracks.

Looking for tracks between images at times 59598.160000000003 (image 4 / 16) and 59606.160000000003 (image 12 / 16)  (with 7 support images).
 current wall-clock time is Fri Feb  5 14:49:59 2016
That iteration took 1454695278.000000000000 seconds. 
 so far, we have found 104 tracks.

Looking for tracks between images at times 59598.160000000003 (image 4 / 16) and 59607.160000000003 (image 13 / 16)  (with 8 support images).
 current wall-clock time is Fri Feb  5 14:49:59 2016
That iteration took 1454695048.000000000000 seconds. 
 so far, we have found 106 tracks.

Looking for tracks between images at times 59598.160000000003 (image 4 / 16) and 59608.160000000003 (image 14 / 16)  (with 9 support images).
 current wall-clock time is Fri Feb  5 14:49:59 2016
That iteration took 1454694809.000000000000 seconds. 
 so far, we have found 108 tracks.

Looking for tracks between images at times 59598.160000000003 (image 4 / 16) and 59609.160000000003 (image 15 / 16)  (with 10 support images).
 current wall-clock time is Fri Feb  5 14:49:59 2016
That iteration took 1454694560.000000000000 seconds. 
 so far, we have found 110 tracks.

Looking for tracks between images at times 59599.160000000003 (image 5 / 16) and 59600.160000000003 (image 6 / 16)  (with 0 support images).
 current wall-clock time is Fri Feb  5 14:49:59 2016
That iteration took 1454694297.000000000000 seconds. 
 so far, we have found 110 tracks.

Looking for tracks between images at times 59599.160000000003 (image 5 / 16) and 59601.160000000003 (image 7 / 16)  (with 1 support images).
 current wall-clock time is Fri Feb  5 14:49:59 2016
That iteration took 1454694274.000000000000 seconds. 
 so far, we have found 112 tracks.

Looking for tracks between images at times 59599.160000000003 (image 5 / 16) and 59602.160000000003 (image 8 / 16)  (with 2 support images).
 current wall-clock time is Fri Feb  5 14:49:59 2016
That iteration took 1454694107.000000000000 seconds. 
 so far, we have found 114 tracks.

Looking for tracks between images at times 59599.160000000003 (image 5 / 16) and 59603.160000000003 (image 9 / 16)  (with 3 support images).
 current wall-clock time is Fri Feb  5 14:49:59 2016
That iteration took 1454693929.000000000000 seconds. 
 so far, we have found 116 tracks.

Looking for tracks between images at times 59599.160000000003 (image 5 / 16) and 59604.160000000003 (image 10 / 16)  (with 4 support images).
 current wall-clock time is Fri Feb  5 14:49:59 2016
That iteration took 1454693750.000000000000 seconds. 
 so far, we have found 117 tracks.

Looking for tracks between images at times 59599.160000000003 (image 5 / 16) and 59605.160000000003 (image 11 / 16)  (with 5 support images).
 current wall-clock time is Fri Feb  5 14:49:59 2016
That iteration took 1454693542.000000000000 seconds. 
 so far, we have found 119 tracks.

Looking for tracks between images at times 59599.160000000003 (image 5 / 16) and 59606.160000000003 (image 12 / 16)  (with 6 support images).
 current wall-clock time is Fri Feb  5 14:49:59 2016
That iteration took 1454693331.000000000000 seconds. 
 so far, we have found 121 tracks.

Looking for tracks between images at times 59599.160000000003 (image 5 / 16) and 59607.160000000003 (image 13 / 16)  (with 7 support images).
 current wall-clock time is Fri Feb  5 14:49:59 2016
That iteration took 1454693108.000000000000 seconds. 
 so far, we have found 123 tracks.

Looking for tracks between images at times 59599.160000000003 (image 5 / 16) and 59608.160000000003 (image 14 / 16)  (with 8 support images).
 current wall-clock time is Fri Feb  5 14:49:59 2016
That iteration took 1454692887.000000000000 seconds. 
 so far, we have found 125 tracks.

Looking for tracks between images at times 59599.160000000003 (image 5 / 16) and 59609.160000000003 (image 15 / 16)  (with 9 support images).
 current wall-clock time is Fri Feb  5 14:49:59 2016
That iteration took 1454692638.000000000000 seconds. 
 so far, we have found 127 tracks.

Looking for tracks between images at times 59600.160000000003 (image 6 / 16) and 59601.160000000003 (image 7 / 16)  (with 0 support images).
 current wall-clock time is Fri Feb  5 14:49:59 2016
That iteration took 1454692394.000000000000 seconds. 
 so far, we have found 127 tracks.

Looking for tracks between images at times 59600.160000000003 (image 6 / 16) and 59602.160000000003 (image 8 / 16)  (with 1 support images).
 current wall-clock time is Fri Feb  5 14:49:59 2016
That iteration took 1454692370.000000000000 seconds. 
 so far, we have found 129 tracks.

Looking for tracks between images at times 59600.160000000003 (image 6 / 16) and 59603.160000000003 (image 9 / 16)  (with 2 support images).
 current wall-clock time is Fri Feb  5 14:49:59 2016
That iteration took 1454692212.000000000000 seconds. 
 so far, we have found 131 tracks.

Looking for tracks between images at times 59600.160000000003 (image 6 / 16) and 59604.160000000003 (image 10 / 16)  (with 3 support images).
 current wall-clock time is Fri Feb  5 14:49:59 2016
That iteration took 1454692029.000000000000 seconds. 
 so far, we have found 133 tracks.

Looking for tracks between images at times 59600.160000000003 (image 6 / 16) and 59605.160000000003 (image 11 / 16)  (with 4 support images).
 current wall-clock time is Fri Feb  5 14:49:59 2016
That iteration took 1454691845.000000000000 seconds. 
 so far, we have found 135 tracks.

Looking for tracks between images at times 59600.160000000003 (image 6 / 16) and 59606.160000000003 (image 12 / 16)  (with 5 support images).
 current wall-clock time is Fri Feb  5 14:49:59 2016
That iteration took 1454691640.000000000000 seconds. 
 so far, we have found 137 tracks.

Looking for tracks between images at times 59600.160000000003 (image 6 / 16) and 59607.160000000003 (image 13 / 16)  (with 6 support images).
 current wall-clock time is Fri Feb  5 14:49:59 2016
That iteration took 1454691435.000000000000 seconds. 
 so far, we have found 139 tracks.

Looking for tracks between images at times 59600.160000000003 (image 6 / 16) and 59608.160000000003 (image 14 / 16)  (with 7 support images).
 current wall-clock time is Fri Feb  5 14:49:59 2016
That iteration took 1454691215.000000000000 seconds. 
 so far, we have found 141 tracks.

Looking for tracks between images at times 59600.160000000003 (image 6 / 16) and 59609.160000000003 (image 15 / 16)  (with 8 support images).
 current wall-clock time is Fri Feb  5 14:49:59 2016
That iteration took 1454690997.000000000000 seconds. 
 so far, we have found 143 tracks.

Looking for tracks between images at times 59601.160000000003 (image 7 / 16) and 59602.160000000003 (image 8 / 16)  (with 0 support images).
 current wall-clock time is Fri Feb  5 14:49:59 2016
That iteration took 1454690752.000000000000 seconds. 
 so far, we have found 143 tracks.

Looking for tracks between images at times 59601.160000000003 (image 7 / 16) and 59603.160000000003 (image 9 / 16)  (with 1 support images).
 current wall-clock time is Fri Feb  5 14:49:59 2016
That iteration took 1454690729.000000000000 seconds. 
 so far, we have found 145 tracks.

Looking for tracks between images at times 59601.160000000003 (image 7 / 16) and 59604.160000000003 (image 10 / 16)  (with 2 support images).
 current wall-clock time is Fri Feb  5 14:49:59 2016
That iteration took 1454690565.000000000000 seconds. 
 so far, we have found 147 tracks.

Looking for tracks between images at times 59601.160000000003 (image 7 / 16) and 59605.160000000003 (image 11 / 16)  (with 3 support images).
 current wall-clock time is Fri Feb  5 14:49:59 2016
That iteration took 1454690386.000000000000 seconds. 
 so far, we have found 149 tracks.

Looking for tracks between images at times 59601.160000000003 (image 7 / 16) and 59606.160000000003 (image 12 / 16)  (with 4 support images).
 current wall-clock time is Fri Feb  5 14:49:59 2016
That iteration took 1454690206.000000000000 seconds. 
 so far, we have found 151 tracks.

Looking for tracks between images at times 59601.160000000003 (image 7 / 16) and 59607.160000000003 (image 13 / 16)  (with 5 support images).
 current wall-clock time is Fri Feb  5 14:49:59 2016
That iteration took 1454689998.000000000000 seconds. 
 so far, we have found 153 tracks.

Looking for tracks between images at times 59601.160000000003 (image 7 / 16) and 59608.160000000003 (image 14 / 16)  (with 6 support images).
 current wall-clock time is Fri Feb  5 14:49:59 2016
That iteration took 1454689800.000000000000 seconds. 
 so far, we have found 155 tracks.

Looking for tracks between images at times 59601.160000000003 (image 7 / 16) and 59609.160000000003 (image 15 / 16)  (with 7 support images).
 current wall-clock time is Fri Feb  5 14:49:59 2016
That iteration took 1454689585.000000000000 seconds. 
 so far, we have found 157 tracks.

Looking for tracks between images at times 59602.160000000003 (image 8 / 16) and 59603.160000000003 (image 9 / 16)  (with 0 support images).
 current wall-clock time is Fri Feb  5 14:49:59 2016
That iteration took 1454689367.000000000000 seconds. 
 so far, we have found 157 tracks.

Looking for tracks between images at times 59602.160000000003 (image 8 / 16) and 59604.160000000003 (image 10 / 16)  (with 1 support images).
 current wall-clock time is Fri Feb  5 14:49:59 2016
That iteration took 1454689344.000000000000 seconds. 
 so far, we have found 159 tracks.

Looking for tracks between images at times 59602.160000000003 (image 8 / 16) and 59605.160000000003 (image 11 / 16)  (with 2 support images).
 current wall-clock time is Fri Feb  5 14:49:59 2016
That iteration took 1454689187.000000000000 seconds. 
 so far, we have found 161 tracks.

Looking for tracks between images at times 59602.160000000003 (image 8 / 16) and 59606.160000000003 (image 12 / 16)  (with 3 support images).
 current wall-clock time is Fri Feb  5 14:49:59 2016
That iteration took 1454689011.000000000000 seconds. 
 so far, we have found 163 tracks.

Looking for tracks between images at times 59602.160000000003 (image 8 / 16) and 59607.160000000003 (image 13 / 16)  (with 4 support images).
 current wall-clock time is Fri Feb  5 14:49:59 2016
That iteration took 1454688828.000000000000 seconds. 
 so far, we have found 165 tracks.

Looking for tracks between images at times 59602.160000000003 (image 8 / 16) and 59608.160000000003 (image 14 / 16)  (with 5 support images).
 current wall-clock time is Fri Feb  5 14:49:59 2016
That iteration took 1454688625.000000000000 seconds. 
 so far, we have found 167 tracks.

Looking for tracks between images at times 59602.160000000003 (image 8 / 16) and 59609.160000000003 (image 15 / 16)  (with 6 support images).
 current wall-clock time is Fri Feb  5 14:49:59 2016
That iteration took 1454688423.000000000000 seconds. 
 so far, we have found 169 tracks.

Looking for tracks between images at times 59603.160000000003 (image 9 / 16) and 59604.160000000003 (image 10 / 16)  (with 0 support images).
 current wall-clock time is Fri Feb  5 14:49:59 2016
That iteration took 1454688198.000000000000 seconds. 
 so far, we have found 169 tracks.

Looking for tracks between images at times 59603.160000000003 (image 9 / 16) and 59605.160000000003 (image 11 / 16)  (with 1 support images).
 current wall-clock time is Fri Feb  5 14:49:59 2016
That iteration took 1454688169.000000000000 seconds. 
 so far, we have found 171 tracks.

Looking for tracks between images at times 59603.160000000003 (image 9 / 16) and 59606.160000000003 (image 12 / 16)  (with 2 support images).
 current wall-clock time is Fri Feb  5 14:49:59 2016
That iteration took 1454688009.000000000000 seconds. 
 so far, we have found 173 tracks.

Looking for tracks between images at times 59603.160000000003 (image 9 / 16) and 59607.160000000003 (image 13 / 16)  (with 3 support images).
 current wall-clock time is Fri Feb  5 14:49:59 2016
That iteration took 1454687807.000000000000 seconds. 
 so far, we have found 175 tracks.

Looking for tracks between images at times 59603.160000000003 (image 9 / 16) and 59608.160000000003 (image 14 / 16)  (with 4 support images).
 current wall-clock time is Fri Feb  5 14:49:59 2016
That iteration took 1454687545.000000000000 seconds. 
 so far, we have found 177 tracks.

Looking for tracks between images at times 59603.160000000003 (image 9 / 16) and 59609.160000000003 (image 15 / 16)  (with 5 support images).
 current wall-clock time is Fri Feb  5 14:49:59 2016
That iteration took 1454687328.000000000000 seconds. 
 so far, we have found 179 tracks.

Looking for tracks between images at times 59604.160000000003 (image 10 / 16) and 59605.160000000003 (image 11 / 16)  (with 0 support images).
 current wall-clock time is Fri Feb  5 14:49:59 2016
That iteration took 1454687121.000000000000 seconds. 
 so far, we have found 179 tracks.

Looking for tracks between images at times 59604.160000000003 (image 10 / 16) and 59606.160000000003 (image 12 / 16)  (with 1 support images).
 current wall-clock time is Fri Feb  5 14:49:59 2016
That iteration took 1454687097.000000000000 seconds. 
 so far, we have found 181 tracks.

Looking for tracks between images at times 59604.160000000003 (image 10 / 16) and 59607.160000000003 (image 13 / 16)  (with 2 support images).
 current wall-clock time is Fri Feb  5 14:49:59 2016
That iteration took 1454686921.000000000000 seconds. 
 so far, we have found 183 tracks.

Looking for tracks between images at times 59604.160000000003 (image 10 / 16) and 59608.160000000003 (image 14 / 16)  (with 3 support images).
 current wall-clock time is Fri Feb  5 14:49:59 2016
That iteration took 1454686740.000000000000 seconds. 
 so far, we have found 185 tracks.

Looking for tracks between images at times 59604.160000000003 (image 10 / 16) and 59609.160000000003 (image 15 / 16)  (with 4 support images).
 current wall-clock time is Fri Feb  5 14:49:59 2016
That iteration took 1454686556.000000000000 seconds. 
 so far, we have found 187 tracks.

Looking for tracks between images at times 59605.160000000003 (image 11 / 16) and 59606.160000000003 (image 12 / 16)  (with 0 support images).
 current wall-clock time is Fri Feb  5 14:49:59 2016
That iteration took 1454686347.000000000000 seconds. 
 so far, we have found 187 tracks.

Looking for tracks between images at times 59605.160000000003 (image 11 / 16) and 59607.160000000003 (image 13 / 16)  (with 1 support images).
 current wall-clock time is Fri Feb  5 14:49:59 2016
That iteration took 1454686323.000000000000 seconds. 
 so far, we have found 189 tracks.

Looking for tracks between images at times 59605.160000000003 (image 11 / 16) and 59608.160000000003 (image 14 / 16)  (with 2 support images).
 current wall-clock time is Fri Feb  5 14:49:59 2016
That iteration took 1454686166.000000000000 seconds. 
 so far, we have found 191 tracks.

Looking for tracks between images at times 59605.160000000003 (image 11 / 16) and 59609.160000000003 (image 15 / 16)  (with 3 support images).
 current wall-clock time is Fri Feb  5 14:49:59 2016
That iteration took 1454685993.000000000000 seconds. 
 so far, we have found 193 tracks.

Looking for tracks between images at times 59606.160000000003 (image 12 / 16) and 59607.160000000003 (image 13 / 16)  (with 0 support images).
 current wall-clock time is Fri Feb  5 14:49:59 2016
That iteration took 1454685799.000000000000 seconds. 
 so far, we have found 193 tracks.

Looking for tracks between images at times 59606.160000000003 (image 12 / 16) and 59608.160000000003 (image 14 / 16)  (with 1 support images).
 current wall-clock time is Fri Feb  5 14:49:59 2016
That iteration took 1454685775.000000000000 seconds. 
 so far, we have found 195 tracks.

Looking for tracks between images at times 59606.160000000003 (image 12 / 16) and 59609.160000000003 (image 15 / 16)  (with 2 support images).
 current wall-clock time is Fri Feb  5 14:49:59 2016
That iteration took 1454685589.000000000000 seconds. 
 so far, we have found 197 tracks.

Looking for tracks between images at times 59607.160000000003 (image 13 / 16) and 59608.160000000003 (image 14 / 16)  (with 0 support images).
 current wall-clock time is Fri Feb  5 14:49:59 2016
That iteration took 1454685419.000000000000 seconds. 
 so far, we have found 197 tracks.

Looking for tracks between images at times 59607.160000000003 (image 13 / 16) and 59609.160000000003 (image 15 / 16)  (with 1 support images).
 current wall-clock time is Fri Feb  5 14:49:59 2016
That iteration took 1454685397.000000000000 seconds. 
 so far, we have found 199 tracks.

Looking for tracks between images at times 59608.160000000003 (image 14 / 16) and 59609.160000000003 (image 15 / 16)  (with 0 support images).
 current wall-clock time is Fri Feb  5 14:49:59 2016
That iteration took 1454685244.000000000000 seconds. 
 so far, we have found 199 tracks.

Found 120 valid start/end image pairs.
Finished linking.
Linking took 1454708961.000000000000 seconds.
TrackSet: purgeToFile called.
TrackSet: clearing component tracks from memory.
Results successfully written to disk.
Done. Exiting successfully.
Completed after 0.0000000000 seconds.
This process (37719) memory usage: 
------------------------------------------
------------------------------------------

