Set min unique nights per track: 3
Set min detections per track: 6
 Set output buffer size = 1000
Reading detections file 
Calculating topocentric correction 
Reading tracklets file 
Reading input took 0.0000000000 seconds.
Recentering all detections on (180, 0).
   Bounds were (in deg) R=[227.3929343410,  512.4858537390], D=[ -24.8317269676,  16.6339441186]
Setting tracklet velocities.
Sorting tracklets by image time and creating trees.
Doing the linking.
Looking for tracks between images at times 59598.160000000003 (image 0 / 12) and 59599.160000000003 (image 1 / 12)  (with 0 support images).
 current wall-clock time is Fri Feb  5 14:49:59 2016
That iteration took 1454708977.000000000000 seconds. 
 so far, we have found 0 tracks.

Looking for tracks between images at times 59598.160000000003 (image 0 / 12) and 59600.160000000003 (image 2 / 12)  (with 1 support images).
 current wall-clock time is Fri Feb  5 14:49:59 2016
That iteration took 1454708729.000000000000 seconds. 
 so far, we have found 2 tracks.

Looking for tracks between images at times 59598.160000000003 (image 0 / 12) and 59601.160000000003 (image 3 / 12)  (with 2 support images).
 current wall-clock time is Fri Feb  5 14:49:59 2016
That iteration took 1454708482.000000000000 seconds. 
 so far, we have found 4 tracks.

Looking for tracks between images at times 59598.160000000003 (image 0 / 12) and 59602.160000000003 (image 4 / 12)  (with 3 support images).
 current wall-clock time is Fri Feb  5 14:49:59 2016
That iteration took 1454708287.000000000000 seconds. 
 so far, we have found 6 tracks.

Looking for tracks between images at times 59598.160000000003 (image 0 / 12) and 59603.160000000003 (image 5 / 12)  (with 4 support images).
 current wall-clock time is Fri Feb  5 14:49:59 2016
That iteration took 1454708102.000000000000 seconds. 
 so far, we have found 8 tracks.

Looking for tracks between images at times 59598.160000000003 (image 0 / 12) and 59604.160000000003 (image 6 / 12)  (with 5 support images).
 current wall-clock time is Fri Feb  5 14:49:59 2016
That iteration took 1454707894.000000000000 seconds. 
 so far, we have found 10 tracks.

Looking for tracks between images at times 59598.160000000003 (image 0 / 12) and 59605.160000000003 (image 7 / 12)  (with 6 support images).
 current wall-clock time is Fri Feb  5 14:49:59 2016
That iteration took 1454707693.000000000000 seconds. 
 so far, we have found 12 tracks.

Looking for tracks between images at times 59598.160000000003 (image 0 / 12) and 59606.160000000003 (image 8 / 12)  (with 7 support images).
 current wall-clock time is Fri Feb  5 14:49:59 2016
That iteration took 1454707468.000000000000 seconds. 
 so far, we have found 14 tracks.

Looking for tracks between images at times 59598.160000000003 (image 0 / 12) and 59607.160000000003 (image 9 / 12)  (with 8 support images).
 current wall-clock time is Fri Feb  5 14:49:59 2016
That iteration took 1454707240.000000000000 seconds. 
 so far, we have found 16 tracks.

Looking for tracks between images at times 59598.160000000003 (image 0 / 12) and 59608.160000000003 (image 10 / 12)  (with 9 support images).
 current wall-clock time is Fri Feb  5 14:49:59 2016
That iteration took 1454706999.000000000000 seconds. 
 so far, we have found 18 tracks.

Looking for tracks between images at times 59598.160000000003 (image 0 / 12) and 59609.160000000003 (image 11 / 12)  (with 10 support images).
 current wall-clock time is Fri Feb  5 14:49:59 2016
That iteration took 1454706751.000000000000 seconds. 
 so far, we have found 20 tracks.

Looking for tracks between images at times 59599.160000000003 (image 1 / 12) and 59600.160000000003 (image 2 / 12)  (with 0 support images).
 current wall-clock time is Fri Feb  5 14:49:59 2016
That iteration took 1454706492.000000000000 seconds. 
 so far, we have found 20 tracks.

Looking for tracks between images at times 59599.160000000003 (image 1 / 12) and 59601.160000000003 (image 3 / 12)  (with 1 support images).
 current wall-clock time is Fri Feb  5 14:49:59 2016
That iteration took 1454706469.000000000000 seconds. 
 so far, we have found 22 tracks.

Looking for tracks between images at times 59599.160000000003 (image 1 / 12) and 59602.160000000003 (image 4 / 12)  (with 2 support images).
 current wall-clock time is Fri Feb  5 14:49:59 2016
That iteration took 1454706296.000000000000 seconds. 
 so far, we have found 24 tracks.

Looking for tracks between images at times 59599.160000000003 (image 1 / 12) and 59603.160000000003 (image 5 / 12)  (with 3 support images).
 current wall-clock time is Fri Feb  5 14:49:59 2016
That iteration took 1454706116.000000000000 seconds. 
 so far, we have found 26 tracks.

Looking for tracks between images at times 59599.160000000003 (image 1 / 12) and 59604.160000000003 (image 6 / 12)  (with 4 support images).
 current wall-clock time is Fri Feb  5 14:49:59 2016
That iteration took 1454705933.000000000000 seconds. 
 so far, we have found 27 tracks.

Looking for tracks between images at times 59599.160000000003 (image 1 / 12) and 59605.160000000003 (image 7 / 12)  (with 5 support images).
 current wall-clock time is Fri Feb  5 14:49:59 2016
That iteration took 1454705728.000000000000 seconds. 
 so far, we have found 29 tracks.

Looking for tracks between images at times 59599.160000000003 (image 1 / 12) and 59606.160000000003 (image 8 / 12)  (with 6 support images).
 current wall-clock time is Fri Feb  5 14:49:59 2016
That iteration took 1454705527.000000000000 seconds. 
 so far, we have found 31 tracks.

Looking for tracks between images at times 59599.160000000003 (image 1 / 12) and 59607.160000000003 (image 9 / 12)  (with 7 support images).
 current wall-clock time is Fri Feb  5 14:49:59 2016
That iteration took 1454705306.000000000000 seconds. 
 so far, we have found 33 tracks.

Looking for tracks between images at times 59599.160000000003 (image 1 / 12) and 59608.160000000003 (image 10 / 12)  (with 8 support images).
 current wall-clock time is Fri Feb  5 14:49:59 2016
That iteration took 1454705090.000000000000 seconds. 
 so far, we have found 35 tracks.

Looking for tracks between images at times 59599.160000000003 (image 1 / 12) and 59609.160000000003 (image 11 / 12)  (with 9 support images).
 current wall-clock time is Fri Feb  5 14:49:59 2016
That iteration took 1454704846.000000000000 seconds. 
 so far, we have found 37 tracks.

Looking for tracks between images at times 59600.160000000003 (image 2 / 12) and 59601.160000000003 (image 3 / 12)  (with 0 support images).
 current wall-clock time is Fri Feb  5 14:49:59 2016
That iteration took 1454704604.000000000000 seconds. 
 so far, we have found 37 tracks.

Looking for tracks between images at times 59600.160000000003 (image 2 / 12) and 59602.160000000003 (image 4 / 12)  (with 1 support images).
 current wall-clock time is Fri Feb  5 14:49:59 2016
That iteration took 1454704581.000000000000 seconds. 
 so far, we have found 39 tracks.

Looking for tracks between images at times 59600.160000000003 (image 2 / 12) and 59603.160000000003 (image 5 / 12)  (with 2 support images).
 current wall-clock time is Fri Feb  5 14:49:59 2016
That iteration took 1454704424.000000000000 seconds. 
 so far, we have found 41 tracks.

Looking for tracks between images at times 59600.160000000003 (image 2 / 12) and 59604.160000000003 (image 6 / 12)  (with 3 support images).
 current wall-clock time is Fri Feb  5 14:49:59 2016
That iteration took 1454704166.000000000000 seconds. 
 so far, we have found 43 tracks.

Looking for tracks between images at times 59600.160000000003 (image 2 / 12) and 59605.160000000003 (image 7 / 12)  (with 4 support images).
 current wall-clock time is Fri Feb  5 14:49:59 2016
That iteration took 1454703824.000000000000 seconds. 
 so far, we have found 45 tracks.

Looking for tracks between images at times 59600.160000000003 (image 2 / 12) and 59606.160000000003 (image 8 / 12)  (with 5 support images).
 current wall-clock time is Fri Feb  5 14:49:59 2016
That iteration took 1454703494.000000000000 seconds. 
 so far, we have found 47 tracks.

Looking for tracks between images at times 59600.160000000003 (image 2 / 12) and 59607.160000000003 (image 9 / 12)  (with 6 support images).
 current wall-clock time is Fri Feb  5 14:49:59 2016
That iteration took 1454703217.000000000000 seconds. 
 so far, we have found 49 tracks.

Looking for tracks between images at times 59600.160000000003 (image 2 / 12) and 59608.160000000003 (image 10 / 12)  (with 7 support images).
 current wall-clock time is Fri Feb  5 14:49:59 2016
That iteration took 1454702912.000000000000 seconds. 
 so far, we have found 51 tracks.

Looking for tracks between images at times 59600.160000000003 (image 2 / 12) and 59609.160000000003 (image 11 / 12)  (with 8 support images).
 current wall-clock time is Fri Feb  5 14:49:59 2016
That iteration took 1454702622.000000000000 seconds. 
 so far, we have found 53 tracks.

Looking for tracks between images at times 59601.160000000003 (image 3 / 12) and 59602.160000000003 (image 4 / 12)  (with 0 support images).
 current wall-clock time is Fri Feb  5 14:49:59 2016
That iteration took 1454702302.000000000000 seconds. 
 so far, we have found 53 tracks.

Looking for tracks between images at times 59601.160000000003 (image 3 / 12) and 59603.160000000003 (image 5 / 12)  (with 1 support images).
 current wall-clock time is Fri Feb  5 14:49:59 2016
That iteration took 1454702273.000000000000 seconds. 
 so far, we have found 55 tracks.

Looking for tracks between images at times 59601.160000000003 (image 3 / 12) and 59604.160000000003 (image 6 / 12)  (with 2 support images).
 current wall-clock time is Fri Feb  5 14:49:59 2016
That iteration took 1454702067.000000000000 seconds. 
 so far, we have found 57 tracks.

Looking for tracks between images at times 59601.160000000003 (image 3 / 12) and 59605.160000000003 (image 7 / 12)  (with 3 support images).
 current wall-clock time is Fri Feb  5 14:49:59 2016
That iteration took 1454701841.000000000000 seconds. 
 so far, we have found 59 tracks.

Looking for tracks between images at times 59601.160000000003 (image 3 / 12) and 59606.160000000003 (image 8 / 12)  (with 4 support images).
 current wall-clock time is Fri Feb  5 14:49:59 2016
That iteration took 1454701610.000000000000 seconds. 
 so far, we have found 61 tracks.

Looking for tracks between images at times 59601.160000000003 (image 3 / 12) and 59607.160000000003 (image 9 / 12)  (with 5 support images).
 current wall-clock time is Fri Feb  5 14:49:59 2016
That iteration took 1454701350.000000000000 seconds. 
 so far, we have found 63 tracks.

Looking for tracks between images at times 59601.160000000003 (image 3 / 12) and 59608.160000000003 (image 10 / 12)  (with 6 support images).
 current wall-clock time is Fri Feb  5 14:49:59 2016
That iteration took 1454701090.000000000000 seconds. 
 so far, we have found 65 tracks.

Looking for tracks between images at times 59601.160000000003 (image 3 / 12) and 59609.160000000003 (image 11 / 12)  (with 7 support images).
 current wall-clock time is Fri Feb  5 14:49:59 2016
That iteration took 1454700814.000000000000 seconds. 
 so far, we have found 67 tracks.

Looking for tracks between images at times 59602.160000000003 (image 4 / 12) and 59603.160000000003 (image 5 / 12)  (with 0 support images).
 current wall-clock time is Fri Feb  5 14:49:59 2016
That iteration took 1454700533.000000000000 seconds. 
 so far, we have found 67 tracks.

Looking for tracks between images at times 59602.160000000003 (image 4 / 12) and 59604.160000000003 (image 6 / 12)  (with 1 support images).
 current wall-clock time is Fri Feb  5 14:49:59 2016
That iteration took 1454700504.000000000000 seconds. 
 so far, we have found 69 tracks.

Looking for tracks between images at times 59602.160000000003 (image 4 / 12) and 59605.160000000003 (image 7 / 12)  (with 2 support images).
 current wall-clock time is Fri Feb  5 14:49:59 2016
That iteration took 1454700300.000000000000 seconds. 
 so far, we have found 71 tracks.

Looking for tracks between images at times 59602.160000000003 (image 4 / 12) and 59606.160000000003 (image 8 / 12)  (with 3 support images).
 current wall-clock time is Fri Feb  5 14:49:59 2016
That iteration took 1454700083.000000000000 seconds. 
 so far, we have found 73 tracks.

Looking for tracks between images at times 59602.160000000003 (image 4 / 12) and 59607.160000000003 (image 9 / 12)  (with 4 support images).
 current wall-clock time is Fri Feb  5 14:49:59 2016
That iteration took 1454699863.000000000000 seconds. 
 so far, we have found 75 tracks.

Looking for tracks between images at times 59602.160000000003 (image 4 / 12) and 59608.160000000003 (image 10 / 12)  (with 5 support images).
 current wall-clock time is Fri Feb  5 14:49:59 2016
That iteration took 1454699625.000000000000 seconds. 
 so far, we have found 77 tracks.

Looking for tracks between images at times 59602.160000000003 (image 4 / 12) and 59609.160000000003 (image 11 / 12)  (with 6 support images).
 current wall-clock time is Fri Feb  5 14:49:59 2016
That iteration took 1454699391.000000000000 seconds. 
 so far, we have found 79 tracks.

Looking for tracks between images at times 59603.160000000003 (image 5 / 12) and 59604.160000000003 (image 6 / 12)  (with 0 support images).
 current wall-clock time is Fri Feb  5 14:49:59 2016
That iteration took 1454699135.000000000000 seconds. 
 so far, we have found 79 tracks.

Looking for tracks between images at times 59603.160000000003 (image 5 / 12) and 59605.160000000003 (image 7 / 12)  (with 1 support images).
 current wall-clock time is Fri Feb  5 14:49:59 2016
That iteration took 1454699109.000000000000 seconds. 
 so far, we have found 81 tracks.

Looking for tracks between images at times 59603.160000000003 (image 5 / 12) and 59606.160000000003 (image 8 / 12)  (with 2 support images).
 current wall-clock time is Fri Feb  5 14:49:59 2016
That iteration took 1454698927.000000000000 seconds. 
 so far, we have found 83 tracks.

Looking for tracks between images at times 59603.160000000003 (image 5 / 12) and 59607.160000000003 (image 9 / 12)  (with 3 support images).
 current wall-clock time is Fri Feb  5 14:49:59 2016
That iteration took 1454698723.000000000000 seconds. 
 so far, we have found 85 tracks.

Looking for tracks between images at times 59603.160000000003 (image 5 / 12) and 59608.160000000003 (image 10 / 12)  (with 4 support images).
 current wall-clock time is Fri Feb  5 14:49:59 2016
That iteration took 1454698510.000000000000 seconds. 
 so far, we have found 87 tracks.

Looking for tracks between images at times 59603.160000000003 (image 5 / 12) and 59609.160000000003 (image 11 / 12)  (with 5 support images).
 current wall-clock time is Fri Feb  5 14:49:59 2016
That iteration took 1454698274.000000000000 seconds. 
 so far, we have found 89 tracks.

Looking for tracks between images at times 59604.160000000003 (image 6 / 12) and 59605.160000000003 (image 7 / 12)  (with 0 support images).
 current wall-clock time is Fri Feb  5 14:49:59 2016
That iteration took 1454698043.000000000000 seconds. 
 so far, we have found 89 tracks.

Looking for tracks between images at times 59604.160000000003 (image 6 / 12) and 59606.160000000003 (image 8 / 12)  (with 1 support images).
 current wall-clock time is Fri Feb  5 14:49:59 2016
That iteration took 1454698017.000000000000 seconds. 
 so far, we have found 91 tracks.

Looking for tracks between images at times 59604.160000000003 (image 6 / 12) and 59607.160000000003 (image 9 / 12)  (with 2 support images).
 current wall-clock time is Fri Feb  5 14:49:59 2016
That iteration took 1454697818.000000000000 seconds. 
 so far, we have found 93 tracks.

Looking for tracks between images at times 59604.160000000003 (image 6 / 12) and 59608.160000000003 (image 10 / 12)  (with 3 support images).
 current wall-clock time is Fri Feb  5 14:49:59 2016
That iteration took 1454697619.000000000000 seconds. 
 so far, we have found 95 tracks.

Looking for tracks between images at times 59604.160000000003 (image 6 / 12) and 59609.160000000003 (image 11 / 12)  (with 4 support images).
 current wall-clock time is Fri Feb  5 14:49:59 2016
That iteration took 1454697412.000000000000 seconds. 
 so far, we have found 97 tracks.

Looking for tracks between images at times 59605.160000000003 (image 7 / 12) and 59606.160000000003 (image 8 / 12)  (with 0 support images).
 current wall-clock time is Fri Feb  5 14:49:59 2016
That iteration took 1454697174.000000000000 seconds. 
 so far, we have found 97 tracks.

Looking for tracks between images at times 59605.160000000003 (image 7 / 12) and 59607.160000000003 (image 9 / 12)  (with 1 support images).
 current wall-clock time is Fri Feb  5 14:49:59 2016
That iteration took 1454697145.000000000000 seconds. 
 so far, we have found 99 tracks.

Looking for tracks between images at times 59605.160000000003 (image 7 / 12) and 59608.160000000003 (image 10 / 12)  (with 2 support images).
 current wall-clock time is Fri Feb  5 14:49:59 2016
That iteration took 1454696977.000000000000 seconds. 
 so far, we have found 101 tracks.

Looking for tracks between images at times 59605.160000000003 (image 7 / 12) and 59609.160000000003 (image 11 / 12)  (with 3 support images).
 current wall-clock time is Fri Feb  5 14:49:59 2016
That iteration took 1454696796.000000000000 seconds. 
 so far, we have found 103 tracks.

Looking for tracks between images at times 59606.160000000003 (image 8 / 12) and 59607.160000000003 (image 9 / 12)  (with 0 support images).
 current wall-clock time is Fri Feb  5 14:49:59 2016
That iteration took 1454696607.000000000000 seconds. 
 so far, we have found 103 tracks.

Looking for tracks between images at times 59606.160000000003 (image 8 / 12) and 59608.160000000003 (image 10 / 12)  (with 1 support images).
 current wall-clock time is Fri Feb  5 14:49:59 2016
That iteration took 1454696585.000000000000 seconds. 
 so far, we have found 105 tracks.

Looking for tracks between images at times 59606.160000000003 (image 8 / 12) and 59609.160000000003 (image 11 / 12)  (with 2 support images).
 current wall-clock time is Fri Feb  5 14:49:59 2016
That iteration took 1454696417.000000000000 seconds. 
 so far, we have found 107 tracks.

Looking for tracks between images at times 59607.160000000003 (image 9 / 12) and 59608.160000000003 (image 10 / 12)  (with 0 support images).
 current wall-clock time is Fri Feb  5 14:49:59 2016
That iteration took 1454696213.000000000000 seconds. 
 so far, we have found 107 tracks.

Looking for tracks between images at times 59607.160000000003 (image 9 / 12) and 59609.160000000003 (image 11 / 12)  (with 1 support images).
 current wall-clock time is Fri Feb  5 14:49:59 2016
That iteration took 1454696185.000000000000 seconds. 
 so far, we have found 109 tracks.

Looking for tracks between images at times 59608.160000000003 (image 10 / 12) and 59609.160000000003 (image 11 / 12)  (with 0 support images).
 current wall-clock time is Fri Feb  5 14:49:59 2016
That iteration took 1454695982.000000000000 seconds. 
 so far, we have found 109 tracks.

Found 66 valid start/end image pairs.
Finished linking.
Linking took 1454708980.000000000000 seconds.
TrackSet: purgeToFile called.
TrackSet: clearing component tracks from memory.
Results successfully written to disk.
Done. Exiting successfully.
Completed after 0.0000000000 seconds.
This process (37727) memory usage: 
------------------------------------------
------------------------------------------

