Set min unique nights per track: 3
Set min detections per track: 6
 Set output buffer size = 1000
Reading detections file 
Calculating topocentric correction 
Reading tracklets file 
Reading input took 0.0000000000 seconds.
Recentering all detections on (180, 0).
   Bounds were (in deg) R=[224.5205554100,  513.3374372670], D=[ -24.5116791073,  16.1871023685]
Setting tracklet velocities.
Sorting tracklets by image time and creating trees.
Doing the linking.
Looking for tracks between images at times 59590.160000000003 (image 0 / 16) and 59591.160000000003 (image 1 / 16)  (with 0 support images).
 current wall-clock time is Fri Feb  5 14:49:59 2016
That iteration took 1454708998.000000000000 seconds. 
 so far, we have found 0 tracks.

Looking for tracks between images at times 59590.160000000003 (image 0 / 16) and 59592.160000000003 (image 2 / 16)  (with 1 support images).
 current wall-clock time is Fri Feb  5 14:49:59 2016
That iteration took 1454708749.000000000000 seconds. 
 so far, we have found 2 tracks.

Looking for tracks between images at times 59590.160000000003 (image 0 / 16) and 59593.160000000003 (image 3 / 16)  (with 2 support images).
 current wall-clock time is Fri Feb  5 14:49:59 2016
That iteration took 1454708512.000000000000 seconds. 
 so far, we have found 4 tracks.

Looking for tracks between images at times 59590.160000000003 (image 0 / 16) and 59594.160000000003 (image 4 / 16)  (with 3 support images).
 current wall-clock time is Fri Feb  5 14:49:59 2016
That iteration took 1454708326.000000000000 seconds. 
 so far, we have found 6 tracks.

Looking for tracks between images at times 59590.160000000003 (image 0 / 16) and 59595.160000000003 (image 5 / 16)  (with 4 support images).
 current wall-clock time is Fri Feb  5 14:49:59 2016
That iteration took 1454708148.000000000000 seconds. 
 so far, we have found 7 tracks.

Looking for tracks between images at times 59590.160000000003 (image 0 / 16) and 59596.160000000003 (image 6 / 16)  (with 5 support images).
 current wall-clock time is Fri Feb  5 14:49:59 2016
That iteration took 1454707940.000000000000 seconds. 
 so far, we have found 9 tracks.

Looking for tracks between images at times 59590.160000000003 (image 0 / 16) and 59597.160000000003 (image 7 / 16)  (with 6 support images).
 current wall-clock time is Fri Feb  5 14:49:59 2016
That iteration took 1454707744.000000000000 seconds. 
 so far, we have found 11 tracks.

Looking for tracks between images at times 59590.160000000003 (image 0 / 16) and 59598.160000000003 (image 8 / 16)  (with 7 support images).
 current wall-clock time is Fri Feb  5 14:49:59 2016
That iteration took 1454707524.000000000000 seconds. 
 so far, we have found 13 tracks.

Looking for tracks between images at times 59590.160000000003 (image 0 / 16) and 59599.160000000003 (image 9 / 16)  (with 8 support images).
 current wall-clock time is Fri Feb  5 14:49:59 2016
That iteration took 1454707302.000000000000 seconds. 
 so far, we have found 15 tracks.

Looking for tracks between images at times 59590.160000000003 (image 0 / 16) and 59600.160000000003 (image 10 / 16)  (with 9 support images).
 current wall-clock time is Fri Feb  5 14:49:59 2016
That iteration took 1454707013.000000000000 seconds. 
 so far, we have found 18 tracks.

Looking for tracks between images at times 59590.160000000003 (image 0 / 16) and 59601.160000000003 (image 11 / 16)  (with 10 support images).
 current wall-clock time is Fri Feb  5 14:49:59 2016
That iteration took 1454706766.000000000000 seconds. 
 so far, we have found 21 tracks.

Looking for tracks between images at times 59590.160000000003 (image 0 / 16) and 59602.160000000003 (image 12 / 16)  (with 11 support images).
 current wall-clock time is Fri Feb  5 14:49:59 2016
That iteration took 1454706495.000000000000 seconds. 
 so far, we have found 24 tracks.

Looking for tracks between images at times 59590.160000000003 (image 0 / 16) and 59603.160000000003 (image 13 / 16)  (with 12 support images).
 current wall-clock time is Fri Feb  5 14:49:59 2016
That iteration took 1454706204.000000000000 seconds. 
 so far, we have found 26 tracks.

Looking for tracks between images at times 59590.160000000003 (image 0 / 16) and 59604.160000000003 (image 14 / 16)  (with 13 support images).
 current wall-clock time is Fri Feb  5 14:49:59 2016
That iteration took 1454705904.000000000000 seconds. 
 so far, we have found 28 tracks.

Looking for tracks between images at times 59590.160000000003 (image 0 / 16) and 59605.160000000003 (image 15 / 16)  (with 14 support images).
 current wall-clock time is Fri Feb  5 14:49:59 2016
That iteration took 1454705524.000000000000 seconds. 
 so far, we have found 29 tracks.

Looking for tracks between images at times 59591.160000000003 (image 1 / 16) and 59592.160000000003 (image 2 / 16)  (with 0 support images).
 current wall-clock time is Fri Feb  5 14:49:59 2016
That iteration took 1454705106.000000000000 seconds. 
 so far, we have found 29 tracks.

Looking for tracks between images at times 59591.160000000003 (image 1 / 16) and 59593.160000000003 (image 3 / 16)  (with 1 support images).
 current wall-clock time is Fri Feb  5 14:49:59 2016
That iteration took 1454705075.000000000000 seconds. 
 so far, we have found 31 tracks.

Looking for tracks between images at times 59591.160000000003 (image 1 / 16) and 59594.160000000003 (image 4 / 16)  (with 2 support images).
 current wall-clock time is Fri Feb  5 14:49:59 2016
That iteration took 1454704857.000000000000 seconds. 
 so far, we have found 33 tracks.

Looking for tracks between images at times 59591.160000000003 (image 1 / 16) and 59595.160000000003 (image 5 / 16)  (with 3 support images).
 current wall-clock time is Fri Feb  5 14:49:59 2016
That iteration took 1454704628.000000000000 seconds. 
 so far, we have found 35 tracks.

Looking for tracks between images at times 59591.160000000003 (image 1 / 16) and 59596.160000000003 (image 6 / 16)  (with 4 support images).
 current wall-clock time is Fri Feb  5 14:49:59 2016
That iteration took 1454704399.000000000000 seconds. 
 so far, we have found 36 tracks.

Looking for tracks between images at times 59591.160000000003 (image 1 / 16) and 59597.160000000003 (image 7 / 16)  (with 5 support images).
 current wall-clock time is Fri Feb  5 14:49:59 2016
That iteration took 1454704140.000000000000 seconds. 
 so far, we have found 38 tracks.

Looking for tracks between images at times 59591.160000000003 (image 1 / 16) and 59598.160000000003 (image 8 / 16)  (with 6 support images).
 current wall-clock time is Fri Feb  5 14:49:59 2016
That iteration took 1454703884.000000000000 seconds. 
 so far, we have found 40 tracks.

Looking for tracks between images at times 59591.160000000003 (image 1 / 16) and 59599.160000000003 (image 9 / 16)  (with 7 support images).
 current wall-clock time is Fri Feb  5 14:49:59 2016
That iteration took 1454703632.000000000000 seconds. 
 so far, we have found 42 tracks.

Looking for tracks between images at times 59591.160000000003 (image 1 / 16) and 59600.160000000003 (image 10 / 16)  (with 8 support images).
 current wall-clock time is Fri Feb  5 14:49:59 2016
That iteration took 1454703378.000000000000 seconds. 
 so far, we have found 44 tracks.

Looking for tracks between images at times 59591.160000000003 (image 1 / 16) and 59601.160000000003 (image 11 / 16)  (with 9 support images).
 current wall-clock time is Fri Feb  5 14:49:59 2016
That iteration took 1454703053.000000000000 seconds. 
 so far, we have found 47 tracks.

Looking for tracks between images at times 59591.160000000003 (image 1 / 16) and 59602.160000000003 (image 12 / 16)  (with 10 support images).
 current wall-clock time is Fri Feb  5 14:49:59 2016
That iteration took 1454702768.000000000000 seconds. 
 so far, we have found 50 tracks.

Looking for tracks between images at times 59591.160000000003 (image 1 / 16) and 59603.160000000003 (image 13 / 16)  (with 11 support images).
 current wall-clock time is Fri Feb  5 14:49:59 2016
That iteration took 1454702451.000000000000 seconds. 
 so far, we have found 53 tracks.

Looking for tracks between images at times 59591.160000000003 (image 1 / 16) and 59604.160000000003 (image 14 / 16)  (with 12 support images).
 current wall-clock time is Fri Feb  5 14:49:59 2016
That iteration took 1454702131.000000000000 seconds. 
 so far, we have found 55 tracks.

Looking for tracks between images at times 59591.160000000003 (image 1 / 16) and 59605.160000000003 (image 15 / 16)  (with 13 support images).
 current wall-clock time is Fri Feb  5 14:49:59 2016
That iteration took 1454701783.000000000000 seconds. 
 so far, we have found 57 tracks.

Looking for tracks between images at times 59592.160000000003 (image 2 / 16) and 59593.160000000003 (image 3 / 16)  (with 0 support images).
 current wall-clock time is Fri Feb  5 14:49:59 2016
That iteration took 1454701432.000000000000 seconds. 
 so far, we have found 57 tracks.

Looking for tracks between images at times 59592.160000000003 (image 2 / 16) and 59594.160000000003 (image 4 / 16)  (with 1 support images).
 current wall-clock time is Fri Feb  5 14:49:59 2016
That iteration took 1454701405.000000000000 seconds. 
 so far, we have found 59 tracks.

Looking for tracks between images at times 59592.160000000003 (image 2 / 16) and 59595.160000000003 (image 5 / 16)  (with 2 support images).
 current wall-clock time is Fri Feb  5 14:49:59 2016
That iteration took 1454701212.000000000000 seconds. 
 so far, we have found 61 tracks.

Looking for tracks between images at times 59592.160000000003 (image 2 / 16) and 59596.160000000003 (image 6 / 16)  (with 3 support images).
 current wall-clock time is Fri Feb  5 14:49:59 2016
That iteration took 1454700992.000000000000 seconds. 
 so far, we have found 63 tracks.

Looking for tracks between images at times 59592.160000000003 (image 2 / 16) and 59597.160000000003 (image 7 / 16)  (with 4 support images).
 current wall-clock time is Fri Feb  5 14:49:59 2016
That iteration took 1454700780.000000000000 seconds. 
 so far, we have found 64 tracks.

Looking for tracks between images at times 59592.160000000003 (image 2 / 16) and 59598.160000000003 (image 8 / 16)  (with 5 support images).
 current wall-clock time is Fri Feb  5 14:49:59 2016
That iteration took 1454700561.000000000000 seconds. 
 so far, we have found 66 tracks.

Looking for tracks between images at times 59592.160000000003 (image 2 / 16) and 59599.160000000003 (image 9 / 16)  (with 6 support images).
 current wall-clock time is Fri Feb  5 14:49:59 2016
That iteration took 1454700352.000000000000 seconds. 
 so far, we have found 68 tracks.

Looking for tracks between images at times 59592.160000000003 (image 2 / 16) and 59600.160000000003 (image 10 / 16)  (with 7 support images).
 current wall-clock time is Fri Feb  5 14:49:59 2016
That iteration took 1454700112.000000000000 seconds. 
 so far, we have found 70 tracks.

Looking for tracks between images at times 59592.160000000003 (image 2 / 16) and 59601.160000000003 (image 11 / 16)  (with 8 support images).
 current wall-clock time is Fri Feb  5 14:49:59 2016
That iteration took 1454699890.000000000000 seconds. 
 so far, we have found 72 tracks.

Looking for tracks between images at times 59592.160000000003 (image 2 / 16) and 59602.160000000003 (image 12 / 16)  (with 9 support images).
 current wall-clock time is Fri Feb  5 14:49:59 2016
That iteration took 1454699627.000000000000 seconds. 
 so far, we have found 74 tracks.

Looking for tracks between images at times 59592.160000000003 (image 2 / 16) and 59603.160000000003 (image 13 / 16)  (with 10 support images).
 current wall-clock time is Fri Feb  5 14:49:59 2016
That iteration took 1454699377.000000000000 seconds. 
 so far, we have found 77 tracks.

Looking for tracks between images at times 59592.160000000003 (image 2 / 16) and 59604.160000000003 (image 14 / 16)  (with 11 support images).
 current wall-clock time is Fri Feb  5 14:49:59 2016
That iteration took 1454699091.000000000000 seconds. 
 so far, we have found 80 tracks.

Looking for tracks between images at times 59592.160000000003 (image 2 / 16) and 59605.160000000003 (image 15 / 16)  (with 12 support images).
 current wall-clock time is Fri Feb  5 14:49:59 2016
That iteration took 1454698793.000000000000 seconds. 
 so far, we have found 81 tracks.

Looking for tracks between images at times 59593.160000000003 (image 3 / 16) and 59594.160000000003 (image 4 / 16)  (with 0 support images).
 current wall-clock time is Fri Feb  5 14:49:59 2016
That iteration took 1454698475.000000000000 seconds. 
 so far, we have found 81 tracks.

Looking for tracks between images at times 59593.160000000003 (image 3 / 16) and 59595.160000000003 (image 5 / 16)  (with 1 support images).
 current wall-clock time is Fri Feb  5 14:49:59 2016
That iteration took 1454698451.000000000000 seconds. 
 so far, we have found 83 tracks.

Looking for tracks between images at times 59593.160000000003 (image 3 / 16) and 59596.160000000003 (image 6 / 16)  (with 2 support images).
 current wall-clock time is Fri Feb  5 14:49:59 2016
That iteration took 1454698287.000000000000 seconds. 
 so far, we have found 85 tracks.

Looking for tracks between images at times 59593.160000000003 (image 3 / 16) and 59597.160000000003 (image 7 / 16)  (with 3 support images).
 current wall-clock time is Fri Feb  5 14:49:59 2016
That iteration took 1454698121.000000000000 seconds. 
 so far, we have found 87 tracks.

Looking for tracks between images at times 59593.160000000003 (image 3 / 16) and 59598.160000000003 (image 8 / 16)  (with 4 support images).
 current wall-clock time is Fri Feb  5 14:49:59 2016
That iteration took 1454697953.000000000000 seconds. 
 so far, we have found 89 tracks.

Looking for tracks between images at times 59593.160000000003 (image 3 / 16) and 59599.160000000003 (image 9 / 16)  (with 5 support images).
 current wall-clock time is Fri Feb  5 14:49:59 2016
That iteration took 1454697737.000000000000 seconds. 
 so far, we have found 91 tracks.

Looking for tracks between images at times 59593.160000000003 (image 3 / 16) and 59600.160000000003 (image 10 / 16)  (with 6 support images).
 current wall-clock time is Fri Feb  5 14:49:59 2016
That iteration took 1454697528.000000000000 seconds. 
 so far, we have found 93 tracks.

Looking for tracks between images at times 59593.160000000003 (image 3 / 16) and 59601.160000000003 (image 11 / 16)  (with 7 support images).
 current wall-clock time is Fri Feb  5 14:49:59 2016
That iteration took 1454697307.000000000000 seconds. 
 so far, we have found 95 tracks.

Looking for tracks between images at times 59593.160000000003 (image 3 / 16) and 59602.160000000003 (image 12 / 16)  (with 8 support images).
 current wall-clock time is Fri Feb  5 14:49:59 2016
That iteration took 1454697090.000000000000 seconds. 
 so far, we have found 97 tracks.

Looking for tracks between images at times 59593.160000000003 (image 3 / 16) and 59603.160000000003 (image 13 / 16)  (with 9 support images).
 current wall-clock time is Fri Feb  5 14:49:59 2016
That iteration took 1454696839.000000000000 seconds. 
 so far, we have found 99 tracks.

Looking for tracks between images at times 59593.160000000003 (image 3 / 16) and 59604.160000000003 (image 14 / 16)  (with 10 support images).
 current wall-clock time is Fri Feb  5 14:49:59 2016
That iteration took 1454696601.000000000000 seconds. 
 so far, we have found 101 tracks.

Looking for tracks between images at times 59593.160000000003 (image 3 / 16) and 59605.160000000003 (image 15 / 16)  (with 11 support images).
 current wall-clock time is Fri Feb  5 14:49:59 2016
That iteration took 1454696338.000000000000 seconds. 
 so far, we have found 103 tracks.

Looking for tracks between images at times 59594.160000000003 (image 4 / 16) and 59595.160000000003 (image 5 / 16)  (with 0 support images).
 current wall-clock time is Fri Feb  5 14:49:59 2016
That iteration took 1454696071.000000000000 seconds. 
 so far, we have found 103 tracks.

Looking for tracks between images at times 59594.160000000003 (image 4 / 16) and 59596.160000000003 (image 6 / 16)  (with 1 support images).
 current wall-clock time is Fri Feb  5 14:49:59 2016
That iteration took 1454696048.000000000000 seconds. 
 so far, we have found 105 tracks.

Looking for tracks between images at times 59594.160000000003 (image 4 / 16) and 59597.160000000003 (image 7 / 16)  (with 2 support images).
 current wall-clock time is Fri Feb  5 14:49:59 2016
That iteration took 1454695883.000000000000 seconds. 
 so far, we have found 107 tracks.

Looking for tracks between images at times 59594.160000000003 (image 4 / 16) and 59598.160000000003 (image 8 / 16)  (with 3 support images).
 current wall-clock time is Fri Feb  5 14:49:59 2016
That iteration took 1454695704.000000000000 seconds. 
 so far, we have found 109 tracks.

Looking for tracks between images at times 59594.160000000003 (image 4 / 16) and 59599.160000000003 (image 9 / 16)  (with 4 support images).
 current wall-clock time is Fri Feb  5 14:49:59 2016
That iteration took 1454695532.000000000000 seconds. 
 so far, we have found 110 tracks.

Looking for tracks between images at times 59594.160000000003 (image 4 / 16) and 59600.160000000003 (image 10 / 16)  (with 5 support images).
 current wall-clock time is Fri Feb  5 14:49:59 2016
That iteration took 1454695329.000000000000 seconds. 
 so far, we have found 112 tracks.

Looking for tracks between images at times 59594.160000000003 (image 4 / 16) and 59601.160000000003 (image 11 / 16)  (with 6 support images).
 current wall-clock time is Fri Feb  5 14:49:59 2016
That iteration took 1454695139.000000000000 seconds. 
 so far, we have found 114 tracks.

Looking for tracks between images at times 59594.160000000003 (image 4 / 16) and 59602.160000000003 (image 12 / 16)  (with 7 support images).
 current wall-clock time is Fri Feb  5 14:49:59 2016
That iteration took 1454694923.000000000000 seconds. 
 so far, we have found 116 tracks.

Looking for tracks between images at times 59594.160000000003 (image 4 / 16) and 59603.160000000003 (image 13 / 16)  (with 8 support images).
 current wall-clock time is Fri Feb  5 14:49:59 2016
That iteration took 1454694710.000000000000 seconds. 
 so far, we have found 118 tracks.

Looking for tracks between images at times 59594.160000000003 (image 4 / 16) and 59604.160000000003 (image 14 / 16)  (with 9 support images).
 current wall-clock time is Fri Feb  5 14:49:59 2016
That iteration took 1454694471.000000000000 seconds. 
 so far, we have found 120 tracks.

Looking for tracks between images at times 59594.160000000003 (image 4 / 16) and 59605.160000000003 (image 15 / 16)  (with 10 support images).
 current wall-clock time is Fri Feb  5 14:49:59 2016
That iteration took 1454694229.000000000000 seconds. 
 so far, we have found 122 tracks.

Looking for tracks between images at times 59595.160000000003 (image 5 / 16) and 59596.160000000003 (image 6 / 16)  (with 0 support images).
 current wall-clock time is Fri Feb  5 14:49:59 2016
That iteration took 1454693969.000000000000 seconds. 
 so far, we have found 122 tracks.

Looking for tracks between images at times 59595.160000000003 (image 5 / 16) and 59597.160000000003 (image 7 / 16)  (with 1 support images).
 current wall-clock time is Fri Feb  5 14:49:59 2016
That iteration took 1454693945.000000000000 seconds. 
 so far, we have found 124 tracks.

Looking for tracks between images at times 59595.160000000003 (image 5 / 16) and 59598.160000000003 (image 8 / 16)  (with 2 support images).
 current wall-clock time is Fri Feb  5 14:49:59 2016
That iteration took 1454693789.000000000000 seconds. 
 so far, we have found 126 tracks.

Looking for tracks between images at times 59595.160000000003 (image 5 / 16) and 59599.160000000003 (image 9 / 16)  (with 3 support images).
 current wall-clock time is Fri Feb  5 14:49:59 2016
That iteration took 1454693616.000000000000 seconds. 
 so far, we have found 128 tracks.

Looking for tracks between images at times 59595.160000000003 (image 5 / 16) and 59600.160000000003 (image 10 / 16)  (with 4 support images).
 current wall-clock time is Fri Feb  5 14:49:59 2016
That iteration took 1454693448.000000000000 seconds. 
 so far, we have found 129 tracks.

Looking for tracks between images at times 59595.160000000003 (image 5 / 16) and 59601.160000000003 (image 11 / 16)  (with 5 support images).
 current wall-clock time is Fri Feb  5 14:49:59 2016
That iteration took 1454693246.000000000000 seconds. 
 so far, we have found 131 tracks.

Looking for tracks between images at times 59595.160000000003 (image 5 / 16) and 59602.160000000003 (image 12 / 16)  (with 6 support images).
 current wall-clock time is Fri Feb  5 14:49:59 2016
That iteration took 1454693051.000000000000 seconds. 
 so far, we have found 133 tracks.

Looking for tracks between images at times 59595.160000000003 (image 5 / 16) and 59603.160000000003 (image 13 / 16)  (with 7 support images).
 current wall-clock time is Fri Feb  5 14:49:59 2016
That iteration took 1454692832.000000000000 seconds. 
 so far, we have found 135 tracks.

Looking for tracks between images at times 59595.160000000003 (image 5 / 16) and 59604.160000000003 (image 14 / 16)  (with 8 support images).
 current wall-clock time is Fri Feb  5 14:49:59 2016
That iteration took 1454692612.000000000000 seconds. 
 so far, we have found 137 tracks.

Looking for tracks between images at times 59595.160000000003 (image 5 / 16) and 59605.160000000003 (image 15 / 16)  (with 9 support images).
 current wall-clock time is Fri Feb  5 14:49:59 2016
That iteration took 1454692376.000000000000 seconds. 
 so far, we have found 139 tracks.

Looking for tracks between images at times 59596.160000000003 (image 6 / 16) and 59597.160000000003 (image 7 / 16)  (with 0 support images).
 current wall-clock time is Fri Feb  5 14:49:59 2016
That iteration took 1454692135.000000000000 seconds. 
 so far, we have found 139 tracks.

Looking for tracks between images at times 59596.160000000003 (image 6 / 16) and 59598.160000000003 (image 8 / 16)  (with 1 support images).
 current wall-clock time is Fri Feb  5 14:49:59 2016
That iteration took 1454692111.000000000000 seconds. 
 so far, we have found 141 tracks.

Looking for tracks between images at times 59596.160000000003 (image 6 / 16) and 59599.160000000003 (image 9 / 16)  (with 2 support images).
 current wall-clock time is Fri Feb  5 14:49:59 2016
That iteration took 1454691954.000000000000 seconds. 
 so far, we have found 143 tracks.

Looking for tracks between images at times 59596.160000000003 (image 6 / 16) and 59600.160000000003 (image 10 / 16)  (with 3 support images).
 current wall-clock time is Fri Feb  5 14:49:59 2016
That iteration took 1454691781.000000000000 seconds. 
 so far, we have found 145 tracks.

Looking for tracks between images at times 59596.160000000003 (image 6 / 16) and 59601.160000000003 (image 11 / 16)  (with 4 support images).
 current wall-clock time is Fri Feb  5 14:49:59 2016
That iteration took 1454691602.000000000000 seconds. 
 so far, we have found 147 tracks.

Looking for tracks between images at times 59596.160000000003 (image 6 / 16) and 59602.160000000003 (image 12 / 16)  (with 5 support images).
 current wall-clock time is Fri Feb  5 14:49:59 2016
That iteration took 1454691406.000000000000 seconds. 
 so far, we have found 149 tracks.

Looking for tracks between images at times 59596.160000000003 (image 6 / 16) and 59603.160000000003 (image 13 / 16)  (with 6 support images).
 current wall-clock time is Fri Feb  5 14:49:59 2016
That iteration took 1454691210.000000000000 seconds. 
 so far, we have found 151 tracks.

Looking for tracks between images at times 59596.160000000003 (image 6 / 16) and 59604.160000000003 (image 14 / 16)  (with 7 support images).
 current wall-clock time is Fri Feb  5 14:49:59 2016
That iteration took 1454690993.000000000000 seconds. 
 so far, we have found 153 tracks.

Looking for tracks between images at times 59596.160000000003 (image 6 / 16) and 59605.160000000003 (image 15 / 16)  (with 8 support images).
 current wall-clock time is Fri Feb  5 14:49:59 2016
That iteration took 1454690774.000000000000 seconds. 
 so far, we have found 155 tracks.

Looking for tracks between images at times 59597.160000000003 (image 7 / 16) and 59598.160000000003 (image 8 / 16)  (with 0 support images).
 current wall-clock time is Fri Feb  5 14:49:59 2016
That iteration took 1454690536.000000000000 seconds. 
 so far, we have found 155 tracks.

Looking for tracks between images at times 59597.160000000003 (image 7 / 16) and 59599.160000000003 (image 9 / 16)  (with 1 support images).
 current wall-clock time is Fri Feb  5 14:49:59 2016
That iteration took 1454690513.000000000000 seconds. 
 so far, we have found 157 tracks.

Looking for tracks between images at times 59597.160000000003 (image 7 / 16) and 59600.160000000003 (image 10 / 16)  (with 2 support images).
 current wall-clock time is Fri Feb  5 14:49:59 2016
That iteration took 1454690348.000000000000 seconds. 
 so far, we have found 159 tracks.

Looking for tracks between images at times 59597.160000000003 (image 7 / 16) and 59601.160000000003 (image 11 / 16)  (with 3 support images).
 current wall-clock time is Fri Feb  5 14:49:59 2016
That iteration took 1454690171.000000000000 seconds. 
 so far, we have found 161 tracks.

Looking for tracks between images at times 59597.160000000003 (image 7 / 16) and 59602.160000000003 (image 12 / 16)  (with 4 support images).
 current wall-clock time is Fri Feb  5 14:49:59 2016
That iteration took 1454689987.000000000000 seconds. 
 so far, we have found 162 tracks.

Looking for tracks between images at times 59597.160000000003 (image 7 / 16) and 59603.160000000003 (image 13 / 16)  (with 5 support images).
 current wall-clock time is Fri Feb  5 14:49:59 2016
That iteration took 1454689705.000000000000 seconds. 
 so far, we have found 164 tracks.

Looking for tracks between images at times 59597.160000000003 (image 7 / 16) and 59604.160000000003 (image 14 / 16)  (with 6 support images).
 current wall-clock time is Fri Feb  5 14:49:59 2016
That iteration took 1454689493.000000000000 seconds. 
 so far, we have found 166 tracks.

Looking for tracks between images at times 59597.160000000003 (image 7 / 16) and 59605.160000000003 (image 15 / 16)  (with 7 support images).
 current wall-clock time is Fri Feb  5 14:49:59 2016
That iteration took 1454689201.000000000000 seconds. 
 so far, we have found 168 tracks.

Looking for tracks between images at times 59598.160000000003 (image 8 / 16) and 59599.160000000003 (image 9 / 16)  (with 0 support images).
 current wall-clock time is Fri Feb  5 14:49:59 2016
That iteration took 1454688937.000000000000 seconds. 
 so far, we have found 168 tracks.

Looking for tracks between images at times 59598.160000000003 (image 8 / 16) and 59600.160000000003 (image 10 / 16)  (with 1 support images).
 current wall-clock time is Fri Feb  5 14:49:59 2016
That iteration took 1454688913.000000000000 seconds. 
 so far, we have found 170 tracks.

Looking for tracks between images at times 59598.160000000003 (image 8 / 16) and 59601.160000000003 (image 11 / 16)  (with 2 support images).
 current wall-clock time is Fri Feb  5 14:49:59 2016
That iteration took 1454688747.000000000000 seconds. 
 so far, we have found 172 tracks.

Looking for tracks between images at times 59598.160000000003 (image 8 / 16) and 59602.160000000003 (image 12 / 16)  (with 3 support images).
 current wall-clock time is Fri Feb  5 14:49:59 2016
That iteration took 1454688553.000000000000 seconds. 
 so far, we have found 174 tracks.

Looking for tracks between images at times 59598.160000000003 (image 8 / 16) and 59603.160000000003 (image 13 / 16)  (with 4 support images).
 current wall-clock time is Fri Feb  5 14:49:59 2016
That iteration took 1454688374.000000000000 seconds. 
 so far, we have found 176 tracks.

Looking for tracks between images at times 59598.160000000003 (image 8 / 16) and 59604.160000000003 (image 14 / 16)  (with 5 support images).
 current wall-clock time is Fri Feb  5 14:49:59 2016
That iteration took 1454688168.000000000000 seconds. 
 so far, we have found 178 tracks.

Looking for tracks between images at times 59598.160000000003 (image 8 / 16) and 59605.160000000003 (image 15 / 16)  (with 6 support images).
 current wall-clock time is Fri Feb  5 14:49:59 2016
That iteration took 1454687958.000000000000 seconds. 
 so far, we have found 180 tracks.

Looking for tracks between images at times 59599.160000000003 (image 9 / 16) and 59600.160000000003 (image 10 / 16)  (with 0 support images).
 current wall-clock time is Fri Feb  5 14:49:59 2016
That iteration took 1454687709.000000000000 seconds. 
 so far, we have found 180 tracks.

Looking for tracks between images at times 59599.160000000003 (image 9 / 16) and 59601.160000000003 (image 11 / 16)  (with 1 support images).
 current wall-clock time is Fri Feb  5 14:49:59 2016
That iteration took 1454687673.000000000000 seconds. 
 so far, we have found 182 tracks.

Looking for tracks between images at times 59599.160000000003 (image 9 / 16) and 59602.160000000003 (image 12 / 16)  (with 2 support images).
 current wall-clock time is Fri Feb  5 14:49:59 2016
That iteration took 1454687505.000000000000 seconds. 
 so far, we have found 184 tracks.

Looking for tracks between images at times 59599.160000000003 (image 9 / 16) and 59603.160000000003 (image 13 / 16)  (with 3 support images).
 current wall-clock time is Fri Feb  5 14:49:59 2016
That iteration took 1454687332.000000000000 seconds. 
 so far, we have found 186 tracks.

Looking for tracks between images at times 59599.160000000003 (image 9 / 16) and 59604.160000000003 (image 14 / 16)  (with 4 support images).
 current wall-clock time is Fri Feb  5 14:49:59 2016
That iteration took 1454687153.000000000000 seconds. 
 so far, we have found 187 tracks.

Looking for tracks between images at times 59599.160000000003 (image 9 / 16) and 59605.160000000003 (image 15 / 16)  (with 5 support images).
 current wall-clock time is Fri Feb  5 14:49:59 2016
That iteration took 1454686943.000000000000 seconds. 
 so far, we have found 189 tracks.

Looking for tracks between images at times 59600.160000000003 (image 10 / 16) and 59601.160000000003 (image 11 / 16)  (with 0 support images).
 current wall-clock time is Fri Feb  5 14:49:59 2016
That iteration took 1454686743.000000000000 seconds. 
 so far, we have found 189 tracks.

Looking for tracks between images at times 59600.160000000003 (image 10 / 16) and 59602.160000000003 (image 12 / 16)  (with 1 support images).
 current wall-clock time is Fri Feb  5 14:49:59 2016
That iteration took 1454686720.000000000000 seconds. 
 so far, we have found 191 tracks.

Looking for tracks between images at times 59600.160000000003 (image 10 / 16) and 59603.160000000003 (image 13 / 16)  (with 2 support images).
 current wall-clock time is Fri Feb  5 14:49:59 2016
That iteration took 1454686565.000000000000 seconds. 
 so far, we have found 193 tracks.

Looking for tracks between images at times 59600.160000000003 (image 10 / 16) and 59604.160000000003 (image 14 / 16)  (with 3 support images).
 current wall-clock time is Fri Feb  5 14:49:59 2016
That iteration took 1454686379.000000000000 seconds. 
 so far, we have found 195 tracks.

Looking for tracks between images at times 59600.160000000003 (image 10 / 16) and 59605.160000000003 (image 15 / 16)  (with 4 support images).
 current wall-clock time is Fri Feb  5 14:49:59 2016
That iteration took 1454686198.000000000000 seconds. 
 so far, we have found 197 tracks.

Looking for tracks between images at times 59601.160000000003 (image 11 / 16) and 59602.160000000003 (image 12 / 16)  (with 0 support images).
 current wall-clock time is Fri Feb  5 14:49:59 2016
That iteration took 1454685999.000000000000 seconds. 
 so far, we have found 197 tracks.

Looking for tracks between images at times 59601.160000000003 (image 11 / 16) and 59603.160000000003 (image 13 / 16)  (with 1 support images).
 current wall-clock time is Fri Feb  5 14:49:59 2016
That iteration took 1454685977.000000000000 seconds. 
 so far, we have found 199 tracks.

Looking for tracks between images at times 59601.160000000003 (image 11 / 16) and 59604.160000000003 (image 14 / 16)  (with 2 support images).
 current wall-clock time is Fri Feb  5 14:49:59 2016
That iteration took 1454685820.000000000000 seconds. 
 so far, we have found 201 tracks.

Looking for tracks between images at times 59601.160000000003 (image 11 / 16) and 59605.160000000003 (image 15 / 16)  (with 3 support images).
 current wall-clock time is Fri Feb  5 14:49:59 2016
That iteration took 1454685642.000000000000 seconds. 
 so far, we have found 203 tracks.

Looking for tracks between images at times 59602.160000000003 (image 12 / 16) and 59603.160000000003 (image 13 / 16)  (with 0 support images).
 current wall-clock time is Fri Feb  5 14:49:59 2016
That iteration took 1454685458.000000000000 seconds. 
 so far, we have found 203 tracks.

Looking for tracks between images at times 59602.160000000003 (image 12 / 16) and 59604.160000000003 (image 14 / 16)  (with 1 support images).
 current wall-clock time is Fri Feb  5 14:49:59 2016
That iteration took 1454685435.000000000000 seconds. 
 so far, we have found 205 tracks.

Looking for tracks between images at times 59602.160000000003 (image 12 / 16) and 59605.160000000003 (image 15 / 16)  (with 2 support images).
 current wall-clock time is Fri Feb  5 14:49:59 2016
That iteration took 1454685274.000000000000 seconds. 
 so far, we have found 207 tracks.

Looking for tracks between images at times 59603.160000000003 (image 13 / 16) and 59604.160000000003 (image 14 / 16)  (with 0 support images).
 current wall-clock time is Fri Feb  5 14:49:59 2016
That iteration took 1454685101.000000000000 seconds. 
 so far, we have found 207 tracks.

Looking for tracks between images at times 59603.160000000003 (image 13 / 16) and 59605.160000000003 (image 15 / 16)  (with 1 support images).
 current wall-clock time is Fri Feb  5 14:49:59 2016
That iteration took 1454685079.000000000000 seconds. 
 so far, we have found 209 tracks.

Looking for tracks between images at times 59604.160000000003 (image 14 / 16) and 59605.160000000003 (image 15 / 16)  (with 0 support images).
 current wall-clock time is Fri Feb  5 14:49:59 2016
That iteration took 1454684922.000000000000 seconds. 
 so far, we have found 209 tracks.

Found 120 valid start/end image pairs.
Finished linking.
Linking took 1454709001.000000000000 seconds.
TrackSet: purgeToFile called.
TrackSet: clearing component tracks from memory.
Results successfully written to disk.
Done. Exiting successfully.
Completed after 0.0000000000 seconds.
This process (37711) memory usage: 
------------------------------------------
------------------------------------------

