Set min unique nights per track: 3
Set min detections per track: 6
 Set output buffer size = 1000
Reading detections file 
Calculating topocentric correction 
Reading tracklets file 
Reading input took 0.0000000000 seconds.
Recentering all detections on (180, 0).
   Bounds were (in deg) R=[221.0580558550,  513.8853258050], D=[ -23.7051426555,  15.2442570490]
Setting tracklet velocities.
Sorting tracklets by image time and creating trees.
Doing the linking.
Looking for tracks between images at times 59581.160000000003 (image 0 / 16) and 59582.160000000003 (image 1 / 16)  (with 0 support images).
 current wall-clock time is Fri Feb  5 14:49:58 2016
That iteration took 1454708637.000000000000 seconds. 
 so far, we have found 0 tracks.

Looking for tracks between images at times 59581.160000000003 (image 0 / 16) and 59583.160000000003 (image 2 / 16)  (with 1 support images).
 current wall-clock time is Fri Feb  5 14:49:58 2016
That iteration took 1454708452.000000000000 seconds. 
 so far, we have found 2 tracks.

Looking for tracks between images at times 59581.160000000003 (image 0 / 16) and 59584.160000000003 (image 3 / 16)  (with 2 support images).
 current wall-clock time is Fri Feb  5 14:49:58 2016
That iteration took 1454708219.000000000000 seconds. 
 so far, we have found 3 tracks.

Looking for tracks between images at times 59581.160000000003 (image 0 / 16) and 59585.160000000003 (image 4 / 16)  (with 3 support images).
 current wall-clock time is Fri Feb  5 14:49:58 2016
That iteration took 1454708030.000000000000 seconds. 
 so far, we have found 5 tracks.

Looking for tracks between images at times 59581.160000000003 (image 0 / 16) and 59586.160000000003 (image 5 / 16)  (with 4 support images).
 current wall-clock time is Fri Feb  5 14:49:58 2016
That iteration took 1454707789.000000000000 seconds. 
 so far, we have found 8 tracks.

Looking for tracks between images at times 59581.160000000003 (image 0 / 16) and 59587.160000000003 (image 6 / 16)  (with 5 support images).
 current wall-clock time is Fri Feb  5 14:49:58 2016
That iteration took 1454707564.000000000000 seconds. 
 so far, we have found 11 tracks.

Looking for tracks between images at times 59581.160000000003 (image 0 / 16) and 59588.160000000003 (image 7 / 16)  (with 6 support images).
 current wall-clock time is Fri Feb  5 14:49:58 2016
That iteration took 1454707357.000000000000 seconds. 
 so far, we have found 13 tracks.

Looking for tracks between images at times 59581.160000000003 (image 0 / 16) and 59589.160000000003 (image 8 / 16)  (with 7 support images).
 current wall-clock time is Fri Feb  5 14:49:58 2016
That iteration took 1454707135.000000000000 seconds. 
 so far, we have found 16 tracks.

Looking for tracks between images at times 59581.160000000003 (image 0 / 16) and 59590.160000000003 (image 9 / 16)  (with 8 support images).
 current wall-clock time is Fri Feb  5 14:49:58 2016
That iteration took 1454706916.000000000000 seconds. 
 so far, we have found 18 tracks.

Looking for tracks between images at times 59581.160000000003 (image 0 / 16) and 59591.160000000003 (image 10 / 16)  (with 9 support images).
 current wall-clock time is Fri Feb  5 14:49:58 2016
That iteration took 1454706659.000000000000 seconds. 
 so far, we have found 21 tracks.

Looking for tracks between images at times 59581.160000000003 (image 0 / 16) and 59592.160000000003 (image 11 / 16)  (with 10 support images).
 current wall-clock time is Fri Feb  5 14:49:58 2016
That iteration took 1454706411.000000000000 seconds. 
 so far, we have found 23 tracks.

Looking for tracks between images at times 59581.160000000003 (image 0 / 16) and 59593.160000000003 (image 12 / 16)  (with 11 support images).
 current wall-clock time is Fri Feb  5 14:49:58 2016
That iteration took 1454706134.000000000000 seconds. 
 so far, we have found 26 tracks.

Looking for tracks between images at times 59581.160000000003 (image 0 / 16) and 59594.160000000003 (image 13 / 16)  (with 12 support images).
 current wall-clock time is Fri Feb  5 14:49:58 2016
That iteration took 1454705845.000000000000 seconds. 
 so far, we have found 29 tracks.

Looking for tracks between images at times 59581.160000000003 (image 0 / 16) and 59595.160000000003 (image 14 / 16)  (with 13 support images).
 current wall-clock time is Fri Feb  5 14:49:58 2016
That iteration took 1454705543.000000000000 seconds. 
 so far, we have found 32 tracks.

Looking for tracks between images at times 59581.160000000003 (image 0 / 16) and 59596.160000000003 (image 15 / 16)  (with 14 support images).
 current wall-clock time is Fri Feb  5 14:49:58 2016
That iteration took 1454705091.000000000000 seconds. 
 so far, we have found 34 tracks.

Looking for tracks between images at times 59582.160000000003 (image 1 / 16) and 59583.160000000003 (image 2 / 16)  (with 0 support images).
 current wall-clock time is Fri Feb  5 14:49:58 2016
That iteration took 1454704762.000000000000 seconds. 
 so far, we have found 34 tracks.

Looking for tracks between images at times 59582.160000000003 (image 1 / 16) and 59584.160000000003 (image 3 / 16)  (with 1 support images).
 current wall-clock time is Fri Feb  5 14:49:58 2016
That iteration took 1454704738.000000000000 seconds. 
 so far, we have found 36 tracks.

Looking for tracks between images at times 59582.160000000003 (image 1 / 16) and 59585.160000000003 (image 4 / 16)  (with 2 support images).
 current wall-clock time is Fri Feb  5 14:49:58 2016
That iteration took 1454704584.000000000000 seconds. 
 so far, we have found 37 tracks.

Looking for tracks between images at times 59582.160000000003 (image 1 / 16) and 59586.160000000003 (image 5 / 16)  (with 3 support images).
 current wall-clock time is Fri Feb  5 14:49:58 2016
That iteration took 1454704400.000000000000 seconds. 
 so far, we have found 39 tracks.

Looking for tracks between images at times 59582.160000000003 (image 1 / 16) and 59587.160000000003 (image 6 / 16)  (with 4 support images).
 current wall-clock time is Fri Feb  5 14:49:58 2016
That iteration took 1454704207.000000000000 seconds. 
 so far, we have found 41 tracks.

Looking for tracks between images at times 59582.160000000003 (image 1 / 16) and 59588.160000000003 (image 7 / 16)  (with 5 support images).
 current wall-clock time is Fri Feb  5 14:49:58 2016
That iteration took 1454703985.000000000000 seconds. 
 so far, we have found 44 tracks.

Looking for tracks between images at times 59582.160000000003 (image 1 / 16) and 59589.160000000003 (image 8 / 16)  (with 6 support images).
 current wall-clock time is Fri Feb  5 14:49:58 2016
That iteration took 1454703785.000000000000 seconds. 
 so far, we have found 46 tracks.

Looking for tracks between images at times 59582.160000000003 (image 1 / 16) and 59590.160000000003 (image 9 / 16)  (with 7 support images).
 current wall-clock time is Fri Feb  5 14:49:58 2016
That iteration took 1454703566.000000000000 seconds. 
 so far, we have found 49 tracks.

Looking for tracks between images at times 59582.160000000003 (image 1 / 16) and 59591.160000000003 (image 10 / 16)  (with 8 support images).
 current wall-clock time is Fri Feb  5 14:49:58 2016
That iteration took 1454703341.000000000000 seconds. 
 so far, we have found 51 tracks.

Looking for tracks between images at times 59582.160000000003 (image 1 / 16) and 59592.160000000003 (image 11 / 16)  (with 9 support images).
 current wall-clock time is Fri Feb  5 14:49:58 2016
That iteration took 1454703092.000000000000 seconds. 
 so far, we have found 54 tracks.

Looking for tracks between images at times 59582.160000000003 (image 1 / 16) and 59593.160000000003 (image 12 / 16)  (with 10 support images).
 current wall-clock time is Fri Feb  5 14:49:58 2016
That iteration took 1454702708.000000000000 seconds. 
 so far, we have found 56 tracks.

Looking for tracks between images at times 59582.160000000003 (image 1 / 16) and 59594.160000000003 (image 13 / 16)  (with 11 support images).
 current wall-clock time is Fri Feb  5 14:49:58 2016
That iteration took 1454702348.000000000000 seconds. 
 so far, we have found 59 tracks.

Looking for tracks between images at times 59582.160000000003 (image 1 / 16) and 59595.160000000003 (image 14 / 16)  (with 12 support images).
 current wall-clock time is Fri Feb  5 14:49:58 2016
That iteration took 1454702069.000000000000 seconds. 
 so far, we have found 62 tracks.

Looking for tracks between images at times 59582.160000000003 (image 1 / 16) and 59596.160000000003 (image 15 / 16)  (with 13 support images).
 current wall-clock time is Fri Feb  5 14:49:58 2016
That iteration took 1454701763.000000000000 seconds. 
 so far, we have found 65 tracks.

Looking for tracks between images at times 59583.160000000003 (image 2 / 16) and 59584.160000000003 (image 3 / 16)  (with 0 support images).
 current wall-clock time is Fri Feb  5 14:49:58 2016
That iteration took 1454701448.000000000000 seconds. 
 so far, we have found 65 tracks.

Looking for tracks between images at times 59583.160000000003 (image 2 / 16) and 59585.160000000003 (image 4 / 16)  (with 1 support images).
 current wall-clock time is Fri Feb  5 14:49:58 2016
That iteration took 1454701424.000000000000 seconds. 
 so far, we have found 67 tracks.

Looking for tracks between images at times 59583.160000000003 (image 2 / 16) and 59586.160000000003 (image 5 / 16)  (with 2 support images).
 current wall-clock time is Fri Feb  5 14:49:58 2016
That iteration took 1454701259.000000000000 seconds. 
 so far, we have found 68 tracks.

Looking for tracks between images at times 59583.160000000003 (image 2 / 16) and 59587.160000000003 (image 6 / 16)  (with 3 support images).
 current wall-clock time is Fri Feb  5 14:49:58 2016
That iteration took 1454700976.000000000000 seconds. 
 so far, we have found 70 tracks.

Looking for tracks between images at times 59583.160000000003 (image 2 / 16) and 59588.160000000003 (image 7 / 16)  (with 4 support images).
 current wall-clock time is Fri Feb  5 14:49:58 2016
That iteration took 1454700775.000000000000 seconds. 
 so far, we have found 72 tracks.

Looking for tracks between images at times 59583.160000000003 (image 2 / 16) and 59589.160000000003 (image 8 / 16)  (with 5 support images).
 current wall-clock time is Fri Feb  5 14:49:58 2016
That iteration took 1454700559.000000000000 seconds. 
 so far, we have found 75 tracks.

Looking for tracks between images at times 59583.160000000003 (image 2 / 16) and 59590.160000000003 (image 9 / 16)  (with 6 support images).
 current wall-clock time is Fri Feb  5 14:49:58 2016
That iteration took 1454700348.000000000000 seconds. 
 so far, we have found 77 tracks.

Looking for tracks between images at times 59583.160000000003 (image 2 / 16) and 59591.160000000003 (image 10 / 16)  (with 7 support images).
 current wall-clock time is Fri Feb  5 14:49:58 2016
That iteration took 1454700125.000000000000 seconds. 
 so far, we have found 80 tracks.

Looking for tracks between images at times 59583.160000000003 (image 2 / 16) and 59592.160000000003 (image 11 / 16)  (with 8 support images).
 current wall-clock time is Fri Feb  5 14:49:58 2016
That iteration took 1454699889.000000000000 seconds. 
 so far, we have found 82 tracks.

Looking for tracks between images at times 59583.160000000003 (image 2 / 16) and 59593.160000000003 (image 12 / 16)  (with 9 support images).
 current wall-clock time is Fri Feb  5 14:49:58 2016
That iteration took 1454699641.000000000000 seconds. 
 so far, we have found 85 tracks.

Looking for tracks between images at times 59583.160000000003 (image 2 / 16) and 59594.160000000003 (image 13 / 16)  (with 10 support images).
 current wall-clock time is Fri Feb  5 14:49:58 2016
That iteration took 1454699397.000000000000 seconds. 
 so far, we have found 87 tracks.

Looking for tracks between images at times 59583.160000000003 (image 2 / 16) and 59595.160000000003 (image 14 / 16)  (with 11 support images).
 current wall-clock time is Fri Feb  5 14:49:58 2016
That iteration took 1454699124.000000000000 seconds. 
 so far, we have found 90 tracks.

Looking for tracks between images at times 59583.160000000003 (image 2 / 16) and 59596.160000000003 (image 15 / 16)  (with 12 support images).
 current wall-clock time is Fri Feb  5 14:49:58 2016
That iteration took 1454698838.000000000000 seconds. 
 so far, we have found 93 tracks.

Looking for tracks between images at times 59584.160000000003 (image 3 / 16) and 59585.160000000003 (image 4 / 16)  (with 0 support images).
 current wall-clock time is Fri Feb  5 14:49:58 2016
That iteration took 1454698537.000000000000 seconds. 
 so far, we have found 93 tracks.

Looking for tracks between images at times 59584.160000000003 (image 3 / 16) and 59586.160000000003 (image 5 / 16)  (with 1 support images).
 current wall-clock time is Fri Feb  5 14:49:58 2016
That iteration took 1454698513.000000000000 seconds. 
 so far, we have found 95 tracks.

Looking for tracks between images at times 59584.160000000003 (image 3 / 16) and 59587.160000000003 (image 6 / 16)  (with 2 support images).
 current wall-clock time is Fri Feb  5 14:49:58 2016
That iteration took 1454698340.000000000000 seconds. 
 so far, we have found 97 tracks.

Looking for tracks between images at times 59584.160000000003 (image 3 / 16) and 59588.160000000003 (image 7 / 16)  (with 3 support images).
 current wall-clock time is Fri Feb  5 14:49:58 2016
That iteration took 1454698156.000000000000 seconds. 
 so far, we have found 99 tracks.

Looking for tracks between images at times 59584.160000000003 (image 3 / 16) and 59589.160000000003 (image 8 / 16)  (with 4 support images).
 current wall-clock time is Fri Feb  5 14:49:58 2016
That iteration took 1454697987.000000000000 seconds. 
 so far, we have found 101 tracks.

Looking for tracks between images at times 59584.160000000003 (image 3 / 16) and 59590.160000000003 (image 9 / 16)  (with 5 support images).
 current wall-clock time is Fri Feb  5 14:49:58 2016
That iteration took 1454697785.000000000000 seconds. 
 so far, we have found 104 tracks.

Looking for tracks between images at times 59584.160000000003 (image 3 / 16) and 59591.160000000003 (image 10 / 16)  (with 6 support images).
 current wall-clock time is Fri Feb  5 14:49:58 2016
That iteration took 1454697586.000000000000 seconds. 
 so far, we have found 106 tracks.

Looking for tracks between images at times 59584.160000000003 (image 3 / 16) and 59592.160000000003 (image 11 / 16)  (with 7 support images).
 current wall-clock time is Fri Feb  5 14:49:58 2016
That iteration took 1454697326.000000000000 seconds. 
 so far, we have found 109 tracks.

Looking for tracks between images at times 59584.160000000003 (image 3 / 16) and 59593.160000000003 (image 12 / 16)  (with 8 support images).
 current wall-clock time is Fri Feb  5 14:49:58 2016
That iteration took 1454697043.000000000000 seconds. 
 so far, we have found 111 tracks.

Looking for tracks between images at times 59584.160000000003 (image 3 / 16) and 59594.160000000003 (image 13 / 16)  (with 9 support images).
 current wall-clock time is Fri Feb  5 14:49:58 2016
That iteration took 1454696781.000000000000 seconds. 
 so far, we have found 114 tracks.

Looking for tracks between images at times 59584.160000000003 (image 3 / 16) and 59595.160000000003 (image 14 / 16)  (with 10 support images).
 current wall-clock time is Fri Feb  5 14:49:58 2016
That iteration took 1454696524.000000000000 seconds. 
 so far, we have found 117 tracks.

Looking for tracks between images at times 59584.160000000003 (image 3 / 16) and 59596.160000000003 (image 15 / 16)  (with 11 support images).
 current wall-clock time is Fri Feb  5 14:49:58 2016
That iteration took 1454696241.000000000000 seconds. 
 so far, we have found 120 tracks.

Looking for tracks between images at times 59585.160000000003 (image 4 / 16) and 59586.160000000003 (image 5 / 16)  (with 0 support images).
 current wall-clock time is Fri Feb  5 14:49:58 2016
That iteration took 1454695962.000000000000 seconds. 
 so far, we have found 120 tracks.

Looking for tracks between images at times 59585.160000000003 (image 4 / 16) and 59587.160000000003 (image 6 / 16)  (with 1 support images).
 current wall-clock time is Fri Feb  5 14:49:58 2016
That iteration took 1454695938.000000000000 seconds. 
 so far, we have found 122 tracks.

Looking for tracks between images at times 59585.160000000003 (image 4 / 16) and 59588.160000000003 (image 7 / 16)  (with 2 support images).
 current wall-clock time is Fri Feb  5 14:49:58 2016
That iteration took 1454695778.000000000000 seconds. 
 so far, we have found 123 tracks.

Looking for tracks between images at times 59585.160000000003 (image 4 / 16) and 59589.160000000003 (image 8 / 16)  (with 3 support images).
 current wall-clock time is Fri Feb  5 14:49:58 2016
That iteration took 1454695583.000000000000 seconds. 
 so far, we have found 125 tracks.

Looking for tracks between images at times 59585.160000000003 (image 4 / 16) and 59590.160000000003 (image 9 / 16)  (with 4 support images).
 current wall-clock time is Fri Feb  5 14:49:58 2016
That iteration took 1454695407.000000000000 seconds. 
 so far, we have found 127 tracks.

Looking for tracks between images at times 59585.160000000003 (image 4 / 16) and 59591.160000000003 (image 10 / 16)  (with 5 support images).
 current wall-clock time is Fri Feb  5 14:49:58 2016
That iteration took 1454695201.000000000000 seconds. 
 so far, we have found 129 tracks.

Looking for tracks between images at times 59585.160000000003 (image 4 / 16) and 59592.160000000003 (image 11 / 16)  (with 6 support images).
 current wall-clock time is Fri Feb  5 14:49:58 2016
That iteration took 1454695008.000000000000 seconds. 
 so far, we have found 131 tracks.

Looking for tracks between images at times 59585.160000000003 (image 4 / 16) and 59593.160000000003 (image 12 / 16)  (with 7 support images).
 current wall-clock time is Fri Feb  5 14:49:58 2016
That iteration took 1454694792.000000000000 seconds. 
 so far, we have found 134 tracks.

Looking for tracks between images at times 59585.160000000003 (image 4 / 16) and 59594.160000000003 (image 13 / 16)  (with 8 support images).
 current wall-clock time is Fri Feb  5 14:49:58 2016
That iteration took 1454694570.000000000000 seconds. 
 so far, we have found 136 tracks.

Looking for tracks between images at times 59585.160000000003 (image 4 / 16) and 59595.160000000003 (image 14 / 16)  (with 9 support images).
 current wall-clock time is Fri Feb  5 14:49:58 2016
That iteration took 1454694307.000000000000 seconds. 
 so far, we have found 139 tracks.

Looking for tracks between images at times 59585.160000000003 (image 4 / 16) and 59596.160000000003 (image 15 / 16)  (with 10 support images).
 current wall-clock time is Fri Feb  5 14:49:58 2016
That iteration took 1454694042.000000000000 seconds. 
 so far, we have found 142 tracks.

Looking for tracks between images at times 59586.160000000003 (image 5 / 16) and 59587.160000000003 (image 6 / 16)  (with 0 support images).
 current wall-clock time is Fri Feb  5 14:49:58 2016
That iteration took 1454693758.000000000000 seconds. 
 so far, we have found 142 tracks.

Looking for tracks between images at times 59586.160000000003 (image 5 / 16) and 59588.160000000003 (image 7 / 16)  (with 1 support images).
 current wall-clock time is Fri Feb  5 14:49:58 2016
That iteration took 1454693732.000000000000 seconds. 
 so far, we have found 144 tracks.

Looking for tracks between images at times 59586.160000000003 (image 5 / 16) and 59589.160000000003 (image 8 / 16)  (with 2 support images).
 current wall-clock time is Fri Feb  5 14:49:58 2016
That iteration took 1454693579.000000000000 seconds. 
 so far, we have found 146 tracks.

Looking for tracks between images at times 59586.160000000003 (image 5 / 16) and 59590.160000000003 (image 9 / 16)  (with 3 support images).
 current wall-clock time is Fri Feb  5 14:49:58 2016
That iteration took 1454693383.000000000000 seconds. 
 so far, we have found 148 tracks.

Looking for tracks between images at times 59586.160000000003 (image 5 / 16) and 59591.160000000003 (image 10 / 16)  (with 4 support images).
 current wall-clock time is Fri Feb  5 14:49:58 2016
That iteration took 1454693199.000000000000 seconds. 
 so far, we have found 150 tracks.

Looking for tracks between images at times 59586.160000000003 (image 5 / 16) and 59592.160000000003 (image 11 / 16)  (with 5 support images).
 current wall-clock time is Fri Feb  5 14:49:58 2016
That iteration took 1454692987.000000000000 seconds. 
 so far, we have found 152 tracks.

Looking for tracks between images at times 59586.160000000003 (image 5 / 16) and 59593.160000000003 (image 12 / 16)  (with 6 support images).
 current wall-clock time is Fri Feb  5 14:49:58 2016
That iteration took 1454692777.000000000000 seconds. 
 so far, we have found 154 tracks.

Looking for tracks between images at times 59586.160000000003 (image 5 / 16) and 59594.160000000003 (image 13 / 16)  (with 7 support images).
 current wall-clock time is Fri Feb  5 14:49:58 2016
That iteration took 1454692540.000000000000 seconds. 
 so far, we have found 157 tracks.

Looking for tracks between images at times 59586.160000000003 (image 5 / 16) and 59595.160000000003 (image 14 / 16)  (with 8 support images).
 current wall-clock time is Fri Feb  5 14:49:58 2016
That iteration took 1454692272.000000000000 seconds. 
 so far, we have found 159 tracks.

Looking for tracks between images at times 59586.160000000003 (image 5 / 16) and 59596.160000000003 (image 15 / 16)  (with 9 support images).
 current wall-clock time is Fri Feb  5 14:49:58 2016
That iteration took 1454691889.000000000000 seconds. 
 so far, we have found 162 tracks.

Looking for tracks between images at times 59587.160000000003 (image 6 / 16) and 59588.160000000003 (image 7 / 16)  (with 0 support images).
 current wall-clock time is Fri Feb  5 14:49:58 2016
That iteration took 1454691621.000000000000 seconds. 
 so far, we have found 162 tracks.

Looking for tracks between images at times 59587.160000000003 (image 6 / 16) and 59589.160000000003 (image 8 / 16)  (with 1 support images).
 current wall-clock time is Fri Feb  5 14:49:58 2016
That iteration took 1454691594.000000000000 seconds. 
 so far, we have found 164 tracks.

Looking for tracks between images at times 59587.160000000003 (image 6 / 16) and 59590.160000000003 (image 9 / 16)  (with 2 support images).
 current wall-clock time is Fri Feb  5 14:49:58 2016
That iteration took 1454691430.000000000000 seconds. 
 so far, we have found 166 tracks.

Looking for tracks between images at times 59587.160000000003 (image 6 / 16) and 59591.160000000003 (image 10 / 16)  (with 3 support images).
 current wall-clock time is Fri Feb  5 14:49:58 2016
That iteration took 1454691251.000000000000 seconds. 
 so far, we have found 168 tracks.

Looking for tracks between images at times 59587.160000000003 (image 6 / 16) and 59592.160000000003 (image 11 / 16)  (with 4 support images).
 current wall-clock time is Fri Feb  5 14:49:58 2016
That iteration took 1454691054.000000000000 seconds. 
 so far, we have found 170 tracks.

Looking for tracks between images at times 59587.160000000003 (image 6 / 16) and 59593.160000000003 (image 12 / 16)  (with 5 support images).
 current wall-clock time is Fri Feb  5 14:49:58 2016
That iteration took 1454690848.000000000000 seconds. 
 so far, we have found 172 tracks.

Looking for tracks between images at times 59587.160000000003 (image 6 / 16) and 59594.160000000003 (image 13 / 16)  (with 6 support images).
 current wall-clock time is Fri Feb  5 14:49:58 2016
That iteration took 1454690653.000000000000 seconds. 
 so far, we have found 174 tracks.

Looking for tracks between images at times 59587.160000000003 (image 6 / 16) and 59595.160000000003 (image 14 / 16)  (with 7 support images).
 current wall-clock time is Fri Feb  5 14:49:58 2016
That iteration took 1454690401.000000000000 seconds. 
 so far, we have found 177 tracks.

Looking for tracks between images at times 59587.160000000003 (image 6 / 16) and 59596.160000000003 (image 15 / 16)  (with 8 support images).
 current wall-clock time is Fri Feb  5 14:49:58 2016
That iteration took 1454690184.000000000000 seconds. 
 so far, we have found 179 tracks.

Looking for tracks between images at times 59588.160000000003 (image 7 / 16) and 59589.160000000003 (image 8 / 16)  (with 0 support images).
 current wall-clock time is Fri Feb  5 14:49:58 2016
That iteration took 1454689938.000000000000 seconds. 
 so far, we have found 179 tracks.

Looking for tracks between images at times 59588.160000000003 (image 7 / 16) and 59590.160000000003 (image 9 / 16)  (with 1 support images).
 current wall-clock time is Fri Feb  5 14:49:58 2016
That iteration took 1454689914.000000000000 seconds. 
 so far, we have found 181 tracks.

Looking for tracks between images at times 59588.160000000003 (image 7 / 16) and 59591.160000000003 (image 10 / 16)  (with 2 support images).
 current wall-clock time is Fri Feb  5 14:49:58 2016
That iteration took 1454689744.000000000000 seconds. 
 so far, we have found 183 tracks.

Looking for tracks between images at times 59588.160000000003 (image 7 / 16) and 59592.160000000003 (image 11 / 16)  (with 3 support images).
 current wall-clock time is Fri Feb  5 14:49:58 2016
That iteration took 1454689520.000000000000 seconds. 
 so far, we have found 185 tracks.

Looking for tracks between images at times 59588.160000000003 (image 7 / 16) and 59593.160000000003 (image 12 / 16)  (with 4 support images).
 current wall-clock time is Fri Feb  5 14:49:58 2016
That iteration took 1454689241.000000000000 seconds. 
 so far, we have found 187 tracks.

Looking for tracks between images at times 59588.160000000003 (image 7 / 16) and 59594.160000000003 (image 13 / 16)  (with 5 support images).
 current wall-clock time is Fri Feb  5 14:49:58 2016
That iteration took 1454688907.000000000000 seconds. 
 so far, we have found 189 tracks.

Looking for tracks between images at times 59588.160000000003 (image 7 / 16) and 59595.160000000003 (image 14 / 16)  (with 6 support images).
 current wall-clock time is Fri Feb  5 14:49:58 2016
That iteration took 1454688663.000000000000 seconds. 
 so far, we have found 191 tracks.

Looking for tracks between images at times 59588.160000000003 (image 7 / 16) and 59596.160000000003 (image 15 / 16)  (with 7 support images).
 current wall-clock time is Fri Feb  5 14:49:58 2016
That iteration took 1454688371.000000000000 seconds. 
 so far, we have found 194 tracks.

Looking for tracks between images at times 59589.160000000003 (image 8 / 16) and 59590.160000000003 (image 9 / 16)  (with 0 support images).
 current wall-clock time is Fri Feb  5 14:49:58 2016
That iteration took 1454688145.000000000000 seconds. 
 so far, we have found 194 tracks.

Looking for tracks between images at times 59589.160000000003 (image 8 / 16) and 59591.160000000003 (image 10 / 16)  (with 1 support images).
 current wall-clock time is Fri Feb  5 14:49:58 2016
That iteration took 1454688121.000000000000 seconds. 
 so far, we have found 196 tracks.

Looking for tracks between images at times 59589.160000000003 (image 8 / 16) and 59592.160000000003 (image 11 / 16)  (with 2 support images).
 current wall-clock time is Fri Feb  5 14:49:58 2016
That iteration took 1454687970.000000000000 seconds. 
 so far, we have found 198 tracks.

Looking for tracks between images at times 59589.160000000003 (image 8 / 16) and 59593.160000000003 (image 12 / 16)  (with 3 support images).
 current wall-clock time is Fri Feb  5 14:49:58 2016
That iteration took 1454687792.000000000000 seconds. 
 so far, we have found 200 tracks.

Looking for tracks between images at times 59589.160000000003 (image 8 / 16) and 59594.160000000003 (image 13 / 16)  (with 4 support images).
 current wall-clock time is Fri Feb  5 14:49:58 2016
That iteration took 1454687611.000000000000 seconds. 
 so far, we have found 201 tracks.

Looking for tracks between images at times 59589.160000000003 (image 8 / 16) and 59595.160000000003 (image 14 / 16)  (with 5 support images).
 current wall-clock time is Fri Feb  5 14:49:58 2016
That iteration took 1454687412.000000000000 seconds. 
 so far, we have found 203 tracks.

Looking for tracks between images at times 59589.160000000003 (image 8 / 16) and 59596.160000000003 (image 15 / 16)  (with 6 support images).
 current wall-clock time is Fri Feb  5 14:49:58 2016
That iteration took 1454687217.000000000000 seconds. 
 so far, we have found 205 tracks.

Looking for tracks between images at times 59590.160000000003 (image 9 / 16) and 59591.160000000003 (image 10 / 16)  (with 0 support images).
 current wall-clock time is Fri Feb  5 14:49:58 2016
That iteration took 1454687005.000000000000 seconds. 
 so far, we have found 205 tracks.

Looking for tracks between images at times 59590.160000000003 (image 9 / 16) and 59592.160000000003 (image 11 / 16)  (with 1 support images).
 current wall-clock time is Fri Feb  5 14:49:58 2016
That iteration took 1454686973.000000000000 seconds. 
 so far, we have found 207 tracks.

Looking for tracks between images at times 59590.160000000003 (image 9 / 16) and 59593.160000000003 (image 12 / 16)  (with 2 support images).
 current wall-clock time is Fri Feb  5 14:49:58 2016
That iteration took 1454686819.000000000000 seconds. 
 so far, we have found 209 tracks.

Looking for tracks between images at times 59590.160000000003 (image 9 / 16) and 59594.160000000003 (image 13 / 16)  (with 3 support images).
 current wall-clock time is Fri Feb  5 14:49:58 2016
That iteration took 1454686646.000000000000 seconds. 
 so far, we have found 211 tracks.

Looking for tracks between images at times 59590.160000000003 (image 9 / 16) and 59595.160000000003 (image 14 / 16)  (with 4 support images).
 current wall-clock time is Fri Feb  5 14:49:58 2016
That iteration took 1454686393.000000000000 seconds. 
 so far, we have found 212 tracks.

Looking for tracks between images at times 59590.160000000003 (image 9 / 16) and 59596.160000000003 (image 15 / 16)  (with 5 support images).
 current wall-clock time is Fri Feb  5 14:49:58 2016
That iteration took 1454686189.000000000000 seconds. 
 so far, we have found 214 tracks.

Looking for tracks between images at times 59591.160000000003 (image 10 / 16) and 59592.160000000003 (image 11 / 16)  (with 0 support images).
 current wall-clock time is Fri Feb  5 14:49:58 2016
That iteration took 1454685992.000000000000 seconds. 
 so far, we have found 214 tracks.

Looking for tracks between images at times 59591.160000000003 (image 10 / 16) and 59593.160000000003 (image 12 / 16)  (with 1 support images).
 current wall-clock time is Fri Feb  5 14:49:58 2016
That iteration took 1454685969.000000000000 seconds. 
 so far, we have found 216 tracks.

Looking for tracks between images at times 59591.160000000003 (image 10 / 16) and 59594.160000000003 (image 13 / 16)  (with 2 support images).
 current wall-clock time is Fri Feb  5 14:49:58 2016
That iteration took 1454685802.000000000000 seconds. 
 so far, we have found 218 tracks.

Looking for tracks between images at times 59591.160000000003 (image 10 / 16) and 59595.160000000003 (image 14 / 16)  (with 3 support images).
 current wall-clock time is Fri Feb  5 14:49:58 2016
That iteration took 1454685609.000000000000 seconds. 
 so far, we have found 220 tracks.

Looking for tracks between images at times 59591.160000000003 (image 10 / 16) and 59596.160000000003 (image 15 / 16)  (with 4 support images).
 current wall-clock time is Fri Feb  5 14:49:58 2016
That iteration took 1454685437.000000000000 seconds. 
 so far, we have found 221 tracks.

Looking for tracks between images at times 59592.160000000003 (image 11 / 16) and 59593.160000000003 (image 12 / 16)  (with 0 support images).
 current wall-clock time is Fri Feb  5 14:49:58 2016
That iteration took 1454685219.000000000000 seconds. 
 so far, we have found 221 tracks.

Looking for tracks between images at times 59592.160000000003 (image 11 / 16) and 59594.160000000003 (image 13 / 16)  (with 1 support images).
 current wall-clock time is Fri Feb  5 14:49:58 2016
That iteration took 1454685191.000000000000 seconds. 
 so far, we have found 223 tracks.

Looking for tracks between images at times 59592.160000000003 (image 11 / 16) and 59595.160000000003 (image 14 / 16)  (with 2 support images).
 current wall-clock time is Fri Feb  5 14:49:58 2016
That iteration took 1454685028.000000000000 seconds. 
 so far, we have found 225 tracks.

Looking for tracks between images at times 59592.160000000003 (image 11 / 16) and 59596.160000000003 (image 15 / 16)  (with 3 support images).
 current wall-clock time is Fri Feb  5 14:49:58 2016
That iteration took 1454684834.000000000000 seconds. 
 so far, we have found 227 tracks.

Looking for tracks between images at times 59593.160000000003 (image 12 / 16) and 59594.160000000003 (image 13 / 16)  (with 0 support images).
 current wall-clock time is Fri Feb  5 14:49:58 2016
That iteration took 1454684564.000000000000 seconds. 
 so far, we have found 227 tracks.

Looking for tracks between images at times 59593.160000000003 (image 12 / 16) and 59595.160000000003 (image 14 / 16)  (with 1 support images).
 current wall-clock time is Fri Feb  5 14:49:58 2016
That iteration took 1454684526.000000000000 seconds. 
 so far, we have found 229 tracks.

Looking for tracks between images at times 59593.160000000003 (image 12 / 16) and 59596.160000000003 (image 15 / 16)  (with 2 support images).
 current wall-clock time is Fri Feb  5 14:49:58 2016
That iteration took 1454684243.000000000000 seconds. 
 so far, we have found 231 tracks.

Looking for tracks between images at times 59594.160000000003 (image 13 / 16) and 59595.160000000003 (image 14 / 16)  (with 0 support images).
 current wall-clock time is Fri Feb  5 14:49:58 2016
That iteration took 1454683967.000000000000 seconds. 
 so far, we have found 231 tracks.

Looking for tracks between images at times 59594.160000000003 (image 13 / 16) and 59596.160000000003 (image 15 / 16)  (with 1 support images).
 current wall-clock time is Fri Feb  5 14:49:58 2016
That iteration took 1454683932.000000000000 seconds. 
 so far, we have found 233 tracks.

Looking for tracks between images at times 59595.160000000003 (image 14 / 16) and 59596.160000000003 (image 15 / 16)  (with 0 support images).
 current wall-clock time is Fri Feb  5 14:49:58 2016
That iteration took 1454683758.000000000000 seconds. 
 so far, we have found 233 tracks.

Found 120 valid start/end image pairs.
Finished linking.
Linking took 1454708640.000000000000 seconds.
TrackSet: purgeToFile called.
TrackSet: clearing component tracks from memory.
Results successfully written to disk.
Done. Exiting successfully.
Completed after 0.0000000000 seconds.
This process (37693) memory usage: 
------------------------------------------
------------------------------------------

