Set min unique nights per track: 3
Set min detections per track: 6
 Set output buffer size = 1000
Reading detections file 
Calculating topocentric correction 
Reading tracklets file 
Reading input took 0.0000000000 seconds.
Recentering all detections on (180, 0).
   Bounds were (in deg) R=[229.7250304660,  511.4890869330], D=[ -24.8317269676,  16.6339441186]
Setting tracklet velocities.
Sorting tracklets by image time and creating trees.
Doing the linking.
Looking for tracks between images at times 59605.160000000003 (image 0 / 5) and 59606.160000000003 (image 1 / 5)  (with 0 support images).
 current wall-clock time is Fri Feb  5 14:49:59 2016
That iteration took 1454709616.000000000000 seconds. 
 so far, we have found 0 tracks.

Looking for tracks between images at times 59605.160000000003 (image 0 / 5) and 59607.160000000003 (image 2 / 5)  (with 1 support images).
 current wall-clock time is Fri Feb  5 14:49:59 2016
That iteration took 1454709443.000000000000 seconds. 
 so far, we have found 2 tracks.

Looking for tracks between images at times 59605.160000000003 (image 0 / 5) and 59608.160000000003 (image 3 / 5)  (with 2 support images).
 current wall-clock time is Fri Feb  5 14:49:59 2016
That iteration took 1454709210.000000000000 seconds. 
 so far, we have found 4 tracks.

Looking for tracks between images at times 59605.160000000003 (image 0 / 5) and 59609.160000000003 (image 4 / 5)  (with 3 support images).
 current wall-clock time is Fri Feb  5 14:49:59 2016
That iteration took 1454709030.000000000000 seconds. 
 so far, we have found 6 tracks.

Looking for tracks between images at times 59606.160000000003 (image 1 / 5) and 59607.160000000003 (image 2 / 5)  (with 0 support images).
 current wall-clock time is Fri Feb  5 14:49:59 2016
That iteration took 1454708845.000000000000 seconds. 
 so far, we have found 6 tracks.

Looking for tracks between images at times 59606.160000000003 (image 1 / 5) and 59608.160000000003 (image 3 / 5)  (with 1 support images).
 current wall-clock time is Fri Feb  5 14:49:59 2016
That iteration took 1454708822.000000000000 seconds. 
 so far, we have found 8 tracks.

Looking for tracks between images at times 59606.160000000003 (image 1 / 5) and 59609.160000000003 (image 4 / 5)  (with 2 support images).
 current wall-clock time is Fri Feb  5 14:49:59 2016
That iteration took 1454708661.000000000000 seconds. 
 so far, we have found 10 tracks.

Looking for tracks between images at times 59607.160000000003 (image 2 / 5) and 59608.160000000003 (image 3 / 5)  (with 0 support images).
 current wall-clock time is Fri Feb  5 14:49:59 2016
That iteration took 1454708491.000000000000 seconds. 
 so far, we have found 10 tracks.

Looking for tracks between images at times 59607.160000000003 (image 2 / 5) and 59609.160000000003 (image 4 / 5)  (with 1 support images).
 current wall-clock time is Fri Feb  5 14:49:59 2016
That iteration took 1454708469.000000000000 seconds. 
 so far, we have found 12 tracks.

Looking for tracks between images at times 59608.160000000003 (image 3 / 5) and 59609.160000000003 (image 4 / 5)  (with 0 support images).
 current wall-clock time is Fri Feb  5 14:49:59 2016
That iteration took 1454708315.000000000000 seconds. 
 so far, we have found 12 tracks.

Found 10 valid start/end image pairs.
Finished linking.
Linking took 1454709618.000000000000 seconds.
TrackSet: purgeToFile called.
TrackSet: clearing component tracks from memory.
Results successfully written to disk.
Done. Exiting successfully.
Completed after 0.0000000000 seconds.
This process (37741) memory usage: 
------------------------------------------
------------------------------------------

