Set min unique nights per track: 3
Set min detections per track: 6
 Set output buffer size = 1000
Reading detections file 
Calculating topocentric correction 
Reading tracklets file 
Reading input took 0.0000000000 seconds.
Recentering all detections on (180, 0).
   Bounds were (in deg) R=[228.0775469120,  512.2234393270], D=[ -24.8317269676,  16.6339441186]
Setting tracklet velocities.
Sorting tracklets by image time and creating trees.
Doing the linking.
Looking for tracks between images at times 59600.160000000003 (image 0 / 10) and 59601.160000000003 (image 1 / 10)  (with 0 support images).
 current wall-clock time is Fri Feb  5 14:49:59 2016
That iteration took 1454709063.000000000000 seconds. 
 so far, we have found 0 tracks.

Looking for tracks between images at times 59600.160000000003 (image 0 / 10) and 59602.160000000003 (image 2 / 10)  (with 1 support images).
 current wall-clock time is Fri Feb  5 14:49:59 2016
That iteration took 1454708838.000000000000 seconds. 
 so far, we have found 2 tracks.

Looking for tracks between images at times 59600.160000000003 (image 0 / 10) and 59603.160000000003 (image 3 / 10)  (with 2 support images).
 current wall-clock time is Fri Feb  5 14:49:59 2016
That iteration took 1454708595.000000000000 seconds. 
 so far, we have found 4 tracks.

Looking for tracks between images at times 59600.160000000003 (image 0 / 10) and 59604.160000000003 (image 4 / 10)  (with 3 support images).
 current wall-clock time is Fri Feb  5 14:49:59 2016
That iteration took 1454708400.000000000000 seconds. 
 so far, we have found 6 tracks.

Looking for tracks between images at times 59600.160000000003 (image 0 / 10) and 59605.160000000003 (image 5 / 10)  (with 4 support images).
 current wall-clock time is Fri Feb  5 14:49:59 2016
That iteration took 1454708215.000000000000 seconds. 
 so far, we have found 8 tracks.

Looking for tracks between images at times 59600.160000000003 (image 0 / 10) and 59606.160000000003 (image 6 / 10)  (with 5 support images).
 current wall-clock time is Fri Feb  5 14:49:59 2016
That iteration took 1454708007.000000000000 seconds. 
 so far, we have found 10 tracks.

Looking for tracks between images at times 59600.160000000003 (image 0 / 10) and 59607.160000000003 (image 7 / 10)  (with 6 support images).
 current wall-clock time is Fri Feb  5 14:49:59 2016
That iteration took 1454707807.000000000000 seconds. 
 so far, we have found 12 tracks.

Looking for tracks between images at times 59600.160000000003 (image 0 / 10) and 59608.160000000003 (image 8 / 10)  (with 7 support images).
 current wall-clock time is Fri Feb  5 14:49:59 2016
That iteration took 1454707580.000000000000 seconds. 
 so far, we have found 14 tracks.

Looking for tracks between images at times 59600.160000000003 (image 0 / 10) and 59609.160000000003 (image 9 / 10)  (with 8 support images).
 current wall-clock time is Fri Feb  5 14:49:59 2016
That iteration took 1454707360.000000000000 seconds. 
 so far, we have found 16 tracks.

Looking for tracks between images at times 59601.160000000003 (image 1 / 10) and 59602.160000000003 (image 2 / 10)  (with 0 support images).
 current wall-clock time is Fri Feb  5 14:49:59 2016
That iteration took 1454707107.000000000000 seconds. 
 so far, we have found 16 tracks.

Looking for tracks between images at times 59601.160000000003 (image 1 / 10) and 59603.160000000003 (image 3 / 10)  (with 1 support images).
 current wall-clock time is Fri Feb  5 14:49:59 2016
That iteration took 1454707085.000000000000 seconds. 
 so far, we have found 18 tracks.

Looking for tracks between images at times 59601.160000000003 (image 1 / 10) and 59604.160000000003 (image 4 / 10)  (with 2 support images).
 current wall-clock time is Fri Feb  5 14:49:59 2016
That iteration took 1454706854.000000000000 seconds. 
 so far, we have found 20 tracks.

Looking for tracks between images at times 59601.160000000003 (image 1 / 10) and 59605.160000000003 (image 5 / 10)  (with 3 support images).
 current wall-clock time is Fri Feb  5 14:49:59 2016
That iteration took 1454706652.000000000000 seconds. 
 so far, we have found 22 tracks.

Looking for tracks between images at times 59601.160000000003 (image 1 / 10) and 59606.160000000003 (image 6 / 10)  (with 4 support images).
 current wall-clock time is Fri Feb  5 14:49:59 2016
That iteration took 1454706446.000000000000 seconds. 
 so far, we have found 24 tracks.

Looking for tracks between images at times 59601.160000000003 (image 1 / 10) and 59607.160000000003 (image 7 / 10)  (with 5 support images).
 current wall-clock time is Fri Feb  5 14:49:59 2016
That iteration took 1454706220.000000000000 seconds. 
 so far, we have found 26 tracks.

Looking for tracks between images at times 59601.160000000003 (image 1 / 10) and 59608.160000000003 (image 8 / 10)  (with 6 support images).
 current wall-clock time is Fri Feb  5 14:49:59 2016
That iteration took 1454706003.000000000000 seconds. 
 so far, we have found 28 tracks.

Looking for tracks between images at times 59601.160000000003 (image 1 / 10) and 59609.160000000003 (image 9 / 10)  (with 7 support images).
 current wall-clock time is Fri Feb  5 14:49:59 2016
That iteration took 1454705773.000000000000 seconds. 
 so far, we have found 30 tracks.

Looking for tracks between images at times 59602.160000000003 (image 2 / 10) and 59603.160000000003 (image 3 / 10)  (with 0 support images).
 current wall-clock time is Fri Feb  5 14:49:59 2016
That iteration took 1454705541.000000000000 seconds. 
 so far, we have found 30 tracks.

Looking for tracks between images at times 59602.160000000003 (image 2 / 10) and 59604.160000000003 (image 4 / 10)  (with 1 support images).
 current wall-clock time is Fri Feb  5 14:49:59 2016
That iteration took 1454705517.000000000000 seconds. 
 so far, we have found 32 tracks.

Looking for tracks between images at times 59602.160000000003 (image 2 / 10) and 59605.160000000003 (image 5 / 10)  (with 2 support images).
 current wall-clock time is Fri Feb  5 14:49:59 2016
That iteration took 1454705350.000000000000 seconds. 
 so far, we have found 34 tracks.

Looking for tracks between images at times 59602.160000000003 (image 2 / 10) and 59606.160000000003 (image 6 / 10)  (with 3 support images).
 current wall-clock time is Fri Feb  5 14:49:59 2016
That iteration took 1454705164.000000000000 seconds. 
 so far, we have found 36 tracks.

Looking for tracks between images at times 59602.160000000003 (image 2 / 10) and 59607.160000000003 (image 7 / 10)  (with 4 support images).
 current wall-clock time is Fri Feb  5 14:49:59 2016
That iteration took 1454704970.000000000000 seconds. 
 so far, we have found 38 tracks.

Looking for tracks between images at times 59602.160000000003 (image 2 / 10) and 59608.160000000003 (image 8 / 10)  (with 5 support images).
 current wall-clock time is Fri Feb  5 14:49:59 2016
That iteration took 1454704756.000000000000 seconds. 
 so far, we have found 40 tracks.

Looking for tracks between images at times 59602.160000000003 (image 2 / 10) and 59609.160000000003 (image 9 / 10)  (with 6 support images).
 current wall-clock time is Fri Feb  5 14:49:59 2016
That iteration took 1454704536.000000000000 seconds. 
 so far, we have found 42 tracks.

Looking for tracks between images at times 59603.160000000003 (image 3 / 10) and 59604.160000000003 (image 4 / 10)  (with 0 support images).
 current wall-clock time is Fri Feb  5 14:49:59 2016
That iteration took 1454704312.000000000000 seconds. 
 so far, we have found 42 tracks.

Looking for tracks between images at times 59603.160000000003 (image 3 / 10) and 59605.160000000003 (image 5 / 10)  (with 1 support images).
 current wall-clock time is Fri Feb  5 14:49:59 2016
That iteration took 1454704289.000000000000 seconds. 
 so far, we have found 44 tracks.

Looking for tracks between images at times 59603.160000000003 (image 3 / 10) and 59606.160000000003 (image 6 / 10)  (with 2 support images).
 current wall-clock time is Fri Feb  5 14:49:59 2016
That iteration took 1454704046.000000000000 seconds. 
 so far, we have found 46 tracks.

Looking for tracks between images at times 59603.160000000003 (image 3 / 10) and 59607.160000000003 (image 7 / 10)  (with 3 support images).
 current wall-clock time is Fri Feb  5 14:49:59 2016
That iteration took 1454703868.000000000000 seconds. 
 so far, we have found 48 tracks.

Looking for tracks between images at times 59603.160000000003 (image 3 / 10) and 59608.160000000003 (image 8 / 10)  (with 4 support images).
 current wall-clock time is Fri Feb  5 14:49:59 2016
That iteration took 1454703680.000000000000 seconds. 
 so far, we have found 50 tracks.

Looking for tracks between images at times 59603.160000000003 (image 3 / 10) and 59609.160000000003 (image 9 / 10)  (with 5 support images).
 current wall-clock time is Fri Feb  5 14:49:59 2016
That iteration took 1454703469.000000000000 seconds. 
 so far, we have found 52 tracks.

Looking for tracks between images at times 59604.160000000003 (image 4 / 10) and 59605.160000000003 (image 5 / 10)  (with 0 support images).
 current wall-clock time is Fri Feb  5 14:49:59 2016
That iteration took 1454703266.000000000000 seconds. 
 so far, we have found 52 tracks.

Looking for tracks between images at times 59604.160000000003 (image 4 / 10) and 59606.160000000003 (image 6 / 10)  (with 1 support images).
 current wall-clock time is Fri Feb  5 14:49:59 2016
That iteration took 1454703244.000000000000 seconds. 
 so far, we have found 54 tracks.

Looking for tracks between images at times 59604.160000000003 (image 4 / 10) and 59607.160000000003 (image 7 / 10)  (with 2 support images).
 current wall-clock time is Fri Feb  5 14:49:59 2016
That iteration took 1454703071.000000000000 seconds. 
 so far, we have found 56 tracks.

Looking for tracks between images at times 59604.160000000003 (image 4 / 10) and 59608.160000000003 (image 8 / 10)  (with 3 support images).
 current wall-clock time is Fri Feb  5 14:49:59 2016
That iteration took 1454702904.000000000000 seconds. 
 so far, we have found 58 tracks.

Looking for tracks between images at times 59604.160000000003 (image 4 / 10) and 59609.160000000003 (image 9 / 10)  (with 4 support images).
 current wall-clock time is Fri Feb  5 14:49:59 2016
That iteration took 1454702722.000000000000 seconds. 
 so far, we have found 60 tracks.

Looking for tracks between images at times 59605.160000000003 (image 5 / 10) and 59606.160000000003 (image 6 / 10)  (with 0 support images).
 current wall-clock time is Fri Feb  5 14:49:59 2016
That iteration took 1454702523.000000000000 seconds. 
 so far, we have found 60 tracks.

Looking for tracks between images at times 59605.160000000003 (image 5 / 10) and 59607.160000000003 (image 7 / 10)  (with 1 support images).
 current wall-clock time is Fri Feb  5 14:49:59 2016
That iteration took 1454702501.000000000000 seconds. 
 so far, we have found 62 tracks.

Looking for tracks between images at times 59605.160000000003 (image 5 / 10) and 59608.160000000003 (image 8 / 10)  (with 2 support images).
 current wall-clock time is Fri Feb  5 14:49:59 2016
That iteration took 1454702345.000000000000 seconds. 
 so far, we have found 64 tracks.

Looking for tracks between images at times 59605.160000000003 (image 5 / 10) and 59609.160000000003 (image 9 / 10)  (with 3 support images).
 current wall-clock time is Fri Feb  5 14:49:59 2016
That iteration took 1454702176.000000000000 seconds. 
 so far, we have found 66 tracks.

Looking for tracks between images at times 59606.160000000003 (image 6 / 10) and 59607.160000000003 (image 7 / 10)  (with 0 support images).
 current wall-clock time is Fri Feb  5 14:49:59 2016
That iteration took 1454701995.000000000000 seconds. 
 so far, we have found 66 tracks.

Looking for tracks between images at times 59606.160000000003 (image 6 / 10) and 59608.160000000003 (image 8 / 10)  (with 1 support images).
 current wall-clock time is Fri Feb  5 14:49:59 2016
That iteration took 1454701973.000000000000 seconds. 
 so far, we have found 68 tracks.

Looking for tracks between images at times 59606.160000000003 (image 6 / 10) and 59609.160000000003 (image 9 / 10)  (with 2 support images).
 current wall-clock time is Fri Feb  5 14:49:59 2016
That iteration took 1454701820.000000000000 seconds. 
 so far, we have found 70 tracks.

Looking for tracks between images at times 59607.160000000003 (image 7 / 10) and 59608.160000000003 (image 8 / 10)  (with 0 support images).
 current wall-clock time is Fri Feb  5 14:49:59 2016
That iteration took 1454701646.000000000000 seconds. 
 so far, we have found 70 tracks.

Looking for tracks between images at times 59607.160000000003 (image 7 / 10) and 59609.160000000003 (image 9 / 10)  (with 1 support images).
 current wall-clock time is Fri Feb  5 14:49:59 2016
That iteration took 1454701622.000000000000 seconds. 
 so far, we have found 72 tracks.

Looking for tracks between images at times 59608.160000000003 (image 8 / 10) and 59609.160000000003 (image 9 / 10)  (with 0 support images).
 current wall-clock time is Fri Feb  5 14:49:59 2016
That iteration took 1454701470.000000000000 seconds. 
 so far, we have found 72 tracks.

Found 45 valid start/end image pairs.
Finished linking.
Linking took 1454709066.000000000000 seconds.
TrackSet: purgeToFile called.
TrackSet: clearing component tracks from memory.
Results successfully written to disk.
Done. Exiting successfully.
Completed after 0.0000000000 seconds.
This process (37731) memory usage: 
------------------------------------------
------------------------------------------

