Set min unique nights per track: 3
Set min detections per track: 6
 Set output buffer size = 1000
Reading detections file 
Calculating topocentric correction 
Reading tracklets file 
Reading input took 0.0000000000 seconds.
Recentering all detections on (180, 0).
   Bounds were (in deg) R=[228.7477995510,  511.9426699800], D=[ -24.8317269676,  16.6339441186]
Setting tracklet velocities.
Sorting tracklets by image time and creating trees.
Doing the linking.
Looking for tracks between images at times 59602.160000000003 (image 0 / 8) and 59603.160000000003 (image 1 / 8)  (with 0 support images).
 current wall-clock time is Wed Mar 29 09:15:16 2017
That iteration took 1490793699.000000000000 seconds. 
 so far, we have found 0 tracks.

Looking for tracks between images at times 59602.160000000003 (image 0 / 8) and 59604.160000000003 (image 2 / 8)  (with 1 support images).
 current wall-clock time is Wed Mar 29 09:15:16 2017
That iteration took 1490793412.000000000000 seconds. 
 so far, we have found 2 tracks.

Looking for tracks between images at times 59602.160000000003 (image 0 / 8) and 59605.160000000003 (image 3 / 8)  (with 2 support images).
 current wall-clock time is Wed Mar 29 09:15:16 2017
That iteration took 1490792950.000000000000 seconds. 
 so far, we have found 4 tracks.

Looking for tracks between images at times 59602.160000000003 (image 0 / 8) and 59606.160000000003 (image 4 / 8)  (with 3 support images).
 current wall-clock time is Wed Mar 29 09:15:16 2017
That iteration took 1490792582.000000000000 seconds. 
 so far, we have found 6 tracks.

Looking for tracks between images at times 59602.160000000003 (image 0 / 8) and 59607.160000000003 (image 5 / 8)  (with 4 support images).
 current wall-clock time is Wed Mar 29 09:15:16 2017
That iteration took 1490792206.000000000000 seconds. 
 so far, we have found 8 tracks.

Looking for tracks between images at times 59602.160000000003 (image 0 / 8) and 59608.160000000003 (image 6 / 8)  (with 5 support images).
 current wall-clock time is Wed Mar 29 09:15:16 2017
That iteration took 1490791785.000000000000 seconds. 
 so far, we have found 10 tracks.

Looking for tracks between images at times 59602.160000000003 (image 0 / 8) and 59609.160000000003 (image 7 / 8)  (with 6 support images).
 current wall-clock time is Wed Mar 29 09:15:16 2017
That iteration took 1490791363.000000000000 seconds. 
 so far, we have found 12 tracks.

Looking for tracks between images at times 59603.160000000003 (image 1 / 8) and 59604.160000000003 (image 2 / 8)  (with 0 support images).
 current wall-clock time is Wed Mar 29 09:15:16 2017
That iteration took 1490790953.000000000000 seconds. 
 so far, we have found 12 tracks.

Looking for tracks between images at times 59603.160000000003 (image 1 / 8) and 59605.160000000003 (image 3 / 8)  (with 1 support images).
 current wall-clock time is Wed Mar 29 09:15:16 2017
That iteration took 1490790931.000000000000 seconds. 
 so far, we have found 14 tracks.

Looking for tracks between images at times 59603.160000000003 (image 1 / 8) and 59606.160000000003 (image 4 / 8)  (with 2 support images).
 current wall-clock time is Wed Mar 29 09:15:16 2017
That iteration took 1490790647.000000000000 seconds. 
 so far, we have found 16 tracks.

Looking for tracks between images at times 59603.160000000003 (image 1 / 8) and 59607.160000000003 (image 5 / 8)  (with 3 support images).
 current wall-clock time is Wed Mar 29 09:15:16 2017
That iteration took 1490790337.000000000000 seconds. 
 so far, we have found 18 tracks.

Looking for tracks between images at times 59603.160000000003 (image 1 / 8) and 59608.160000000003 (image 6 / 8)  (with 4 support images).
 current wall-clock time is Wed Mar 29 09:15:16 2017
That iteration took 1490790015.000000000000 seconds. 
 so far, we have found 20 tracks.

Looking for tracks between images at times 59603.160000000003 (image 1 / 8) and 59609.160000000003 (image 7 / 8)  (with 5 support images).
 current wall-clock time is Wed Mar 29 09:15:16 2017
That iteration took 1490789618.000000000000 seconds. 
 so far, we have found 22 tracks.

Looking for tracks between images at times 59604.160000000003 (image 2 / 8) and 59605.160000000003 (image 3 / 8)  (with 0 support images).
 current wall-clock time is Wed Mar 29 09:15:16 2017
That iteration took 1490789234.000000000000 seconds. 
 so far, we have found 22 tracks.

Looking for tracks between images at times 59604.160000000003 (image 2 / 8) and 59606.160000000003 (image 4 / 8)  (with 1 support images).
 current wall-clock time is Wed Mar 29 09:15:16 2017
That iteration took 1490789195.000000000000 seconds. 
 so far, we have found 24 tracks.

Looking for tracks between images at times 59604.160000000003 (image 2 / 8) and 59607.160000000003 (image 5 / 8)  (with 2 support images).
 current wall-clock time is Wed Mar 29 09:15:16 2017
That iteration took 1490788888.000000000000 seconds. 
 so far, we have found 26 tracks.

Looking for tracks between images at times 59604.160000000003 (image 2 / 8) and 59608.160000000003 (image 6 / 8)  (with 3 support images).
 current wall-clock time is Wed Mar 29 09:15:16 2017
That iteration took 1490788550.000000000000 seconds. 
 so far, we have found 28 tracks.

Looking for tracks between images at times 59604.160000000003 (image 2 / 8) and 59609.160000000003 (image 7 / 8)  (with 4 support images).
 current wall-clock time is Wed Mar 29 09:15:16 2017
That iteration took 1490788180.000000000000 seconds. 
 so far, we have found 30 tracks.

Looking for tracks between images at times 59605.160000000003 (image 3 / 8) and 59606.160000000003 (image 4 / 8)  (with 0 support images).
 current wall-clock time is Wed Mar 29 09:15:16 2017
That iteration took 1490787763.000000000000 seconds. 
 so far, we have found 30 tracks.

Looking for tracks between images at times 59605.160000000003 (image 3 / 8) and 59607.160000000003 (image 5 / 8)  (with 1 support images).
 current wall-clock time is Wed Mar 29 09:15:16 2017
That iteration took 1490787740.000000000000 seconds. 
 so far, we have found 32 tracks.

Looking for tracks between images at times 59605.160000000003 (image 3 / 8) and 59608.160000000003 (image 6 / 8)  (with 2 support images).
 current wall-clock time is Wed Mar 29 09:15:16 2017
That iteration took 1490787424.000000000000 seconds. 
 so far, we have found 34 tracks.

Looking for tracks between images at times 59605.160000000003 (image 3 / 8) and 59609.160000000003 (image 7 / 8)  (with 3 support images).
 current wall-clock time is Wed Mar 29 09:15:16 2017
That iteration took 1490787079.000000000000 seconds. 
 so far, we have found 36 tracks.

Looking for tracks between images at times 59606.160000000003 (image 4 / 8) and 59607.160000000003 (image 5 / 8)  (with 0 support images).
 current wall-clock time is Wed Mar 29 09:15:16 2017
That iteration took 1490786717.000000000000 seconds. 
 so far, we have found 36 tracks.

Looking for tracks between images at times 59606.160000000003 (image 4 / 8) and 59608.160000000003 (image 6 / 8)  (with 1 support images).
 current wall-clock time is Wed Mar 29 09:15:16 2017
That iteration took 1490786694.000000000000 seconds. 
 so far, we have found 38 tracks.

Looking for tracks between images at times 59606.160000000003 (image 4 / 8) and 59609.160000000003 (image 7 / 8)  (with 2 support images).
 current wall-clock time is Wed Mar 29 09:15:16 2017
That iteration took 1490786376.000000000000 seconds. 
 so far, we have found 40 tracks.

Looking for tracks between images at times 59607.160000000003 (image 5 / 8) and 59608.160000000003 (image 6 / 8)  (with 0 support images).
 current wall-clock time is Wed Mar 29 09:15:16 2017
That iteration took 1490786040.000000000000 seconds. 
 so far, we have found 40 tracks.

Looking for tracks between images at times 59607.160000000003 (image 5 / 8) and 59609.160000000003 (image 7 / 8)  (with 1 support images).
 current wall-clock time is Wed Mar 29 09:15:16 2017
That iteration took 1490786017.000000000000 seconds. 
 so far, we have found 42 tracks.

Looking for tracks between images at times 59608.160000000003 (image 6 / 8) and 59609.160000000003 (image 7 / 8)  (with 0 support images).
 current wall-clock time is Wed Mar 29 09:15:16 2017
That iteration took 1490785700.000000000000 seconds. 
 so far, we have found 42 tracks.

Found 28 valid start/end image pairs.
Finished linking.
Linking took 1490793702.000000000000 seconds.
TrackSet: purgeToFile called.
TrackSet: clearing component tracks from memory.
Results successfully written to disk.
Done. Exiting successfully.
Completed after 0.0000000000 seconds.
This process (42815) memory usage: 
------------------------------------------
------------------------------------------

