Set min unique nights per track: 3
Set min detections per track: 6
 Set output buffer size = 1000
Reading detections file 
Calculating topocentric correction 
Reading tracklets file 
Reading input took 0.0000000000 seconds.
Recentering all detections on (180, 0).
   Bounds were (in deg) R=[222.2374022120,  513.7529119500], D=[ -23.9873205809,  15.5464364539]
Setting tracklet velocities.
Sorting tracklets by image time and creating trees.
Doing the linking.
Looking for tracks between images at times 59584.160000000003 (image 0 / 16) and 59585.160000000003 (image 1 / 16)  (with 0 support images).
 current wall-clock time is Wed Mar 29 09:15:16 2017
That iteration took 1490793097.000000000000 seconds. 
 so far, we have found 0 tracks.

Looking for tracks between images at times 59584.160000000003 (image 0 / 16) and 59586.160000000003 (image 2 / 16)  (with 1 support images).
 current wall-clock time is Wed Mar 29 09:15:16 2017
That iteration took 1490792834.000000000000 seconds. 
 so far, we have found 2 tracks.

Looking for tracks between images at times 59584.160000000003 (image 0 / 16) and 59587.160000000003 (image 3 / 16)  (with 2 support images).
 current wall-clock time is Wed Mar 29 09:15:16 2017
That iteration took 1490792298.000000000000 seconds. 
 so far, we have found 4 tracks.

Looking for tracks between images at times 59584.160000000003 (image 0 / 16) and 59588.160000000003 (image 4 / 16)  (with 3 support images).
 current wall-clock time is Wed Mar 29 09:15:16 2017
That iteration took 1490791943.000000000000 seconds. 
 so far, we have found 6 tracks.

Looking for tracks between images at times 59584.160000000003 (image 0 / 16) and 59589.160000000003 (image 5 / 16)  (with 4 support images).
 current wall-clock time is Wed Mar 29 09:15:16 2017
That iteration took 1490791583.000000000000 seconds. 
 so far, we have found 8 tracks.

Looking for tracks between images at times 59584.160000000003 (image 0 / 16) and 59590.160000000003 (image 6 / 16)  (with 5 support images).
 current wall-clock time is Wed Mar 29 09:15:16 2017
That iteration took 1490791163.000000000000 seconds. 
 so far, we have found 11 tracks.

Looking for tracks between images at times 59584.160000000003 (image 0 / 16) and 59591.160000000003 (image 7 / 16)  (with 6 support images).
 current wall-clock time is Wed Mar 29 09:15:16 2017
That iteration took 1490790747.000000000000 seconds. 
 so far, we have found 13 tracks.

Looking for tracks between images at times 59584.160000000003 (image 0 / 16) and 59592.160000000003 (image 8 / 16)  (with 7 support images).
 current wall-clock time is Wed Mar 29 09:15:16 2017
That iteration took 1490790293.000000000000 seconds. 
 so far, we have found 16 tracks.

Looking for tracks between images at times 59584.160000000003 (image 0 / 16) and 59593.160000000003 (image 9 / 16)  (with 8 support images).
 current wall-clock time is Wed Mar 29 09:15:16 2017
That iteration took 1490789822.000000000000 seconds. 
 so far, we have found 18 tracks.

Looking for tracks between images at times 59584.160000000003 (image 0 / 16) and 59594.160000000003 (image 10 / 16)  (with 9 support images).
 current wall-clock time is Wed Mar 29 09:15:16 2017
That iteration took 1490789288.000000000000 seconds. 
 so far, we have found 21 tracks.

Looking for tracks between images at times 59584.160000000003 (image 0 / 16) and 59595.160000000003 (image 11 / 16)  (with 10 support images).
 current wall-clock time is Wed Mar 29 09:15:16 2017
That iteration took 1490788754.000000000000 seconds. 
 so far, we have found 24 tracks.

Looking for tracks between images at times 59584.160000000003 (image 0 / 16) and 59596.160000000003 (image 12 / 16)  (with 11 support images).
 current wall-clock time is Wed Mar 29 09:15:16 2017
That iteration took 1490788186.000000000000 seconds. 
 so far, we have found 27 tracks.

Looking for tracks between images at times 59584.160000000003 (image 0 / 16) and 59597.160000000003 (image 13 / 16)  (with 12 support images).
 current wall-clock time is Wed Mar 29 09:15:16 2017
That iteration took 1490787587.000000000000 seconds. 
 so far, we have found 30 tracks.

Looking for tracks between images at times 59584.160000000003 (image 0 / 16) and 59598.160000000003 (image 14 / 16)  (with 13 support images).
 current wall-clock time is Wed Mar 29 09:15:16 2017
That iteration took 1490786958.000000000000 seconds. 
 so far, we have found 32 tracks.

Looking for tracks between images at times 59584.160000000003 (image 0 / 16) and 59599.160000000003 (image 15 / 16)  (with 14 support images).
 current wall-clock time is Wed Mar 29 09:15:16 2017
That iteration took 1490786326.000000000000 seconds. 
 so far, we have found 34 tracks.

Looking for tracks between images at times 59585.160000000003 (image 1 / 16) and 59586.160000000003 (image 2 / 16)  (with 0 support images).
 current wall-clock time is Wed Mar 29 09:15:16 2017
That iteration took 1490785672.000000000000 seconds. 
 so far, we have found 34 tracks.

Looking for tracks between images at times 59585.160000000003 (image 1 / 16) and 59587.160000000003 (image 3 / 16)  (with 1 support images).
 current wall-clock time is Wed Mar 29 09:15:16 2017
That iteration took 1490785649.000000000000 seconds. 
 so far, we have found 36 tracks.

Looking for tracks between images at times 59585.160000000003 (image 1 / 16) and 59588.160000000003 (image 4 / 16)  (with 2 support images).
 current wall-clock time is Wed Mar 29 09:15:16 2017
That iteration took 1490785329.000000000000 seconds. 
 so far, we have found 37 tracks.

Looking for tracks between images at times 59585.160000000003 (image 1 / 16) and 59589.160000000003 (image 5 / 16)  (with 3 support images).
 current wall-clock time is Wed Mar 29 09:15:16 2017
That iteration took 1490784961.000000000000 seconds. 
 so far, we have found 39 tracks.

Looking for tracks between images at times 59585.160000000003 (image 1 / 16) and 59590.160000000003 (image 6 / 16)  (with 4 support images).
 current wall-clock time is Wed Mar 29 09:15:16 2017
That iteration took 1490784614.000000000000 seconds. 
 so far, we have found 41 tracks.

Looking for tracks between images at times 59585.160000000003 (image 1 / 16) and 59591.160000000003 (image 7 / 16)  (with 5 support images).
 current wall-clock time is Wed Mar 29 09:15:16 2017
That iteration took 1490784200.000000000000 seconds. 
 so far, we have found 43 tracks.

Looking for tracks between images at times 59585.160000000003 (image 1 / 16) and 59592.160000000003 (image 8 / 16)  (with 6 support images).
 current wall-clock time is Wed Mar 29 09:15:16 2017
That iteration took 1490783796.000000000000 seconds. 
 so far, we have found 45 tracks.

Looking for tracks between images at times 59585.160000000003 (image 1 / 16) and 59593.160000000003 (image 9 / 16)  (with 7 support images).
 current wall-clock time is Wed Mar 29 09:15:16 2017
That iteration took 1490783340.000000000000 seconds. 
 so far, we have found 48 tracks.

Looking for tracks between images at times 59585.160000000003 (image 1 / 16) and 59594.160000000003 (image 10 / 16)  (with 8 support images).
 current wall-clock time is Wed Mar 29 09:15:16 2017
That iteration took 1490782868.000000000000 seconds. 
 so far, we have found 50 tracks.

Looking for tracks between images at times 59585.160000000003 (image 1 / 16) and 59595.160000000003 (image 11 / 16)  (with 9 support images).
 current wall-clock time is Wed Mar 29 09:15:16 2017
That iteration took 1490782295.000000000000 seconds. 
 so far, we have found 53 tracks.

Looking for tracks between images at times 59585.160000000003 (image 1 / 16) and 59596.160000000003 (image 12 / 16)  (with 10 support images).
 current wall-clock time is Wed Mar 29 09:15:16 2017
That iteration took 1490781750.000000000000 seconds. 
 so far, we have found 56 tracks.

Looking for tracks between images at times 59585.160000000003 (image 1 / 16) and 59597.160000000003 (image 13 / 16)  (with 11 support images).
 current wall-clock time is Wed Mar 29 09:15:16 2017
That iteration took 1490781170.000000000000 seconds. 
 so far, we have found 59 tracks.

Looking for tracks between images at times 59585.160000000003 (image 1 / 16) and 59598.160000000003 (image 14 / 16)  (with 12 support images).
 current wall-clock time is Wed Mar 29 09:15:16 2017
That iteration took 1490780533.000000000000 seconds. 
 so far, we have found 62 tracks.

Looking for tracks between images at times 59585.160000000003 (image 1 / 16) and 59599.160000000003 (image 15 / 16)  (with 13 support images).
 current wall-clock time is Wed Mar 29 09:15:16 2017
That iteration took 1490779917.000000000000 seconds. 
 so far, we have found 64 tracks.

Looking for tracks between images at times 59586.160000000003 (image 2 / 16) and 59587.160000000003 (image 3 / 16)  (with 0 support images).
 current wall-clock time is Wed Mar 29 09:15:16 2017
That iteration took 1490779304.000000000000 seconds. 
 so far, we have found 64 tracks.

Looking for tracks between images at times 59586.160000000003 (image 2 / 16) and 59588.160000000003 (image 4 / 16)  (with 1 support images).
 current wall-clock time is Wed Mar 29 09:15:16 2017
That iteration took 1490779283.000000000000 seconds. 
 so far, we have found 66 tracks.

Looking for tracks between images at times 59586.160000000003 (image 2 / 16) and 59589.160000000003 (image 5 / 16)  (with 2 support images).
 current wall-clock time is Wed Mar 29 09:15:16 2017
That iteration took 1490778986.000000000000 seconds. 
 so far, we have found 68 tracks.

Looking for tracks between images at times 59586.160000000003 (image 2 / 16) and 59590.160000000003 (image 6 / 16)  (with 3 support images).
 current wall-clock time is Wed Mar 29 09:15:16 2017
That iteration took 1490778621.000000000000 seconds. 
 so far, we have found 70 tracks.

Looking for tracks between images at times 59586.160000000003 (image 2 / 16) and 59591.160000000003 (image 7 / 16)  (with 4 support images).
 current wall-clock time is Wed Mar 29 09:15:16 2017
That iteration took 1490778276.000000000000 seconds. 
 so far, we have found 72 tracks.

Looking for tracks between images at times 59586.160000000003 (image 2 / 16) and 59592.160000000003 (image 8 / 16)  (with 5 support images).
 current wall-clock time is Wed Mar 29 09:15:16 2017
That iteration took 1490777850.000000000000 seconds. 
 so far, we have found 74 tracks.

Looking for tracks between images at times 59586.160000000003 (image 2 / 16) and 59593.160000000003 (image 9 / 16)  (with 6 support images).
 current wall-clock time is Wed Mar 29 09:15:16 2017
That iteration took 1490777443.000000000000 seconds. 
 so far, we have found 76 tracks.

Looking for tracks between images at times 59586.160000000003 (image 2 / 16) and 59594.160000000003 (image 10 / 16)  (with 7 support images).
 current wall-clock time is Wed Mar 29 09:15:16 2017
That iteration took 1490776992.000000000000 seconds. 
 so far, we have found 79 tracks.

Looking for tracks between images at times 59586.160000000003 (image 2 / 16) and 59595.160000000003 (image 11 / 16)  (with 8 support images).
 current wall-clock time is Wed Mar 29 09:15:16 2017
That iteration took 1490776519.000000000000 seconds. 
 so far, we have found 81 tracks.

Looking for tracks between images at times 59586.160000000003 (image 2 / 16) and 59596.160000000003 (image 12 / 16)  (with 9 support images).
 current wall-clock time is Wed Mar 29 09:15:16 2017
That iteration took 1490776005.000000000000 seconds. 
 so far, we have found 84 tracks.

Looking for tracks between images at times 59586.160000000003 (image 2 / 16) and 59597.160000000003 (image 13 / 16)  (with 10 support images).
 current wall-clock time is Wed Mar 29 09:15:16 2017
That iteration took 1490775490.000000000000 seconds. 
 so far, we have found 87 tracks.

Looking for tracks between images at times 59586.160000000003 (image 2 / 16) and 59598.160000000003 (image 14 / 16)  (with 11 support images).
 current wall-clock time is Wed Mar 29 09:15:16 2017
That iteration took 1490774922.000000000000 seconds. 
 so far, we have found 90 tracks.

Looking for tracks between images at times 59586.160000000003 (image 2 / 16) and 59599.160000000003 (image 15 / 16)  (with 12 support images).
 current wall-clock time is Wed Mar 29 09:15:16 2017
That iteration took 1490774345.000000000000 seconds. 
 so far, we have found 93 tracks.

Looking for tracks between images at times 59587.160000000003 (image 3 / 16) and 59588.160000000003 (image 4 / 16)  (with 0 support images).
 current wall-clock time is Wed Mar 29 09:15:16 2017
That iteration took 1490773730.000000000000 seconds. 
 so far, we have found 93 tracks.

Looking for tracks between images at times 59587.160000000003 (image 3 / 16) and 59589.160000000003 (image 5 / 16)  (with 1 support images).
 current wall-clock time is Wed Mar 29 09:15:16 2017
That iteration took 1490773707.000000000000 seconds. 
 so far, we have found 95 tracks.

Looking for tracks between images at times 59587.160000000003 (image 3 / 16) and 59590.160000000003 (image 6 / 16)  (with 2 support images).
 current wall-clock time is Wed Mar 29 09:15:16 2017
That iteration took 1490773402.000000000000 seconds. 
 so far, we have found 97 tracks.

Looking for tracks between images at times 59587.160000000003 (image 3 / 16) and 59591.160000000003 (image 7 / 16)  (with 3 support images).
 current wall-clock time is Wed Mar 29 09:15:16 2017
That iteration took 1490773041.000000000000 seconds. 
 so far, we have found 99 tracks.

Looking for tracks between images at times 59587.160000000003 (image 3 / 16) and 59592.160000000003 (image 8 / 16)  (with 4 support images).
 current wall-clock time is Wed Mar 29 09:15:16 2017
That iteration took 1490772687.000000000000 seconds. 
 so far, we have found 101 tracks.

Looking for tracks between images at times 59587.160000000003 (image 3 / 16) and 59593.160000000003 (image 9 / 16)  (with 5 support images).
 current wall-clock time is Wed Mar 29 09:15:16 2017
That iteration took 1490772286.000000000000 seconds. 
 so far, we have found 103 tracks.

Looking for tracks between images at times 59587.160000000003 (image 3 / 16) and 59594.160000000003 (image 10 / 16)  (with 6 support images).
 current wall-clock time is Wed Mar 29 09:15:16 2017
That iteration took 1490771848.000000000000 seconds. 
 so far, we have found 105 tracks.

Looking for tracks between images at times 59587.160000000003 (image 3 / 16) and 59595.160000000003 (image 11 / 16)  (with 7 support images).
 current wall-clock time is Wed Mar 29 09:15:16 2017
That iteration took 1490771395.000000000000 seconds. 
 so far, we have found 108 tracks.

Looking for tracks between images at times 59587.160000000003 (image 3 / 16) and 59596.160000000003 (image 12 / 16)  (with 8 support images).
 current wall-clock time is Wed Mar 29 09:15:16 2017
That iteration took 1490770940.000000000000 seconds. 
 so far, we have found 110 tracks.

Looking for tracks between images at times 59587.160000000003 (image 3 / 16) and 59597.160000000003 (image 13 / 16)  (with 9 support images).
 current wall-clock time is Wed Mar 29 09:15:16 2017
That iteration took 1490770416.000000000000 seconds. 
 so far, we have found 113 tracks.

Looking for tracks between images at times 59587.160000000003 (image 3 / 16) and 59598.160000000003 (image 14 / 16)  (with 10 support images).
 current wall-clock time is Wed Mar 29 09:15:16 2017
That iteration took 1490769900.000000000000 seconds. 
 so far, we have found 116 tracks.

Looking for tracks between images at times 59587.160000000003 (image 3 / 16) and 59599.160000000003 (image 15 / 16)  (with 11 support images).
 current wall-clock time is Wed Mar 29 09:15:16 2017
That iteration took 1490769333.000000000000 seconds. 
 so far, we have found 119 tracks.

Looking for tracks between images at times 59588.160000000003 (image 4 / 16) and 59589.160000000003 (image 5 / 16)  (with 0 support images).
 current wall-clock time is Wed Mar 29 09:15:16 2017
That iteration took 1490768750.000000000000 seconds. 
 so far, we have found 119 tracks.

Looking for tracks between images at times 59588.160000000003 (image 4 / 16) and 59590.160000000003 (image 6 / 16)  (with 1 support images).
 current wall-clock time is Wed Mar 29 09:15:16 2017
That iteration took 1490768726.000000000000 seconds. 
 so far, we have found 121 tracks.

Looking for tracks between images at times 59588.160000000003 (image 4 / 16) and 59591.160000000003 (image 7 / 16)  (with 2 support images).
 current wall-clock time is Wed Mar 29 09:15:16 2017
That iteration took 1490768410.000000000000 seconds. 
 so far, we have found 123 tracks.

Looking for tracks between images at times 59588.160000000003 (image 4 / 16) and 59592.160000000003 (image 8 / 16)  (with 3 support images).
 current wall-clock time is Wed Mar 29 09:15:16 2017
That iteration took 1490768042.000000000000 seconds. 
 so far, we have found 125 tracks.

Looking for tracks between images at times 59588.160000000003 (image 4 / 16) and 59593.160000000003 (image 9 / 16)  (with 4 support images).
 current wall-clock time is Wed Mar 29 09:15:16 2017
That iteration took 1490767686.000000000000 seconds. 
 so far, we have found 127 tracks.

Looking for tracks between images at times 59588.160000000003 (image 4 / 16) and 59594.160000000003 (image 10 / 16)  (with 5 support images).
 current wall-clock time is Wed Mar 29 09:15:16 2017
That iteration took 1490767271.000000000000 seconds. 
 so far, we have found 129 tracks.

Looking for tracks between images at times 59588.160000000003 (image 4 / 16) and 59595.160000000003 (image 11 / 16)  (with 6 support images).
 current wall-clock time is Wed Mar 29 09:15:16 2017
That iteration took 1490766877.000000000000 seconds. 
 so far, we have found 131 tracks.

Looking for tracks between images at times 59588.160000000003 (image 4 / 16) and 59596.160000000003 (image 12 / 16)  (with 7 support images).
 current wall-clock time is Wed Mar 29 09:15:16 2017
That iteration took 1490766428.000000000000 seconds. 
 so far, we have found 134 tracks.

Looking for tracks between images at times 59588.160000000003 (image 4 / 16) and 59597.160000000003 (image 13 / 16)  (with 8 support images).
 current wall-clock time is Wed Mar 29 09:15:16 2017
That iteration took 1490765956.000000000000 seconds. 
 so far, we have found 136 tracks.

Looking for tracks between images at times 59588.160000000003 (image 4 / 16) and 59598.160000000003 (image 14 / 16)  (with 9 support images).
 current wall-clock time is Wed Mar 29 09:15:16 2017
That iteration took 1490765433.000000000000 seconds. 
 so far, we have found 139 tracks.

Looking for tracks between images at times 59588.160000000003 (image 4 / 16) and 59599.160000000003 (image 15 / 16)  (with 10 support images).
 current wall-clock time is Wed Mar 29 09:15:16 2017
That iteration took 1490764919.000000000000 seconds. 
 so far, we have found 142 tracks.

Looking for tracks between images at times 59589.160000000003 (image 5 / 16) and 59590.160000000003 (image 6 / 16)  (with 0 support images).
 current wall-clock time is Wed Mar 29 09:15:16 2017
That iteration took 1490764355.000000000000 seconds. 
 so far, we have found 142 tracks.

Looking for tracks between images at times 59589.160000000003 (image 5 / 16) and 59591.160000000003 (image 7 / 16)  (with 1 support images).
 current wall-clock time is Wed Mar 29 09:15:16 2017
That iteration took 1490764331.000000000000 seconds. 
 so far, we have found 144 tracks.

Looking for tracks between images at times 59589.160000000003 (image 5 / 16) and 59592.160000000003 (image 8 / 16)  (with 2 support images).
 current wall-clock time is Wed Mar 29 09:15:16 2017
That iteration took 1490764030.000000000000 seconds. 
 so far, we have found 146 tracks.

Looking for tracks between images at times 59589.160000000003 (image 5 / 16) and 59593.160000000003 (image 9 / 16)  (with 3 support images).
 current wall-clock time is Wed Mar 29 09:15:16 2017
That iteration took 1490763677.000000000000 seconds. 
 so far, we have found 148 tracks.

Looking for tracks between images at times 59589.160000000003 (image 5 / 16) and 59594.160000000003 (image 10 / 16)  (with 4 support images).
 current wall-clock time is Wed Mar 29 09:15:16 2017
That iteration took 1490763320.000000000000 seconds. 
 so far, we have found 149 tracks.

Looking for tracks between images at times 59589.160000000003 (image 5 / 16) and 59595.160000000003 (image 11 / 16)  (with 5 support images).
 current wall-clock time is Wed Mar 29 09:15:16 2017
That iteration took 1490762913.000000000000 seconds. 
 so far, we have found 151 tracks.

Looking for tracks between images at times 59589.160000000003 (image 5 / 16) and 59596.160000000003 (image 12 / 16)  (with 6 support images).
 current wall-clock time is Wed Mar 29 09:15:16 2017
That iteration took 1490762470.000000000000 seconds. 
 so far, we have found 153 tracks.

Looking for tracks between images at times 59589.160000000003 (image 5 / 16) and 59597.160000000003 (image 13 / 16)  (with 7 support images).
 current wall-clock time is Wed Mar 29 09:15:16 2017
That iteration took 1490762019.000000000000 seconds. 
 so far, we have found 155 tracks.

Looking for tracks between images at times 59589.160000000003 (image 5 / 16) and 59598.160000000003 (image 14 / 16)  (with 8 support images).
 current wall-clock time is Wed Mar 29 09:15:16 2017
That iteration took 1490761572.000000000000 seconds. 
 so far, we have found 158 tracks.

Looking for tracks between images at times 59589.160000000003 (image 5 / 16) and 59599.160000000003 (image 15 / 16)  (with 9 support images).
 current wall-clock time is Wed Mar 29 09:15:16 2017
That iteration took 1490761062.000000000000 seconds. 
 so far, we have found 161 tracks.

Looking for tracks between images at times 59590.160000000003 (image 6 / 16) and 59591.160000000003 (image 7 / 16)  (with 0 support images).
 current wall-clock time is Wed Mar 29 09:15:16 2017
That iteration took 1490760546.000000000000 seconds. 
 so far, we have found 161 tracks.

Looking for tracks between images at times 59590.160000000003 (image 6 / 16) and 59592.160000000003 (image 8 / 16)  (with 1 support images).
 current wall-clock time is Wed Mar 29 09:15:16 2017
That iteration took 1490760523.000000000000 seconds. 
 so far, we have found 163 tracks.

Looking for tracks between images at times 59590.160000000003 (image 6 / 16) and 59593.160000000003 (image 9 / 16)  (with 2 support images).
 current wall-clock time is Wed Mar 29 09:15:16 2017
That iteration took 1490760217.000000000000 seconds. 
 so far, we have found 165 tracks.

Looking for tracks between images at times 59590.160000000003 (image 6 / 16) and 59594.160000000003 (image 10 / 16)  (with 3 support images).
 current wall-clock time is Wed Mar 29 09:15:16 2017
That iteration took 1490759864.000000000000 seconds. 
 so far, we have found 167 tracks.

Looking for tracks between images at times 59590.160000000003 (image 6 / 16) and 59595.160000000003 (image 11 / 16)  (with 4 support images).
 current wall-clock time is Wed Mar 29 09:15:16 2017
That iteration took 1490759541.000000000000 seconds. 
 so far, we have found 168 tracks.

Looking for tracks between images at times 59590.160000000003 (image 6 / 16) and 59596.160000000003 (image 12 / 16)  (with 5 support images).
 current wall-clock time is Wed Mar 29 09:15:16 2017
That iteration took 1490759149.000000000000 seconds. 
 so far, we have found 170 tracks.

Looking for tracks between images at times 59590.160000000003 (image 6 / 16) and 59597.160000000003 (image 13 / 16)  (with 6 support images).
 current wall-clock time is Wed Mar 29 09:15:16 2017
That iteration took 1490758769.000000000000 seconds. 
 so far, we have found 172 tracks.

Looking for tracks between images at times 59590.160000000003 (image 6 / 16) and 59598.160000000003 (image 14 / 16)  (with 7 support images).
 current wall-clock time is Wed Mar 29 09:15:16 2017
That iteration took 1490758319.000000000000 seconds. 
 so far, we have found 174 tracks.

Looking for tracks between images at times 59590.160000000003 (image 6 / 16) and 59599.160000000003 (image 15 / 16)  (with 8 support images).
 current wall-clock time is Wed Mar 29 09:15:16 2017
That iteration took 1490757865.000000000000 seconds. 
 so far, we have found 176 tracks.

Looking for tracks between images at times 59591.160000000003 (image 7 / 16) and 59592.160000000003 (image 8 / 16)  (with 0 support images).
 current wall-clock time is Wed Mar 29 09:15:16 2017
That iteration took 1490757348.000000000000 seconds. 
 so far, we have found 176 tracks.

Looking for tracks between images at times 59591.160000000003 (image 7 / 16) and 59593.160000000003 (image 9 / 16)  (with 1 support images).
 current wall-clock time is Wed Mar 29 09:15:16 2017
That iteration took 1490757325.000000000000 seconds. 
 so far, we have found 178 tracks.

Looking for tracks between images at times 59591.160000000003 (image 7 / 16) and 59594.160000000003 (image 10 / 16)  (with 2 support images).
 current wall-clock time is Wed Mar 29 09:15:16 2017
That iteration took 1490756983.000000000000 seconds. 
 so far, we have found 180 tracks.

Looking for tracks between images at times 59591.160000000003 (image 7 / 16) and 59595.160000000003 (image 11 / 16)  (with 3 support images).
 current wall-clock time is Wed Mar 29 09:15:16 2017
That iteration took 1490756625.000000000000 seconds. 
 so far, we have found 182 tracks.

Looking for tracks between images at times 59591.160000000003 (image 7 / 16) and 59596.160000000003 (image 12 / 16)  (with 4 support images).
 current wall-clock time is Wed Mar 29 09:15:16 2017
That iteration took 1490756275.000000000000 seconds. 
 so far, we have found 183 tracks.

Looking for tracks between images at times 59591.160000000003 (image 7 / 16) and 59597.160000000003 (image 13 / 16)  (with 5 support images).
 current wall-clock time is Wed Mar 29 09:15:16 2017
That iteration took 1490755861.000000000000 seconds. 
 so far, we have found 185 tracks.

Looking for tracks between images at times 59591.160000000003 (image 7 / 16) and 59598.160000000003 (image 14 / 16)  (with 6 support images).
 current wall-clock time is Wed Mar 29 09:15:16 2017
That iteration took 1490755461.000000000000 seconds. 
 so far, we have found 187 tracks.

Looking for tracks between images at times 59591.160000000003 (image 7 / 16) and 59599.160000000003 (image 15 / 16)  (with 7 support images).
 current wall-clock time is Wed Mar 29 09:15:16 2017
That iteration took 1490755008.000000000000 seconds. 
 so far, we have found 189 tracks.

Looking for tracks between images at times 59592.160000000003 (image 8 / 16) and 59593.160000000003 (image 9 / 16)  (with 0 support images).
 current wall-clock time is Wed Mar 29 09:15:16 2017
That iteration took 1490754546.000000000000 seconds. 
 so far, we have found 189 tracks.

Looking for tracks between images at times 59592.160000000003 (image 8 / 16) and 59594.160000000003 (image 10 / 16)  (with 1 support images).
 current wall-clock time is Wed Mar 29 09:15:16 2017
That iteration took 1490754523.000000000000 seconds. 
 so far, we have found 191 tracks.

Looking for tracks between images at times 59592.160000000003 (image 8 / 16) and 59595.160000000003 (image 11 / 16)  (with 2 support images).
 current wall-clock time is Wed Mar 29 09:15:16 2017
That iteration took 1490754205.000000000000 seconds. 
 so far, we have found 193 tracks.

Looking for tracks between images at times 59592.160000000003 (image 8 / 16) and 59596.160000000003 (image 12 / 16)  (with 3 support images).
 current wall-clock time is Wed Mar 29 09:15:16 2017
That iteration took 1490753851.000000000000 seconds. 
 so far, we have found 195 tracks.

Looking for tracks between images at times 59592.160000000003 (image 8 / 16) and 59597.160000000003 (image 13 / 16)  (with 4 support images).
 current wall-clock time is Wed Mar 29 09:15:16 2017
That iteration took 1490753495.000000000000 seconds. 
 so far, we have found 196 tracks.

Looking for tracks between images at times 59592.160000000003 (image 8 / 16) and 59598.160000000003 (image 14 / 16)  (with 5 support images).
 current wall-clock time is Wed Mar 29 09:15:16 2017
That iteration took 1490753092.000000000000 seconds. 
 so far, we have found 198 tracks.

Looking for tracks between images at times 59592.160000000003 (image 8 / 16) and 59599.160000000003 (image 15 / 16)  (with 6 support images).
 current wall-clock time is Wed Mar 29 09:15:16 2017
That iteration took 1490752695.000000000000 seconds. 
 so far, we have found 200 tracks.

Looking for tracks between images at times 59593.160000000003 (image 9 / 16) and 59594.160000000003 (image 10 / 16)  (with 0 support images).
 current wall-clock time is Wed Mar 29 09:15:16 2017
That iteration took 1490752199.000000000000 seconds. 
 so far, we have found 200 tracks.

Looking for tracks between images at times 59593.160000000003 (image 9 / 16) and 59595.160000000003 (image 11 / 16)  (with 1 support images).
 current wall-clock time is Wed Mar 29 09:15:16 2017
That iteration took 1490752164.000000000000 seconds. 
 so far, we have found 202 tracks.

Looking for tracks between images at times 59593.160000000003 (image 9 / 16) and 59596.160000000003 (image 12 / 16)  (with 2 support images).
 current wall-clock time is Wed Mar 29 09:15:16 2017
That iteration took 1490751829.000000000000 seconds. 
 so far, we have found 204 tracks.

Looking for tracks between images at times 59593.160000000003 (image 9 / 16) and 59597.160000000003 (image 13 / 16)  (with 3 support images).
 current wall-clock time is Wed Mar 29 09:15:16 2017
That iteration took 1490751484.000000000000 seconds. 
 so far, we have found 206 tracks.

Looking for tracks between images at times 59593.160000000003 (image 9 / 16) and 59598.160000000003 (image 14 / 16)  (with 4 support images).
 current wall-clock time is Wed Mar 29 09:15:16 2017
That iteration took 1490751121.000000000000 seconds. 
 so far, we have found 208 tracks.

Looking for tracks between images at times 59593.160000000003 (image 9 / 16) and 59599.160000000003 (image 15 / 16)  (with 5 support images).
 current wall-clock time is Wed Mar 29 09:15:16 2017
That iteration took 1490750718.000000000000 seconds. 
 so far, we have found 210 tracks.

Looking for tracks between images at times 59594.160000000003 (image 10 / 16) and 59595.160000000003 (image 11 / 16)  (with 0 support images).
 current wall-clock time is Wed Mar 29 09:15:16 2017
That iteration took 1490750312.000000000000 seconds. 
 so far, we have found 210 tracks.

Looking for tracks between images at times 59594.160000000003 (image 10 / 16) and 59596.160000000003 (image 12 / 16)  (with 1 support images).
 current wall-clock time is Wed Mar 29 09:15:16 2017
That iteration took 1490750290.000000000000 seconds. 
 so far, we have found 212 tracks.

Looking for tracks between images at times 59594.160000000003 (image 10 / 16) and 59597.160000000003 (image 13 / 16)  (with 2 support images).
 current wall-clock time is Wed Mar 29 09:15:16 2017
That iteration took 1490749956.000000000000 seconds. 
 so far, we have found 214 tracks.

Looking for tracks between images at times 59594.160000000003 (image 10 / 16) and 59598.160000000003 (image 14 / 16)  (with 3 support images).
 current wall-clock time is Wed Mar 29 09:15:16 2017
That iteration took 1490749596.000000000000 seconds. 
 so far, we have found 216 tracks.

Looking for tracks between images at times 59594.160000000003 (image 10 / 16) and 59599.160000000003 (image 15 / 16)  (with 4 support images).
 current wall-clock time is Wed Mar 29 09:15:16 2017
That iteration took 1490749239.000000000000 seconds. 
 so far, we have found 217 tracks.

Looking for tracks between images at times 59595.160000000003 (image 11 / 16) and 59596.160000000003 (image 12 / 16)  (with 0 support images).
 current wall-clock time is Wed Mar 29 09:15:16 2017
That iteration took 1490748831.000000000000 seconds. 
 so far, we have found 217 tracks.

Looking for tracks between images at times 59595.160000000003 (image 11 / 16) and 59597.160000000003 (image 13 / 16)  (with 1 support images).
 current wall-clock time is Wed Mar 29 09:15:16 2017
That iteration took 1490748808.000000000000 seconds. 
 so far, we have found 219 tracks.

Looking for tracks between images at times 59595.160000000003 (image 11 / 16) and 59598.160000000003 (image 14 / 16)  (with 2 support images).
 current wall-clock time is Wed Mar 29 09:15:16 2017
That iteration took 1490748491.000000000000 seconds. 
 so far, we have found 221 tracks.

Looking for tracks between images at times 59595.160000000003 (image 11 / 16) and 59599.160000000003 (image 15 / 16)  (with 3 support images).
 current wall-clock time is Wed Mar 29 09:15:16 2017
That iteration took 1490748127.000000000000 seconds. 
 so far, we have found 223 tracks.

Looking for tracks between images at times 59596.160000000003 (image 12 / 16) and 59597.160000000003 (image 13 / 16)  (with 0 support images).
 current wall-clock time is Wed Mar 29 09:15:16 2017
That iteration took 1490747761.000000000000 seconds. 
 so far, we have found 223 tracks.

Looking for tracks between images at times 59596.160000000003 (image 12 / 16) and 59598.160000000003 (image 14 / 16)  (with 1 support images).
 current wall-clock time is Wed Mar 29 09:15:16 2017
That iteration took 1490747737.000000000000 seconds. 
 so far, we have found 225 tracks.

Looking for tracks between images at times 59596.160000000003 (image 12 / 16) and 59599.160000000003 (image 15 / 16)  (with 2 support images).
 current wall-clock time is Wed Mar 29 09:15:16 2017
That iteration took 1490747407.000000000000 seconds. 
 so far, we have found 227 tracks.

Looking for tracks between images at times 59597.160000000003 (image 13 / 16) and 59598.160000000003 (image 14 / 16)  (with 0 support images).
 current wall-clock time is Wed Mar 29 09:15:16 2017
That iteration took 1490747039.000000000000 seconds. 
 so far, we have found 227 tracks.

Looking for tracks between images at times 59597.160000000003 (image 13 / 16) and 59599.160000000003 (image 15 / 16)  (with 1 support images).
 current wall-clock time is Wed Mar 29 09:15:16 2017
That iteration took 1490747015.000000000000 seconds. 
 so far, we have found 229 tracks.

Looking for tracks between images at times 59598.160000000003 (image 14 / 16) and 59599.160000000003 (image 15 / 16)  (with 0 support images).
 current wall-clock time is Wed Mar 29 09:15:16 2017
That iteration took 1490746701.000000000000 seconds. 
 so far, we have found 229 tracks.

Found 120 valid start/end image pairs.
Finished linking.
Linking took 1490793101.000000000000 seconds.
TrackSet: purgeToFile called.
TrackSet: clearing component tracks from memory.
Results successfully written to disk.
Done. Exiting successfully.
Completed after 0.0000000000 seconds.
This process (42782) memory usage: 
------------------------------------------
------------------------------------------

