Set min unique nights per track: 3
Set min detections per track: 6
 Set output buffer size = 1000
Reading detections file 
Calculating topocentric correction 
Reading tracklets file 
Reading input took 0.0000000000 seconds.
Recentering all detections on (180, 0).
   Bounds were (in deg) R=[226.6944720130,  512.7291213150], D=[ -24.8317269676,  16.6339441186]
Setting tracklet velocities.
Sorting tracklets by image time and creating trees.
Doing the linking.
Looking for tracks between images at times 59596.160000000003 (image 0 / 14) and 59597.160000000003 (image 1 / 14)  (with 0 support images).
 current wall-clock time is Wed Mar 29 09:15:16 2017
That iteration took 1490792980.000000000000 seconds. 
 so far, we have found 0 tracks.

Looking for tracks between images at times 59596.160000000003 (image 0 / 14) and 59598.160000000003 (image 2 / 14)  (with 1 support images).
 current wall-clock time is Wed Mar 29 09:15:16 2017
That iteration took 1490792756.000000000000 seconds. 
 so far, we have found 2 tracks.

Looking for tracks between images at times 59596.160000000003 (image 0 / 14) and 59599.160000000003 (image 3 / 14)  (with 2 support images).
 current wall-clock time is Wed Mar 29 09:15:16 2017
That iteration took 1490792287.000000000000 seconds. 
 so far, we have found 4 tracks.

Looking for tracks between images at times 59596.160000000003 (image 0 / 14) and 59600.160000000003 (image 4 / 14)  (with 3 support images).
 current wall-clock time is Wed Mar 29 09:15:16 2017
That iteration took 1490791931.000000000000 seconds. 
 so far, we have found 6 tracks.

Looking for tracks between images at times 59596.160000000003 (image 0 / 14) and 59601.160000000003 (image 5 / 14)  (with 4 support images).
 current wall-clock time is Wed Mar 29 09:15:16 2017
That iteration took 1490791538.000000000000 seconds. 
 so far, we have found 8 tracks.

Looking for tracks between images at times 59596.160000000003 (image 0 / 14) and 59602.160000000003 (image 6 / 14)  (with 5 support images).
 current wall-clock time is Wed Mar 29 09:15:16 2017
That iteration took 1490791142.000000000000 seconds. 
 so far, we have found 10 tracks.

Looking for tracks between images at times 59596.160000000003 (image 0 / 14) and 59603.160000000003 (image 7 / 14)  (with 6 support images).
 current wall-clock time is Wed Mar 29 09:15:16 2017
That iteration took 1490790744.000000000000 seconds. 
 so far, we have found 12 tracks.

Looking for tracks between images at times 59596.160000000003 (image 0 / 14) and 59604.160000000003 (image 8 / 14)  (with 7 support images).
 current wall-clock time is Wed Mar 29 09:15:16 2017
That iteration took 1490790287.000000000000 seconds. 
 so far, we have found 14 tracks.

Looking for tracks between images at times 59596.160000000003 (image 0 / 14) and 59605.160000000003 (image 9 / 14)  (with 8 support images).
 current wall-clock time is Wed Mar 29 09:15:16 2017
That iteration took 1490789827.000000000000 seconds. 
 so far, we have found 16 tracks.

Looking for tracks between images at times 59596.160000000003 (image 0 / 14) and 59606.160000000003 (image 10 / 14)  (with 9 support images).
 current wall-clock time is Wed Mar 29 09:15:16 2017
That iteration took 1490789315.000000000000 seconds. 
 so far, we have found 18 tracks.

Looking for tracks between images at times 59596.160000000003 (image 0 / 14) and 59607.160000000003 (image 11 / 14)  (with 10 support images).
 current wall-clock time is Wed Mar 29 09:15:16 2017
That iteration took 1490788815.000000000000 seconds. 
 so far, we have found 20 tracks.

Looking for tracks between images at times 59596.160000000003 (image 0 / 14) and 59608.160000000003 (image 12 / 14)  (with 11 support images).
 current wall-clock time is Wed Mar 29 09:15:16 2017
That iteration took 1490788277.000000000000 seconds. 
 so far, we have found 22 tracks.

Looking for tracks between images at times 59596.160000000003 (image 0 / 14) and 59609.160000000003 (image 13 / 14)  (with 12 support images).
 current wall-clock time is Wed Mar 29 09:15:16 2017
That iteration took 1490787687.000000000000 seconds. 
 so far, we have found 23 tracks.

Looking for tracks between images at times 59597.160000000003 (image 1 / 14) and 59598.160000000003 (image 2 / 14)  (with 0 support images).
 current wall-clock time is Wed Mar 29 09:15:16 2017
That iteration took 1490787093.000000000000 seconds. 
 so far, we have found 23 tracks.

Looking for tracks between images at times 59597.160000000003 (image 1 / 14) and 59599.160000000003 (image 3 / 14)  (with 1 support images).
 current wall-clock time is Wed Mar 29 09:15:16 2017
That iteration took 1490787069.000000000000 seconds. 
 so far, we have found 25 tracks.

Looking for tracks between images at times 59597.160000000003 (image 1 / 14) and 59600.160000000003 (image 4 / 14)  (with 2 support images).
 current wall-clock time is Wed Mar 29 09:15:16 2017
That iteration took 1490786743.000000000000 seconds. 
 so far, we have found 27 tracks.

Looking for tracks between images at times 59597.160000000003 (image 1 / 14) and 59601.160000000003 (image 5 / 14)  (with 3 support images).
 current wall-clock time is Wed Mar 29 09:15:16 2017
That iteration took 1490786384.000000000000 seconds. 
 so far, we have found 29 tracks.

Looking for tracks between images at times 59597.160000000003 (image 1 / 14) and 59602.160000000003 (image 6 / 14)  (with 4 support images).
 current wall-clock time is Wed Mar 29 09:15:16 2017
That iteration took 1490786022.000000000000 seconds. 
 so far, we have found 30 tracks.

Looking for tracks between images at times 59597.160000000003 (image 1 / 14) and 59603.160000000003 (image 7 / 14)  (with 5 support images).
 current wall-clock time is Wed Mar 29 09:15:16 2017
That iteration took 1490785604.000000000000 seconds. 
 so far, we have found 32 tracks.

Looking for tracks between images at times 59597.160000000003 (image 1 / 14) and 59604.160000000003 (image 8 / 14)  (with 6 support images).
 current wall-clock time is Wed Mar 29 09:15:16 2017
That iteration took 1490785192.000000000000 seconds. 
 so far, we have found 34 tracks.

Looking for tracks between images at times 59597.160000000003 (image 1 / 14) and 59605.160000000003 (image 9 / 14)  (with 7 support images).
 current wall-clock time is Wed Mar 29 09:15:16 2017
That iteration took 1490784724.000000000000 seconds. 
 so far, we have found 36 tracks.

Looking for tracks between images at times 59597.160000000003 (image 1 / 14) and 59606.160000000003 (image 10 / 14)  (with 8 support images).
 current wall-clock time is Wed Mar 29 09:15:16 2017
That iteration took 1490784250.000000000000 seconds. 
 so far, we have found 38 tracks.

Looking for tracks between images at times 59597.160000000003 (image 1 / 14) and 59607.160000000003 (image 11 / 14)  (with 9 support images).
 current wall-clock time is Wed Mar 29 09:15:16 2017
That iteration took 1490783722.000000000000 seconds. 
 so far, we have found 40 tracks.

Looking for tracks between images at times 59597.160000000003 (image 1 / 14) and 59608.160000000003 (image 12 / 14)  (with 10 support images).
 current wall-clock time is Wed Mar 29 09:15:16 2017
That iteration took 1490783199.000000000000 seconds. 
 so far, we have found 42 tracks.

Looking for tracks between images at times 59597.160000000003 (image 1 / 14) and 59609.160000000003 (image 13 / 14)  (with 11 support images).
 current wall-clock time is Wed Mar 29 09:15:16 2017
That iteration took 1490782610.000000000000 seconds. 
 so far, we have found 43 tracks.

Looking for tracks between images at times 59598.160000000003 (image 2 / 14) and 59599.160000000003 (image 3 / 14)  (with 0 support images).
 current wall-clock time is Wed Mar 29 09:15:16 2017
That iteration took 1490781971.000000000000 seconds. 
 so far, we have found 43 tracks.

Looking for tracks between images at times 59598.160000000003 (image 2 / 14) and 59600.160000000003 (image 4 / 14)  (with 1 support images).
 current wall-clock time is Wed Mar 29 09:15:16 2017
That iteration took 1490781949.000000000000 seconds. 
 so far, we have found 45 tracks.

Looking for tracks between images at times 59598.160000000003 (image 2 / 14) and 59601.160000000003 (image 5 / 14)  (with 2 support images).
 current wall-clock time is Wed Mar 29 09:15:16 2017
That iteration took 1490781610.000000000000 seconds. 
 so far, we have found 47 tracks.

Looking for tracks between images at times 59598.160000000003 (image 2 / 14) and 59602.160000000003 (image 6 / 14)  (with 3 support images).
 current wall-clock time is Wed Mar 29 09:15:16 2017
That iteration took 1490781213.000000000000 seconds. 
 so far, we have found 49 tracks.

Looking for tracks between images at times 59598.160000000003 (image 2 / 14) and 59603.160000000003 (image 7 / 14)  (with 4 support images).
 current wall-clock time is Wed Mar 29 09:15:16 2017
That iteration took 1490780848.000000000000 seconds. 
 so far, we have found 51 tracks.

Looking for tracks between images at times 59598.160000000003 (image 2 / 14) and 59604.160000000003 (image 8 / 14)  (with 5 support images).
 current wall-clock time is Wed Mar 29 09:15:16 2017
That iteration took 1490780436.000000000000 seconds. 
 so far, we have found 53 tracks.

Looking for tracks between images at times 59598.160000000003 (image 2 / 14) and 59605.160000000003 (image 9 / 14)  (with 6 support images).
 current wall-clock time is Wed Mar 29 09:15:16 2017
That iteration took 1490780032.000000000000 seconds. 
 so far, we have found 55 tracks.

Looking for tracks between images at times 59598.160000000003 (image 2 / 14) and 59606.160000000003 (image 10 / 14)  (with 7 support images).
 current wall-clock time is Wed Mar 29 09:15:16 2017
That iteration took 1490779580.000000000000 seconds. 
 so far, we have found 57 tracks.

Looking for tracks between images at times 59598.160000000003 (image 2 / 14) and 59607.160000000003 (image 11 / 14)  (with 8 support images).
 current wall-clock time is Wed Mar 29 09:15:16 2017
That iteration took 1490779149.000000000000 seconds. 
 so far, we have found 59 tracks.

Looking for tracks between images at times 59598.160000000003 (image 2 / 14) and 59608.160000000003 (image 12 / 14)  (with 9 support images).
 current wall-clock time is Wed Mar 29 09:15:16 2017
That iteration took 1490778681.000000000000 seconds. 
 so far, we have found 61 tracks.

Looking for tracks between images at times 59598.160000000003 (image 2 / 14) and 59609.160000000003 (image 13 / 14)  (with 10 support images).
 current wall-clock time is Wed Mar 29 09:15:16 2017
That iteration took 1490778179.000000000000 seconds. 
 so far, we have found 63 tracks.

Looking for tracks between images at times 59599.160000000003 (image 3 / 14) and 59600.160000000003 (image 4 / 14)  (with 0 support images).
 current wall-clock time is Wed Mar 29 09:15:16 2017
That iteration took 1490777639.000000000000 seconds. 
 so far, we have found 63 tracks.

Looking for tracks between images at times 59599.160000000003 (image 3 / 14) and 59601.160000000003 (image 5 / 14)  (with 1 support images).
 current wall-clock time is Wed Mar 29 09:15:16 2017
That iteration took 1490777611.000000000000 seconds. 
 so far, we have found 65 tracks.

Looking for tracks between images at times 59599.160000000003 (image 3 / 14) and 59602.160000000003 (image 6 / 14)  (with 2 support images).
 current wall-clock time is Wed Mar 29 09:15:16 2017
That iteration took 1490777329.000000000000 seconds. 
 so far, we have found 67 tracks.

Looking for tracks between images at times 59599.160000000003 (image 3 / 14) and 59603.160000000003 (image 7 / 14)  (with 3 support images).
 current wall-clock time is Wed Mar 29 09:15:16 2017
That iteration took 1490777022.000000000000 seconds. 
 so far, we have found 69 tracks.

Looking for tracks between images at times 59599.160000000003 (image 3 / 14) and 59604.160000000003 (image 8 / 14)  (with 4 support images).
 current wall-clock time is Wed Mar 29 09:15:16 2017
That iteration took 1490776675.000000000000 seconds. 
 so far, we have found 70 tracks.

Looking for tracks between images at times 59599.160000000003 (image 3 / 14) and 59605.160000000003 (image 9 / 14)  (with 5 support images).
 current wall-clock time is Wed Mar 29 09:15:16 2017
That iteration took 1490776245.000000000000 seconds. 
 so far, we have found 72 tracks.

Looking for tracks between images at times 59599.160000000003 (image 3 / 14) and 59606.160000000003 (image 10 / 14)  (with 6 support images).
 current wall-clock time is Wed Mar 29 09:15:16 2017
That iteration took 1490775816.000000000000 seconds. 
 so far, we have found 74 tracks.

Looking for tracks between images at times 59599.160000000003 (image 3 / 14) and 59607.160000000003 (image 11 / 14)  (with 7 support images).
 current wall-clock time is Wed Mar 29 09:15:16 2017
That iteration took 1490775351.000000000000 seconds. 
 so far, we have found 76 tracks.

Looking for tracks between images at times 59599.160000000003 (image 3 / 14) and 59608.160000000003 (image 12 / 14)  (with 8 support images).
 current wall-clock time is Wed Mar 29 09:15:16 2017
That iteration took 1490774895.000000000000 seconds. 
 so far, we have found 78 tracks.

Looking for tracks between images at times 59599.160000000003 (image 3 / 14) and 59609.160000000003 (image 13 / 14)  (with 9 support images).
 current wall-clock time is Wed Mar 29 09:15:16 2017
That iteration took 1490774380.000000000000 seconds. 
 so far, we have found 80 tracks.

Looking for tracks between images at times 59600.160000000003 (image 4 / 14) and 59601.160000000003 (image 5 / 14)  (with 0 support images).
 current wall-clock time is Wed Mar 29 09:15:16 2017
That iteration took 1490773867.000000000000 seconds. 
 so far, we have found 80 tracks.

Looking for tracks between images at times 59600.160000000003 (image 4 / 14) and 59602.160000000003 (image 6 / 14)  (with 1 support images).
 current wall-clock time is Wed Mar 29 09:15:16 2017
That iteration took 1490773844.000000000000 seconds. 
 so far, we have found 82 tracks.

Looking for tracks between images at times 59600.160000000003 (image 4 / 14) and 59603.160000000003 (image 7 / 14)  (with 2 support images).
 current wall-clock time is Wed Mar 29 09:15:16 2017
That iteration took 1490773532.000000000000 seconds. 
 so far, we have found 84 tracks.

Looking for tracks between images at times 59600.160000000003 (image 4 / 14) and 59604.160000000003 (image 8 / 14)  (with 3 support images).
 current wall-clock time is Wed Mar 29 09:15:16 2017
That iteration took 1490773167.000000000000 seconds. 
 so far, we have found 86 tracks.

Looking for tracks between images at times 59600.160000000003 (image 4 / 14) and 59605.160000000003 (image 9 / 14)  (with 4 support images).
 current wall-clock time is Wed Mar 29 09:15:16 2017
That iteration took 1490772801.000000000000 seconds. 
 so far, we have found 88 tracks.

Looking for tracks between images at times 59600.160000000003 (image 4 / 14) and 59606.160000000003 (image 10 / 14)  (with 5 support images).
 current wall-clock time is Wed Mar 29 09:15:16 2017
That iteration took 1490772385.000000000000 seconds. 
 so far, we have found 90 tracks.

Looking for tracks between images at times 59600.160000000003 (image 4 / 14) and 59607.160000000003 (image 11 / 14)  (with 6 support images).
 current wall-clock time is Wed Mar 29 09:15:16 2017
That iteration took 1490771976.000000000000 seconds. 
 so far, we have found 92 tracks.

Looking for tracks between images at times 59600.160000000003 (image 4 / 14) and 59608.160000000003 (image 12 / 14)  (with 7 support images).
 current wall-clock time is Wed Mar 29 09:15:16 2017
That iteration took 1490771513.000000000000 seconds. 
 so far, we have found 94 tracks.

Looking for tracks between images at times 59600.160000000003 (image 4 / 14) and 59609.160000000003 (image 13 / 14)  (with 8 support images).
 current wall-clock time is Wed Mar 29 09:15:16 2017
That iteration took 1490771086.000000000000 seconds. 
 so far, we have found 96 tracks.

Looking for tracks between images at times 59601.160000000003 (image 5 / 14) and 59602.160000000003 (image 6 / 14)  (with 0 support images).
 current wall-clock time is Wed Mar 29 09:15:16 2017
That iteration took 1490770558.000000000000 seconds. 
 so far, we have found 96 tracks.

Looking for tracks between images at times 59601.160000000003 (image 5 / 14) and 59603.160000000003 (image 7 / 14)  (with 1 support images).
 current wall-clock time is Wed Mar 29 09:15:16 2017
That iteration took 1490770534.000000000000 seconds. 
 so far, we have found 98 tracks.

Looking for tracks between images at times 59601.160000000003 (image 5 / 14) and 59604.160000000003 (image 8 / 14)  (with 2 support images).
 current wall-clock time is Wed Mar 29 09:15:16 2017
That iteration took 1490770207.000000000000 seconds. 
 so far, we have found 100 tracks.

Looking for tracks between images at times 59601.160000000003 (image 5 / 14) and 59605.160000000003 (image 9 / 14)  (with 3 support images).
 current wall-clock time is Wed Mar 29 09:15:16 2017
That iteration took 1490769839.000000000000 seconds. 
 so far, we have found 102 tracks.

Looking for tracks between images at times 59601.160000000003 (image 5 / 14) and 59606.160000000003 (image 10 / 14)  (with 4 support images).
 current wall-clock time is Wed Mar 29 09:15:16 2017
That iteration took 1490769472.000000000000 seconds. 
 so far, we have found 104 tracks.

Looking for tracks between images at times 59601.160000000003 (image 5 / 14) and 59607.160000000003 (image 11 / 14)  (with 5 support images).
 current wall-clock time is Wed Mar 29 09:15:16 2017
That iteration took 1490769046.000000000000 seconds. 
 so far, we have found 106 tracks.

Looking for tracks between images at times 59601.160000000003 (image 5 / 14) and 59608.160000000003 (image 12 / 14)  (with 6 support images).
 current wall-clock time is Wed Mar 29 09:15:16 2017
That iteration took 1490768671.000000000000 seconds. 
 so far, we have found 108 tracks.

Looking for tracks between images at times 59601.160000000003 (image 5 / 14) and 59609.160000000003 (image 13 / 14)  (with 7 support images).
 current wall-clock time is Wed Mar 29 09:15:16 2017
That iteration took 1490768225.000000000000 seconds. 
 so far, we have found 110 tracks.

Looking for tracks between images at times 59602.160000000003 (image 6 / 14) and 59603.160000000003 (image 7 / 14)  (with 0 support images).
 current wall-clock time is Wed Mar 29 09:15:16 2017
That iteration took 1490767807.000000000000 seconds. 
 so far, we have found 110 tracks.

Looking for tracks between images at times 59602.160000000003 (image 6 / 14) and 59604.160000000003 (image 8 / 14)  (with 1 support images).
 current wall-clock time is Wed Mar 29 09:15:16 2017
That iteration took 1490767785.000000000000 seconds. 
 so far, we have found 112 tracks.

Looking for tracks between images at times 59602.160000000003 (image 6 / 14) and 59605.160000000003 (image 9 / 14)  (with 2 support images).
 current wall-clock time is Wed Mar 29 09:15:16 2017
That iteration took 1490767496.000000000000 seconds. 
 so far, we have found 114 tracks.

Looking for tracks between images at times 59602.160000000003 (image 6 / 14) and 59606.160000000003 (image 10 / 14)  (with 3 support images).
 current wall-clock time is Wed Mar 29 09:15:16 2017
That iteration took 1490767191.000000000000 seconds. 
 so far, we have found 116 tracks.

Looking for tracks between images at times 59602.160000000003 (image 6 / 14) and 59607.160000000003 (image 11 / 14)  (with 4 support images).
 current wall-clock time is Wed Mar 29 09:15:16 2017
That iteration took 1490766852.000000000000 seconds. 
 so far, we have found 118 tracks.

Looking for tracks between images at times 59602.160000000003 (image 6 / 14) and 59608.160000000003 (image 12 / 14)  (with 5 support images).
 current wall-clock time is Wed Mar 29 09:15:16 2017
That iteration took 1490766434.000000000000 seconds. 
 so far, we have found 120 tracks.

Looking for tracks between images at times 59602.160000000003 (image 6 / 14) and 59609.160000000003 (image 13 / 14)  (with 6 support images).
 current wall-clock time is Wed Mar 29 09:15:16 2017
That iteration took 1490766013.000000000000 seconds. 
 so far, we have found 122 tracks.

Looking for tracks between images at times 59603.160000000003 (image 7 / 14) and 59604.160000000003 (image 8 / 14)  (with 0 support images).
 current wall-clock time is Wed Mar 29 09:15:16 2017
That iteration took 1490765509.000000000000 seconds. 
 so far, we have found 122 tracks.

Looking for tracks between images at times 59603.160000000003 (image 7 / 14) and 59605.160000000003 (image 9 / 14)  (with 1 support images).
 current wall-clock time is Wed Mar 29 09:15:16 2017
That iteration took 1490765472.000000000000 seconds. 
 so far, we have found 124 tracks.

Looking for tracks between images at times 59603.160000000003 (image 7 / 14) and 59606.160000000003 (image 10 / 14)  (with 2 support images).
 current wall-clock time is Wed Mar 29 09:15:16 2017
That iteration took 1490765132.000000000000 seconds. 
 so far, we have found 126 tracks.

Looking for tracks between images at times 59603.160000000003 (image 7 / 14) and 59607.160000000003 (image 11 / 14)  (with 3 support images).
 current wall-clock time is Wed Mar 29 09:15:16 2017
That iteration took 1490764761.000000000000 seconds. 
 so far, we have found 128 tracks.

Looking for tracks between images at times 59603.160000000003 (image 7 / 14) and 59608.160000000003 (image 12 / 14)  (with 4 support images).
 current wall-clock time is Wed Mar 29 09:15:16 2017
That iteration took 1490764403.000000000000 seconds. 
 so far, we have found 130 tracks.

Looking for tracks between images at times 59603.160000000003 (image 7 / 14) and 59609.160000000003 (image 13 / 14)  (with 5 support images).
 current wall-clock time is Wed Mar 29 09:15:16 2017
That iteration took 1490763980.000000000000 seconds. 
 so far, we have found 132 tracks.

Looking for tracks between images at times 59604.160000000003 (image 8 / 14) and 59605.160000000003 (image 9 / 14)  (with 0 support images).
 current wall-clock time is Wed Mar 29 09:15:16 2017
That iteration took 1490763545.000000000000 seconds. 
 so far, we have found 132 tracks.

Looking for tracks between images at times 59604.160000000003 (image 8 / 14) and 59606.160000000003 (image 10 / 14)  (with 1 support images).
 current wall-clock time is Wed Mar 29 09:15:16 2017
That iteration took 1490763523.000000000000 seconds. 
 so far, we have found 134 tracks.

Looking for tracks between images at times 59604.160000000003 (image 8 / 14) and 59607.160000000003 (image 11 / 14)  (with 2 support images).
 current wall-clock time is Wed Mar 29 09:15:16 2017
That iteration took 1490763237.000000000000 seconds. 
 so far, we have found 136 tracks.

Looking for tracks between images at times 59604.160000000003 (image 8 / 14) and 59608.160000000003 (image 12 / 14)  (with 3 support images).
 current wall-clock time is Wed Mar 29 09:15:16 2017
That iteration took 1490762839.000000000000 seconds. 
 so far, we have found 138 tracks.

Looking for tracks between images at times 59604.160000000003 (image 8 / 14) and 59609.160000000003 (image 13 / 14)  (with 4 support images).
 current wall-clock time is Wed Mar 29 09:15:16 2017
That iteration took 1490762479.000000000000 seconds. 
 so far, we have found 140 tracks.

Looking for tracks between images at times 59605.160000000003 (image 9 / 14) and 59606.160000000003 (image 10 / 14)  (with 0 support images).
 current wall-clock time is Wed Mar 29 09:15:16 2017
That iteration took 1490762082.000000000000 seconds. 
 so far, we have found 140 tracks.

Looking for tracks between images at times 59605.160000000003 (image 9 / 14) and 59607.160000000003 (image 11 / 14)  (with 1 support images).
 current wall-clock time is Wed Mar 29 09:15:16 2017
That iteration took 1490762063.000000000000 seconds. 
 so far, we have found 142 tracks.

Looking for tracks between images at times 59605.160000000003 (image 9 / 14) and 59608.160000000003 (image 12 / 14)  (with 2 support images).
 current wall-clock time is Wed Mar 29 09:15:16 2017
That iteration took 1490761713.000000000000 seconds. 
 so far, we have found 144 tracks.

Looking for tracks between images at times 59605.160000000003 (image 9 / 14) and 59609.160000000003 (image 13 / 14)  (with 3 support images).
 current wall-clock time is Wed Mar 29 09:15:16 2017
That iteration took 1490761384.000000000000 seconds. 
 so far, we have found 146 tracks.

Looking for tracks between images at times 59606.160000000003 (image 10 / 14) and 59607.160000000003 (image 11 / 14)  (with 0 support images).
 current wall-clock time is Wed Mar 29 09:15:16 2017
That iteration took 1490761012.000000000000 seconds. 
 so far, we have found 146 tracks.

Looking for tracks between images at times 59606.160000000003 (image 10 / 14) and 59608.160000000003 (image 12 / 14)  (with 1 support images).
 current wall-clock time is Wed Mar 29 09:15:16 2017
That iteration took 1490760977.000000000000 seconds. 
 so far, we have found 148 tracks.

Looking for tracks between images at times 59606.160000000003 (image 10 / 14) and 59609.160000000003 (image 13 / 14)  (with 2 support images).
 current wall-clock time is Wed Mar 29 09:15:16 2017
That iteration took 1490760669.000000000000 seconds. 
 so far, we have found 150 tracks.

Looking for tracks between images at times 59607.160000000003 (image 11 / 14) and 59608.160000000003 (image 12 / 14)  (with 0 support images).
 current wall-clock time is Wed Mar 29 09:15:16 2017
That iteration took 1490760362.000000000000 seconds. 
 so far, we have found 150 tracks.

Looking for tracks between images at times 59607.160000000003 (image 11 / 14) and 59609.160000000003 (image 13 / 14)  (with 1 support images).
 current wall-clock time is Wed Mar 29 09:15:16 2017
That iteration took 1490760341.000000000000 seconds. 
 so far, we have found 152 tracks.

Looking for tracks between images at times 59608.160000000003 (image 12 / 14) and 59609.160000000003 (image 13 / 14)  (with 0 support images).
 current wall-clock time is Wed Mar 29 09:15:16 2017
That iteration took 1490760058.000000000000 seconds. 
 so far, we have found 152 tracks.

Found 91 valid start/end image pairs.
Finished linking.
Linking took 1490792984.000000000000 seconds.
TrackSet: purgeToFile called.
TrackSet: clearing component tracks from memory.
Results successfully written to disk.
Done. Exiting successfully.
Completed after 0.0000000000 seconds.
This process (42809) memory usage: 
------------------------------------------
------------------------------------------

