Set min unique nights per track: 3
Set min detections per track: 6
 Set output buffer size = 1000
Reading detections file 
Calculating topocentric correction 
Reading tracklets file 
Reading input took 0.0000000000 seconds.
Recentering all detections on (180, 0).
   Bounds were (in deg) R=[226.3401959940,  512.8433525270], D=[ -24.8317269676,  16.6339441186]
Setting tracklet velocities.
Sorting tracklets by image time and creating trees.
Doing the linking.
Looking for tracks between images at times 59595.160000000003 (image 0 / 15) and 59596.160000000003 (image 1 / 15)  (with 0 support images).
 current wall-clock time is Wed Mar 29 08:59:49 2017
That iteration took 1490790859.000000000000 seconds. 
 so far, we have found 0 tracks.

Looking for tracks between images at times 59595.160000000003 (image 0 / 15) and 59597.160000000003 (image 2 / 15)  (with 1 support images).
 current wall-clock time is Wed Mar 29 08:59:49 2017
That iteration took 1490790608.000000000000 seconds. 
 so far, we have found 2 tracks.

Looking for tracks between images at times 59595.160000000003 (image 0 / 15) and 59598.160000000003 (image 3 / 15)  (with 2 support images).
 current wall-clock time is Wed Mar 29 08:59:49 2017
That iteration took 1490790161.000000000000 seconds. 
 so far, we have found 4 tracks.

Looking for tracks between images at times 59595.160000000003 (image 0 / 15) and 59599.160000000003 (image 4 / 15)  (with 3 support images).
 current wall-clock time is Wed Mar 29 08:59:49 2017
That iteration took 1490789798.000000000000 seconds. 
 so far, we have found 6 tracks.

Looking for tracks between images at times 59595.160000000003 (image 0 / 15) and 59600.160000000003 (image 5 / 15)  (with 4 support images).
 current wall-clock time is Wed Mar 29 08:59:49 2017
That iteration took 1490789440.000000000000 seconds. 
 so far, we have found 7 tracks.

Looking for tracks between images at times 59595.160000000003 (image 0 / 15) and 59601.160000000003 (image 6 / 15)  (with 5 support images).
 current wall-clock time is Wed Mar 29 08:59:49 2017
That iteration took 1490789027.000000000000 seconds. 
 so far, we have found 9 tracks.

Looking for tracks between images at times 59595.160000000003 (image 0 / 15) and 59602.160000000003 (image 7 / 15)  (with 6 support images).
 current wall-clock time is Wed Mar 29 08:59:49 2017
That iteration took 1490788619.000000000000 seconds. 
 so far, we have found 11 tracks.

Looking for tracks between images at times 59595.160000000003 (image 0 / 15) and 59603.160000000003 (image 8 / 15)  (with 7 support images).
 current wall-clock time is Wed Mar 29 08:59:49 2017
That iteration took 1490788165.000000000000 seconds. 
 so far, we have found 13 tracks.

Looking for tracks between images at times 59595.160000000003 (image 0 / 15) and 59604.160000000003 (image 9 / 15)  (with 8 support images).
 current wall-clock time is Wed Mar 29 08:59:49 2017
That iteration took 1490787711.000000000000 seconds. 
 so far, we have found 15 tracks.

Looking for tracks between images at times 59595.160000000003 (image 0 / 15) and 59605.160000000003 (image 10 / 15)  (with 9 support images).
 current wall-clock time is Wed Mar 29 08:59:49 2017
That iteration took 1490787200.000000000000 seconds. 
 so far, we have found 17 tracks.

Looking for tracks between images at times 59595.160000000003 (image 0 / 15) and 59606.160000000003 (image 11 / 15)  (with 10 support images).
 current wall-clock time is Wed Mar 29 08:59:49 2017
That iteration took 1490786697.000000000000 seconds. 
 so far, we have found 19 tracks.

Looking for tracks between images at times 59595.160000000003 (image 0 / 15) and 59607.160000000003 (image 12 / 15)  (with 11 support images).
 current wall-clock time is Wed Mar 29 08:59:49 2017
That iteration took 1490786144.000000000000 seconds. 
 so far, we have found 21 tracks.

Looking for tracks between images at times 59595.160000000003 (image 0 / 15) and 59608.160000000003 (image 13 / 15)  (with 12 support images).
 current wall-clock time is Wed Mar 29 08:59:49 2017
That iteration took 1490785566.000000000000 seconds. 
 so far, we have found 22 tracks.

Looking for tracks between images at times 59595.160000000003 (image 0 / 15) and 59609.160000000003 (image 14 / 15)  (with 13 support images).
 current wall-clock time is Wed Mar 29 08:59:49 2017
That iteration took 1490784984.000000000000 seconds. 
 so far, we have found 23 tracks.

Looking for tracks between images at times 59596.160000000003 (image 1 / 15) and 59597.160000000003 (image 2 / 15)  (with 0 support images).
 current wall-clock time is Wed Mar 29 08:59:49 2017
That iteration took 1490784382.000000000000 seconds. 
 so far, we have found 23 tracks.

Looking for tracks between images at times 59596.160000000003 (image 1 / 15) and 59598.160000000003 (image 3 / 15)  (with 1 support images).
 current wall-clock time is Wed Mar 29 08:59:49 2017
That iteration took 1490784359.000000000000 seconds. 
 so far, we have found 25 tracks.

Looking for tracks between images at times 59596.160000000003 (image 1 / 15) and 59599.160000000003 (image 4 / 15)  (with 2 support images).
 current wall-clock time is Wed Mar 29 08:59:49 2017
That iteration took 1490784045.000000000000 seconds. 
 so far, we have found 27 tracks.

Looking for tracks between images at times 59596.160000000003 (image 1 / 15) and 59600.160000000003 (image 5 / 15)  (with 3 support images).
 current wall-clock time is Wed Mar 29 08:59:49 2017
That iteration took 1490783690.000000000000 seconds. 
 so far, we have found 29 tracks.

Looking for tracks between images at times 59596.160000000003 (image 1 / 15) and 59601.160000000003 (image 6 / 15)  (with 4 support images).
 current wall-clock time is Wed Mar 29 08:59:49 2017
That iteration took 1490783329.000000000000 seconds. 
 so far, we have found 31 tracks.

Looking for tracks between images at times 59596.160000000003 (image 1 / 15) and 59602.160000000003 (image 7 / 15)  (with 5 support images).
 current wall-clock time is Wed Mar 29 08:59:49 2017
That iteration took 1490782934.000000000000 seconds. 
 so far, we have found 33 tracks.

Looking for tracks between images at times 59596.160000000003 (image 1 / 15) and 59603.160000000003 (image 8 / 15)  (with 6 support images).
 current wall-clock time is Wed Mar 29 08:59:49 2017
That iteration took 1490782525.000000000000 seconds. 
 so far, we have found 35 tracks.

Looking for tracks between images at times 59596.160000000003 (image 1 / 15) and 59604.160000000003 (image 9 / 15)  (with 7 support images).
 current wall-clock time is Wed Mar 29 08:59:49 2017
That iteration took 1490782073.000000000000 seconds. 
 so far, we have found 37 tracks.

Looking for tracks between images at times 59596.160000000003 (image 1 / 15) and 59605.160000000003 (image 10 / 15)  (with 8 support images).
 current wall-clock time is Wed Mar 29 08:59:49 2017
That iteration took 1490781619.000000000000 seconds. 
 so far, we have found 39 tracks.

Looking for tracks between images at times 59596.160000000003 (image 1 / 15) and 59606.160000000003 (image 11 / 15)  (with 9 support images).
 current wall-clock time is Wed Mar 29 08:59:49 2017
That iteration took 1490781118.000000000000 seconds. 
 so far, we have found 41 tracks.

Looking for tracks between images at times 59596.160000000003 (image 1 / 15) and 59607.160000000003 (image 12 / 15)  (with 10 support images).
 current wall-clock time is Wed Mar 29 08:59:49 2017
That iteration took 1490780583.000000000000 seconds. 
 so far, we have found 43 tracks.

Looking for tracks between images at times 59596.160000000003 (image 1 / 15) and 59608.160000000003 (image 13 / 15)  (with 11 support images).
 current wall-clock time is Wed Mar 29 08:59:49 2017
That iteration took 1490780041.000000000000 seconds. 
 so far, we have found 45 tracks.

Looking for tracks between images at times 59596.160000000003 (image 1 / 15) and 59609.160000000003 (image 14 / 15)  (with 12 support images).
 current wall-clock time is Wed Mar 29 08:59:49 2017
That iteration took 1490779473.000000000000 seconds. 
 so far, we have found 46 tracks.

Looking for tracks between images at times 59597.160000000003 (image 2 / 15) and 59598.160000000003 (image 3 / 15)  (with 0 support images).
 current wall-clock time is Wed Mar 29 08:59:49 2017
That iteration took 1490778893.000000000000 seconds. 
 so far, we have found 46 tracks.

Looking for tracks between images at times 59597.160000000003 (image 2 / 15) and 59599.160000000003 (image 4 / 15)  (with 1 support images).
 current wall-clock time is Wed Mar 29 08:59:49 2017
That iteration took 1490778862.000000000000 seconds. 
 so far, we have found 48 tracks.

Looking for tracks between images at times 59597.160000000003 (image 2 / 15) and 59600.160000000003 (image 5 / 15)  (with 2 support images).
 current wall-clock time is Wed Mar 29 08:59:49 2017
That iteration took 1490778541.000000000000 seconds. 
 so far, we have found 50 tracks.

Looking for tracks between images at times 59597.160000000003 (image 2 / 15) and 59601.160000000003 (image 6 / 15)  (with 3 support images).
 current wall-clock time is Wed Mar 29 08:59:49 2017
That iteration took 1490778180.000000000000 seconds. 
 so far, we have found 52 tracks.

Looking for tracks between images at times 59597.160000000003 (image 2 / 15) and 59602.160000000003 (image 7 / 15)  (with 4 support images).
 current wall-clock time is Wed Mar 29 08:59:49 2017
That iteration took 1490777814.000000000000 seconds. 
 so far, we have found 53 tracks.

Looking for tracks between images at times 59597.160000000003 (image 2 / 15) and 59603.160000000003 (image 8 / 15)  (with 5 support images).
 current wall-clock time is Wed Mar 29 08:59:49 2017
That iteration took 1490777387.000000000000 seconds. 
 so far, we have found 55 tracks.

Looking for tracks between images at times 59597.160000000003 (image 2 / 15) and 59604.160000000003 (image 9 / 15)  (with 6 support images).
 current wall-clock time is Wed Mar 29 08:59:49 2017
That iteration took 1490776965.000000000000 seconds. 
 so far, we have found 57 tracks.

Looking for tracks between images at times 59597.160000000003 (image 2 / 15) and 59605.160000000003 (image 10 / 15)  (with 7 support images).
 current wall-clock time is Wed Mar 29 08:59:49 2017
That iteration took 1490776500.000000000000 seconds. 
 so far, we have found 59 tracks.

Looking for tracks between images at times 59597.160000000003 (image 2 / 15) and 59606.160000000003 (image 11 / 15)  (with 8 support images).
 current wall-clock time is Wed Mar 29 08:59:49 2017
That iteration took 1490776015.000000000000 seconds. 
 so far, we have found 61 tracks.

Looking for tracks between images at times 59597.160000000003 (image 2 / 15) and 59607.160000000003 (image 12 / 15)  (with 9 support images).
 current wall-clock time is Wed Mar 29 08:59:49 2017
That iteration took 1490775499.000000000000 seconds. 
 so far, we have found 63 tracks.

Looking for tracks between images at times 59597.160000000003 (image 2 / 15) and 59608.160000000003 (image 13 / 15)  (with 10 support images).
 current wall-clock time is Wed Mar 29 08:59:49 2017
That iteration took 1490774955.000000000000 seconds. 
 so far, we have found 65 tracks.

Looking for tracks between images at times 59597.160000000003 (image 2 / 15) and 59609.160000000003 (image 14 / 15)  (with 11 support images).
 current wall-clock time is Wed Mar 29 08:59:49 2017
That iteration took 1490774401.000000000000 seconds. 
 so far, we have found 66 tracks.

Looking for tracks between images at times 59598.160000000003 (image 3 / 15) and 59599.160000000003 (image 4 / 15)  (with 0 support images).
 current wall-clock time is Wed Mar 29 08:59:49 2017
That iteration took 1490773853.000000000000 seconds. 
 so far, we have found 66 tracks.

Looking for tracks between images at times 59598.160000000003 (image 3 / 15) and 59600.160000000003 (image 5 / 15)  (with 1 support images).
 current wall-clock time is Wed Mar 29 08:59:49 2017
That iteration took 1490773831.000000000000 seconds. 
 so far, we have found 68 tracks.

Looking for tracks between images at times 59598.160000000003 (image 3 / 15) and 59601.160000000003 (image 6 / 15)  (with 2 support images).
 current wall-clock time is Wed Mar 29 08:59:49 2017
That iteration took 1490773499.000000000000 seconds. 
 so far, we have found 70 tracks.

Looking for tracks between images at times 59598.160000000003 (image 3 / 15) and 59602.160000000003 (image 7 / 15)  (with 3 support images).
 current wall-clock time is Wed Mar 29 08:59:49 2017
That iteration took 1490773120.000000000000 seconds. 
 so far, we have found 72 tracks.

Looking for tracks between images at times 59598.160000000003 (image 3 / 15) and 59603.160000000003 (image 8 / 15)  (with 4 support images).
 current wall-clock time is Wed Mar 29 08:59:49 2017
That iteration took 1490772753.000000000000 seconds. 
 so far, we have found 74 tracks.

Looking for tracks between images at times 59598.160000000003 (image 3 / 15) and 59604.160000000003 (image 9 / 15)  (with 5 support images).
 current wall-clock time is Wed Mar 29 08:59:49 2017
That iteration took 1490772338.000000000000 seconds. 
 so far, we have found 76 tracks.

Looking for tracks between images at times 59598.160000000003 (image 3 / 15) and 59605.160000000003 (image 10 / 15)  (with 6 support images).
 current wall-clock time is Wed Mar 29 08:59:49 2017
That iteration took 1490771923.000000000000 seconds. 
 so far, we have found 78 tracks.

Looking for tracks between images at times 59598.160000000003 (image 3 / 15) and 59606.160000000003 (image 11 / 15)  (with 7 support images).
 current wall-clock time is Wed Mar 29 08:59:49 2017
That iteration took 1490771455.000000000000 seconds. 
 so far, we have found 80 tracks.

Looking for tracks between images at times 59598.160000000003 (image 3 / 15) and 59607.160000000003 (image 12 / 15)  (with 8 support images).
 current wall-clock time is Wed Mar 29 08:59:49 2017
That iteration took 1490770982.000000000000 seconds. 
 so far, we have found 82 tracks.

Looking for tracks between images at times 59598.160000000003 (image 3 / 15) and 59608.160000000003 (image 13 / 15)  (with 9 support images).
 current wall-clock time is Wed Mar 29 08:59:49 2017
That iteration took 1490770435.000000000000 seconds. 
 so far, we have found 84 tracks.

Looking for tracks between images at times 59598.160000000003 (image 3 / 15) and 59609.160000000003 (image 14 / 15)  (with 10 support images).
 current wall-clock time is Wed Mar 29 08:59:49 2017
That iteration took 1490769897.000000000000 seconds. 
 so far, we have found 86 tracks.

Looking for tracks between images at times 59599.160000000003 (image 4 / 15) and 59600.160000000003 (image 5 / 15)  (with 0 support images).
 current wall-clock time is Wed Mar 29 08:59:49 2017
That iteration took 1490769334.000000000000 seconds. 
 so far, we have found 86 tracks.

Looking for tracks between images at times 59599.160000000003 (image 4 / 15) and 59601.160000000003 (image 6 / 15)  (with 1 support images).
 current wall-clock time is Wed Mar 29 08:59:49 2017
That iteration took 1490769312.000000000000 seconds. 
 so far, we have found 88 tracks.

Looking for tracks between images at times 59599.160000000003 (image 4 / 15) and 59602.160000000003 (image 7 / 15)  (with 2 support images).
 current wall-clock time is Wed Mar 29 08:59:49 2017
That iteration took 1490768976.000000000000 seconds. 
 so far, we have found 90 tracks.

Looking for tracks between images at times 59599.160000000003 (image 4 / 15) and 59603.160000000003 (image 8 / 15)  (with 3 support images).
 current wall-clock time is Wed Mar 29 08:59:49 2017
That iteration took 1490768619.000000000000 seconds. 
 so far, we have found 92 tracks.

Looking for tracks between images at times 59599.160000000003 (image 4 / 15) and 59604.160000000003 (image 9 / 15)  (with 4 support images).
 current wall-clock time is Wed Mar 29 08:59:49 2017
That iteration took 1490768257.000000000000 seconds. 
 so far, we have found 93 tracks.

Looking for tracks between images at times 59599.160000000003 (image 4 / 15) and 59605.160000000003 (image 10 / 15)  (with 5 support images).
 current wall-clock time is Wed Mar 29 08:59:49 2017
That iteration took 1490767822.000000000000 seconds. 
 so far, we have found 95 tracks.

Looking for tracks between images at times 59599.160000000003 (image 4 / 15) and 59606.160000000003 (image 11 / 15)  (with 6 support images).
 current wall-clock time is Wed Mar 29 08:59:49 2017
That iteration took 1490767402.000000000000 seconds. 
 so far, we have found 97 tracks.

Looking for tracks between images at times 59599.160000000003 (image 4 / 15) and 59607.160000000003 (image 12 / 15)  (with 7 support images).
 current wall-clock time is Wed Mar 29 08:59:49 2017
That iteration took 1490766928.000000000000 seconds. 
 so far, we have found 99 tracks.

Looking for tracks between images at times 59599.160000000003 (image 4 / 15) and 59608.160000000003 (image 13 / 15)  (with 8 support images).
 current wall-clock time is Wed Mar 29 08:59:49 2017
That iteration took 1490766468.000000000000 seconds. 
 so far, we have found 101 tracks.

Looking for tracks between images at times 59599.160000000003 (image 4 / 15) and 59609.160000000003 (image 14 / 15)  (with 9 support images).
 current wall-clock time is Wed Mar 29 08:59:49 2017
That iteration took 1490765926.000000000000 seconds. 
 so far, we have found 103 tracks.

Looking for tracks between images at times 59600.160000000003 (image 5 / 15) and 59601.160000000003 (image 6 / 15)  (with 0 support images).
 current wall-clock time is Wed Mar 29 08:59:49 2017
That iteration took 1490765411.000000000000 seconds. 
 so far, we have found 103 tracks.

Looking for tracks between images at times 59600.160000000003 (image 5 / 15) and 59602.160000000003 (image 7 / 15)  (with 1 support images).
 current wall-clock time is Wed Mar 29 08:59:49 2017
That iteration took 1490765388.000000000000 seconds. 
 so far, we have found 105 tracks.

Looking for tracks between images at times 59600.160000000003 (image 5 / 15) and 59603.160000000003 (image 8 / 15)  (with 2 support images).
 current wall-clock time is Wed Mar 29 08:59:49 2017
That iteration took 1490765071.000000000000 seconds. 
 so far, we have found 107 tracks.

Looking for tracks between images at times 59600.160000000003 (image 5 / 15) and 59604.160000000003 (image 9 / 15)  (with 3 support images).
 current wall-clock time is Wed Mar 29 08:59:49 2017
That iteration took 1490764704.000000000000 seconds. 
 so far, we have found 109 tracks.

Looking for tracks between images at times 59600.160000000003 (image 5 / 15) and 59605.160000000003 (image 10 / 15)  (with 4 support images).
 current wall-clock time is Wed Mar 29 08:59:49 2017
That iteration took 1490764342.000000000000 seconds. 
 so far, we have found 111 tracks.

Looking for tracks between images at times 59600.160000000003 (image 5 / 15) and 59606.160000000003 (image 11 / 15)  (with 5 support images).
 current wall-clock time is Wed Mar 29 08:59:49 2017
That iteration took 1490763924.000000000000 seconds. 
 so far, we have found 113 tracks.

Looking for tracks between images at times 59600.160000000003 (image 5 / 15) and 59607.160000000003 (image 12 / 15)  (with 6 support images).
 current wall-clock time is Wed Mar 29 08:59:49 2017
That iteration took 1490763504.000000000000 seconds. 
 so far, we have found 115 tracks.

Looking for tracks between images at times 59600.160000000003 (image 5 / 15) and 59608.160000000003 (image 13 / 15)  (with 7 support images).
 current wall-clock time is Wed Mar 29 08:59:49 2017
That iteration took 1490763040.000000000000 seconds. 
 so far, we have found 117 tracks.

Looking for tracks between images at times 59600.160000000003 (image 5 / 15) and 59609.160000000003 (image 14 / 15)  (with 8 support images).
 current wall-clock time is Wed Mar 29 08:59:49 2017
That iteration took 1490762580.000000000000 seconds. 
 so far, we have found 119 tracks.

Looking for tracks between images at times 59601.160000000003 (image 6 / 15) and 59602.160000000003 (image 7 / 15)  (with 0 support images).
 current wall-clock time is Wed Mar 29 08:59:49 2017
That iteration took 1490762067.000000000000 seconds. 
 so far, we have found 119 tracks.

Looking for tracks between images at times 59601.160000000003 (image 6 / 15) and 59603.160000000003 (image 8 / 15)  (with 1 support images).
 current wall-clock time is Wed Mar 29 08:59:49 2017
That iteration took 1490762044.000000000000 seconds. 
 so far, we have found 121 tracks.

Looking for tracks between images at times 59601.160000000003 (image 6 / 15) and 59604.160000000003 (image 9 / 15)  (with 2 support images).
 current wall-clock time is Wed Mar 29 08:59:49 2017
That iteration took 1490761714.000000000000 seconds. 
 so far, we have found 123 tracks.

Looking for tracks between images at times 59601.160000000003 (image 6 / 15) and 59605.160000000003 (image 10 / 15)  (with 3 support images).
 current wall-clock time is Wed Mar 29 08:59:49 2017
That iteration took 1490761359.000000000000 seconds. 
 so far, we have found 125 tracks.

Looking for tracks between images at times 59601.160000000003 (image 6 / 15) and 59606.160000000003 (image 11 / 15)  (with 4 support images).
 current wall-clock time is Wed Mar 29 08:59:49 2017
That iteration took 1490760994.000000000000 seconds. 
 so far, we have found 127 tracks.

Looking for tracks between images at times 59601.160000000003 (image 6 / 15) and 59607.160000000003 (image 12 / 15)  (with 5 support images).
 current wall-clock time is Wed Mar 29 08:59:49 2017
That iteration took 1490760532.000000000000 seconds. 
 so far, we have found 129 tracks.

Looking for tracks between images at times 59601.160000000003 (image 6 / 15) and 59608.160000000003 (image 13 / 15)  (with 6 support images).
 current wall-clock time is Wed Mar 29 08:59:49 2017
That iteration took 1490760094.000000000000 seconds. 
 so far, we have found 131 tracks.

Looking for tracks between images at times 59601.160000000003 (image 6 / 15) and 59609.160000000003 (image 14 / 15)  (with 7 support images).
 current wall-clock time is Wed Mar 29 08:59:49 2017
That iteration took 1490759638.000000000000 seconds. 
 so far, we have found 133 tracks.

Looking for tracks between images at times 59602.160000000003 (image 7 / 15) and 59603.160000000003 (image 8 / 15)  (with 0 support images).
 current wall-clock time is Wed Mar 29 08:59:49 2017
That iteration took 1490759176.000000000000 seconds. 
 so far, we have found 133 tracks.

Looking for tracks between images at times 59602.160000000003 (image 7 / 15) and 59604.160000000003 (image 9 / 15)  (with 1 support images).
 current wall-clock time is Wed Mar 29 08:59:49 2017
That iteration took 1490759154.000000000000 seconds. 
 so far, we have found 135 tracks.

Looking for tracks between images at times 59602.160000000003 (image 7 / 15) and 59605.160000000003 (image 10 / 15)  (with 2 support images).
 current wall-clock time is Wed Mar 29 08:59:49 2017
That iteration took 1490758839.000000000000 seconds. 
 so far, we have found 137 tracks.

Looking for tracks between images at times 59602.160000000003 (image 7 / 15) and 59606.160000000003 (image 11 / 15)  (with 3 support images).
 current wall-clock time is Wed Mar 29 08:59:49 2017
That iteration took 1490758486.000000000000 seconds. 
 so far, we have found 139 tracks.

Looking for tracks between images at times 59602.160000000003 (image 7 / 15) and 59607.160000000003 (image 12 / 15)  (with 4 support images).
 current wall-clock time is Wed Mar 29 08:59:49 2017
That iteration took 1490758116.000000000000 seconds. 
 so far, we have found 141 tracks.

Looking for tracks between images at times 59602.160000000003 (image 7 / 15) and 59608.160000000003 (image 13 / 15)  (with 5 support images).
 current wall-clock time is Wed Mar 29 08:59:49 2017
That iteration took 1490757700.000000000000 seconds. 
 so far, we have found 143 tracks.

Looking for tracks between images at times 59602.160000000003 (image 7 / 15) and 59609.160000000003 (image 14 / 15)  (with 6 support images).
 current wall-clock time is Wed Mar 29 08:59:49 2017
That iteration took 1490757280.000000000000 seconds. 
 so far, we have found 145 tracks.

Looking for tracks between images at times 59603.160000000003 (image 8 / 15) and 59604.160000000003 (image 9 / 15)  (with 0 support images).
 current wall-clock time is Wed Mar 29 08:59:49 2017
That iteration took 1490756810.000000000000 seconds. 
 so far, we have found 145 tracks.

Looking for tracks between images at times 59603.160000000003 (image 8 / 15) and 59605.160000000003 (image 10 / 15)  (with 1 support images).
 current wall-clock time is Wed Mar 29 08:59:49 2017
That iteration took 1490756787.000000000000 seconds. 
 so far, we have found 147 tracks.

Looking for tracks between images at times 59603.160000000003 (image 8 / 15) and 59606.160000000003 (image 11 / 15)  (with 2 support images).
 current wall-clock time is Wed Mar 29 08:59:49 2017
That iteration took 1490756459.000000000000 seconds. 
 so far, we have found 149 tracks.

Looking for tracks between images at times 59603.160000000003 (image 8 / 15) and 59607.160000000003 (image 12 / 15)  (with 3 support images).
 current wall-clock time is Wed Mar 29 08:59:49 2017
That iteration took 1490756105.000000000000 seconds. 
 so far, we have found 151 tracks.

Looking for tracks between images at times 59603.160000000003 (image 8 / 15) and 59608.160000000003 (image 13 / 15)  (with 4 support images).
 current wall-clock time is Wed Mar 29 08:59:49 2017
That iteration took 1490755742.000000000000 seconds. 
 so far, we have found 153 tracks.

Looking for tracks between images at times 59603.160000000003 (image 8 / 15) and 59609.160000000003 (image 14 / 15)  (with 5 support images).
 current wall-clock time is Wed Mar 29 08:59:49 2017
That iteration took 1490755325.000000000000 seconds. 
 so far, we have found 155 tracks.

Looking for tracks between images at times 59604.160000000003 (image 9 / 15) and 59605.160000000003 (image 10 / 15)  (with 0 support images).
 current wall-clock time is Wed Mar 29 08:59:49 2017
That iteration took 1490754908.000000000000 seconds. 
 so far, we have found 155 tracks.

Looking for tracks between images at times 59604.160000000003 (image 9 / 15) and 59606.160000000003 (image 11 / 15)  (with 1 support images).
 current wall-clock time is Wed Mar 29 08:59:49 2017
That iteration took 1490754885.000000000000 seconds. 
 so far, we have found 157 tracks.

Looking for tracks between images at times 59604.160000000003 (image 9 / 15) and 59607.160000000003 (image 12 / 15)  (with 2 support images).
 current wall-clock time is Wed Mar 29 08:59:49 2017
That iteration took 1490754537.000000000000 seconds. 
 so far, we have found 159 tracks.

Looking for tracks between images at times 59604.160000000003 (image 9 / 15) and 59608.160000000003 (image 13 / 15)  (with 3 support images).
 current wall-clock time is Wed Mar 29 08:59:49 2017
That iteration took 1490754199.000000000000 seconds. 
 so far, we have found 161 tracks.

Looking for tracks between images at times 59604.160000000003 (image 9 / 15) and 59609.160000000003 (image 14 / 15)  (with 4 support images).
 current wall-clock time is Wed Mar 29 08:59:49 2017
That iteration took 1490753837.000000000000 seconds. 
 so far, we have found 163 tracks.

Looking for tracks between images at times 59605.160000000003 (image 10 / 15) and 59606.160000000003 (image 11 / 15)  (with 0 support images).
 current wall-clock time is Wed Mar 29 08:59:49 2017
That iteration took 1490753435.000000000000 seconds. 
 so far, we have found 163 tracks.

Looking for tracks between images at times 59605.160000000003 (image 10 / 15) and 59607.160000000003 (image 12 / 15)  (with 1 support images).
 current wall-clock time is Wed Mar 29 08:59:49 2017
That iteration took 1490753413.000000000000 seconds. 
 so far, we have found 165 tracks.

Looking for tracks between images at times 59605.160000000003 (image 10 / 15) and 59608.160000000003 (image 13 / 15)  (with 2 support images).
 current wall-clock time is Wed Mar 29 08:59:49 2017
That iteration took 1490753105.000000000000 seconds. 
 so far, we have found 167 tracks.

Looking for tracks between images at times 59605.160000000003 (image 10 / 15) and 59609.160000000003 (image 14 / 15)  (with 3 support images).
 current wall-clock time is Wed Mar 29 08:59:49 2017
That iteration took 1490752772.000000000000 seconds. 
 so far, we have found 169 tracks.

Looking for tracks between images at times 59606.160000000003 (image 11 / 15) and 59607.160000000003 (image 12 / 15)  (with 0 support images).
 current wall-clock time is Wed Mar 29 08:59:49 2017
That iteration took 1490752418.000000000000 seconds. 
 so far, we have found 169 tracks.

Looking for tracks between images at times 59606.160000000003 (image 11 / 15) and 59608.160000000003 (image 13 / 15)  (with 1 support images).
 current wall-clock time is Wed Mar 29 08:59:49 2017
That iteration took 1490752385.000000000000 seconds. 
 so far, we have found 171 tracks.

Looking for tracks between images at times 59606.160000000003 (image 11 / 15) and 59609.160000000003 (image 14 / 15)  (with 2 support images).
 current wall-clock time is Wed Mar 29 08:59:49 2017
That iteration took 1490752078.000000000000 seconds. 
 so far, we have found 173 tracks.

Looking for tracks between images at times 59607.160000000003 (image 12 / 15) and 59608.160000000003 (image 13 / 15)  (with 0 support images).
 current wall-clock time is Wed Mar 29 08:59:49 2017
That iteration took 1490751741.000000000000 seconds. 
 so far, we have found 173 tracks.

Looking for tracks between images at times 59607.160000000003 (image 12 / 15) and 59609.160000000003 (image 14 / 15)  (with 1 support images).
 current wall-clock time is Wed Mar 29 08:59:49 2017
That iteration took 1490751718.000000000000 seconds. 
 so far, we have found 175 tracks.

Looking for tracks between images at times 59608.160000000003 (image 13 / 15) and 59609.160000000003 (image 14 / 15)  (with 0 support images).
 current wall-clock time is Wed Mar 29 08:59:49 2017
That iteration took 1490751427.000000000000 seconds. 
 so far, we have found 175 tracks.

Found 105 valid start/end image pairs.
Finished linking.
Linking took 1490790863.000000000000 seconds.
TrackSet: purgeToFile called.
TrackSet: clearing component tracks from memory.
Results successfully written to disk.
Done. Exiting successfully.
Completed after 0.0000000000 seconds.
This process (41618) memory usage: 
------------------------------------------
------------------------------------------

