Set min unique nights per track: 3
Set min detections per track: 6
 Set output buffer size = 1000
Reading detections file 
Calculating topocentric correction 
Reading tracklets file 
Reading input took 0.0000000000 seconds.
Recentering all detections on (180, 0).
   Bounds were (in deg) R=[224.1473343100,  513.4203833320], D=[ -24.4279762528,  16.0774903170]
Setting tracklet velocities.
Sorting tracklets by image time and creating trees.
Doing the linking.
Looking for tracks between images at times 59589.160000000003 (image 0 / 16) and 59590.160000000003 (image 1 / 16)  (with 0 support images).
 current wall-clock time is Wed Mar 29 08:59:49 2017
That iteration took 1490791584.000000000000 seconds. 
 so far, we have found 0 tracks.

Looking for tracks between images at times 59589.160000000003 (image 0 / 16) and 59591.160000000003 (image 2 / 16)  (with 1 support images).
 current wall-clock time is Wed Mar 29 08:59:49 2017
That iteration took 1490791306.000000000000 seconds. 
 so far, we have found 2 tracks.

Looking for tracks between images at times 59589.160000000003 (image 0 / 16) and 59592.160000000003 (image 3 / 16)  (with 2 support images).
 current wall-clock time is Wed Mar 29 08:59:49 2017
That iteration took 1490790868.000000000000 seconds. 
 so far, we have found 4 tracks.

Looking for tracks between images at times 59589.160000000003 (image 0 / 16) and 59593.160000000003 (image 4 / 16)  (with 3 support images).
 current wall-clock time is Wed Mar 29 08:59:49 2017
That iteration took 1490790504.000000000000 seconds. 
 so far, we have found 6 tracks.

Looking for tracks between images at times 59589.160000000003 (image 0 / 16) and 59594.160000000003 (image 5 / 16)  (with 4 support images).
 current wall-clock time is Wed Mar 29 08:59:49 2017
That iteration took 1490790150.000000000000 seconds. 
 so far, we have found 7 tracks.

Looking for tracks between images at times 59589.160000000003 (image 0 / 16) and 59595.160000000003 (image 6 / 16)  (with 5 support images).
 current wall-clock time is Wed Mar 29 08:59:49 2017
That iteration took 1490789739.000000000000 seconds. 
 so far, we have found 9 tracks.

Looking for tracks between images at times 59589.160000000003 (image 0 / 16) and 59596.160000000003 (image 7 / 16)  (with 6 support images).
 current wall-clock time is Wed Mar 29 08:59:49 2017
That iteration took 1490789335.000000000000 seconds. 
 so far, we have found 11 tracks.

Looking for tracks between images at times 59589.160000000003 (image 0 / 16) and 59597.160000000003 (image 8 / 16)  (with 7 support images).
 current wall-clock time is Wed Mar 29 08:59:49 2017
That iteration took 1490788881.000000000000 seconds. 
 so far, we have found 13 tracks.

Looking for tracks between images at times 59589.160000000003 (image 0 / 16) and 59598.160000000003 (image 9 / 16)  (with 8 support images).
 current wall-clock time is Wed Mar 29 08:59:49 2017
That iteration took 1490788437.000000000000 seconds. 
 so far, we have found 16 tracks.

Looking for tracks between images at times 59589.160000000003 (image 0 / 16) and 59599.160000000003 (image 10 / 16)  (with 9 support images).
 current wall-clock time is Wed Mar 29 08:59:49 2017
That iteration took 1490787921.000000000000 seconds. 
 so far, we have found 19 tracks.

Looking for tracks between images at times 59589.160000000003 (image 0 / 16) and 59600.160000000003 (image 11 / 16)  (with 10 support images).
 current wall-clock time is Wed Mar 29 08:59:49 2017
That iteration took 1490787404.000000000000 seconds. 
 so far, we have found 22 tracks.

Looking for tracks between images at times 59589.160000000003 (image 0 / 16) and 59601.160000000003 (image 12 / 16)  (with 11 support images).
 current wall-clock time is Wed Mar 29 08:59:49 2017
That iteration took 1490786838.000000000000 seconds. 
 so far, we have found 25 tracks.

Looking for tracks between images at times 59589.160000000003 (image 0 / 16) and 59602.160000000003 (image 13 / 16)  (with 12 support images).
 current wall-clock time is Wed Mar 29 08:59:49 2017
That iteration took 1490786240.000000000000 seconds. 
 so far, we have found 27 tracks.

Looking for tracks between images at times 59589.160000000003 (image 0 / 16) and 59603.160000000003 (image 14 / 16)  (with 13 support images).
 current wall-clock time is Wed Mar 29 08:59:49 2017
That iteration took 1490785611.000000000000 seconds. 
 so far, we have found 29 tracks.

Looking for tracks between images at times 59589.160000000003 (image 0 / 16) and 59604.160000000003 (image 15 / 16)  (with 14 support images).
 current wall-clock time is Wed Mar 29 08:59:49 2017
That iteration took 1490784989.000000000000 seconds. 
 so far, we have found 30 tracks.

Looking for tracks between images at times 59590.160000000003 (image 1 / 16) and 59591.160000000003 (image 2 / 16)  (with 0 support images).
 current wall-clock time is Wed Mar 29 08:59:49 2017
That iteration took 1490784345.000000000000 seconds. 
 so far, we have found 30 tracks.

Looking for tracks between images at times 59590.160000000003 (image 1 / 16) and 59592.160000000003 (image 3 / 16)  (with 1 support images).
 current wall-clock time is Wed Mar 29 08:59:49 2017
That iteration took 1490784323.000000000000 seconds. 
 so far, we have found 32 tracks.

Looking for tracks between images at times 59590.160000000003 (image 1 / 16) and 59593.160000000003 (image 4 / 16)  (with 2 support images).
 current wall-clock time is Wed Mar 29 08:59:49 2017
That iteration took 1490784024.000000000000 seconds. 
 so far, we have found 34 tracks.

Looking for tracks between images at times 59590.160000000003 (image 1 / 16) and 59594.160000000003 (image 5 / 16)  (with 3 support images).
 current wall-clock time is Wed Mar 29 08:59:49 2017
That iteration took 1490783671.000000000000 seconds. 
 so far, we have found 36 tracks.

Looking for tracks between images at times 59590.160000000003 (image 1 / 16) and 59595.160000000003 (image 6 / 16)  (with 4 support images).
 current wall-clock time is Wed Mar 29 08:59:49 2017
That iteration took 1490783320.000000000000 seconds. 
 so far, we have found 37 tracks.

Looking for tracks between images at times 59590.160000000003 (image 1 / 16) and 59596.160000000003 (image 7 / 16)  (with 5 support images).
 current wall-clock time is Wed Mar 29 08:59:49 2017
That iteration took 1490782910.000000000000 seconds. 
 so far, we have found 39 tracks.

Looking for tracks between images at times 59590.160000000003 (image 1 / 16) and 59597.160000000003 (image 8 / 16)  (with 6 support images).
 current wall-clock time is Wed Mar 29 08:59:49 2017
That iteration took 1490782505.000000000000 seconds. 
 so far, we have found 41 tracks.

Looking for tracks between images at times 59590.160000000003 (image 1 / 16) and 59598.160000000003 (image 9 / 16)  (with 7 support images).
 current wall-clock time is Wed Mar 29 08:59:49 2017
That iteration took 1490782054.000000000000 seconds. 
 so far, we have found 43 tracks.

Looking for tracks between images at times 59590.160000000003 (image 1 / 16) and 59599.160000000003 (image 10 / 16)  (with 8 support images).
 current wall-clock time is Wed Mar 29 08:59:49 2017
That iteration took 1490781590.000000000000 seconds. 
 so far, we have found 45 tracks.

Looking for tracks between images at times 59590.160000000003 (image 1 / 16) and 59600.160000000003 (image 11 / 16)  (with 9 support images).
 current wall-clock time is Wed Mar 29 08:59:49 2017
That iteration took 1490781070.000000000000 seconds. 
 so far, we have found 48 tracks.

Looking for tracks between images at times 59590.160000000003 (image 1 / 16) and 59601.160000000003 (image 12 / 16)  (with 10 support images).
 current wall-clock time is Wed Mar 29 08:59:49 2017
That iteration took 1490780574.000000000000 seconds. 
 so far, we have found 51 tracks.

Looking for tracks between images at times 59590.160000000003 (image 1 / 16) and 59602.160000000003 (image 13 / 16)  (with 11 support images).
 current wall-clock time is Wed Mar 29 08:59:49 2017
That iteration took 1490779982.000000000000 seconds. 
 so far, we have found 54 tracks.

Looking for tracks between images at times 59590.160000000003 (image 1 / 16) and 59603.160000000003 (image 14 / 16)  (with 12 support images).
 current wall-clock time is Wed Mar 29 08:59:49 2017
That iteration took 1490779363.000000000000 seconds. 
 so far, we have found 56 tracks.

Looking for tracks between images at times 59590.160000000003 (image 1 / 16) and 59604.160000000003 (image 15 / 16)  (with 13 support images).
 current wall-clock time is Wed Mar 29 08:59:49 2017
That iteration took 1490778728.000000000000 seconds. 
 so far, we have found 58 tracks.

Looking for tracks between images at times 59591.160000000003 (image 2 / 16) and 59592.160000000003 (image 3 / 16)  (with 0 support images).
 current wall-clock time is Wed Mar 29 08:59:49 2017
That iteration took 1490778100.000000000000 seconds. 
 so far, we have found 58 tracks.

Looking for tracks between images at times 59591.160000000003 (image 2 / 16) and 59593.160000000003 (image 4 / 16)  (with 1 support images).
 current wall-clock time is Wed Mar 29 08:59:49 2017
That iteration took 1490778077.000000000000 seconds. 
 so far, we have found 60 tracks.

Looking for tracks between images at times 59591.160000000003 (image 2 / 16) and 59594.160000000003 (image 5 / 16)  (with 2 support images).
 current wall-clock time is Wed Mar 29 08:59:49 2017
That iteration took 1490777742.000000000000 seconds. 
 so far, we have found 62 tracks.

Looking for tracks between images at times 59591.160000000003 (image 2 / 16) and 59595.160000000003 (image 6 / 16)  (with 3 support images).
 current wall-clock time is Wed Mar 29 08:59:49 2017
That iteration took 1490777380.000000000000 seconds. 
 so far, we have found 64 tracks.

Looking for tracks between images at times 59591.160000000003 (image 2 / 16) and 59596.160000000003 (image 7 / 16)  (with 4 support images).
 current wall-clock time is Wed Mar 29 08:59:49 2017
That iteration took 1490777027.000000000000 seconds. 
 so far, we have found 65 tracks.

Looking for tracks between images at times 59591.160000000003 (image 2 / 16) and 59597.160000000003 (image 8 / 16)  (with 5 support images).
 current wall-clock time is Wed Mar 29 08:59:49 2017
That iteration took 1490776608.000000000000 seconds. 
 so far, we have found 67 tracks.

Looking for tracks between images at times 59591.160000000003 (image 2 / 16) and 59598.160000000003 (image 9 / 16)  (with 6 support images).
 current wall-clock time is Wed Mar 29 08:59:49 2017
That iteration took 1490776206.000000000000 seconds. 
 so far, we have found 69 tracks.

Looking for tracks between images at times 59591.160000000003 (image 2 / 16) and 59599.160000000003 (image 10 / 16)  (with 7 support images).
 current wall-clock time is Wed Mar 29 08:59:49 2017
That iteration took 1490775751.000000000000 seconds. 
 so far, we have found 71 tracks.

Looking for tracks between images at times 59591.160000000003 (image 2 / 16) and 59600.160000000003 (image 11 / 16)  (with 8 support images).
 current wall-clock time is Wed Mar 29 08:59:49 2017
That iteration took 1490775289.000000000000 seconds. 
 so far, we have found 73 tracks.

Looking for tracks between images at times 59591.160000000003 (image 2 / 16) and 59601.160000000003 (image 12 / 16)  (with 9 support images).
 current wall-clock time is Wed Mar 29 08:59:49 2017
That iteration took 1490774790.000000000000 seconds. 
 so far, we have found 76 tracks.

Looking for tracks between images at times 59591.160000000003 (image 2 / 16) and 59602.160000000003 (image 13 / 16)  (with 10 support images).
 current wall-clock time is Wed Mar 29 08:59:49 2017
That iteration took 1490774271.000000000000 seconds. 
 so far, we have found 79 tracks.

Looking for tracks between images at times 59591.160000000003 (image 2 / 16) and 59603.160000000003 (image 14 / 16)  (with 11 support images).
 current wall-clock time is Wed Mar 29 08:59:49 2017
That iteration took 1490773700.000000000000 seconds. 
 so far, we have found 82 tracks.

Looking for tracks between images at times 59591.160000000003 (image 2 / 16) and 59604.160000000003 (image 15 / 16)  (with 12 support images).
 current wall-clock time is Wed Mar 29 08:59:49 2017
That iteration took 1490773107.000000000000 seconds. 
 so far, we have found 84 tracks.

Looking for tracks between images at times 59592.160000000003 (image 3 / 16) and 59593.160000000003 (image 4 / 16)  (with 0 support images).
 current wall-clock time is Wed Mar 29 08:59:49 2017
That iteration took 1490772485.000000000000 seconds. 
 so far, we have found 84 tracks.

Looking for tracks between images at times 59592.160000000003 (image 3 / 16) and 59594.160000000003 (image 5 / 16)  (with 1 support images).
 current wall-clock time is Wed Mar 29 08:59:49 2017
That iteration took 1490772462.000000000000 seconds. 
 so far, we have found 86 tracks.

Looking for tracks between images at times 59592.160000000003 (image 3 / 16) and 59595.160000000003 (image 6 / 16)  (with 2 support images).
 current wall-clock time is Wed Mar 29 08:59:49 2017
That iteration took 1490772146.000000000000 seconds. 
 so far, we have found 88 tracks.

Looking for tracks between images at times 59592.160000000003 (image 3 / 16) and 59596.160000000003 (image 7 / 16)  (with 3 support images).
 current wall-clock time is Wed Mar 29 08:59:49 2017
That iteration took 1490771791.000000000000 seconds. 
 so far, we have found 90 tracks.

Looking for tracks between images at times 59592.160000000003 (image 3 / 16) and 59597.160000000003 (image 8 / 16)  (with 4 support images).
 current wall-clock time is Wed Mar 29 08:59:49 2017
That iteration took 1490771443.000000000000 seconds. 
 so far, we have found 91 tracks.

Looking for tracks between images at times 59592.160000000003 (image 3 / 16) and 59598.160000000003 (image 9 / 16)  (with 5 support images).
 current wall-clock time is Wed Mar 29 08:59:49 2017
That iteration took 1490771028.000000000000 seconds. 
 so far, we have found 93 tracks.

Looking for tracks between images at times 59592.160000000003 (image 3 / 16) and 59599.160000000003 (image 10 / 16)  (with 6 support images).
 current wall-clock time is Wed Mar 29 08:59:49 2017
That iteration took 1490770620.000000000000 seconds. 
 so far, we have found 95 tracks.

Looking for tracks between images at times 59592.160000000003 (image 3 / 16) and 59600.160000000003 (image 11 / 16)  (with 7 support images).
 current wall-clock time is Wed Mar 29 08:59:49 2017
That iteration took 1490770164.000000000000 seconds. 
 so far, we have found 97 tracks.

Looking for tracks between images at times 59592.160000000003 (image 3 / 16) and 59601.160000000003 (image 12 / 16)  (with 8 support images).
 current wall-clock time is Wed Mar 29 08:59:49 2017
That iteration took 1490769716.000000000000 seconds. 
 so far, we have found 99 tracks.

Looking for tracks between images at times 59592.160000000003 (image 3 / 16) and 59602.160000000003 (image 13 / 16)  (with 9 support images).
 current wall-clock time is Wed Mar 29 08:59:49 2017
That iteration took 1490769197.000000000000 seconds. 
 so far, we have found 101 tracks.

Looking for tracks between images at times 59592.160000000003 (image 3 / 16) and 59603.160000000003 (image 14 / 16)  (with 10 support images).
 current wall-clock time is Wed Mar 29 08:59:49 2017
That iteration took 1490768695.000000000000 seconds. 
 so far, we have found 104 tracks.

Looking for tracks between images at times 59592.160000000003 (image 3 / 16) and 59604.160000000003 (image 15 / 16)  (with 11 support images).
 current wall-clock time is Wed Mar 29 08:59:49 2017
That iteration took 1490768126.000000000000 seconds. 
 so far, we have found 107 tracks.

Looking for tracks between images at times 59593.160000000003 (image 4 / 16) and 59594.160000000003 (image 5 / 16)  (with 0 support images).
 current wall-clock time is Wed Mar 29 08:59:49 2017
That iteration took 1490767544.000000000000 seconds. 
 so far, we have found 107 tracks.

Looking for tracks between images at times 59593.160000000003 (image 4 / 16) and 59595.160000000003 (image 6 / 16)  (with 1 support images).
 current wall-clock time is Wed Mar 29 08:59:49 2017
That iteration took 1490767522.000000000000 seconds. 
 so far, we have found 109 tracks.

Looking for tracks between images at times 59593.160000000003 (image 4 / 16) and 59596.160000000003 (image 7 / 16)  (with 2 support images).
 current wall-clock time is Wed Mar 29 08:59:49 2017
That iteration took 1490767188.000000000000 seconds. 
 so far, we have found 111 tracks.

Looking for tracks between images at times 59593.160000000003 (image 4 / 16) and 59597.160000000003 (image 8 / 16)  (with 3 support images).
 current wall-clock time is Wed Mar 29 08:59:49 2017
That iteration took 1490766836.000000000000 seconds. 
 so far, we have found 113 tracks.

Looking for tracks between images at times 59593.160000000003 (image 4 / 16) and 59598.160000000003 (image 9 / 16)  (with 4 support images).
 current wall-clock time is Wed Mar 29 08:59:49 2017
That iteration took 1490766486.000000000000 seconds. 
 so far, we have found 115 tracks.

Looking for tracks between images at times 59593.160000000003 (image 4 / 16) and 59599.160000000003 (image 10 / 16)  (with 5 support images).
 current wall-clock time is Wed Mar 29 08:59:49 2017
That iteration took 1490766080.000000000000 seconds. 
 so far, we have found 117 tracks.

Looking for tracks between images at times 59593.160000000003 (image 4 / 16) and 59600.160000000003 (image 11 / 16)  (with 6 support images).
 current wall-clock time is Wed Mar 29 08:59:49 2017
That iteration took 1490765675.000000000000 seconds. 
 so far, we have found 119 tracks.

Looking for tracks between images at times 59593.160000000003 (image 4 / 16) and 59601.160000000003 (image 12 / 16)  (with 7 support images).
 current wall-clock time is Wed Mar 29 08:59:49 2017
That iteration took 1490765190.000000000000 seconds. 
 so far, we have found 121 tracks.

Looking for tracks between images at times 59593.160000000003 (image 4 / 16) and 59602.160000000003 (image 13 / 16)  (with 8 support images).
 current wall-clock time is Wed Mar 29 08:59:49 2017
That iteration took 1490764752.000000000000 seconds. 
 so far, we have found 123 tracks.

Looking for tracks between images at times 59593.160000000003 (image 4 / 16) and 59603.160000000003 (image 14 / 16)  (with 9 support images).
 current wall-clock time is Wed Mar 29 08:59:49 2017
That iteration took 1490764235.000000000000 seconds. 
 so far, we have found 125 tracks.

Looking for tracks between images at times 59593.160000000003 (image 4 / 16) and 59604.160000000003 (image 15 / 16)  (with 10 support images).
 current wall-clock time is Wed Mar 29 08:59:49 2017
That iteration took 1490763733.000000000000 seconds. 
 so far, we have found 127 tracks.

Looking for tracks between images at times 59594.160000000003 (image 5 / 16) and 59595.160000000003 (image 6 / 16)  (with 0 support images).
 current wall-clock time is Wed Mar 29 08:59:49 2017
That iteration took 1490763180.000000000000 seconds. 
 so far, we have found 127 tracks.

Looking for tracks between images at times 59594.160000000003 (image 5 / 16) and 59596.160000000003 (image 7 / 16)  (with 1 support images).
 current wall-clock time is Wed Mar 29 08:59:49 2017
That iteration took 1490763157.000000000000 seconds. 
 so far, we have found 129 tracks.

Looking for tracks between images at times 59594.160000000003 (image 5 / 16) and 59597.160000000003 (image 8 / 16)  (with 2 support images).
 current wall-clock time is Wed Mar 29 08:59:49 2017
That iteration took 1490762824.000000000000 seconds. 
 so far, we have found 131 tracks.

Looking for tracks between images at times 59594.160000000003 (image 5 / 16) and 59598.160000000003 (image 9 / 16)  (with 3 support images).
 current wall-clock time is Wed Mar 29 08:59:49 2017
That iteration took 1490762463.000000000000 seconds. 
 so far, we have found 133 tracks.

Looking for tracks between images at times 59594.160000000003 (image 5 / 16) and 59599.160000000003 (image 10 / 16)  (with 4 support images).
 current wall-clock time is Wed Mar 29 08:59:49 2017
That iteration took 1490762112.000000000000 seconds. 
 so far, we have found 134 tracks.

Looking for tracks between images at times 59594.160000000003 (image 5 / 16) and 59600.160000000003 (image 11 / 16)  (with 5 support images).
 current wall-clock time is Wed Mar 29 08:59:49 2017
That iteration took 1490761703.000000000000 seconds. 
 so far, we have found 136 tracks.

Looking for tracks between images at times 59594.160000000003 (image 5 / 16) and 59601.160000000003 (image 12 / 16)  (with 6 support images).
 current wall-clock time is Wed Mar 29 08:59:49 2017
That iteration took 1490761290.000000000000 seconds. 
 so far, we have found 138 tracks.

Looking for tracks between images at times 59594.160000000003 (image 5 / 16) and 59602.160000000003 (image 13 / 16)  (with 7 support images).
 current wall-clock time is Wed Mar 29 08:59:49 2017
That iteration took 1490760835.000000000000 seconds. 
 so far, we have found 140 tracks.

Looking for tracks between images at times 59594.160000000003 (image 5 / 16) and 59603.160000000003 (image 14 / 16)  (with 8 support images).
 current wall-clock time is Wed Mar 29 08:59:49 2017
That iteration took 1490760395.000000000000 seconds. 
 so far, we have found 142 tracks.

Looking for tracks between images at times 59594.160000000003 (image 5 / 16) and 59604.160000000003 (image 15 / 16)  (with 9 support images).
 current wall-clock time is Wed Mar 29 08:59:49 2017
That iteration took 1490759894.000000000000 seconds. 
 so far, we have found 144 tracks.

Looking for tracks between images at times 59595.160000000003 (image 6 / 16) and 59596.160000000003 (image 7 / 16)  (with 0 support images).
 current wall-clock time is Wed Mar 29 08:59:49 2017
That iteration took 1490759400.000000000000 seconds. 
 so far, we have found 144 tracks.

Looking for tracks between images at times 59595.160000000003 (image 6 / 16) and 59597.160000000003 (image 8 / 16)  (with 1 support images).
 current wall-clock time is Wed Mar 29 08:59:49 2017
That iteration took 1490759377.000000000000 seconds. 
 so far, we have found 146 tracks.

Looking for tracks between images at times 59595.160000000003 (image 6 / 16) and 59598.160000000003 (image 9 / 16)  (with 2 support images).
 current wall-clock time is Wed Mar 29 08:59:49 2017
That iteration took 1490759063.000000000000 seconds. 
 so far, we have found 148 tracks.

Looking for tracks between images at times 59595.160000000003 (image 6 / 16) and 59599.160000000003 (image 10 / 16)  (with 3 support images).
 current wall-clock time is Wed Mar 29 08:59:49 2017
That iteration took 1490758710.000000000000 seconds. 
 so far, we have found 150 tracks.

Looking for tracks between images at times 59595.160000000003 (image 6 / 16) and 59600.160000000003 (image 11 / 16)  (with 4 support images).
 current wall-clock time is Wed Mar 29 08:59:49 2017
That iteration took 1490758354.000000000000 seconds. 
 so far, we have found 151 tracks.

Looking for tracks between images at times 59595.160000000003 (image 6 / 16) and 59601.160000000003 (image 12 / 16)  (with 5 support images).
 current wall-clock time is Wed Mar 29 08:59:49 2017
That iteration took 1490757944.000000000000 seconds. 
 so far, we have found 153 tracks.

Looking for tracks between images at times 59595.160000000003 (image 6 / 16) and 59602.160000000003 (image 13 / 16)  (with 6 support images).
 current wall-clock time is Wed Mar 29 08:59:49 2017
That iteration took 1490757541.000000000000 seconds. 
 so far, we have found 155 tracks.

Looking for tracks between images at times 59595.160000000003 (image 6 / 16) and 59603.160000000003 (image 14 / 16)  (with 7 support images).
 current wall-clock time is Wed Mar 29 08:59:49 2017
That iteration took 1490757101.000000000000 seconds. 
 so far, we have found 157 tracks.

Looking for tracks between images at times 59595.160000000003 (image 6 / 16) and 59604.160000000003 (image 15 / 16)  (with 8 support images).
 current wall-clock time is Wed Mar 29 08:59:49 2017
That iteration took 1490756652.000000000000 seconds. 
 so far, we have found 159 tracks.

Looking for tracks between images at times 59596.160000000003 (image 7 / 16) and 59597.160000000003 (image 8 / 16)  (with 0 support images).
 current wall-clock time is Wed Mar 29 08:59:49 2017
That iteration took 1490756161.000000000000 seconds. 
 so far, we have found 159 tracks.

Looking for tracks between images at times 59596.160000000003 (image 7 / 16) and 59598.160000000003 (image 9 / 16)  (with 1 support images).
 current wall-clock time is Wed Mar 29 08:59:49 2017
That iteration took 1490756139.000000000000 seconds. 
 so far, we have found 161 tracks.

Looking for tracks between images at times 59596.160000000003 (image 7 / 16) and 59599.160000000003 (image 10 / 16)  (with 2 support images).
 current wall-clock time is Wed Mar 29 08:59:49 2017
That iteration took 1490755813.000000000000 seconds. 
 so far, we have found 163 tracks.

Looking for tracks between images at times 59596.160000000003 (image 7 / 16) and 59600.160000000003 (image 11 / 16)  (with 3 support images).
 current wall-clock time is Wed Mar 29 08:59:49 2017
That iteration took 1490755456.000000000000 seconds. 
 so far, we have found 165 tracks.

Looking for tracks between images at times 59596.160000000003 (image 7 / 16) and 59601.160000000003 (image 12 / 16)  (with 4 support images).
 current wall-clock time is Wed Mar 29 08:59:49 2017
That iteration took 1490755089.000000000000 seconds. 
 so far, we have found 167 tracks.

Looking for tracks between images at times 59596.160000000003 (image 7 / 16) and 59602.160000000003 (image 13 / 16)  (with 5 support images).
 current wall-clock time is Wed Mar 29 08:59:49 2017
That iteration took 1490754689.000000000000 seconds. 
 so far, we have found 169 tracks.

Looking for tracks between images at times 59596.160000000003 (image 7 / 16) and 59603.160000000003 (image 14 / 16)  (with 6 support images).
 current wall-clock time is Wed Mar 29 08:59:49 2017
That iteration took 1490754282.000000000000 seconds. 
 so far, we have found 171 tracks.

Looking for tracks between images at times 59596.160000000003 (image 7 / 16) and 59604.160000000003 (image 15 / 16)  (with 7 support images).
 current wall-clock time is Wed Mar 29 08:59:49 2017
That iteration took 1490753842.000000000000 seconds. 
 so far, we have found 173 tracks.

Looking for tracks between images at times 59597.160000000003 (image 8 / 16) and 59598.160000000003 (image 9 / 16)  (with 0 support images).
 current wall-clock time is Wed Mar 29 08:59:49 2017
That iteration took 1490753395.000000000000 seconds. 
 so far, we have found 173 tracks.

Looking for tracks between images at times 59597.160000000003 (image 8 / 16) and 59599.160000000003 (image 10 / 16)  (with 1 support images).
 current wall-clock time is Wed Mar 29 08:59:49 2017
That iteration took 1490753372.000000000000 seconds. 
 so far, we have found 175 tracks.

Looking for tracks between images at times 59597.160000000003 (image 8 / 16) and 59600.160000000003 (image 11 / 16)  (with 2 support images).
 current wall-clock time is Wed Mar 29 08:59:49 2017
That iteration took 1490753067.000000000000 seconds. 
 so far, we have found 177 tracks.

Looking for tracks between images at times 59597.160000000003 (image 8 / 16) and 59601.160000000003 (image 12 / 16)  (with 3 support images).
 current wall-clock time is Wed Mar 29 08:59:49 2017
That iteration took 1490752724.000000000000 seconds. 
 so far, we have found 179 tracks.

Looking for tracks between images at times 59597.160000000003 (image 8 / 16) and 59602.160000000003 (image 13 / 16)  (with 4 support images).
 current wall-clock time is Wed Mar 29 08:59:49 2017
That iteration took 1490752362.000000000000 seconds. 
 so far, we have found 180 tracks.

Looking for tracks between images at times 59597.160000000003 (image 8 / 16) and 59603.160000000003 (image 14 / 16)  (with 5 support images).
 current wall-clock time is Wed Mar 29 08:59:49 2017
That iteration took 1490751954.000000000000 seconds. 
 so far, we have found 182 tracks.

Looking for tracks between images at times 59597.160000000003 (image 8 / 16) and 59604.160000000003 (image 15 / 16)  (with 6 support images).
 current wall-clock time is Wed Mar 29 08:59:49 2017
That iteration took 1490751552.000000000000 seconds. 
 so far, we have found 184 tracks.

Looking for tracks between images at times 59598.160000000003 (image 9 / 16) and 59599.160000000003 (image 10 / 16)  (with 0 support images).
 current wall-clock time is Wed Mar 29 08:59:49 2017
That iteration took 1490751106.000000000000 seconds. 
 so far, we have found 184 tracks.

Looking for tracks between images at times 59598.160000000003 (image 9 / 16) and 59600.160000000003 (image 11 / 16)  (with 1 support images).
 current wall-clock time is Wed Mar 29 08:59:49 2017
That iteration took 1490751074.000000000000 seconds. 
 so far, we have found 186 tracks.

Looking for tracks between images at times 59598.160000000003 (image 9 / 16) and 59601.160000000003 (image 12 / 16)  (with 2 support images).
 current wall-clock time is Wed Mar 29 08:59:49 2017
That iteration took 1490750751.000000000000 seconds. 
 so far, we have found 188 tracks.

Looking for tracks between images at times 59598.160000000003 (image 9 / 16) and 59602.160000000003 (image 13 / 16)  (with 3 support images).
 current wall-clock time is Wed Mar 29 08:59:49 2017
That iteration took 1490750396.000000000000 seconds. 
 so far, we have found 190 tracks.

Looking for tracks between images at times 59598.160000000003 (image 9 / 16) and 59603.160000000003 (image 14 / 16)  (with 4 support images).
 current wall-clock time is Wed Mar 29 08:59:49 2017
That iteration took 1490750034.000000000000 seconds. 
 so far, we have found 192 tracks.

Looking for tracks between images at times 59598.160000000003 (image 9 / 16) and 59604.160000000003 (image 15 / 16)  (with 5 support images).
 current wall-clock time is Wed Mar 29 08:59:49 2017
That iteration took 1490749639.000000000000 seconds. 
 so far, we have found 194 tracks.

Looking for tracks between images at times 59599.160000000003 (image 10 / 16) and 59600.160000000003 (image 11 / 16)  (with 0 support images).
 current wall-clock time is Wed Mar 29 08:59:49 2017
That iteration took 1490749243.000000000000 seconds. 
 so far, we have found 194 tracks.

Looking for tracks between images at times 59599.160000000003 (image 10 / 16) and 59601.160000000003 (image 12 / 16)  (with 1 support images).
 current wall-clock time is Wed Mar 29 08:59:49 2017
That iteration took 1490749222.000000000000 seconds. 
 so far, we have found 196 tracks.

Looking for tracks between images at times 59599.160000000003 (image 10 / 16) and 59602.160000000003 (image 13 / 16)  (with 2 support images).
 current wall-clock time is Wed Mar 29 08:59:49 2017
That iteration took 1490748936.000000000000 seconds. 
 so far, we have found 198 tracks.

Looking for tracks between images at times 59599.160000000003 (image 10 / 16) and 59603.160000000003 (image 14 / 16)  (with 3 support images).
 current wall-clock time is Wed Mar 29 08:59:49 2017
That iteration took 1490748591.000000000000 seconds. 
 so far, we have found 200 tracks.

Looking for tracks between images at times 59599.160000000003 (image 10 / 16) and 59604.160000000003 (image 15 / 16)  (with 4 support images).
 current wall-clock time is Wed Mar 29 08:59:49 2017
That iteration took 1490748259.000000000000 seconds. 
 so far, we have found 201 tracks.

Looking for tracks between images at times 59600.160000000003 (image 11 / 16) and 59601.160000000003 (image 12 / 16)  (with 0 support images).
 current wall-clock time is Wed Mar 29 08:59:49 2017
That iteration took 1490747870.000000000000 seconds. 
 so far, we have found 201 tracks.

Looking for tracks between images at times 59600.160000000003 (image 11 / 16) and 59602.160000000003 (image 13 / 16)  (with 1 support images).
 current wall-clock time is Wed Mar 29 08:59:49 2017
That iteration took 1490747850.000000000000 seconds. 
 so far, we have found 203 tracks.

Looking for tracks between images at times 59600.160000000003 (image 11 / 16) and 59603.160000000003 (image 14 / 16)  (with 2 support images).
 current wall-clock time is Wed Mar 29 08:59:49 2017
That iteration took 1490747563.000000000000 seconds. 
 so far, we have found 205 tracks.

Looking for tracks between images at times 59600.160000000003 (image 11 / 16) and 59604.160000000003 (image 15 / 16)  (with 3 support images).
 current wall-clock time is Wed Mar 29 08:59:49 2017
That iteration took 1490747229.000000000000 seconds. 
 so far, we have found 207 tracks.

Looking for tracks between images at times 59601.160000000003 (image 12 / 16) and 59602.160000000003 (image 13 / 16)  (with 0 support images).
 current wall-clock time is Wed Mar 29 08:59:49 2017
That iteration took 1490746836.000000000000 seconds. 
 so far, we have found 207 tracks.

Looking for tracks between images at times 59601.160000000003 (image 12 / 16) and 59603.160000000003 (image 14 / 16)  (with 1 support images).
 current wall-clock time is Wed Mar 29 08:59:49 2017
That iteration took 1490746813.000000000000 seconds. 
 so far, we have found 209 tracks.

Looking for tracks between images at times 59601.160000000003 (image 12 / 16) and 59604.160000000003 (image 15 / 16)  (with 2 support images).
 current wall-clock time is Wed Mar 29 08:59:49 2017
That iteration took 1490746519.000000000000 seconds. 
 so far, we have found 211 tracks.

Looking for tracks between images at times 59602.160000000003 (image 13 / 16) and 59603.160000000003 (image 14 / 16)  (with 0 support images).
 current wall-clock time is Wed Mar 29 08:59:49 2017
That iteration took 1490746180.000000000000 seconds. 
 so far, we have found 211 tracks.

Looking for tracks between images at times 59602.160000000003 (image 13 / 16) and 59604.160000000003 (image 15 / 16)  (with 1 support images).
 current wall-clock time is Wed Mar 29 08:59:49 2017
That iteration took 1490746159.000000000000 seconds. 
 so far, we have found 213 tracks.

Looking for tracks between images at times 59603.160000000003 (image 14 / 16) and 59604.160000000003 (image 15 / 16)  (with 0 support images).
 current wall-clock time is Wed Mar 29 08:59:49 2017
That iteration took 1490745871.000000000000 seconds. 
 so far, we have found 213 tracks.

Found 120 valid start/end image pairs.
Finished linking.
Linking took 1490791588.000000000000 seconds.
TrackSet: purgeToFile called.
TrackSet: clearing component tracks from memory.
Results successfully written to disk.
Done. Exiting successfully.
Completed after 0.0000000000 seconds.
This process (41612) memory usage: 
------------------------------------------
------------------------------------------

