Set min unique nights per track: 3
Set min detections per track: 6
 Set output buffer size = 1000
Reading detections file 
Calculating topocentric correction 
Reading tracklets file 
Reading input took 0.0000000000 seconds.
Recentering all detections on (180, 0).
   Bounds were (in deg) R=[221.0580558550,  513.8853258050], D=[ -23.7051426555,  15.2442570490]
Setting tracklet velocities.
Sorting tracklets by image time and creating trees.
Doing the linking.
Looking for tracks between images at times 59581.160000000003 (image 0 / 16) and 59582.160000000003 (image 1 / 16)  (with 0 support images).
 current wall-clock time is Wed Mar 29 09:15:16 2017
That iteration took 1490792391.000000000000 seconds. 
 so far, we have found 0 tracks.

Looking for tracks between images at times 59581.160000000003 (image 0 / 16) and 59583.160000000003 (image 2 / 16)  (with 1 support images).
 current wall-clock time is Wed Mar 29 09:15:16 2017
That iteration took 1490792160.000000000000 seconds. 
 so far, we have found 2 tracks.

Looking for tracks between images at times 59581.160000000003 (image 0 / 16) and 59584.160000000003 (image 3 / 16)  (with 2 support images).
 current wall-clock time is Wed Mar 29 09:15:16 2017
That iteration took 1490791557.000000000000 seconds. 
 so far, we have found 3 tracks.

Looking for tracks between images at times 59581.160000000003 (image 0 / 16) and 59585.160000000003 (image 4 / 16)  (with 3 support images).
 current wall-clock time is Wed Mar 29 09:15:16 2017
That iteration took 1490791177.000000000000 seconds. 
 so far, we have found 5 tracks.

Looking for tracks between images at times 59581.160000000003 (image 0 / 16) and 59586.160000000003 (image 5 / 16)  (with 4 support images).
 current wall-clock time is Wed Mar 29 09:15:16 2017
That iteration took 1490790819.000000000000 seconds. 
 so far, we have found 8 tracks.

Looking for tracks between images at times 59581.160000000003 (image 0 / 16) and 59587.160000000003 (image 6 / 16)  (with 5 support images).
 current wall-clock time is Wed Mar 29 09:15:16 2017
That iteration took 1490790389.000000000000 seconds. 
 so far, we have found 11 tracks.

Looking for tracks between images at times 59581.160000000003 (image 0 / 16) and 59588.160000000003 (image 7 / 16)  (with 6 support images).
 current wall-clock time is Wed Mar 29 09:15:16 2017
That iteration took 1490789971.000000000000 seconds. 
 so far, we have found 13 tracks.

Looking for tracks between images at times 59581.160000000003 (image 0 / 16) and 59589.160000000003 (image 8 / 16)  (with 7 support images).
 current wall-clock time is Wed Mar 29 09:15:16 2017
That iteration took 1490789511.000000000000 seconds. 
 so far, we have found 16 tracks.

Looking for tracks between images at times 59581.160000000003 (image 0 / 16) and 59590.160000000003 (image 9 / 16)  (with 8 support images).
 current wall-clock time is Wed Mar 29 09:15:16 2017
That iteration took 1490789048.000000000000 seconds. 
 so far, we have found 18 tracks.

Looking for tracks between images at times 59581.160000000003 (image 0 / 16) and 59591.160000000003 (image 10 / 16)  (with 9 support images).
 current wall-clock time is Wed Mar 29 09:15:16 2017
That iteration took 1490788509.000000000000 seconds. 
 so far, we have found 21 tracks.

Looking for tracks between images at times 59581.160000000003 (image 0 / 16) and 59592.160000000003 (image 11 / 16)  (with 10 support images).
 current wall-clock time is Wed Mar 29 09:15:16 2017
That iteration took 1490787996.000000000000 seconds. 
 so far, we have found 23 tracks.

Looking for tracks between images at times 59581.160000000003 (image 0 / 16) and 59593.160000000003 (image 12 / 16)  (with 11 support images).
 current wall-clock time is Wed Mar 29 09:15:16 2017
That iteration took 1490787419.000000000000 seconds. 
 so far, we have found 26 tracks.

Looking for tracks between images at times 59581.160000000003 (image 0 / 16) and 59594.160000000003 (image 13 / 16)  (with 12 support images).
 current wall-clock time is Wed Mar 29 09:15:16 2017
That iteration took 1490786820.000000000000 seconds. 
 so far, we have found 29 tracks.

Looking for tracks between images at times 59581.160000000003 (image 0 / 16) and 59595.160000000003 (image 14 / 16)  (with 13 support images).
 current wall-clock time is Wed Mar 29 09:15:16 2017
That iteration took 1490786177.000000000000 seconds. 
 so far, we have found 32 tracks.

Looking for tracks between images at times 59581.160000000003 (image 0 / 16) and 59596.160000000003 (image 15 / 16)  (with 14 support images).
 current wall-clock time is Wed Mar 29 09:15:16 2017
That iteration took 1490785543.000000000000 seconds. 
 so far, we have found 34 tracks.

Looking for tracks between images at times 59582.160000000003 (image 1 / 16) and 59583.160000000003 (image 2 / 16)  (with 0 support images).
 current wall-clock time is Wed Mar 29 09:15:16 2017
That iteration took 1490784886.000000000000 seconds. 
 so far, we have found 34 tracks.

Looking for tracks between images at times 59582.160000000003 (image 1 / 16) and 59584.160000000003 (image 3 / 16)  (with 1 support images).
 current wall-clock time is Wed Mar 29 09:15:16 2017
That iteration took 1490784863.000000000000 seconds. 
 so far, we have found 36 tracks.

Looking for tracks between images at times 59582.160000000003 (image 1 / 16) and 59585.160000000003 (image 4 / 16)  (with 2 support images).
 current wall-clock time is Wed Mar 29 09:15:16 2017
That iteration took 1490784558.000000000000 seconds. 
 so far, we have found 37 tracks.

Looking for tracks between images at times 59582.160000000003 (image 1 / 16) and 59586.160000000003 (image 5 / 16)  (with 3 support images).
 current wall-clock time is Wed Mar 29 09:15:16 2017
That iteration took 1490784188.000000000000 seconds. 
 so far, we have found 39 tracks.

Looking for tracks between images at times 59582.160000000003 (image 1 / 16) and 59587.160000000003 (image 6 / 16)  (with 4 support images).
 current wall-clock time is Wed Mar 29 09:15:16 2017
That iteration took 1490783840.000000000000 seconds. 
 so far, we have found 41 tracks.

Looking for tracks between images at times 59582.160000000003 (image 1 / 16) and 59588.160000000003 (image 7 / 16)  (with 5 support images).
 current wall-clock time is Wed Mar 29 09:15:16 2017
That iteration took 1490783424.000000000000 seconds. 
 so far, we have found 44 tracks.

Looking for tracks between images at times 59582.160000000003 (image 1 / 16) and 59589.160000000003 (image 8 / 16)  (with 6 support images).
 current wall-clock time is Wed Mar 29 09:15:16 2017
That iteration took 1490783007.000000000000 seconds. 
 so far, we have found 46 tracks.

Looking for tracks between images at times 59582.160000000003 (image 1 / 16) and 59590.160000000003 (image 9 / 16)  (with 7 support images).
 current wall-clock time is Wed Mar 29 09:15:16 2017
That iteration took 1490782549.000000000000 seconds. 
 so far, we have found 49 tracks.

Looking for tracks between images at times 59582.160000000003 (image 1 / 16) and 59591.160000000003 (image 10 / 16)  (with 8 support images).
 current wall-clock time is Wed Mar 29 09:15:16 2017
That iteration took 1490782077.000000000000 seconds. 
 so far, we have found 51 tracks.

Looking for tracks between images at times 59582.160000000003 (image 1 / 16) and 59592.160000000003 (image 11 / 16)  (with 9 support images).
 current wall-clock time is Wed Mar 29 09:15:16 2017
That iteration took 1490781550.000000000000 seconds. 
 so far, we have found 54 tracks.

Looking for tracks between images at times 59582.160000000003 (image 1 / 16) and 59593.160000000003 (image 12 / 16)  (with 10 support images).
 current wall-clock time is Wed Mar 29 09:15:16 2017
That iteration took 1490781019.000000000000 seconds. 
 so far, we have found 56 tracks.

Looking for tracks between images at times 59582.160000000003 (image 1 / 16) and 59594.160000000003 (image 13 / 16)  (with 11 support images).
 current wall-clock time is Wed Mar 29 09:15:16 2017
That iteration took 1490780399.000000000000 seconds. 
 so far, we have found 59 tracks.

Looking for tracks between images at times 59582.160000000003 (image 1 / 16) and 59595.160000000003 (image 14 / 16)  (with 12 support images).
 current wall-clock time is Wed Mar 29 09:15:16 2017
That iteration took 1490779813.000000000000 seconds. 
 so far, we have found 62 tracks.

Looking for tracks between images at times 59582.160000000003 (image 1 / 16) and 59596.160000000003 (image 15 / 16)  (with 13 support images).
 current wall-clock time is Wed Mar 29 09:15:16 2017
That iteration took 1490779185.000000000000 seconds. 
 so far, we have found 65 tracks.

Looking for tracks between images at times 59583.160000000003 (image 2 / 16) and 59584.160000000003 (image 3 / 16)  (with 0 support images).
 current wall-clock time is Wed Mar 29 09:15:16 2017
That iteration took 1490778541.000000000000 seconds. 
 so far, we have found 65 tracks.

Looking for tracks between images at times 59583.160000000003 (image 2 / 16) and 59585.160000000003 (image 4 / 16)  (with 1 support images).
 current wall-clock time is Wed Mar 29 09:15:16 2017
That iteration took 1490778519.000000000000 seconds. 
 so far, we have found 67 tracks.

Looking for tracks between images at times 59583.160000000003 (image 2 / 16) and 59586.160000000003 (image 5 / 16)  (with 2 support images).
 current wall-clock time is Wed Mar 29 09:15:16 2017
That iteration took 1490778198.000000000000 seconds. 
 so far, we have found 68 tracks.

Looking for tracks between images at times 59583.160000000003 (image 2 / 16) and 59587.160000000003 (image 6 / 16)  (with 3 support images).
 current wall-clock time is Wed Mar 29 09:15:16 2017
That iteration took 1490777830.000000000000 seconds. 
 so far, we have found 70 tracks.

Looking for tracks between images at times 59583.160000000003 (image 2 / 16) and 59588.160000000003 (image 7 / 16)  (with 4 support images).
 current wall-clock time is Wed Mar 29 09:15:16 2017
That iteration took 1490777475.000000000000 seconds. 
 so far, we have found 72 tracks.

Looking for tracks between images at times 59583.160000000003 (image 2 / 16) and 59589.160000000003 (image 8 / 16)  (with 5 support images).
 current wall-clock time is Wed Mar 29 09:15:16 2017
That iteration took 1490777056.000000000000 seconds. 
 so far, we have found 75 tracks.

Looking for tracks between images at times 59583.160000000003 (image 2 / 16) and 59590.160000000003 (image 9 / 16)  (with 6 support images).
 current wall-clock time is Wed Mar 29 09:15:16 2017
That iteration took 1490776646.000000000000 seconds. 
 so far, we have found 77 tracks.

Looking for tracks between images at times 59583.160000000003 (image 2 / 16) and 59591.160000000003 (image 10 / 16)  (with 7 support images).
 current wall-clock time is Wed Mar 29 09:15:16 2017
That iteration took 1490776196.000000000000 seconds. 
 so far, we have found 80 tracks.

Looking for tracks between images at times 59583.160000000003 (image 2 / 16) and 59592.160000000003 (image 11 / 16)  (with 8 support images).
 current wall-clock time is Wed Mar 29 09:15:16 2017
That iteration took 1490775726.000000000000 seconds. 
 so far, we have found 82 tracks.

Looking for tracks between images at times 59583.160000000003 (image 2 / 16) and 59593.160000000003 (image 12 / 16)  (with 9 support images).
 current wall-clock time is Wed Mar 29 09:15:16 2017
That iteration took 1490775153.000000000000 seconds. 
 so far, we have found 85 tracks.

Looking for tracks between images at times 59583.160000000003 (image 2 / 16) and 59594.160000000003 (image 13 / 16)  (with 10 support images).
 current wall-clock time is Wed Mar 29 09:15:16 2017
That iteration took 1490774633.000000000000 seconds. 
 so far, we have found 87 tracks.

Looking for tracks between images at times 59583.160000000003 (image 2 / 16) and 59595.160000000003 (image 14 / 16)  (with 11 support images).
 current wall-clock time is Wed Mar 29 09:15:16 2017
That iteration took 1490774055.000000000000 seconds. 
 so far, we have found 90 tracks.

Looking for tracks between images at times 59583.160000000003 (image 2 / 16) and 59596.160000000003 (image 15 / 16)  (with 12 support images).
 current wall-clock time is Wed Mar 29 09:15:16 2017
That iteration took 1490773468.000000000000 seconds. 
 so far, we have found 93 tracks.

Looking for tracks between images at times 59584.160000000003 (image 3 / 16) and 59585.160000000003 (image 4 / 16)  (with 0 support images).
 current wall-clock time is Wed Mar 29 09:15:16 2017
That iteration took 1490772840.000000000000 seconds. 
 so far, we have found 93 tracks.

Looking for tracks between images at times 59584.160000000003 (image 3 / 16) and 59586.160000000003 (image 5 / 16)  (with 1 support images).
 current wall-clock time is Wed Mar 29 09:15:16 2017
That iteration took 1490772816.000000000000 seconds. 
 so far, we have found 95 tracks.

Looking for tracks between images at times 59584.160000000003 (image 3 / 16) and 59587.160000000003 (image 6 / 16)  (with 2 support images).
 current wall-clock time is Wed Mar 29 09:15:16 2017
That iteration took 1490772491.000000000000 seconds. 
 so far, we have found 97 tracks.

Looking for tracks between images at times 59584.160000000003 (image 3 / 16) and 59588.160000000003 (image 7 / 16)  (with 3 support images).
 current wall-clock time is Wed Mar 29 09:15:16 2017
That iteration took 1490772118.000000000000 seconds. 
 so far, we have found 99 tracks.

Looking for tracks between images at times 59584.160000000003 (image 3 / 16) and 59589.160000000003 (image 8 / 16)  (with 4 support images).
 current wall-clock time is Wed Mar 29 09:15:16 2017
That iteration took 1490771765.000000000000 seconds. 
 so far, we have found 101 tracks.

Looking for tracks between images at times 59584.160000000003 (image 3 / 16) and 59590.160000000003 (image 9 / 16)  (with 5 support images).
 current wall-clock time is Wed Mar 29 09:15:16 2017
That iteration took 1490771346.000000000000 seconds. 
 so far, we have found 104 tracks.

Looking for tracks between images at times 59584.160000000003 (image 3 / 16) and 59591.160000000003 (image 10 / 16)  (with 6 support images).
 current wall-clock time is Wed Mar 29 09:15:16 2017
That iteration took 1490770939.000000000000 seconds. 
 so far, we have found 106 tracks.

Looking for tracks between images at times 59584.160000000003 (image 3 / 16) and 59592.160000000003 (image 11 / 16)  (with 7 support images).
 current wall-clock time is Wed Mar 29 09:15:16 2017
That iteration took 1490770482.000000000000 seconds. 
 so far, we have found 109 tracks.

Looking for tracks between images at times 59584.160000000003 (image 3 / 16) and 59593.160000000003 (image 12 / 16)  (with 8 support images).
 current wall-clock time is Wed Mar 29 09:15:16 2017
That iteration took 1490770011.000000000000 seconds. 
 so far, we have found 111 tracks.

Looking for tracks between images at times 59584.160000000003 (image 3 / 16) and 59594.160000000003 (image 13 / 16)  (with 9 support images).
 current wall-clock time is Wed Mar 29 09:15:16 2017
That iteration took 1490769491.000000000000 seconds. 
 so far, we have found 114 tracks.

Looking for tracks between images at times 59584.160000000003 (image 3 / 16) and 59595.160000000003 (image 14 / 16)  (with 10 support images).
 current wall-clock time is Wed Mar 29 09:15:16 2017
That iteration took 1490768958.000000000000 seconds. 
 so far, we have found 117 tracks.

Looking for tracks between images at times 59584.160000000003 (image 3 / 16) and 59596.160000000003 (image 15 / 16)  (with 11 support images).
 current wall-clock time is Wed Mar 29 09:15:16 2017
That iteration took 1490768391.000000000000 seconds. 
 so far, we have found 120 tracks.

Looking for tracks between images at times 59585.160000000003 (image 4 / 16) and 59586.160000000003 (image 5 / 16)  (with 0 support images).
 current wall-clock time is Wed Mar 29 09:15:16 2017
That iteration took 1490767814.000000000000 seconds. 
 so far, we have found 120 tracks.

Looking for tracks between images at times 59585.160000000003 (image 4 / 16) and 59587.160000000003 (image 6 / 16)  (with 1 support images).
 current wall-clock time is Wed Mar 29 09:15:16 2017
That iteration took 1490767791.000000000000 seconds. 
 so far, we have found 122 tracks.

Looking for tracks between images at times 59585.160000000003 (image 4 / 16) and 59588.160000000003 (image 7 / 16)  (with 2 support images).
 current wall-clock time is Wed Mar 29 09:15:16 2017
That iteration took 1490767471.000000000000 seconds. 
 so far, we have found 123 tracks.

Looking for tracks between images at times 59585.160000000003 (image 4 / 16) and 59589.160000000003 (image 8 / 16)  (with 3 support images).
 current wall-clock time is Wed Mar 29 09:15:16 2017
That iteration took 1490767095.000000000000 seconds. 
 so far, we have found 125 tracks.

Looking for tracks between images at times 59585.160000000003 (image 4 / 16) and 59590.160000000003 (image 9 / 16)  (with 4 support images).
 current wall-clock time is Wed Mar 29 09:15:16 2017
That iteration took 1490766743.000000000000 seconds. 
 so far, we have found 127 tracks.

Looking for tracks between images at times 59585.160000000003 (image 4 / 16) and 59591.160000000003 (image 10 / 16)  (with 5 support images).
 current wall-clock time is Wed Mar 29 09:15:16 2017
That iteration took 1490766329.000000000000 seconds. 
 so far, we have found 129 tracks.

Looking for tracks between images at times 59585.160000000003 (image 4 / 16) and 59592.160000000003 (image 11 / 16)  (with 6 support images).
 current wall-clock time is Wed Mar 29 09:15:16 2017
That iteration took 1490765921.000000000000 seconds. 
 so far, we have found 131 tracks.

Looking for tracks between images at times 59585.160000000003 (image 4 / 16) and 59593.160000000003 (image 12 / 16)  (with 7 support images).
 current wall-clock time is Wed Mar 29 09:15:16 2017
That iteration took 1490765423.000000000000 seconds. 
 so far, we have found 134 tracks.

Looking for tracks between images at times 59585.160000000003 (image 4 / 16) and 59594.160000000003 (image 13 / 16)  (with 8 support images).
 current wall-clock time is Wed Mar 29 09:15:16 2017
That iteration took 1490764932.000000000000 seconds. 
 so far, we have found 136 tracks.

Looking for tracks between images at times 59585.160000000003 (image 4 / 16) and 59595.160000000003 (image 14 / 16)  (with 9 support images).
 current wall-clock time is Wed Mar 29 09:15:16 2017
That iteration took 1490764405.000000000000 seconds. 
 so far, we have found 139 tracks.

Looking for tracks between images at times 59585.160000000003 (image 4 / 16) and 59596.160000000003 (image 15 / 16)  (with 10 support images).
 current wall-clock time is Wed Mar 29 09:15:16 2017
That iteration took 1490763887.000000000000 seconds. 
 so far, we have found 142 tracks.

Looking for tracks between images at times 59586.160000000003 (image 5 / 16) and 59587.160000000003 (image 6 / 16)  (with 0 support images).
 current wall-clock time is Wed Mar 29 09:15:16 2017
That iteration took 1490763318.000000000000 seconds. 
 so far, we have found 142 tracks.

Looking for tracks between images at times 59586.160000000003 (image 5 / 16) and 59588.160000000003 (image 7 / 16)  (with 1 support images).
 current wall-clock time is Wed Mar 29 09:15:16 2017
That iteration took 1490763295.000000000000 seconds. 
 so far, we have found 144 tracks.

Looking for tracks between images at times 59586.160000000003 (image 5 / 16) and 59589.160000000003 (image 8 / 16)  (with 2 support images).
 current wall-clock time is Wed Mar 29 09:15:16 2017
That iteration took 1490762991.000000000000 seconds. 
 so far, we have found 146 tracks.

Looking for tracks between images at times 59586.160000000003 (image 5 / 16) and 59590.160000000003 (image 9 / 16)  (with 3 support images).
 current wall-clock time is Wed Mar 29 09:15:16 2017
That iteration took 1490762625.000000000000 seconds. 
 so far, we have found 148 tracks.

Looking for tracks between images at times 59586.160000000003 (image 5 / 16) and 59591.160000000003 (image 10 / 16)  (with 4 support images).
 current wall-clock time is Wed Mar 29 09:15:16 2017
That iteration took 1490762269.000000000000 seconds. 
 so far, we have found 150 tracks.

Looking for tracks between images at times 59586.160000000003 (image 5 / 16) and 59592.160000000003 (image 11 / 16)  (with 5 support images).
 current wall-clock time is Wed Mar 29 09:15:16 2017
That iteration took 1490761856.000000000000 seconds. 
 so far, we have found 152 tracks.

Looking for tracks between images at times 59586.160000000003 (image 5 / 16) and 59593.160000000003 (image 12 / 16)  (with 6 support images).
 current wall-clock time is Wed Mar 29 09:15:16 2017
That iteration took 1490761442.000000000000 seconds. 
 so far, we have found 154 tracks.

Looking for tracks between images at times 59586.160000000003 (image 5 / 16) and 59594.160000000003 (image 13 / 16)  (with 7 support images).
 current wall-clock time is Wed Mar 29 09:15:16 2017
That iteration took 1490760988.000000000000 seconds. 
 so far, we have found 157 tracks.

Looking for tracks between images at times 59586.160000000003 (image 5 / 16) and 59595.160000000003 (image 14 / 16)  (with 8 support images).
 current wall-clock time is Wed Mar 29 09:15:16 2017
That iteration took 1490760517.000000000000 seconds. 
 so far, we have found 159 tracks.

Looking for tracks between images at times 59586.160000000003 (image 5 / 16) and 59596.160000000003 (image 15 / 16)  (with 9 support images).
 current wall-clock time is Wed Mar 29 09:15:16 2017
That iteration took 1490759985.000000000000 seconds. 
 so far, we have found 162 tracks.

Looking for tracks between images at times 59587.160000000003 (image 6 / 16) and 59588.160000000003 (image 7 / 16)  (with 0 support images).
 current wall-clock time is Wed Mar 29 09:15:16 2017
That iteration took 1490759474.000000000000 seconds. 
 so far, we have found 162 tracks.

Looking for tracks between images at times 59587.160000000003 (image 6 / 16) and 59589.160000000003 (image 8 / 16)  (with 1 support images).
 current wall-clock time is Wed Mar 29 09:15:16 2017
That iteration took 1490759452.000000000000 seconds. 
 so far, we have found 164 tracks.

Looking for tracks between images at times 59587.160000000003 (image 6 / 16) and 59590.160000000003 (image 9 / 16)  (with 2 support images).
 current wall-clock time is Wed Mar 29 09:15:16 2017
That iteration took 1490759144.000000000000 seconds. 
 so far, we have found 166 tracks.

Looking for tracks between images at times 59587.160000000003 (image 6 / 16) and 59591.160000000003 (image 10 / 16)  (with 3 support images).
 current wall-clock time is Wed Mar 29 09:15:16 2017
That iteration took 1490758787.000000000000 seconds. 
 so far, we have found 168 tracks.

Looking for tracks between images at times 59587.160000000003 (image 6 / 16) and 59592.160000000003 (image 11 / 16)  (with 4 support images).
 current wall-clock time is Wed Mar 29 09:15:16 2017
That iteration took 1490758429.000000000000 seconds. 
 so far, we have found 170 tracks.

Looking for tracks between images at times 59587.160000000003 (image 6 / 16) and 59593.160000000003 (image 12 / 16)  (with 5 support images).
 current wall-clock time is Wed Mar 29 09:15:16 2017
That iteration took 1490758014.000000000000 seconds. 
 so far, we have found 172 tracks.

Looking for tracks between images at times 59587.160000000003 (image 6 / 16) and 59594.160000000003 (image 13 / 16)  (with 6 support images).
 current wall-clock time is Wed Mar 29 09:15:16 2017
That iteration took 1490757608.000000000000 seconds. 
 so far, we have found 174 tracks.

Looking for tracks between images at times 59587.160000000003 (image 6 / 16) and 59595.160000000003 (image 14 / 16)  (with 7 support images).
 current wall-clock time is Wed Mar 29 09:15:16 2017
That iteration took 1490757154.000000000000 seconds. 
 so far, we have found 177 tracks.

Looking for tracks between images at times 59587.160000000003 (image 6 / 16) and 59596.160000000003 (image 15 / 16)  (with 8 support images).
 current wall-clock time is Wed Mar 29 09:15:16 2017
That iteration took 1490756704.000000000000 seconds. 
 so far, we have found 179 tracks.

Looking for tracks between images at times 59588.160000000003 (image 7 / 16) and 59589.160000000003 (image 8 / 16)  (with 0 support images).
 current wall-clock time is Wed Mar 29 09:15:16 2017
That iteration took 1490756193.000000000000 seconds. 
 so far, we have found 179 tracks.

Looking for tracks between images at times 59588.160000000003 (image 7 / 16) and 59590.160000000003 (image 9 / 16)  (with 1 support images).
 current wall-clock time is Wed Mar 29 09:15:16 2017
That iteration took 1490756173.000000000000 seconds. 
 so far, we have found 181 tracks.

Looking for tracks between images at times 59588.160000000003 (image 7 / 16) and 59591.160000000003 (image 10 / 16)  (with 2 support images).
 current wall-clock time is Wed Mar 29 09:15:16 2017
That iteration took 1490755846.000000000000 seconds. 
 so far, we have found 183 tracks.

Looking for tracks between images at times 59588.160000000003 (image 7 / 16) and 59592.160000000003 (image 11 / 16)  (with 3 support images).
 current wall-clock time is Wed Mar 29 09:15:16 2017
That iteration took 1490755463.000000000000 seconds. 
 so far, we have found 185 tracks.

Looking for tracks between images at times 59588.160000000003 (image 7 / 16) and 59593.160000000003 (image 12 / 16)  (with 4 support images).
 current wall-clock time is Wed Mar 29 09:15:16 2017
That iteration took 1490755106.000000000000 seconds. 
 so far, we have found 187 tracks.

Looking for tracks between images at times 59588.160000000003 (image 7 / 16) and 59594.160000000003 (image 13 / 16)  (with 5 support images).
 current wall-clock time is Wed Mar 29 09:15:16 2017
That iteration took 1490754682.000000000000 seconds. 
 so far, we have found 189 tracks.

Looking for tracks between images at times 59588.160000000003 (image 7 / 16) and 59595.160000000003 (image 14 / 16)  (with 6 support images).
 current wall-clock time is Wed Mar 29 09:15:16 2017
That iteration took 1490754271.000000000000 seconds. 
 so far, we have found 191 tracks.

Looking for tracks between images at times 59588.160000000003 (image 7 / 16) and 59596.160000000003 (image 15 / 16)  (with 7 support images).
 current wall-clock time is Wed Mar 29 09:15:16 2017
That iteration took 1490753815.000000000000 seconds. 
 so far, we have found 194 tracks.

Looking for tracks between images at times 59589.160000000003 (image 8 / 16) and 59590.160000000003 (image 9 / 16)  (with 0 support images).
 current wall-clock time is Wed Mar 29 09:15:16 2017
That iteration took 1490753343.000000000000 seconds. 
 so far, we have found 194 tracks.

Looking for tracks between images at times 59589.160000000003 (image 8 / 16) and 59591.160000000003 (image 10 / 16)  (with 1 support images).
 current wall-clock time is Wed Mar 29 09:15:16 2017
That iteration took 1490753321.000000000000 seconds. 
 so far, we have found 196 tracks.

Looking for tracks between images at times 59589.160000000003 (image 8 / 16) and 59592.160000000003 (image 11 / 16)  (with 2 support images).
 current wall-clock time is Wed Mar 29 09:15:16 2017
That iteration took 1490753050.000000000000 seconds. 
 so far, we have found 198 tracks.

Looking for tracks between images at times 59589.160000000003 (image 8 / 16) and 59593.160000000003 (image 12 / 16)  (with 3 support images).
 current wall-clock time is Wed Mar 29 09:15:16 2017
That iteration took 1490752695.000000000000 seconds. 
 so far, we have found 200 tracks.

Looking for tracks between images at times 59589.160000000003 (image 8 / 16) and 59594.160000000003 (image 13 / 16)  (with 4 support images).
 current wall-clock time is Wed Mar 29 09:15:16 2017
That iteration took 1490752346.000000000000 seconds. 
 so far, we have found 201 tracks.

Looking for tracks between images at times 59589.160000000003 (image 8 / 16) and 59595.160000000003 (image 14 / 16)  (with 5 support images).
 current wall-clock time is Wed Mar 29 09:15:16 2017
That iteration took 1490751935.000000000000 seconds. 
 so far, we have found 203 tracks.

Looking for tracks between images at times 59589.160000000003 (image 8 / 16) and 59596.160000000003 (image 15 / 16)  (with 6 support images).
 current wall-clock time is Wed Mar 29 09:15:16 2017
That iteration took 1490751533.000000000000 seconds. 
 so far, we have found 205 tracks.

Looking for tracks between images at times 59590.160000000003 (image 9 / 16) and 59591.160000000003 (image 10 / 16)  (with 0 support images).
 current wall-clock time is Wed Mar 29 09:15:16 2017
That iteration took 1490751076.000000000000 seconds. 
 so far, we have found 205 tracks.

Looking for tracks between images at times 59590.160000000003 (image 9 / 16) and 59592.160000000003 (image 11 / 16)  (with 1 support images).
 current wall-clock time is Wed Mar 29 09:15:16 2017
That iteration took 1490751042.000000000000 seconds. 
 so far, we have found 207 tracks.

Looking for tracks between images at times 59590.160000000003 (image 9 / 16) and 59593.160000000003 (image 12 / 16)  (with 2 support images).
 current wall-clock time is Wed Mar 29 09:15:16 2017
That iteration took 1490750747.000000000000 seconds. 
 so far, we have found 209 tracks.

Looking for tracks between images at times 59590.160000000003 (image 9 / 16) and 59594.160000000003 (image 13 / 16)  (with 3 support images).
 current wall-clock time is Wed Mar 29 09:15:16 2017
That iteration took 1490750391.000000000000 seconds. 
 so far, we have found 211 tracks.

Looking for tracks between images at times 59590.160000000003 (image 9 / 16) and 59595.160000000003 (image 14 / 16)  (with 4 support images).
 current wall-clock time is Wed Mar 29 09:15:16 2017
That iteration took 1490750039.000000000000 seconds. 
 so far, we have found 212 tracks.

Looking for tracks between images at times 59590.160000000003 (image 9 / 16) and 59596.160000000003 (image 15 / 16)  (with 5 support images).
 current wall-clock time is Wed Mar 29 09:15:16 2017
That iteration took 1490749622.000000000000 seconds. 
 so far, we have found 214 tracks.

Looking for tracks between images at times 59591.160000000003 (image 10 / 16) and 59592.160000000003 (image 11 / 16)  (with 0 support images).
 current wall-clock time is Wed Mar 29 09:15:16 2017
That iteration took 1490749221.000000000000 seconds. 
 so far, we have found 214 tracks.

Looking for tracks between images at times 59591.160000000003 (image 10 / 16) and 59593.160000000003 (image 12 / 16)  (with 1 support images).
 current wall-clock time is Wed Mar 29 09:15:16 2017
That iteration took 1490749198.000000000000 seconds. 
 so far, we have found 216 tracks.

Looking for tracks between images at times 59591.160000000003 (image 10 / 16) and 59594.160000000003 (image 13 / 16)  (with 2 support images).
 current wall-clock time is Wed Mar 29 09:15:16 2017
That iteration took 1490748868.000000000000 seconds. 
 so far, we have found 218 tracks.

Looking for tracks between images at times 59591.160000000003 (image 10 / 16) and 59595.160000000003 (image 14 / 16)  (with 3 support images).
 current wall-clock time is Wed Mar 29 09:15:16 2017
That iteration took 1490748523.000000000000 seconds. 
 so far, we have found 220 tracks.

Looking for tracks between images at times 59591.160000000003 (image 10 / 16) and 59596.160000000003 (image 15 / 16)  (with 4 support images).
 current wall-clock time is Wed Mar 29 09:15:16 2017
That iteration took 1490748169.000000000000 seconds. 
 so far, we have found 221 tracks.

Looking for tracks between images at times 59592.160000000003 (image 11 / 16) and 59593.160000000003 (image 12 / 16)  (with 0 support images).
 current wall-clock time is Wed Mar 29 09:15:16 2017
That iteration took 1490747762.000000000000 seconds. 
 so far, we have found 221 tracks.

Looking for tracks between images at times 59592.160000000003 (image 11 / 16) and 59594.160000000003 (image 13 / 16)  (with 1 support images).
 current wall-clock time is Wed Mar 29 09:15:16 2017
That iteration took 1490747739.000000000000 seconds. 
 so far, we have found 223 tracks.

Looking for tracks between images at times 59592.160000000003 (image 11 / 16) and 59595.160000000003 (image 14 / 16)  (with 2 support images).
 current wall-clock time is Wed Mar 29 09:15:16 2017
That iteration took 1490747431.000000000000 seconds. 
 so far, we have found 225 tracks.

Looking for tracks between images at times 59592.160000000003 (image 11 / 16) and 59596.160000000003 (image 15 / 16)  (with 3 support images).
 current wall-clock time is Wed Mar 29 09:15:16 2017
That iteration took 1490747078.000000000000 seconds. 
 so far, we have found 227 tracks.

Looking for tracks between images at times 59593.160000000003 (image 12 / 16) and 59594.160000000003 (image 13 / 16)  (with 0 support images).
 current wall-clock time is Wed Mar 29 09:15:16 2017
That iteration took 1490746715.000000000000 seconds. 
 so far, we have found 227 tracks.

Looking for tracks between images at times 59593.160000000003 (image 12 / 16) and 59595.160000000003 (image 14 / 16)  (with 1 support images).
 current wall-clock time is Wed Mar 29 09:15:16 2017
That iteration took 1490746692.000000000000 seconds. 
 so far, we have found 229 tracks.

Looking for tracks between images at times 59593.160000000003 (image 12 / 16) and 59596.160000000003 (image 15 / 16)  (with 2 support images).
 current wall-clock time is Wed Mar 29 09:15:16 2017
That iteration took 1490746363.000000000000 seconds. 
 so far, we have found 231 tracks.

Looking for tracks between images at times 59594.160000000003 (image 13 / 16) and 59595.160000000003 (image 14 / 16)  (with 0 support images).
 current wall-clock time is Wed Mar 29 09:15:16 2017
That iteration took 1490746018.000000000000 seconds. 
 so far, we have found 231 tracks.

Looking for tracks between images at times 59594.160000000003 (image 13 / 16) and 59596.160000000003 (image 15 / 16)  (with 1 support images).
 current wall-clock time is Wed Mar 29 09:15:16 2017
That iteration took 1490745996.000000000000 seconds. 
 so far, we have found 233 tracks.

Looking for tracks between images at times 59595.160000000003 (image 14 / 16) and 59596.160000000003 (image 15 / 16)  (with 0 support images).
 current wall-clock time is Wed Mar 29 09:15:16 2017
That iteration took 1490745668.000000000000 seconds. 
 so far, we have found 233 tracks.

Found 120 valid start/end image pairs.
Finished linking.
Linking took 1490792394.000000000000 seconds.
TrackSet: purgeToFile called.
TrackSet: clearing component tracks from memory.
Results successfully written to disk.
Done. Exiting successfully.
Completed after 0.0000000000 seconds.
This process (42779) memory usage: 
------------------------------------------
------------------------------------------

