Set min unique nights per track: 3
Set min detections per track: 6
 Set output buffer size = 1000
Reading detections file 
Calculating topocentric correction 
Reading tracklets file 
Reading input took 0.0000000000 seconds.
Recentering all detections on (180, 0).
   Bounds were (in deg) R=[225.2578545590,  513.1554927200], D=[ -24.6746582397,  16.4090331393]
Setting tracklet velocities.
Sorting tracklets by image time and creating trees.
Doing the linking.
Looking for tracks between images at times 59592.160000000003 (image 0 / 16) and 59593.160000000003 (image 1 / 16)  (with 0 support images).
 current wall-clock time is Wed Mar 29 09:15:16 2017
That iteration took 1490793193.000000000000 seconds. 
 so far, we have found 0 tracks.

Looking for tracks between images at times 59592.160000000003 (image 0 / 16) and 59594.160000000003 (image 2 / 16)  (with 1 support images).
 current wall-clock time is Wed Mar 29 09:15:16 2017
That iteration took 1490792924.000000000000 seconds. 
 so far, we have found 2 tracks.

Looking for tracks between images at times 59592.160000000003 (image 0 / 16) and 59595.160000000003 (image 3 / 16)  (with 2 support images).
 current wall-clock time is Wed Mar 29 09:15:16 2017
That iteration took 1490792475.000000000000 seconds. 
 so far, we have found 4 tracks.

Looking for tracks between images at times 59592.160000000003 (image 0 / 16) and 59596.160000000003 (image 4 / 16)  (with 3 support images).
 current wall-clock time is Wed Mar 29 09:15:16 2017
That iteration took 1490792092.000000000000 seconds. 
 so far, we have found 6 tracks.

Looking for tracks between images at times 59592.160000000003 (image 0 / 16) and 59597.160000000003 (image 5 / 16)  (with 4 support images).
 current wall-clock time is Wed Mar 29 09:15:16 2017
That iteration took 1490791720.000000000000 seconds. 
 so far, we have found 7 tracks.

Looking for tracks between images at times 59592.160000000003 (image 0 / 16) and 59598.160000000003 (image 6 / 16)  (with 5 support images).
 current wall-clock time is Wed Mar 29 09:15:16 2017
That iteration took 1490791295.000000000000 seconds. 
 so far, we have found 9 tracks.

Looking for tracks between images at times 59592.160000000003 (image 0 / 16) and 59599.160000000003 (image 7 / 16)  (with 6 support images).
 current wall-clock time is Wed Mar 29 09:15:16 2017
That iteration took 1490790878.000000000000 seconds. 
 so far, we have found 11 tracks.

Looking for tracks between images at times 59592.160000000003 (image 0 / 16) and 59600.160000000003 (image 8 / 16)  (with 7 support images).
 current wall-clock time is Wed Mar 29 09:15:16 2017
That iteration took 1490790409.000000000000 seconds. 
 so far, we have found 13 tracks.

Looking for tracks between images at times 59592.160000000003 (image 0 / 16) and 59601.160000000003 (image 9 / 16)  (with 8 support images).
 current wall-clock time is Wed Mar 29 09:15:16 2017
That iteration took 1490789963.000000000000 seconds. 
 so far, we have found 15 tracks.

Looking for tracks between images at times 59592.160000000003 (image 0 / 16) and 59602.160000000003 (image 10 / 16)  (with 9 support images).
 current wall-clock time is Wed Mar 29 09:15:16 2017
That iteration took 1490789478.000000000000 seconds. 
 so far, we have found 17 tracks.

Looking for tracks between images at times 59592.160000000003 (image 0 / 16) and 59603.160000000003 (image 11 / 16)  (with 10 support images).
 current wall-clock time is Wed Mar 29 09:15:16 2017
That iteration took 1490788980.000000000000 seconds. 
 so far, we have found 20 tracks.

Looking for tracks between images at times 59592.160000000003 (image 0 / 16) and 59604.160000000003 (image 12 / 16)  (with 11 support images).
 current wall-clock time is Wed Mar 29 09:15:16 2017
That iteration took 1490788421.000000000000 seconds. 
 so far, we have found 23 tracks.

Looking for tracks between images at times 59592.160000000003 (image 0 / 16) and 59605.160000000003 (image 13 / 16)  (with 12 support images).
 current wall-clock time is Wed Mar 29 09:15:16 2017
That iteration took 1490787832.000000000000 seconds. 
 so far, we have found 24 tracks.

Looking for tracks between images at times 59592.160000000003 (image 0 / 16) and 59606.160000000003 (image 14 / 16)  (with 13 support images).
 current wall-clock time is Wed Mar 29 09:15:16 2017
That iteration took 1490787229.000000000000 seconds. 
 so far, we have found 26 tracks.

Looking for tracks between images at times 59592.160000000003 (image 0 / 16) and 59607.160000000003 (image 15 / 16)  (with 14 support images).
 current wall-clock time is Wed Mar 29 09:15:16 2017
That iteration took 1490786626.000000000000 seconds. 
 so far, we have found 28 tracks.

Looking for tracks between images at times 59593.160000000003 (image 1 / 16) and 59594.160000000003 (image 2 / 16)  (with 0 support images).
 current wall-clock time is Wed Mar 29 09:15:16 2017
That iteration took 1490786012.000000000000 seconds. 
 so far, we have found 28 tracks.

Looking for tracks between images at times 59593.160000000003 (image 1 / 16) and 59595.160000000003 (image 3 / 16)  (with 1 support images).
 current wall-clock time is Wed Mar 29 09:15:16 2017
That iteration took 1490785987.000000000000 seconds. 
 so far, we have found 30 tracks.

Looking for tracks between images at times 59593.160000000003 (image 1 / 16) and 59596.160000000003 (image 4 / 16)  (with 2 support images).
 current wall-clock time is Wed Mar 29 09:15:16 2017
That iteration took 1490785647.000000000000 seconds. 
 so far, we have found 32 tracks.

Looking for tracks between images at times 59593.160000000003 (image 1 / 16) and 59597.160000000003 (image 5 / 16)  (with 3 support images).
 current wall-clock time is Wed Mar 29 09:15:16 2017
That iteration took 1490785289.000000000000 seconds. 
 so far, we have found 34 tracks.

Looking for tracks between images at times 59593.160000000003 (image 1 / 16) and 59598.160000000003 (image 6 / 16)  (with 4 support images).
 current wall-clock time is Wed Mar 29 09:15:16 2017
That iteration took 1490784914.000000000000 seconds. 
 so far, we have found 36 tracks.

Looking for tracks between images at times 59593.160000000003 (image 1 / 16) and 59599.160000000003 (image 7 / 16)  (with 5 support images).
 current wall-clock time is Wed Mar 29 09:15:16 2017
That iteration took 1490784505.000000000000 seconds. 
 so far, we have found 38 tracks.

Looking for tracks between images at times 59593.160000000003 (image 1 / 16) and 59600.160000000003 (image 8 / 16)  (with 6 support images).
 current wall-clock time is Wed Mar 29 09:15:16 2017
That iteration took 1490784095.000000000000 seconds. 
 so far, we have found 40 tracks.

Looking for tracks between images at times 59593.160000000003 (image 1 / 16) and 59601.160000000003 (image 9 / 16)  (with 7 support images).
 current wall-clock time is Wed Mar 29 09:15:16 2017
That iteration took 1490783617.000000000000 seconds. 
 so far, we have found 42 tracks.

Looking for tracks between images at times 59593.160000000003 (image 1 / 16) and 59602.160000000003 (image 10 / 16)  (with 8 support images).
 current wall-clock time is Wed Mar 29 09:15:16 2017
That iteration took 1490783166.000000000000 seconds. 
 so far, we have found 44 tracks.

Looking for tracks between images at times 59593.160000000003 (image 1 / 16) and 59603.160000000003 (image 11 / 16)  (with 9 support images).
 current wall-clock time is Wed Mar 29 09:15:16 2017
That iteration took 1490782590.000000000000 seconds. 
 so far, we have found 46 tracks.

Looking for tracks between images at times 59593.160000000003 (image 1 / 16) and 59604.160000000003 (image 12 / 16)  (with 10 support images).
 current wall-clock time is Wed Mar 29 09:15:16 2017
That iteration took 1490782065.000000000000 seconds. 
 so far, we have found 48 tracks.

Looking for tracks between images at times 59593.160000000003 (image 1 / 16) and 59605.160000000003 (image 13 / 16)  (with 11 support images).
 current wall-clock time is Wed Mar 29 09:15:16 2017
That iteration took 1490781506.000000000000 seconds. 
 so far, we have found 50 tracks.

Looking for tracks between images at times 59593.160000000003 (image 1 / 16) and 59606.160000000003 (image 14 / 16)  (with 12 support images).
 current wall-clock time is Wed Mar 29 09:15:16 2017
That iteration took 1490780926.000000000000 seconds. 
 so far, we have found 52 tracks.

Looking for tracks between images at times 59593.160000000003 (image 1 / 16) and 59607.160000000003 (image 15 / 16)  (with 13 support images).
 current wall-clock time is Wed Mar 29 09:15:16 2017
That iteration took 1490780310.000000000000 seconds. 
 so far, we have found 54 tracks.

Looking for tracks between images at times 59594.160000000003 (image 2 / 16) and 59595.160000000003 (image 3 / 16)  (with 0 support images).
 current wall-clock time is Wed Mar 29 09:15:16 2017
That iteration took 1490779679.000000000000 seconds. 
 so far, we have found 54 tracks.

Looking for tracks between images at times 59594.160000000003 (image 2 / 16) and 59596.160000000003 (image 4 / 16)  (with 1 support images).
 current wall-clock time is Wed Mar 29 09:15:16 2017
That iteration took 1490779656.000000000000 seconds. 
 so far, we have found 56 tracks.

Looking for tracks between images at times 59594.160000000003 (image 2 / 16) and 59597.160000000003 (image 5 / 16)  (with 2 support images).
 current wall-clock time is Wed Mar 29 09:15:16 2017
That iteration took 1490779320.000000000000 seconds. 
 so far, we have found 58 tracks.

Looking for tracks between images at times 59594.160000000003 (image 2 / 16) and 59598.160000000003 (image 6 / 16)  (with 3 support images).
 current wall-clock time is Wed Mar 29 09:15:16 2017
That iteration took 1490778960.000000000000 seconds. 
 so far, we have found 60 tracks.

Looking for tracks between images at times 59594.160000000003 (image 2 / 16) and 59599.160000000003 (image 7 / 16)  (with 4 support images).
 current wall-clock time is Wed Mar 29 09:15:16 2017
That iteration took 1490778607.000000000000 seconds. 
 so far, we have found 61 tracks.

Looking for tracks between images at times 59594.160000000003 (image 2 / 16) and 59600.160000000003 (image 8 / 16)  (with 5 support images).
 current wall-clock time is Wed Mar 29 09:15:16 2017
That iteration took 1490778193.000000000000 seconds. 
 so far, we have found 63 tracks.

Looking for tracks between images at times 59594.160000000003 (image 2 / 16) and 59601.160000000003 (image 9 / 16)  (with 6 support images).
 current wall-clock time is Wed Mar 29 09:15:16 2017
That iteration took 1490777789.000000000000 seconds. 
 so far, we have found 65 tracks.

Looking for tracks between images at times 59594.160000000003 (image 2 / 16) and 59602.160000000003 (image 10 / 16)  (with 7 support images).
 current wall-clock time is Wed Mar 29 09:15:16 2017
That iteration took 1490777335.000000000000 seconds. 
 so far, we have found 67 tracks.

Looking for tracks between images at times 59594.160000000003 (image 2 / 16) and 59603.160000000003 (image 11 / 16)  (with 8 support images).
 current wall-clock time is Wed Mar 29 09:15:16 2017
That iteration took 1490776889.000000000000 seconds. 
 so far, we have found 69 tracks.

Looking for tracks between images at times 59594.160000000003 (image 2 / 16) and 59604.160000000003 (image 12 / 16)  (with 9 support images).
 current wall-clock time is Wed Mar 29 09:15:16 2017
That iteration took 1490776383.000000000000 seconds. 
 so far, we have found 71 tracks.

Looking for tracks between images at times 59594.160000000003 (image 2 / 16) and 59605.160000000003 (image 13 / 16)  (with 10 support images).
 current wall-clock time is Wed Mar 29 09:15:16 2017
That iteration took 1490775869.000000000000 seconds. 
 so far, we have found 73 tracks.

Looking for tracks between images at times 59594.160000000003 (image 2 / 16) and 59606.160000000003 (image 14 / 16)  (with 11 support images).
 current wall-clock time is Wed Mar 29 09:15:16 2017
That iteration took 1490775309.000000000000 seconds. 
 so far, we have found 75 tracks.

Looking for tracks between images at times 59594.160000000003 (image 2 / 16) and 59607.160000000003 (image 15 / 16)  (with 12 support images).
 current wall-clock time is Wed Mar 29 09:15:16 2017
That iteration took 1490774747.000000000000 seconds. 
 so far, we have found 76 tracks.

Looking for tracks between images at times 59595.160000000003 (image 3 / 16) and 59596.160000000003 (image 4 / 16)  (with 0 support images).
 current wall-clock time is Wed Mar 29 09:15:16 2017
That iteration took 1490774155.000000000000 seconds. 
 so far, we have found 76 tracks.

Looking for tracks between images at times 59595.160000000003 (image 3 / 16) and 59597.160000000003 (image 5 / 16)  (with 1 support images).
 current wall-clock time is Wed Mar 29 09:15:16 2017
That iteration took 1490774133.000000000000 seconds. 
 so far, we have found 78 tracks.

Looking for tracks between images at times 59595.160000000003 (image 3 / 16) and 59598.160000000003 (image 6 / 16)  (with 2 support images).
 current wall-clock time is Wed Mar 29 09:15:16 2017
That iteration took 1490773814.000000000000 seconds. 
 so far, we have found 80 tracks.

Looking for tracks between images at times 59595.160000000003 (image 3 / 16) and 59599.160000000003 (image 7 / 16)  (with 3 support images).
 current wall-clock time is Wed Mar 29 09:15:16 2017
That iteration took 1490773456.000000000000 seconds. 
 so far, we have found 82 tracks.

Looking for tracks between images at times 59595.160000000003 (image 3 / 16) and 59600.160000000003 (image 8 / 16)  (with 4 support images).
 current wall-clock time is Wed Mar 29 09:15:16 2017
That iteration took 1490773108.000000000000 seconds. 
 so far, we have found 83 tracks.

Looking for tracks between images at times 59595.160000000003 (image 3 / 16) and 59601.160000000003 (image 9 / 16)  (with 5 support images).
 current wall-clock time is Wed Mar 29 09:15:16 2017
That iteration took 1490772692.000000000000 seconds. 
 so far, we have found 85 tracks.

Looking for tracks between images at times 59595.160000000003 (image 3 / 16) and 59602.160000000003 (image 10 / 16)  (with 6 support images).
 current wall-clock time is Wed Mar 29 09:15:16 2017
That iteration took 1490772286.000000000000 seconds. 
 so far, we have found 87 tracks.

Looking for tracks between images at times 59595.160000000003 (image 3 / 16) and 59603.160000000003 (image 11 / 16)  (with 7 support images).
 current wall-clock time is Wed Mar 29 09:15:16 2017
That iteration took 1490771830.000000000000 seconds. 
 so far, we have found 89 tracks.

Looking for tracks between images at times 59595.160000000003 (image 3 / 16) and 59604.160000000003 (image 12 / 16)  (with 8 support images).
 current wall-clock time is Wed Mar 29 09:15:16 2017
That iteration took 1490771336.000000000000 seconds. 
 so far, we have found 91 tracks.

Looking for tracks between images at times 59595.160000000003 (image 3 / 16) and 59605.160000000003 (image 13 / 16)  (with 9 support images).
 current wall-clock time is Wed Mar 29 09:15:16 2017
That iteration took 1490770857.000000000000 seconds. 
 so far, we have found 93 tracks.

Looking for tracks between images at times 59595.160000000003 (image 3 / 16) and 59606.160000000003 (image 14 / 16)  (with 10 support images).
 current wall-clock time is Wed Mar 29 09:15:16 2017
That iteration took 1490770340.000000000000 seconds. 
 so far, we have found 95 tracks.

Looking for tracks between images at times 59595.160000000003 (image 3 / 16) and 59607.160000000003 (image 15 / 16)  (with 11 support images).
 current wall-clock time is Wed Mar 29 09:15:16 2017
That iteration took 1490769770.000000000000 seconds. 
 so far, we have found 97 tracks.

Looking for tracks between images at times 59596.160000000003 (image 4 / 16) and 59597.160000000003 (image 5 / 16)  (with 0 support images).
 current wall-clock time is Wed Mar 29 09:15:16 2017
That iteration took 1490769154.000000000000 seconds. 
 so far, we have found 97 tracks.

Looking for tracks between images at times 59596.160000000003 (image 4 / 16) and 59598.160000000003 (image 6 / 16)  (with 1 support images).
 current wall-clock time is Wed Mar 29 09:15:16 2017
That iteration took 1490769106.000000000000 seconds. 
 so far, we have found 99 tracks.

Looking for tracks between images at times 59596.160000000003 (image 4 / 16) and 59599.160000000003 (image 7 / 16)  (with 2 support images).
 current wall-clock time is Wed Mar 29 09:15:16 2017
That iteration took 1490768771.000000000000 seconds. 
 so far, we have found 101 tracks.

Looking for tracks between images at times 59596.160000000003 (image 4 / 16) and 59600.160000000003 (image 8 / 16)  (with 3 support images).
 current wall-clock time is Wed Mar 29 09:15:16 2017
That iteration took 1490768386.000000000000 seconds. 
 so far, we have found 103 tracks.

Looking for tracks between images at times 59596.160000000003 (image 4 / 16) and 59601.160000000003 (image 9 / 16)  (with 4 support images).
 current wall-clock time is Wed Mar 29 09:15:16 2017
That iteration took 1490768013.000000000000 seconds. 
 so far, we have found 105 tracks.

Looking for tracks between images at times 59596.160000000003 (image 4 / 16) and 59602.160000000003 (image 10 / 16)  (with 5 support images).
 current wall-clock time is Wed Mar 29 09:15:16 2017
That iteration took 1490767555.000000000000 seconds. 
 so far, we have found 107 tracks.

Looking for tracks between images at times 59596.160000000003 (image 4 / 16) and 59603.160000000003 (image 11 / 16)  (with 6 support images).
 current wall-clock time is Wed Mar 29 09:15:16 2017
That iteration took 1490767130.000000000000 seconds. 
 so far, we have found 109 tracks.

Looking for tracks between images at times 59596.160000000003 (image 4 / 16) and 59604.160000000003 (image 12 / 16)  (with 7 support images).
 current wall-clock time is Wed Mar 29 09:15:16 2017
That iteration took 1490766669.000000000000 seconds. 
 so far, we have found 111 tracks.

Looking for tracks between images at times 59596.160000000003 (image 4 / 16) and 59605.160000000003 (image 13 / 16)  (with 8 support images).
 current wall-clock time is Wed Mar 29 09:15:16 2017
That iteration took 1490766197.000000000000 seconds. 
 so far, we have found 113 tracks.

Looking for tracks between images at times 59596.160000000003 (image 4 / 16) and 59606.160000000003 (image 14 / 16)  (with 9 support images).
 current wall-clock time is Wed Mar 29 09:15:16 2017
That iteration took 1490765695.000000000000 seconds. 
 so far, we have found 115 tracks.

Looking for tracks between images at times 59596.160000000003 (image 4 / 16) and 59607.160000000003 (image 15 / 16)  (with 10 support images).
 current wall-clock time is Wed Mar 29 09:15:16 2017
That iteration took 1490765185.000000000000 seconds. 
 so far, we have found 117 tracks.

Looking for tracks between images at times 59597.160000000003 (image 5 / 16) and 59598.160000000003 (image 6 / 16)  (with 0 support images).
 current wall-clock time is Wed Mar 29 09:15:16 2017
That iteration took 1490764641.000000000000 seconds. 
 so far, we have found 117 tracks.

Looking for tracks between images at times 59597.160000000003 (image 5 / 16) and 59599.160000000003 (image 7 / 16)  (with 1 support images).
 current wall-clock time is Wed Mar 29 09:15:16 2017
That iteration took 1490764617.000000000000 seconds. 
 so far, we have found 119 tracks.

Looking for tracks between images at times 59597.160000000003 (image 5 / 16) and 59600.160000000003 (image 8 / 16)  (with 2 support images).
 current wall-clock time is Wed Mar 29 09:15:16 2017
That iteration took 1490764297.000000000000 seconds. 
 so far, we have found 121 tracks.

Looking for tracks between images at times 59597.160000000003 (image 5 / 16) and 59601.160000000003 (image 9 / 16)  (with 3 support images).
 current wall-clock time is Wed Mar 29 09:15:16 2017
That iteration took 1490763943.000000000000 seconds. 
 so far, we have found 123 tracks.

Looking for tracks between images at times 59597.160000000003 (image 5 / 16) and 59602.160000000003 (image 10 / 16)  (with 4 support images).
 current wall-clock time is Wed Mar 29 09:15:16 2017
That iteration took 1490763578.000000000000 seconds. 
 so far, we have found 124 tracks.

Looking for tracks between images at times 59597.160000000003 (image 5 / 16) and 59603.160000000003 (image 11 / 16)  (with 5 support images).
 current wall-clock time is Wed Mar 29 09:15:16 2017
That iteration took 1490763150.000000000000 seconds. 
 so far, we have found 126 tracks.

Looking for tracks between images at times 59597.160000000003 (image 5 / 16) and 59604.160000000003 (image 12 / 16)  (with 6 support images).
 current wall-clock time is Wed Mar 29 09:15:16 2017
That iteration took 1490762714.000000000000 seconds. 
 so far, we have found 128 tracks.

Looking for tracks between images at times 59597.160000000003 (image 5 / 16) and 59605.160000000003 (image 13 / 16)  (with 7 support images).
 current wall-clock time is Wed Mar 29 09:15:16 2017
That iteration took 1490762246.000000000000 seconds. 
 so far, we have found 130 tracks.

Looking for tracks between images at times 59597.160000000003 (image 5 / 16) and 59606.160000000003 (image 14 / 16)  (with 8 support images).
 current wall-clock time is Wed Mar 29 09:15:16 2017
That iteration took 1490761768.000000000000 seconds. 
 so far, we have found 132 tracks.

Looking for tracks between images at times 59597.160000000003 (image 5 / 16) and 59607.160000000003 (image 15 / 16)  (with 9 support images).
 current wall-clock time is Wed Mar 29 09:15:16 2017
That iteration took 1490761255.000000000000 seconds. 
 so far, we have found 134 tracks.

Looking for tracks between images at times 59598.160000000003 (image 6 / 16) and 59599.160000000003 (image 7 / 16)  (with 0 support images).
 current wall-clock time is Wed Mar 29 09:15:16 2017
That iteration took 1490760764.000000000000 seconds. 
 so far, we have found 134 tracks.

Looking for tracks between images at times 59598.160000000003 (image 6 / 16) and 59600.160000000003 (image 8 / 16)  (with 1 support images).
 current wall-clock time is Wed Mar 29 09:15:16 2017
That iteration took 1490760741.000000000000 seconds. 
 so far, we have found 136 tracks.

Looking for tracks between images at times 59598.160000000003 (image 6 / 16) and 59601.160000000003 (image 9 / 16)  (with 2 support images).
 current wall-clock time is Wed Mar 29 09:15:16 2017
That iteration took 1490760407.000000000000 seconds. 
 so far, we have found 138 tracks.

Looking for tracks between images at times 59598.160000000003 (image 6 / 16) and 59602.160000000003 (image 10 / 16)  (with 3 support images).
 current wall-clock time is Wed Mar 29 09:15:16 2017
That iteration took 1490760043.000000000000 seconds. 
 so far, we have found 140 tracks.

Looking for tracks between images at times 59598.160000000003 (image 6 / 16) and 59603.160000000003 (image 11 / 16)  (with 4 support images).
 current wall-clock time is Wed Mar 29 09:15:16 2017
That iteration took 1490759679.000000000000 seconds. 
 so far, we have found 142 tracks.

Looking for tracks between images at times 59598.160000000003 (image 6 / 16) and 59604.160000000003 (image 12 / 16)  (with 5 support images).
 current wall-clock time is Wed Mar 29 09:15:16 2017
That iteration took 1490759261.000000000000 seconds. 
 so far, we have found 144 tracks.

Looking for tracks between images at times 59598.160000000003 (image 6 / 16) and 59605.160000000003 (image 13 / 16)  (with 6 support images).
 current wall-clock time is Wed Mar 29 09:15:16 2017
That iteration took 1490758847.000000000000 seconds. 
 so far, we have found 146 tracks.

Looking for tracks between images at times 59598.160000000003 (image 6 / 16) and 59606.160000000003 (image 14 / 16)  (with 7 support images).
 current wall-clock time is Wed Mar 29 09:15:16 2017
That iteration took 1490758390.000000000000 seconds. 
 so far, we have found 148 tracks.

Looking for tracks between images at times 59598.160000000003 (image 6 / 16) and 59607.160000000003 (image 15 / 16)  (with 8 support images).
 current wall-clock time is Wed Mar 29 09:15:16 2017
That iteration took 1490757923.000000000000 seconds. 
 so far, we have found 150 tracks.

Looking for tracks between images at times 59599.160000000003 (image 7 / 16) and 59600.160000000003 (image 8 / 16)  (with 0 support images).
 current wall-clock time is Wed Mar 29 09:15:16 2017
That iteration took 1490757440.000000000000 seconds. 
 so far, we have found 150 tracks.

Looking for tracks between images at times 59599.160000000003 (image 7 / 16) and 59601.160000000003 (image 9 / 16)  (with 1 support images).
 current wall-clock time is Wed Mar 29 09:15:16 2017
That iteration took 1490757418.000000000000 seconds. 
 so far, we have found 152 tracks.

Looking for tracks between images at times 59599.160000000003 (image 7 / 16) and 59602.160000000003 (image 10 / 16)  (with 2 support images).
 current wall-clock time is Wed Mar 29 09:15:16 2017
That iteration took 1490757084.000000000000 seconds. 
 so far, we have found 154 tracks.

Looking for tracks between images at times 59599.160000000003 (image 7 / 16) and 59603.160000000003 (image 11 / 16)  (with 3 support images).
 current wall-clock time is Wed Mar 29 09:15:16 2017
That iteration took 1490756725.000000000000 seconds. 
 so far, we have found 156 tracks.

Looking for tracks between images at times 59599.160000000003 (image 7 / 16) and 59604.160000000003 (image 12 / 16)  (with 4 support images).
 current wall-clock time is Wed Mar 29 09:15:16 2017
That iteration took 1490756336.000000000000 seconds. 
 so far, we have found 157 tracks.

Looking for tracks between images at times 59599.160000000003 (image 7 / 16) and 59605.160000000003 (image 13 / 16)  (with 5 support images).
 current wall-clock time is Wed Mar 29 09:15:16 2017
That iteration took 1490755903.000000000000 seconds. 
 so far, we have found 159 tracks.

Looking for tracks between images at times 59599.160000000003 (image 7 / 16) and 59606.160000000003 (image 14 / 16)  (with 6 support images).
 current wall-clock time is Wed Mar 29 09:15:16 2017
That iteration took 1490755486.000000000000 seconds. 
 so far, we have found 161 tracks.

Looking for tracks between images at times 59599.160000000003 (image 7 / 16) and 59607.160000000003 (image 15 / 16)  (with 7 support images).
 current wall-clock time is Wed Mar 29 09:15:16 2017
That iteration took 1490754985.000000000000 seconds. 
 so far, we have found 163 tracks.

Looking for tracks between images at times 59600.160000000003 (image 8 / 16) and 59601.160000000003 (image 9 / 16)  (with 0 support images).
 current wall-clock time is Wed Mar 29 09:15:16 2017
That iteration took 1490754553.000000000000 seconds. 
 so far, we have found 163 tracks.

Looking for tracks between images at times 59600.160000000003 (image 8 / 16) and 59602.160000000003 (image 10 / 16)  (with 1 support images).
 current wall-clock time is Wed Mar 29 09:15:16 2017
That iteration took 1490754530.000000000000 seconds. 
 so far, we have found 165 tracks.

Looking for tracks between images at times 59600.160000000003 (image 8 / 16) and 59603.160000000003 (image 11 / 16)  (with 2 support images).
 current wall-clock time is Wed Mar 29 09:15:16 2017
That iteration took 1490754191.000000000000 seconds. 
 so far, we have found 167 tracks.

Looking for tracks between images at times 59600.160000000003 (image 8 / 16) and 59604.160000000003 (image 12 / 16)  (with 3 support images).
 current wall-clock time is Wed Mar 29 09:15:16 2017
That iteration took 1490753796.000000000000 seconds. 
 so far, we have found 169 tracks.

Looking for tracks between images at times 59600.160000000003 (image 8 / 16) and 59605.160000000003 (image 13 / 16)  (with 4 support images).
 current wall-clock time is Wed Mar 29 09:15:16 2017
That iteration took 1490753413.000000000000 seconds. 
 so far, we have found 171 tracks.

Looking for tracks between images at times 59600.160000000003 (image 8 / 16) and 59606.160000000003 (image 14 / 16)  (with 5 support images).
 current wall-clock time is Wed Mar 29 09:15:16 2017
That iteration took 1490752976.000000000000 seconds. 
 so far, we have found 173 tracks.

Looking for tracks between images at times 59600.160000000003 (image 8 / 16) and 59607.160000000003 (image 15 / 16)  (with 6 support images).
 current wall-clock time is Wed Mar 29 09:15:16 2017
That iteration took 1490752551.000000000000 seconds. 
 so far, we have found 175 tracks.

Looking for tracks between images at times 59601.160000000003 (image 9 / 16) and 59602.160000000003 (image 10 / 16)  (with 0 support images).
 current wall-clock time is Wed Mar 29 09:15:16 2017
That iteration took 1490752074.000000000000 seconds. 
 so far, we have found 175 tracks.

Looking for tracks between images at times 59601.160000000003 (image 9 / 16) and 59603.160000000003 (image 11 / 16)  (with 1 support images).
 current wall-clock time is Wed Mar 29 09:15:16 2017
That iteration took 1490752039.000000000000 seconds. 
 so far, we have found 177 tracks.

Looking for tracks between images at times 59601.160000000003 (image 9 / 16) and 59604.160000000003 (image 12 / 16)  (with 2 support images).
 current wall-clock time is Wed Mar 29 09:15:16 2017
That iteration took 1490751712.000000000000 seconds. 
 so far, we have found 179 tracks.

Looking for tracks between images at times 59601.160000000003 (image 9 / 16) and 59605.160000000003 (image 13 / 16)  (with 3 support images).
 current wall-clock time is Wed Mar 29 09:15:16 2017
That iteration took 1490751349.000000000000 seconds. 
 so far, we have found 181 tracks.

Looking for tracks between images at times 59601.160000000003 (image 9 / 16) and 59606.160000000003 (image 14 / 16)  (with 4 support images).
 current wall-clock time is Wed Mar 29 09:15:16 2017
That iteration took 1490750971.000000000000 seconds. 
 so far, we have found 183 tracks.

Looking for tracks between images at times 59601.160000000003 (image 9 / 16) and 59607.160000000003 (image 15 / 16)  (with 5 support images).
 current wall-clock time is Wed Mar 29 09:15:16 2017
That iteration took 1490750545.000000000000 seconds. 
 so far, we have found 185 tracks.

Looking for tracks between images at times 59602.160000000003 (image 10 / 16) and 59603.160000000003 (image 11 / 16)  (with 0 support images).
 current wall-clock time is Wed Mar 29 09:15:16 2017
That iteration took 1490750118.000000000000 seconds. 
 so far, we have found 185 tracks.

Looking for tracks between images at times 59602.160000000003 (image 10 / 16) and 59604.160000000003 (image 12 / 16)  (with 1 support images).
 current wall-clock time is Wed Mar 29 09:15:16 2017
That iteration took 1490750095.000000000000 seconds. 
 so far, we have found 187 tracks.

Looking for tracks between images at times 59602.160000000003 (image 10 / 16) and 59605.160000000003 (image 13 / 16)  (with 2 support images).
 current wall-clock time is Wed Mar 29 09:15:16 2017
That iteration took 1490749776.000000000000 seconds. 
 so far, we have found 189 tracks.

Looking for tracks between images at times 59602.160000000003 (image 10 / 16) and 59606.160000000003 (image 14 / 16)  (with 3 support images).
 current wall-clock time is Wed Mar 29 09:15:16 2017
That iteration took 1490749412.000000000000 seconds. 
 so far, we have found 191 tracks.

Looking for tracks between images at times 59602.160000000003 (image 10 / 16) and 59607.160000000003 (image 15 / 16)  (with 4 support images).
 current wall-clock time is Wed Mar 29 09:15:16 2017
That iteration took 1490749035.000000000000 seconds. 
 so far, we have found 193 tracks.

Looking for tracks between images at times 59603.160000000003 (image 11 / 16) and 59604.160000000003 (image 12 / 16)  (with 0 support images).
 current wall-clock time is Wed Mar 29 09:15:16 2017
That iteration took 1490748615.000000000000 seconds. 
 so far, we have found 193 tracks.

Looking for tracks between images at times 59603.160000000003 (image 11 / 16) and 59605.160000000003 (image 13 / 16)  (with 1 support images).
 current wall-clock time is Wed Mar 29 09:15:16 2017
That iteration took 1490748591.000000000000 seconds. 
 so far, we have found 195 tracks.

Looking for tracks between images at times 59603.160000000003 (image 11 / 16) and 59606.160000000003 (image 14 / 16)  (with 2 support images).
 current wall-clock time is Wed Mar 29 09:15:16 2017
That iteration took 1490748275.000000000000 seconds. 
 so far, we have found 197 tracks.

Looking for tracks between images at times 59603.160000000003 (image 11 / 16) and 59607.160000000003 (image 15 / 16)  (with 3 support images).
 current wall-clock time is Wed Mar 29 09:15:16 2017
That iteration took 1490747907.000000000000 seconds. 
 so far, we have found 199 tracks.

Looking for tracks between images at times 59604.160000000003 (image 12 / 16) and 59605.160000000003 (image 13 / 16)  (with 0 support images).
 current wall-clock time is Wed Mar 29 09:15:16 2017
That iteration took 1490747520.000000000000 seconds. 
 so far, we have found 199 tracks.

Looking for tracks between images at times 59604.160000000003 (image 12 / 16) and 59606.160000000003 (image 14 / 16)  (with 1 support images).
 current wall-clock time is Wed Mar 29 09:15:16 2017
That iteration took 1490747496.000000000000 seconds. 
 so far, we have found 201 tracks.

Looking for tracks between images at times 59604.160000000003 (image 12 / 16) and 59607.160000000003 (image 15 / 16)  (with 2 support images).
 current wall-clock time is Wed Mar 29 09:15:16 2017
That iteration took 1490747145.000000000000 seconds. 
 so far, we have found 203 tracks.

Looking for tracks between images at times 59605.160000000003 (image 13 / 16) and 59606.160000000003 (image 14 / 16)  (with 0 support images).
 current wall-clock time is Wed Mar 29 09:15:16 2017
That iteration took 1490746763.000000000000 seconds. 
 so far, we have found 203 tracks.

Looking for tracks between images at times 59605.160000000003 (image 13 / 16) and 59607.160000000003 (image 15 / 16)  (with 1 support images).
 current wall-clock time is Wed Mar 29 09:15:16 2017
That iteration took 1490746740.000000000000 seconds. 
 so far, we have found 205 tracks.

Looking for tracks between images at times 59606.160000000003 (image 14 / 16) and 59607.160000000003 (image 15 / 16)  (with 0 support images).
 current wall-clock time is Wed Mar 29 09:15:16 2017
That iteration took 1490746411.000000000000 seconds. 
 so far, we have found 205 tracks.

Found 120 valid start/end image pairs.
Finished linking.
Linking took 1490793197.000000000000 seconds.
TrackSet: purgeToFile called.
TrackSet: clearing component tracks from memory.
Results successfully written to disk.
Done. Exiting successfully.
Completed after 0.0000000000 seconds.
This process (42798) memory usage: 
------------------------------------------
------------------------------------------

