Set min unique nights per track: 3
Set min detections per track: 6
 Set output buffer size = 1000
Reading detections file 
Calculating topocentric correction 
Reading tracklets file 
Reading input took 0.0000000000 seconds.
Recentering all detections on (180, 0).
   Bounds were (in deg) R=[220.6596671340,  513.9181259300], D=[ -23.6080995625,  15.1467076162]
Setting tracklet velocities.
Sorting tracklets by image time and creating trees.
Doing the linking.
Looking for tracks between images at times 59580.160000000003 (image 0 / 16) and 59581.160000000003 (image 1 / 16)  (with 0 support images).
 current wall-clock time is Wed Mar 29 09:15:16 2017
That iteration took 1490792391.000000000000 seconds. 
 so far, we have found 0 tracks.

Looking for tracks between images at times 59580.160000000003 (image 0 / 16) and 59582.160000000003 (image 2 / 16)  (with 1 support images).
 current wall-clock time is Wed Mar 29 09:15:16 2017
That iteration took 1490792090.000000000000 seconds. 
 so far, we have found 2 tracks.

Looking for tracks between images at times 59580.160000000003 (image 0 / 16) and 59583.160000000003 (image 3 / 16)  (with 2 support images).
 current wall-clock time is Wed Mar 29 09:15:16 2017
That iteration took 1490791423.000000000000 seconds. 
 so far, we have found 3 tracks.

Looking for tracks between images at times 59580.160000000003 (image 0 / 16) and 59584.160000000003 (image 4 / 16)  (with 3 support images).
 current wall-clock time is Wed Mar 29 09:15:16 2017
That iteration took 1490791054.000000000000 seconds. 
 so far, we have found 5 tracks.

Looking for tracks between images at times 59580.160000000003 (image 0 / 16) and 59585.160000000003 (image 5 / 16)  (with 4 support images).
 current wall-clock time is Wed Mar 29 09:15:16 2017
That iteration took 1490790692.000000000000 seconds. 
 so far, we have found 8 tracks.

Looking for tracks between images at times 59580.160000000003 (image 0 / 16) and 59586.160000000003 (image 6 / 16)  (with 5 support images).
 current wall-clock time is Wed Mar 29 09:15:16 2017
That iteration took 1490790262.000000000000 seconds. 
 so far, we have found 11 tracks.

Looking for tracks between images at times 59580.160000000003 (image 0 / 16) and 59587.160000000003 (image 7 / 16)  (with 6 support images).
 current wall-clock time is Wed Mar 29 09:15:16 2017
That iteration took 1490789845.000000000000 seconds. 
 so far, we have found 13 tracks.

Looking for tracks between images at times 59580.160000000003 (image 0 / 16) and 59588.160000000003 (image 8 / 16)  (with 7 support images).
 current wall-clock time is Wed Mar 29 09:15:16 2017
That iteration took 1490789384.000000000000 seconds. 
 so far, we have found 16 tracks.

Looking for tracks between images at times 59580.160000000003 (image 0 / 16) and 59589.160000000003 (image 9 / 16)  (with 8 support images).
 current wall-clock time is Wed Mar 29 09:15:16 2017
That iteration took 1490788915.000000000000 seconds. 
 so far, we have found 18 tracks.

Looking for tracks between images at times 59580.160000000003 (image 0 / 16) and 59590.160000000003 (image 10 / 16)  (with 9 support images).
 current wall-clock time is Wed Mar 29 09:15:16 2017
That iteration took 1490788382.000000000000 seconds. 
 so far, we have found 21 tracks.

Looking for tracks between images at times 59580.160000000003 (image 0 / 16) and 59591.160000000003 (image 11 / 16)  (with 10 support images).
 current wall-clock time is Wed Mar 29 09:15:16 2017
That iteration took 1490787825.000000000000 seconds. 
 so far, we have found 22 tracks.

Looking for tracks between images at times 59580.160000000003 (image 0 / 16) and 59592.160000000003 (image 12 / 16)  (with 11 support images).
 current wall-clock time is Wed Mar 29 09:15:16 2017
That iteration took 1490787277.000000000000 seconds. 
 so far, we have found 25 tracks.

Looking for tracks between images at times 59580.160000000003 (image 0 / 16) and 59593.160000000003 (image 13 / 16)  (with 12 support images).
 current wall-clock time is Wed Mar 29 09:15:16 2017
That iteration took 1490786693.000000000000 seconds. 
 so far, we have found 27 tracks.

Looking for tracks between images at times 59580.160000000003 (image 0 / 16) and 59594.160000000003 (image 14 / 16)  (with 13 support images).
 current wall-clock time is Wed Mar 29 09:15:16 2017
That iteration took 1490786052.000000000000 seconds. 
 so far, we have found 30 tracks.

Looking for tracks between images at times 59580.160000000003 (image 0 / 16) and 59595.160000000003 (image 15 / 16)  (with 14 support images).
 current wall-clock time is Wed Mar 29 09:15:16 2017
That iteration took 1490785354.000000000000 seconds. 
 so far, we have found 32 tracks.

Looking for tracks between images at times 59581.160000000003 (image 1 / 16) and 59582.160000000003 (image 2 / 16)  (with 0 support images).
 current wall-clock time is Wed Mar 29 09:15:16 2017
That iteration took 1490784692.000000000000 seconds. 
 so far, we have found 32 tracks.

Looking for tracks between images at times 59581.160000000003 (image 1 / 16) and 59583.160000000003 (image 3 / 16)  (with 1 support images).
 current wall-clock time is Wed Mar 29 09:15:16 2017
That iteration took 1490784668.000000000000 seconds. 
 so far, we have found 34 tracks.

Looking for tracks between images at times 59581.160000000003 (image 1 / 16) and 59584.160000000003 (image 4 / 16)  (with 2 support images).
 current wall-clock time is Wed Mar 29 09:15:16 2017
That iteration took 1490784362.000000000000 seconds. 
 so far, we have found 35 tracks.

Looking for tracks between images at times 59581.160000000003 (image 1 / 16) and 59585.160000000003 (image 5 / 16)  (with 3 support images).
 current wall-clock time is Wed Mar 29 09:15:16 2017
That iteration took 1490783990.000000000000 seconds. 
 so far, we have found 37 tracks.

Looking for tracks between images at times 59581.160000000003 (image 1 / 16) and 59586.160000000003 (image 6 / 16)  (with 4 support images).
 current wall-clock time is Wed Mar 29 09:15:16 2017
That iteration took 1490783638.000000000000 seconds. 
 so far, we have found 40 tracks.

Looking for tracks between images at times 59581.160000000003 (image 1 / 16) and 59587.160000000003 (image 7 / 16)  (with 5 support images).
 current wall-clock time is Wed Mar 29 09:15:16 2017
That iteration took 1490783210.000000000000 seconds. 
 so far, we have found 43 tracks.

Looking for tracks between images at times 59581.160000000003 (image 1 / 16) and 59588.160000000003 (image 8 / 16)  (with 6 support images).
 current wall-clock time is Wed Mar 29 09:15:16 2017
That iteration took 1490782798.000000000000 seconds. 
 so far, we have found 45 tracks.

Looking for tracks between images at times 59581.160000000003 (image 1 / 16) and 59589.160000000003 (image 9 / 16)  (with 7 support images).
 current wall-clock time is Wed Mar 29 09:15:16 2017
That iteration took 1490782339.000000000000 seconds. 
 so far, we have found 48 tracks.

Looking for tracks between images at times 59581.160000000003 (image 1 / 16) and 59590.160000000003 (image 10 / 16)  (with 8 support images).
 current wall-clock time is Wed Mar 29 09:15:16 2017
That iteration took 1490781867.000000000000 seconds. 
 so far, we have found 50 tracks.

Looking for tracks between images at times 59581.160000000003 (image 1 / 16) and 59591.160000000003 (image 11 / 16)  (with 9 support images).
 current wall-clock time is Wed Mar 29 09:15:16 2017
That iteration took 1490781307.000000000000 seconds. 
 so far, we have found 53 tracks.

Looking for tracks between images at times 59581.160000000003 (image 1 / 16) and 59592.160000000003 (image 12 / 16)  (with 10 support images).
 current wall-clock time is Wed Mar 29 09:15:16 2017
That iteration took 1490780779.000000000000 seconds. 
 so far, we have found 55 tracks.

Looking for tracks between images at times 59581.160000000003 (image 1 / 16) and 59593.160000000003 (image 13 / 16)  (with 11 support images).
 current wall-clock time is Wed Mar 29 09:15:16 2017
That iteration took 1490780199.000000000000 seconds. 
 so far, we have found 58 tracks.

Looking for tracks between images at times 59581.160000000003 (image 1 / 16) and 59594.160000000003 (image 14 / 16)  (with 12 support images).
 current wall-clock time is Wed Mar 29 09:15:16 2017
That iteration took 1490779617.000000000000 seconds. 
 so far, we have found 61 tracks.

Looking for tracks between images at times 59581.160000000003 (image 1 / 16) and 59595.160000000003 (image 15 / 16)  (with 13 support images).
 current wall-clock time is Wed Mar 29 09:15:16 2017
That iteration took 1490778993.000000000000 seconds. 
 so far, we have found 64 tracks.

Looking for tracks between images at times 59582.160000000003 (image 2 / 16) and 59583.160000000003 (image 3 / 16)  (with 0 support images).
 current wall-clock time is Wed Mar 29 09:15:16 2017
That iteration took 1490778352.000000000000 seconds. 
 so far, we have found 64 tracks.

Looking for tracks between images at times 59582.160000000003 (image 2 / 16) and 59584.160000000003 (image 4 / 16)  (with 1 support images).
 current wall-clock time is Wed Mar 29 09:15:16 2017
That iteration took 1490778328.000000000000 seconds. 
 so far, we have found 66 tracks.

Looking for tracks between images at times 59582.160000000003 (image 2 / 16) and 59585.160000000003 (image 5 / 16)  (with 2 support images).
 current wall-clock time is Wed Mar 29 09:15:16 2017
That iteration took 1490778024.000000000000 seconds. 
 so far, we have found 67 tracks.

Looking for tracks between images at times 59582.160000000003 (image 2 / 16) and 59586.160000000003 (image 6 / 16)  (with 3 support images).
 current wall-clock time is Wed Mar 29 09:15:16 2017
That iteration took 1490777657.000000000000 seconds. 
 so far, we have found 69 tracks.

Looking for tracks between images at times 59582.160000000003 (image 2 / 16) and 59587.160000000003 (image 7 / 16)  (with 4 support images).
 current wall-clock time is Wed Mar 29 09:15:16 2017
That iteration took 1490777307.000000000000 seconds. 
 so far, we have found 71 tracks.

Looking for tracks between images at times 59582.160000000003 (image 2 / 16) and 59588.160000000003 (image 8 / 16)  (with 5 support images).
 current wall-clock time is Wed Mar 29 09:15:16 2017
That iteration took 1490776900.000000000000 seconds. 
 so far, we have found 74 tracks.

Looking for tracks between images at times 59582.160000000003 (image 2 / 16) and 59589.160000000003 (image 9 / 16)  (with 6 support images).
 current wall-clock time is Wed Mar 29 09:15:16 2017
That iteration took 1490776488.000000000000 seconds. 
 so far, we have found 76 tracks.

Looking for tracks between images at times 59582.160000000003 (image 2 / 16) and 59590.160000000003 (image 10 / 16)  (with 7 support images).
 current wall-clock time is Wed Mar 29 09:15:16 2017
That iteration took 1490776033.000000000000 seconds. 
 so far, we have found 79 tracks.

Looking for tracks between images at times 59582.160000000003 (image 2 / 16) and 59591.160000000003 (image 11 / 16)  (with 8 support images).
 current wall-clock time is Wed Mar 29 09:15:16 2017
That iteration took 1490775515.000000000000 seconds. 
 so far, we have found 81 tracks.

Looking for tracks between images at times 59582.160000000003 (image 2 / 16) and 59592.160000000003 (image 12 / 16)  (with 9 support images).
 current wall-clock time is Wed Mar 29 09:15:16 2017
That iteration took 1490774982.000000000000 seconds. 
 so far, we have found 84 tracks.

Looking for tracks between images at times 59582.160000000003 (image 2 / 16) and 59593.160000000003 (image 13 / 16)  (with 10 support images).
 current wall-clock time is Wed Mar 29 09:15:16 2017
That iteration took 1490774434.000000000000 seconds. 
 so far, we have found 86 tracks.

Looking for tracks between images at times 59582.160000000003 (image 2 / 16) and 59594.160000000003 (image 14 / 16)  (with 11 support images).
 current wall-clock time is Wed Mar 29 09:15:16 2017
That iteration took 1490773844.000000000000 seconds. 
 so far, we have found 89 tracks.

Looking for tracks between images at times 59582.160000000003 (image 2 / 16) and 59595.160000000003 (image 15 / 16)  (with 12 support images).
 current wall-clock time is Wed Mar 29 09:15:16 2017
That iteration took 1490773243.000000000000 seconds. 
 so far, we have found 92 tracks.

Looking for tracks between images at times 59583.160000000003 (image 3 / 16) and 59584.160000000003 (image 4 / 16)  (with 0 support images).
 current wall-clock time is Wed Mar 29 09:15:16 2017
That iteration took 1490772615.000000000000 seconds. 
 so far, we have found 92 tracks.

Looking for tracks between images at times 59583.160000000003 (image 3 / 16) and 59585.160000000003 (image 5 / 16)  (with 1 support images).
 current wall-clock time is Wed Mar 29 09:15:16 2017
That iteration took 1490772591.000000000000 seconds. 
 so far, we have found 94 tracks.

Looking for tracks between images at times 59583.160000000003 (image 3 / 16) and 59586.160000000003 (image 6 / 16)  (with 2 support images).
 current wall-clock time is Wed Mar 29 09:15:16 2017
That iteration took 1490772261.000000000000 seconds. 
 so far, we have found 95 tracks.

Looking for tracks between images at times 59583.160000000003 (image 3 / 16) and 59587.160000000003 (image 7 / 16)  (with 3 support images).
 current wall-clock time is Wed Mar 29 09:15:16 2017
That iteration took 1490771894.000000000000 seconds. 
 so far, we have found 97 tracks.

Looking for tracks between images at times 59583.160000000003 (image 3 / 16) and 59588.160000000003 (image 8 / 16)  (with 4 support images).
 current wall-clock time is Wed Mar 29 09:15:16 2017
That iteration took 1490771519.000000000000 seconds. 
 so far, we have found 99 tracks.

Looking for tracks between images at times 59583.160000000003 (image 3 / 16) and 59589.160000000003 (image 9 / 16)  (with 5 support images).
 current wall-clock time is Wed Mar 29 09:15:16 2017
That iteration took 1490771100.000000000000 seconds. 
 so far, we have found 102 tracks.

Looking for tracks between images at times 59583.160000000003 (image 3 / 16) and 59590.160000000003 (image 10 / 16)  (with 6 support images).
 current wall-clock time is Wed Mar 29 09:15:16 2017
That iteration took 1490770687.000000000000 seconds. 
 so far, we have found 104 tracks.

Looking for tracks between images at times 59583.160000000003 (image 3 / 16) and 59591.160000000003 (image 11 / 16)  (with 7 support images).
 current wall-clock time is Wed Mar 29 09:15:16 2017
That iteration took 1490770234.000000000000 seconds. 
 so far, we have found 107 tracks.

Looking for tracks between images at times 59583.160000000003 (image 3 / 16) and 59592.160000000003 (image 12 / 16)  (with 8 support images).
 current wall-clock time is Wed Mar 29 09:15:16 2017
That iteration took 1490769761.000000000000 seconds. 
 so far, we have found 109 tracks.

Looking for tracks between images at times 59583.160000000003 (image 3 / 16) and 59593.160000000003 (image 13 / 16)  (with 9 support images).
 current wall-clock time is Wed Mar 29 09:15:16 2017
That iteration took 1490769238.000000000000 seconds. 
 so far, we have found 112 tracks.

Looking for tracks between images at times 59583.160000000003 (image 3 / 16) and 59594.160000000003 (image 14 / 16)  (with 10 support images).
 current wall-clock time is Wed Mar 29 09:15:16 2017
That iteration took 1490768723.000000000000 seconds. 
 so far, we have found 114 tracks.

Looking for tracks between images at times 59583.160000000003 (image 3 / 16) and 59595.160000000003 (image 15 / 16)  (with 11 support images).
 current wall-clock time is Wed Mar 29 09:15:16 2017
That iteration took 1490768145.000000000000 seconds. 
 so far, we have found 117 tracks.

Looking for tracks between images at times 59584.160000000003 (image 4 / 16) and 59585.160000000003 (image 5 / 16)  (with 0 support images).
 current wall-clock time is Wed Mar 29 09:15:16 2017
That iteration took 1490767572.000000000000 seconds. 
 so far, we have found 117 tracks.

Looking for tracks between images at times 59584.160000000003 (image 4 / 16) and 59586.160000000003 (image 6 / 16)  (with 1 support images).
 current wall-clock time is Wed Mar 29 09:15:16 2017
That iteration took 1490767549.000000000000 seconds. 
 so far, we have found 119 tracks.

Looking for tracks between images at times 59584.160000000003 (image 4 / 16) and 59587.160000000003 (image 7 / 16)  (with 2 support images).
 current wall-clock time is Wed Mar 29 09:15:16 2017
That iteration took 1490767228.000000000000 seconds. 
 so far, we have found 121 tracks.

Looking for tracks between images at times 59584.160000000003 (image 4 / 16) and 59588.160000000003 (image 8 / 16)  (with 3 support images).
 current wall-clock time is Wed Mar 29 09:15:16 2017
That iteration took 1490766841.000000000000 seconds. 
 so far, we have found 123 tracks.

Looking for tracks between images at times 59584.160000000003 (image 4 / 16) and 59589.160000000003 (image 9 / 16)  (with 4 support images).
 current wall-clock time is Wed Mar 29 09:15:16 2017
That iteration took 1490766489.000000000000 seconds. 
 so far, we have found 125 tracks.

Looking for tracks between images at times 59584.160000000003 (image 4 / 16) and 59590.160000000003 (image 10 / 16)  (with 5 support images).
 current wall-clock time is Wed Mar 29 09:15:16 2017
That iteration took 1490766072.000000000000 seconds. 
 so far, we have found 128 tracks.

Looking for tracks between images at times 59584.160000000003 (image 4 / 16) and 59591.160000000003 (image 11 / 16)  (with 6 support images).
 current wall-clock time is Wed Mar 29 09:15:16 2017
That iteration took 1490765657.000000000000 seconds. 
 so far, we have found 130 tracks.

Looking for tracks between images at times 59584.160000000003 (image 4 / 16) and 59592.160000000003 (image 12 / 16)  (with 7 support images).
 current wall-clock time is Wed Mar 29 09:15:16 2017
That iteration took 1490765249.000000000000 seconds. 
 so far, we have found 133 tracks.

Looking for tracks between images at times 59584.160000000003 (image 4 / 16) and 59593.160000000003 (image 13 / 16)  (with 8 support images).
 current wall-clock time is Wed Mar 29 09:15:16 2017
That iteration took 1490764782.000000000000 seconds. 
 so far, we have found 135 tracks.

Looking for tracks between images at times 59584.160000000003 (image 4 / 16) and 59594.160000000003 (image 14 / 16)  (with 9 support images).
 current wall-clock time is Wed Mar 29 09:15:16 2017
That iteration took 1490764257.000000000000 seconds. 
 so far, we have found 138 tracks.

Looking for tracks between images at times 59584.160000000003 (image 4 / 16) and 59595.160000000003 (image 15 / 16)  (with 10 support images).
 current wall-clock time is Wed Mar 29 09:15:16 2017
That iteration took 1490763724.000000000000 seconds. 
 so far, we have found 141 tracks.

Looking for tracks between images at times 59585.160000000003 (image 5 / 16) and 59586.160000000003 (image 6 / 16)  (with 0 support images).
 current wall-clock time is Wed Mar 29 09:15:16 2017
That iteration took 1490763155.000000000000 seconds. 
 so far, we have found 141 tracks.

Looking for tracks between images at times 59585.160000000003 (image 5 / 16) and 59587.160000000003 (image 7 / 16)  (with 1 support images).
 current wall-clock time is Wed Mar 29 09:15:16 2017
That iteration took 1490763131.000000000000 seconds. 
 so far, we have found 143 tracks.

Looking for tracks between images at times 59585.160000000003 (image 5 / 16) and 59588.160000000003 (image 8 / 16)  (with 2 support images).
 current wall-clock time is Wed Mar 29 09:15:16 2017
That iteration took 1490762812.000000000000 seconds. 
 so far, we have found 144 tracks.

Looking for tracks between images at times 59585.160000000003 (image 5 / 16) and 59589.160000000003 (image 9 / 16)  (with 3 support images).
 current wall-clock time is Wed Mar 29 09:15:16 2017
That iteration took 1490762448.000000000000 seconds. 
 so far, we have found 146 tracks.

Looking for tracks between images at times 59585.160000000003 (image 5 / 16) and 59590.160000000003 (image 10 / 16)  (with 4 support images).
 current wall-clock time is Wed Mar 29 09:15:16 2017
That iteration took 1490762093.000000000000 seconds. 
 so far, we have found 148 tracks.

Looking for tracks between images at times 59585.160000000003 (image 5 / 16) and 59591.160000000003 (image 11 / 16)  (with 5 support images).
 current wall-clock time is Wed Mar 29 09:15:16 2017
That iteration took 1490761639.000000000000 seconds. 
 so far, we have found 150 tracks.

Looking for tracks between images at times 59585.160000000003 (image 5 / 16) and 59592.160000000003 (image 12 / 16)  (with 6 support images).
 current wall-clock time is Wed Mar 29 09:15:16 2017
That iteration took 1490761199.000000000000 seconds. 
 so far, we have found 152 tracks.

Looking for tracks between images at times 59585.160000000003 (image 5 / 16) and 59593.160000000003 (image 13 / 16)  (with 7 support images).
 current wall-clock time is Wed Mar 29 09:15:16 2017
That iteration took 1490760734.000000000000 seconds. 
 so far, we have found 155 tracks.

Looking for tracks between images at times 59585.160000000003 (image 5 / 16) and 59594.160000000003 (image 14 / 16)  (with 8 support images).
 current wall-clock time is Wed Mar 29 09:15:16 2017
That iteration took 1490760254.000000000000 seconds. 
 so far, we have found 157 tracks.

Looking for tracks between images at times 59585.160000000003 (image 5 / 16) and 59595.160000000003 (image 15 / 16)  (with 9 support images).
 current wall-clock time is Wed Mar 29 09:15:16 2017
That iteration took 1490759740.000000000000 seconds. 
 so far, we have found 160 tracks.

Looking for tracks between images at times 59586.160000000003 (image 6 / 16) and 59587.160000000003 (image 7 / 16)  (with 0 support images).
 current wall-clock time is Wed Mar 29 09:15:16 2017
That iteration took 1490759223.000000000000 seconds. 
 so far, we have found 160 tracks.

Looking for tracks between images at times 59586.160000000003 (image 6 / 16) and 59588.160000000003 (image 8 / 16)  (with 1 support images).
 current wall-clock time is Wed Mar 29 09:15:16 2017
That iteration took 1490759198.000000000000 seconds. 
 so far, we have found 162 tracks.

Looking for tracks between images at times 59586.160000000003 (image 6 / 16) and 59589.160000000003 (image 9 / 16)  (with 2 support images).
 current wall-clock time is Wed Mar 29 09:15:16 2017
That iteration took 1490758891.000000000000 seconds. 
 so far, we have found 164 tracks.

Looking for tracks between images at times 59586.160000000003 (image 6 / 16) and 59590.160000000003 (image 10 / 16)  (with 3 support images).
 current wall-clock time is Wed Mar 29 09:15:16 2017
That iteration took 1490758500.000000000000 seconds. 
 so far, we have found 166 tracks.

Looking for tracks between images at times 59586.160000000003 (image 6 / 16) and 59591.160000000003 (image 11 / 16)  (with 4 support images).
 current wall-clock time is Wed Mar 29 09:15:16 2017
That iteration took 1490758144.000000000000 seconds. 
 so far, we have found 168 tracks.

Looking for tracks between images at times 59586.160000000003 (image 6 / 16) and 59592.160000000003 (image 12 / 16)  (with 5 support images).
 current wall-clock time is Wed Mar 29 09:15:16 2017
That iteration took 1490757725.000000000000 seconds. 
 so far, we have found 170 tracks.

Looking for tracks between images at times 59586.160000000003 (image 6 / 16) and 59593.160000000003 (image 13 / 16)  (with 6 support images).
 current wall-clock time is Wed Mar 29 09:15:16 2017
That iteration took 1490757319.000000000000 seconds. 
 so far, we have found 172 tracks.

Looking for tracks between images at times 59586.160000000003 (image 6 / 16) and 59594.160000000003 (image 14 / 16)  (with 7 support images).
 current wall-clock time is Wed Mar 29 09:15:16 2017
That iteration took 1490756868.000000000000 seconds. 
 so far, we have found 175 tracks.

Looking for tracks between images at times 59586.160000000003 (image 6 / 16) and 59595.160000000003 (image 15 / 16)  (with 8 support images).
 current wall-clock time is Wed Mar 29 09:15:16 2017
That iteration took 1490756392.000000000000 seconds. 
 so far, we have found 177 tracks.

Looking for tracks between images at times 59587.160000000003 (image 7 / 16) and 59588.160000000003 (image 8 / 16)  (with 0 support images).
 current wall-clock time is Wed Mar 29 09:15:16 2017
That iteration took 1490755876.000000000000 seconds. 
 so far, we have found 177 tracks.

Looking for tracks between images at times 59587.160000000003 (image 7 / 16) and 59589.160000000003 (image 9 / 16)  (with 1 support images).
 current wall-clock time is Wed Mar 29 09:15:16 2017
That iteration took 1490755853.000000000000 seconds. 
 so far, we have found 179 tracks.

Looking for tracks between images at times 59587.160000000003 (image 7 / 16) and 59590.160000000003 (image 10 / 16)  (with 2 support images).
 current wall-clock time is Wed Mar 29 09:15:16 2017
That iteration took 1490755537.000000000000 seconds. 
 so far, we have found 181 tracks.

Looking for tracks between images at times 59587.160000000003 (image 7 / 16) and 59591.160000000003 (image 11 / 16)  (with 3 support images).
 current wall-clock time is Wed Mar 29 09:15:16 2017
That iteration took 1490755179.000000000000 seconds. 
 so far, we have found 183 tracks.

Looking for tracks between images at times 59587.160000000003 (image 7 / 16) and 59592.160000000003 (image 12 / 16)  (with 4 support images).
 current wall-clock time is Wed Mar 29 09:15:16 2017
That iteration took 1490754830.000000000000 seconds. 
 so far, we have found 185 tracks.

Looking for tracks between images at times 59587.160000000003 (image 7 / 16) and 59593.160000000003 (image 13 / 16)  (with 5 support images).
 current wall-clock time is Wed Mar 29 09:15:16 2017
That iteration took 1490754406.000000000000 seconds. 
 so far, we have found 187 tracks.

Looking for tracks between images at times 59587.160000000003 (image 7 / 16) and 59594.160000000003 (image 14 / 16)  (with 6 support images).
 current wall-clock time is Wed Mar 29 09:15:16 2017
That iteration took 1490754000.000000000000 seconds. 
 so far, we have found 189 tracks.

Looking for tracks between images at times 59587.160000000003 (image 7 / 16) and 59595.160000000003 (image 15 / 16)  (with 7 support images).
 current wall-clock time is Wed Mar 29 09:15:16 2017
That iteration took 1490753549.000000000000 seconds. 
 so far, we have found 192 tracks.

Looking for tracks between images at times 59588.160000000003 (image 8 / 16) and 59589.160000000003 (image 9 / 16)  (with 0 support images).
 current wall-clock time is Wed Mar 29 09:15:16 2017
That iteration took 1490753100.000000000000 seconds. 
 so far, we have found 192 tracks.

Looking for tracks between images at times 59588.160000000003 (image 8 / 16) and 59590.160000000003 (image 10 / 16)  (with 1 support images).
 current wall-clock time is Wed Mar 29 09:15:16 2017
That iteration took 1490753076.000000000000 seconds. 
 so far, we have found 194 tracks.

Looking for tracks between images at times 59588.160000000003 (image 8 / 16) and 59591.160000000003 (image 11 / 16)  (with 2 support images).
 current wall-clock time is Wed Mar 29 09:15:16 2017
That iteration took 1490752762.000000000000 seconds. 
 so far, we have found 196 tracks.

Looking for tracks between images at times 59588.160000000003 (image 8 / 16) and 59592.160000000003 (image 12 / 16)  (with 3 support images).
 current wall-clock time is Wed Mar 29 09:15:16 2017
That iteration took 1490752404.000000000000 seconds. 
 so far, we have found 198 tracks.

Looking for tracks between images at times 59588.160000000003 (image 8 / 16) and 59593.160000000003 (image 13 / 16)  (with 4 support images).
 current wall-clock time is Wed Mar 29 09:15:16 2017
That iteration took 1490752049.000000000000 seconds. 
 so far, we have found 200 tracks.

Looking for tracks between images at times 59588.160000000003 (image 8 / 16) and 59594.160000000003 (image 14 / 16)  (with 5 support images).
 current wall-clock time is Wed Mar 29 09:15:16 2017
That iteration took 1490751597.000000000000 seconds. 
 so far, we have found 202 tracks.

Looking for tracks between images at times 59588.160000000003 (image 8 / 16) and 59595.160000000003 (image 15 / 16)  (with 6 support images).
 current wall-clock time is Wed Mar 29 09:15:16 2017
That iteration took 1490751173.000000000000 seconds. 
 so far, we have found 204 tracks.

Looking for tracks between images at times 59589.160000000003 (image 9 / 16) and 59590.160000000003 (image 10 / 16)  (with 0 support images).
 current wall-clock time is Wed Mar 29 09:15:16 2017
That iteration took 1490750716.000000000000 seconds. 
 so far, we have found 204 tracks.

Looking for tracks between images at times 59589.160000000003 (image 9 / 16) and 59591.160000000003 (image 11 / 16)  (with 1 support images).
 current wall-clock time is Wed Mar 29 09:15:16 2017
That iteration took 1490750682.000000000000 seconds. 
 so far, we have found 206 tracks.

Looking for tracks between images at times 59589.160000000003 (image 9 / 16) and 59592.160000000003 (image 12 / 16)  (with 2 support images).
 current wall-clock time is Wed Mar 29 09:15:16 2017
That iteration took 1490750377.000000000000 seconds. 
 so far, we have found 208 tracks.

Looking for tracks between images at times 59589.160000000003 (image 9 / 16) and 59593.160000000003 (image 13 / 16)  (with 3 support images).
 current wall-clock time is Wed Mar 29 09:15:16 2017
That iteration took 1490750019.000000000000 seconds. 
 so far, we have found 210 tracks.

Looking for tracks between images at times 59589.160000000003 (image 9 / 16) and 59594.160000000003 (image 14 / 16)  (with 4 support images).
 current wall-clock time is Wed Mar 29 09:15:16 2017
That iteration took 1490749670.000000000000 seconds. 
 so far, we have found 211 tracks.

Looking for tracks between images at times 59589.160000000003 (image 9 / 16) and 59595.160000000003 (image 15 / 16)  (with 5 support images).
 current wall-clock time is Wed Mar 29 09:15:16 2017
That iteration took 1490749261.000000000000 seconds. 
 so far, we have found 213 tracks.

Looking for tracks between images at times 59590.160000000003 (image 10 / 16) and 59591.160000000003 (image 11 / 16)  (with 0 support images).
 current wall-clock time is Wed Mar 29 09:15:16 2017
That iteration took 1490748854.000000000000 seconds. 
 so far, we have found 213 tracks.

Looking for tracks between images at times 59590.160000000003 (image 10 / 16) and 59592.160000000003 (image 12 / 16)  (with 1 support images).
 current wall-clock time is Wed Mar 29 09:15:16 2017
That iteration took 1490748833.000000000000 seconds. 
 so far, we have found 215 tracks.

Looking for tracks between images at times 59590.160000000003 (image 10 / 16) and 59593.160000000003 (image 13 / 16)  (with 2 support images).
 current wall-clock time is Wed Mar 29 09:15:16 2017
That iteration took 1490748527.000000000000 seconds. 
 so far, we have found 217 tracks.

Looking for tracks between images at times 59590.160000000003 (image 10 / 16) and 59594.160000000003 (image 14 / 16)  (with 3 support images).
 current wall-clock time is Wed Mar 29 09:15:16 2017
That iteration took 1490748165.000000000000 seconds. 
 so far, we have found 219 tracks.

Looking for tracks between images at times 59590.160000000003 (image 10 / 16) and 59595.160000000003 (image 15 / 16)  (with 4 support images).
 current wall-clock time is Wed Mar 29 09:15:16 2017
That iteration took 1490747807.000000000000 seconds. 
 so far, we have found 220 tracks.

Looking for tracks between images at times 59591.160000000003 (image 11 / 16) and 59592.160000000003 (image 12 / 16)  (with 0 support images).
 current wall-clock time is Wed Mar 29 09:15:16 2017
That iteration took 1490747422.000000000000 seconds. 
 so far, we have found 220 tracks.

Looking for tracks between images at times 59591.160000000003 (image 11 / 16) and 59593.160000000003 (image 13 / 16)  (with 1 support images).
 current wall-clock time is Wed Mar 29 09:15:16 2017
That iteration took 1490747398.000000000000 seconds. 
 so far, we have found 222 tracks.

Looking for tracks between images at times 59591.160000000003 (image 11 / 16) and 59594.160000000003 (image 14 / 16)  (with 2 support images).
 current wall-clock time is Wed Mar 29 09:15:16 2017
That iteration took 1490747064.000000000000 seconds. 
 so far, we have found 224 tracks.

Looking for tracks between images at times 59591.160000000003 (image 11 / 16) and 59595.160000000003 (image 15 / 16)  (with 3 support images).
 current wall-clock time is Wed Mar 29 09:15:16 2017
That iteration took 1490746703.000000000000 seconds. 
 so far, we have found 226 tracks.

Looking for tracks between images at times 59592.160000000003 (image 12 / 16) and 59593.160000000003 (image 13 / 16)  (with 0 support images).
 current wall-clock time is Wed Mar 29 09:15:16 2017
That iteration took 1490746339.000000000000 seconds. 
 so far, we have found 226 tracks.

Looking for tracks between images at times 59592.160000000003 (image 12 / 16) and 59594.160000000003 (image 14 / 16)  (with 1 support images).
 current wall-clock time is Wed Mar 29 09:15:16 2017
That iteration took 1490746315.000000000000 seconds. 
 so far, we have found 228 tracks.

Looking for tracks between images at times 59592.160000000003 (image 12 / 16) and 59595.160000000003 (image 15 / 16)  (with 2 support images).
 current wall-clock time is Wed Mar 29 09:15:16 2017
That iteration took 1490745993.000000000000 seconds. 
 so far, we have found 230 tracks.

Looking for tracks between images at times 59593.160000000003 (image 13 / 16) and 59594.160000000003 (image 14 / 16)  (with 0 support images).
 current wall-clock time is Wed Mar 29 09:15:16 2017
That iteration took 1490745633.000000000000 seconds. 
 so far, we have found 230 tracks.

Looking for tracks between images at times 59593.160000000003 (image 13 / 16) and 59595.160000000003 (image 15 / 16)  (with 1 support images).
 current wall-clock time is Wed Mar 29 09:15:16 2017
That iteration took 1490745609.000000000000 seconds. 
 so far, we have found 232 tracks.

Looking for tracks between images at times 59594.160000000003 (image 14 / 16) and 59595.160000000003 (image 15 / 16)  (with 0 support images).
 current wall-clock time is Wed Mar 29 09:15:16 2017
That iteration took 1490745274.000000000000 seconds. 
 so far, we have found 232 tracks.

Found 120 valid start/end image pairs.
Finished linking.
Linking took 1490792395.000000000000 seconds.
TrackSet: purgeToFile called.
TrackSet: clearing component tracks from memory.
Results successfully written to disk.
Done. Exiting successfully.
Completed after 0.0000000000 seconds.
This process (42778) memory usage: 
------------------------------------------
------------------------------------------

