Set min unique nights per track: 3
Set min detections per track: 6
 Set output buffer size = 1000
Reading detections file 
Calculating topocentric correction 
Reading tracklets file 
Reading input took 0.0000000000 seconds.
1.0000000000 0.9999835753
0.8884438267 0.9999998501
0.9985552603 1.0000000000
1.0000000000 1.0000000000
0.7920486344 0.9999939107
0.9990487741 0.9998107972
1.0000000000 1.0000000000
0.8222489566 1.0000000000
0.9997984837 1.0000000000
1.0000000000 1.0000000000
0.8452296678 0.8058176136
0.9999584946 1.0000000000
1.0000000000 1.0000000000
0.8629718415 1.0000000000
0.9999916356 1.0000000000
1.0000000000 0.9999835535
0.8828007702 1.0000000000
0.9987242437 0.9999999552
1.0000000000 1.0000000000
0.7810449808 0.9999942537
0.9991948021 1.0000000000
1.0000000000 1.0000000000
0.8110443099 1.0000000000
0.9998375122 1.0000000000
1.0000000000 1.0000000000
0.8339902051 0.7907494812
0.9999682213 1.0000000000
1.0000000000 0.9999835572
0.8769992728 0.9999999740
0.9988841651 0.9999999776
1.0000000000 1.0000000000
0.7697895102 0.9999923141
0.9993272325 0.9999999984
1.0000000000 1.0000000000
0.7994947468 1.0000000000
0.9998711686 1.0000000000
1.0000000000 0.9999835871
0.8710438773 1.0000000000
0.9990339874 0.9999999533
1.0000000000 1.0000000000
0.7582983750 0.9999925972
0.9994457082 0.9999999987
1.0000000000 0.9999836430
0.8649388658 0.9999999998
0.9991728709 0.9999999989
TrackSet: purgeToFile called.
TrackSet: clearing component tracks from memory.
Results successfully written to disk.
Done. Exiting successfully.
Completed after 0.0000000000 seconds.
This process (13322) memory usage: 
------------------------------------------
------------------------------------------

