Set min unique nights per track: 3
Set min detections per track: 6
 Set output buffer size = 1000
Reading detections file 
Calculating topocentric correction 
Reading tracklets file 
Reading input took 0.0000000000 seconds.
Recentering all detections on (180, 0).
   Bounds were (in deg) R=[230.0429659650,  511.3297579900], D=[ -24.8317269676,  16.6339441186]
Setting tracklet velocities.
Sorting tracklets by image time and creating trees.
Doing the linking.
Looking for tracks between images at times 59606.160000000003 (image 0 / 4) and 59607.160000000003 (image 1 / 4)  (with 0 support images).
 current wall-clock time is Wed Mar 29 08:59:49 2017
That iteration took 1490793335.000000000000 seconds. 
 so far, we have found 0 tracks.

Looking for tracks between images at times 59606.160000000003 (image 0 / 4) and 59608.160000000003 (image 2 / 4)  (with 1 support images).
 current wall-clock time is Wed Mar 29 08:59:49 2017
That iteration took 1490793085.000000000000 seconds. 
 so far, we have found 2 tracks.

Looking for tracks between images at times 59606.160000000003 (image 0 / 4) and 59609.160000000003 (image 3 / 4)  (with 2 support images).
 current wall-clock time is Wed Mar 29 08:59:49 2017
That iteration took 1490792694.000000000000 seconds. 
 so far, we have found 4 tracks.

Looking for tracks between images at times 59607.160000000003 (image 1 / 4) and 59608.160000000003 (image 2 / 4)  (with 0 support images).
 current wall-clock time is Wed Mar 29 08:59:49 2017
That iteration took 1490792391.000000000000 seconds. 
 so far, we have found 4 tracks.

Looking for tracks between images at times 59607.160000000003 (image 1 / 4) and 59609.160000000003 (image 3 / 4)  (with 1 support images).
 current wall-clock time is Wed Mar 29 08:59:49 2017
That iteration took 1490792370.000000000000 seconds. 
 so far, we have found 6 tracks.

Looking for tracks between images at times 59608.160000000003 (image 2 / 4) and 59609.160000000003 (image 3 / 4)  (with 0 support images).
 current wall-clock time is Wed Mar 29 08:59:49 2017
That iteration took 1490792084.000000000000 seconds. 
 so far, we have found 6 tracks.

Found 6 valid start/end image pairs.
Finished linking.
Linking took 1490793338.000000000000 seconds.
TrackSet: purgeToFile called.
TrackSet: clearing component tracks from memory.
Results successfully written to disk.
Done. Exiting successfully.
Completed after 0.0000000000 seconds.
This process (41642) memory usage: 
------------------------------------------
------------------------------------------

