Set min unique nights per track: 3
Set min detections per track: 6
 Set output buffer size = 1000
Reading detections file 
Calculating topocentric correction 
Reading tracklets file 
Reading input took 0.0000000000 seconds.
Recentering all detections on (180, 0).
   Bounds were (in deg) R=[223.0099554890,  513.6365104330], D=[ -24.1680160377,  15.7551267190]
Setting tracklet velocities.
Sorting tracklets by image time and creating trees.
Doing the linking.
Looking for tracks between images at times 59586.160000000003 (image 0 / 16) and 59587.160000000003 (image 1 / 16)  (with 0 support images).
 current wall-clock time is Wed Mar 29 09:15:16 2017
That iteration took 1490792789.000000000000 seconds. 
 so far, we have found 0 tracks.

Looking for tracks between images at times 59586.160000000003 (image 0 / 16) and 59588.160000000003 (image 2 / 16)  (with 1 support images).
 current wall-clock time is Wed Mar 29 09:15:16 2017
That iteration took 1490792519.000000000000 seconds. 
 so far, we have found 2 tracks.

Looking for tracks between images at times 59586.160000000003 (image 0 / 16) and 59589.160000000003 (image 3 / 16)  (with 2 support images).
 current wall-clock time is Wed Mar 29 09:15:16 2017
That iteration took 1490791901.000000000000 seconds. 
 so far, we have found 4 tracks.

Looking for tracks between images at times 59586.160000000003 (image 0 / 16) and 59590.160000000003 (image 4 / 16)  (with 3 support images).
 current wall-clock time is Wed Mar 29 09:15:16 2017
That iteration took 1490791514.000000000000 seconds. 
 so far, we have found 6 tracks.

Looking for tracks between images at times 59586.160000000003 (image 0 / 16) and 59591.160000000003 (image 5 / 16)  (with 4 support images).
 current wall-clock time is Wed Mar 29 09:15:16 2017
That iteration took 1490791158.000000000000 seconds. 
 so far, we have found 8 tracks.

Looking for tracks between images at times 59586.160000000003 (image 0 / 16) and 59592.160000000003 (image 6 / 16)  (with 5 support images).
 current wall-clock time is Wed Mar 29 09:15:16 2017
That iteration took 1490790734.000000000000 seconds. 
 so far, we have found 10 tracks.

Looking for tracks between images at times 59586.160000000003 (image 0 / 16) and 59593.160000000003 (image 7 / 16)  (with 6 support images).
 current wall-clock time is Wed Mar 29 09:15:16 2017
That iteration took 1490790325.000000000000 seconds. 
 so far, we have found 12 tracks.

Looking for tracks between images at times 59586.160000000003 (image 0 / 16) and 59594.160000000003 (image 8 / 16)  (with 7 support images).
 current wall-clock time is Wed Mar 29 09:15:16 2017
That iteration took 1490789868.000000000000 seconds. 
 so far, we have found 15 tracks.

Looking for tracks between images at times 59586.160000000003 (image 0 / 16) and 59595.160000000003 (image 9 / 16)  (with 8 support images).
 current wall-clock time is Wed Mar 29 09:15:16 2017
That iteration took 1490789395.000000000000 seconds. 
 so far, we have found 17 tracks.

Looking for tracks between images at times 59586.160000000003 (image 0 / 16) and 59596.160000000003 (image 10 / 16)  (with 9 support images).
 current wall-clock time is Wed Mar 29 09:15:16 2017
That iteration took 1490788830.000000000000 seconds. 
 so far, we have found 20 tracks.

Looking for tracks between images at times 59586.160000000003 (image 0 / 16) and 59597.160000000003 (image 11 / 16)  (with 10 support images).
 current wall-clock time is Wed Mar 29 09:15:16 2017
That iteration took 1490788321.000000000000 seconds. 
 so far, we have found 23 tracks.

Looking for tracks between images at times 59586.160000000003 (image 0 / 16) and 59598.160000000003 (image 12 / 16)  (with 11 support images).
 current wall-clock time is Wed Mar 29 09:15:16 2017
That iteration took 1490787764.000000000000 seconds. 
 so far, we have found 26 tracks.

Looking for tracks between images at times 59586.160000000003 (image 0 / 16) and 59599.160000000003 (image 13 / 16)  (with 12 support images).
 current wall-clock time is Wed Mar 29 09:15:16 2017
That iteration took 1490787190.000000000000 seconds. 
 so far, we have found 29 tracks.

Looking for tracks between images at times 59586.160000000003 (image 0 / 16) and 59600.160000000003 (image 14 / 16)  (with 13 support images).
 current wall-clock time is Wed Mar 29 09:15:16 2017
That iteration took 1490786559.000000000000 seconds. 
 so far, we have found 31 tracks.

Looking for tracks between images at times 59586.160000000003 (image 0 / 16) and 59601.160000000003 (image 15 / 16)  (with 14 support images).
 current wall-clock time is Wed Mar 29 09:15:16 2017
That iteration took 1490785928.000000000000 seconds. 
 so far, we have found 33 tracks.

Looking for tracks between images at times 59587.160000000003 (image 1 / 16) and 59588.160000000003 (image 2 / 16)  (with 0 support images).
 current wall-clock time is Wed Mar 29 09:15:16 2017
That iteration took 1490785277.000000000000 seconds. 
 so far, we have found 33 tracks.

Looking for tracks between images at times 59587.160000000003 (image 1 / 16) and 59589.160000000003 (image 3 / 16)  (with 1 support images).
 current wall-clock time is Wed Mar 29 09:15:16 2017
That iteration took 1490785253.000000000000 seconds. 
 so far, we have found 35 tracks.

Looking for tracks between images at times 59587.160000000003 (image 1 / 16) and 59590.160000000003 (image 4 / 16)  (with 2 support images).
 current wall-clock time is Wed Mar 29 09:15:16 2017
That iteration took 1490784946.000000000000 seconds. 
 so far, we have found 37 tracks.

Looking for tracks between images at times 59587.160000000003 (image 1 / 16) and 59591.160000000003 (image 5 / 16)  (with 3 support images).
 current wall-clock time is Wed Mar 29 09:15:16 2017
That iteration took 1490784583.000000000000 seconds. 
 so far, we have found 39 tracks.

Looking for tracks between images at times 59587.160000000003 (image 1 / 16) and 59592.160000000003 (image 6 / 16)  (with 4 support images).
 current wall-clock time is Wed Mar 29 09:15:16 2017
That iteration took 1490784230.000000000000 seconds. 
 so far, we have found 41 tracks.

Looking for tracks between images at times 59587.160000000003 (image 1 / 16) and 59593.160000000003 (image 7 / 16)  (with 5 support images).
 current wall-clock time is Wed Mar 29 09:15:16 2017
That iteration took 1490783812.000000000000 seconds. 
 so far, we have found 43 tracks.

Looking for tracks between images at times 59587.160000000003 (image 1 / 16) and 59594.160000000003 (image 8 / 16)  (with 6 support images).
 current wall-clock time is Wed Mar 29 09:15:16 2017
That iteration took 1490783401.000000000000 seconds. 
 so far, we have found 45 tracks.

Looking for tracks between images at times 59587.160000000003 (image 1 / 16) and 59595.160000000003 (image 9 / 16)  (with 7 support images).
 current wall-clock time is Wed Mar 29 09:15:16 2017
That iteration took 1490782950.000000000000 seconds. 
 so far, we have found 48 tracks.

Looking for tracks between images at times 59587.160000000003 (image 1 / 16) and 59596.160000000003 (image 10 / 16)  (with 8 support images).
 current wall-clock time is Wed Mar 29 09:15:16 2017
That iteration took 1490782487.000000000000 seconds. 
 so far, we have found 50 tracks.

Looking for tracks between images at times 59587.160000000003 (image 1 / 16) and 59597.160000000003 (image 11 / 16)  (with 9 support images).
 current wall-clock time is Wed Mar 29 09:15:16 2017
That iteration took 1490781933.000000000000 seconds. 
 so far, we have found 53 tracks.

Looking for tracks between images at times 59587.160000000003 (image 1 / 16) and 59598.160000000003 (image 12 / 16)  (with 10 support images).
 current wall-clock time is Wed Mar 29 09:15:16 2017
That iteration took 1490781445.000000000000 seconds. 
 so far, we have found 56 tracks.

Looking for tracks between images at times 59587.160000000003 (image 1 / 16) and 59599.160000000003 (image 13 / 16)  (with 11 support images).
 current wall-clock time is Wed Mar 29 09:15:16 2017
That iteration took 1490780868.000000000000 seconds. 
 so far, we have found 59 tracks.

Looking for tracks between images at times 59587.160000000003 (image 1 / 16) and 59600.160000000003 (image 14 / 16)  (with 12 support images).
 current wall-clock time is Wed Mar 29 09:15:16 2017
That iteration took 1490780259.000000000000 seconds. 
 so far, we have found 62 tracks.

Looking for tracks between images at times 59587.160000000003 (image 1 / 16) and 59601.160000000003 (image 15 / 16)  (with 13 support images).
 current wall-clock time is Wed Mar 29 09:15:16 2017
That iteration took 1490779630.000000000000 seconds. 
 so far, we have found 64 tracks.

Looking for tracks between images at times 59588.160000000003 (image 2 / 16) and 59589.160000000003 (image 3 / 16)  (with 0 support images).
 current wall-clock time is Wed Mar 29 09:15:16 2017
That iteration took 1490779005.000000000000 seconds. 
 so far, we have found 64 tracks.

Looking for tracks between images at times 59588.160000000003 (image 2 / 16) and 59590.160000000003 (image 4 / 16)  (with 1 support images).
 current wall-clock time is Wed Mar 29 09:15:16 2017
That iteration took 1490778982.000000000000 seconds. 
 so far, we have found 66 tracks.

Looking for tracks between images at times 59588.160000000003 (image 2 / 16) and 59591.160000000003 (image 5 / 16)  (with 2 support images).
 current wall-clock time is Wed Mar 29 09:15:16 2017
That iteration took 1490778659.000000000000 seconds. 
 so far, we have found 68 tracks.

Looking for tracks between images at times 59588.160000000003 (image 2 / 16) and 59592.160000000003 (image 6 / 16)  (with 3 support images).
 current wall-clock time is Wed Mar 29 09:15:16 2017
That iteration took 1490778307.000000000000 seconds. 
 so far, we have found 70 tracks.

Looking for tracks between images at times 59588.160000000003 (image 2 / 16) and 59593.160000000003 (image 7 / 16)  (with 4 support images).
 current wall-clock time is Wed Mar 29 09:15:16 2017
That iteration took 1490777959.000000000000 seconds. 
 so far, we have found 72 tracks.

Looking for tracks between images at times 59588.160000000003 (image 2 / 16) and 59594.160000000003 (image 8 / 16)  (with 5 support images).
 current wall-clock time is Wed Mar 29 09:15:16 2017
That iteration took 1490777539.000000000000 seconds. 
 so far, we have found 74 tracks.

Looking for tracks between images at times 59588.160000000003 (image 2 / 16) and 59595.160000000003 (image 9 / 16)  (with 6 support images).
 current wall-clock time is Wed Mar 29 09:15:16 2017
That iteration took 1490777130.000000000000 seconds. 
 so far, we have found 76 tracks.

Looking for tracks between images at times 59588.160000000003 (image 2 / 16) and 59596.160000000003 (image 10 / 16)  (with 7 support images).
 current wall-clock time is Wed Mar 29 09:15:16 2017
That iteration took 1490776681.000000000000 seconds. 
 so far, we have found 79 tracks.

Looking for tracks between images at times 59588.160000000003 (image 2 / 16) and 59597.160000000003 (image 11 / 16)  (with 8 support images).
 current wall-clock time is Wed Mar 29 09:15:16 2017
That iteration took 1490776208.000000000000 seconds. 
 so far, we have found 81 tracks.

Looking for tracks between images at times 59588.160000000003 (image 2 / 16) and 59598.160000000003 (image 12 / 16)  (with 9 support images).
 current wall-clock time is Wed Mar 29 09:15:16 2017
That iteration took 1490775690.000000000000 seconds. 
 so far, we have found 84 tracks.

Looking for tracks between images at times 59588.160000000003 (image 2 / 16) and 59599.160000000003 (image 13 / 16)  (with 10 support images).
 current wall-clock time is Wed Mar 29 09:15:16 2017
That iteration took 1490775199.000000000000 seconds. 
 so far, we have found 87 tracks.

Looking for tracks between images at times 59588.160000000003 (image 2 / 16) and 59600.160000000003 (image 14 / 16)  (with 11 support images).
 current wall-clock time is Wed Mar 29 09:15:16 2017
That iteration took 1490774634.000000000000 seconds. 
 so far, we have found 90 tracks.

Looking for tracks between images at times 59588.160000000003 (image 2 / 16) and 59601.160000000003 (image 15 / 16)  (with 12 support images).
 current wall-clock time is Wed Mar 29 09:15:16 2017
That iteration took 1490774024.000000000000 seconds. 
 so far, we have found 93 tracks.

Looking for tracks between images at times 59589.160000000003 (image 3 / 16) and 59590.160000000003 (image 4 / 16)  (with 0 support images).
 current wall-clock time is Wed Mar 29 09:15:16 2017
That iteration took 1490773398.000000000000 seconds. 
 so far, we have found 93 tracks.

Looking for tracks between images at times 59589.160000000003 (image 3 / 16) and 59591.160000000003 (image 5 / 16)  (with 1 support images).
 current wall-clock time is Wed Mar 29 09:15:16 2017
That iteration took 1490773374.000000000000 seconds. 
 so far, we have found 95 tracks.

Looking for tracks between images at times 59589.160000000003 (image 3 / 16) and 59592.160000000003 (image 6 / 16)  (with 2 support images).
 current wall-clock time is Wed Mar 29 09:15:16 2017
That iteration took 1490773072.000000000000 seconds. 
 so far, we have found 97 tracks.

Looking for tracks between images at times 59589.160000000003 (image 3 / 16) and 59593.160000000003 (image 7 / 16)  (with 3 support images).
 current wall-clock time is Wed Mar 29 09:15:16 2017
That iteration took 1490772715.000000000000 seconds. 
 so far, we have found 99 tracks.

Looking for tracks between images at times 59589.160000000003 (image 3 / 16) and 59594.160000000003 (image 8 / 16)  (with 4 support images).
 current wall-clock time is Wed Mar 29 09:15:16 2017
That iteration took 1490772366.000000000000 seconds. 
 so far, we have found 100 tracks.

Looking for tracks between images at times 59589.160000000003 (image 3 / 16) and 59595.160000000003 (image 9 / 16)  (with 5 support images).
 current wall-clock time is Wed Mar 29 09:15:16 2017
That iteration took 1490771927.000000000000 seconds. 
 so far, we have found 102 tracks.

Looking for tracks between images at times 59589.160000000003 (image 3 / 16) and 59596.160000000003 (image 10 / 16)  (with 6 support images).
 current wall-clock time is Wed Mar 29 09:15:16 2017
That iteration took 1490771520.000000000000 seconds. 
 so far, we have found 104 tracks.

Looking for tracks between images at times 59589.160000000003 (image 3 / 16) and 59597.160000000003 (image 11 / 16)  (with 7 support images).
 current wall-clock time is Wed Mar 29 09:15:16 2017
That iteration took 1490771063.000000000000 seconds. 
 so far, we have found 106 tracks.

Looking for tracks between images at times 59589.160000000003 (image 3 / 16) and 59598.160000000003 (image 12 / 16)  (with 8 support images).
 current wall-clock time is Wed Mar 29 09:15:16 2017
That iteration took 1490770624.000000000000 seconds. 
 so far, we have found 109 tracks.

Looking for tracks between images at times 59589.160000000003 (image 3 / 16) and 59599.160000000003 (image 13 / 16)  (with 9 support images).
 current wall-clock time is Wed Mar 29 09:15:16 2017
That iteration took 1490770114.000000000000 seconds. 
 so far, we have found 112 tracks.

Looking for tracks between images at times 59589.160000000003 (image 3 / 16) and 59600.160000000003 (image 14 / 16)  (with 10 support images).
 current wall-clock time is Wed Mar 29 09:15:16 2017
That iteration took 1490769595.000000000000 seconds. 
 so far, we have found 115 tracks.

Looking for tracks between images at times 59589.160000000003 (image 3 / 16) and 59601.160000000003 (image 15 / 16)  (with 11 support images).
 current wall-clock time is Wed Mar 29 09:15:16 2017
That iteration took 1490769026.000000000000 seconds. 
 so far, we have found 118 tracks.

Looking for tracks between images at times 59590.160000000003 (image 4 / 16) and 59591.160000000003 (image 5 / 16)  (with 0 support images).
 current wall-clock time is Wed Mar 29 09:15:16 2017
That iteration took 1490768422.000000000000 seconds. 
 so far, we have found 118 tracks.

Looking for tracks between images at times 59590.160000000003 (image 4 / 16) and 59592.160000000003 (image 6 / 16)  (with 1 support images).
 current wall-clock time is Wed Mar 29 09:15:16 2017
That iteration took 1490768398.000000000000 seconds. 
 so far, we have found 120 tracks.

Looking for tracks between images at times 59590.160000000003 (image 4 / 16) and 59593.160000000003 (image 7 / 16)  (with 2 support images).
 current wall-clock time is Wed Mar 29 09:15:16 2017
That iteration took 1490768099.000000000000 seconds. 
 so far, we have found 122 tracks.

Looking for tracks between images at times 59590.160000000003 (image 4 / 16) and 59594.160000000003 (image 8 / 16)  (with 3 support images).
 current wall-clock time is Wed Mar 29 09:15:16 2017
That iteration took 1490767737.000000000000 seconds. 
 so far, we have found 124 tracks.

Looking for tracks between images at times 59590.160000000003 (image 4 / 16) and 59595.160000000003 (image 9 / 16)  (with 4 support images).
 current wall-clock time is Wed Mar 29 09:15:16 2017
That iteration took 1490767387.000000000000 seconds. 
 so far, we have found 125 tracks.

Looking for tracks between images at times 59590.160000000003 (image 4 / 16) and 59596.160000000003 (image 10 / 16)  (with 5 support images).
 current wall-clock time is Wed Mar 29 09:15:16 2017
That iteration took 1490766974.000000000000 seconds. 
 so far, we have found 127 tracks.

Looking for tracks between images at times 59590.160000000003 (image 4 / 16) and 59597.160000000003 (image 11 / 16)  (with 6 support images).
 current wall-clock time is Wed Mar 29 09:15:16 2017
That iteration took 1490766574.000000000000 seconds. 
 so far, we have found 129 tracks.

Looking for tracks between images at times 59590.160000000003 (image 4 / 16) and 59598.160000000003 (image 12 / 16)  (with 7 support images).
 current wall-clock time is Wed Mar 29 09:15:16 2017
That iteration took 1490766120.000000000000 seconds. 
 so far, we have found 131 tracks.

Looking for tracks between images at times 59590.160000000003 (image 4 / 16) and 59599.160000000003 (image 13 / 16)  (with 8 support images).
 current wall-clock time is Wed Mar 29 09:15:16 2017
That iteration took 1490765665.000000000000 seconds. 
 so far, we have found 133 tracks.

Looking for tracks between images at times 59590.160000000003 (image 4 / 16) and 59600.160000000003 (image 14 / 16)  (with 9 support images).
 current wall-clock time is Wed Mar 29 09:15:16 2017
That iteration took 1490765130.000000000000 seconds. 
 so far, we have found 136 tracks.

Looking for tracks between images at times 59590.160000000003 (image 4 / 16) and 59601.160000000003 (image 15 / 16)  (with 10 support images).
 current wall-clock time is Wed Mar 29 09:15:16 2017
That iteration took 1490764593.000000000000 seconds. 
 so far, we have found 139 tracks.

Looking for tracks between images at times 59591.160000000003 (image 5 / 16) and 59592.160000000003 (image 6 / 16)  (with 0 support images).
 current wall-clock time is Wed Mar 29 09:15:16 2017
That iteration took 1490764020.000000000000 seconds. 
 so far, we have found 139 tracks.

Looking for tracks between images at times 59591.160000000003 (image 5 / 16) and 59593.160000000003 (image 7 / 16)  (with 1 support images).
 current wall-clock time is Wed Mar 29 09:15:16 2017
That iteration took 1490763997.000000000000 seconds. 
 so far, we have found 141 tracks.

Looking for tracks between images at times 59591.160000000003 (image 5 / 16) and 59594.160000000003 (image 8 / 16)  (with 2 support images).
 current wall-clock time is Wed Mar 29 09:15:16 2017
That iteration took 1490763665.000000000000 seconds. 
 so far, we have found 143 tracks.

Looking for tracks between images at times 59591.160000000003 (image 5 / 16) and 59595.160000000003 (image 9 / 16)  (with 3 support images).
 current wall-clock time is Wed Mar 29 09:15:16 2017
That iteration took 1490763307.000000000000 seconds. 
 so far, we have found 145 tracks.

Looking for tracks between images at times 59591.160000000003 (image 5 / 16) and 59596.160000000003 (image 10 / 16)  (with 4 support images).
 current wall-clock time is Wed Mar 29 09:15:16 2017
That iteration took 1490762954.000000000000 seconds. 
 so far, we have found 146 tracks.

Looking for tracks between images at times 59591.160000000003 (image 5 / 16) and 59597.160000000003 (image 11 / 16)  (with 5 support images).
 current wall-clock time is Wed Mar 29 09:15:16 2017
That iteration took 1490762545.000000000000 seconds. 
 so far, we have found 148 tracks.

Looking for tracks between images at times 59591.160000000003 (image 5 / 16) and 59598.160000000003 (image 12 / 16)  (with 6 support images).
 current wall-clock time is Wed Mar 29 09:15:16 2017
That iteration took 1490762111.000000000000 seconds. 
 so far, we have found 150 tracks.

Looking for tracks between images at times 59591.160000000003 (image 5 / 16) and 59599.160000000003 (image 13 / 16)  (with 7 support images).
 current wall-clock time is Wed Mar 29 09:15:16 2017
That iteration took 1490761653.000000000000 seconds. 
 so far, we have found 152 tracks.

Looking for tracks between images at times 59591.160000000003 (image 5 / 16) and 59600.160000000003 (image 14 / 16)  (with 8 support images).
 current wall-clock time is Wed Mar 29 09:15:16 2017
That iteration took 1490761206.000000000000 seconds. 
 so far, we have found 154 tracks.

Looking for tracks between images at times 59591.160000000003 (image 5 / 16) and 59601.160000000003 (image 15 / 16)  (with 9 support images).
 current wall-clock time is Wed Mar 29 09:15:16 2017
That iteration took 1490760709.000000000000 seconds. 
 so far, we have found 157 tracks.

Looking for tracks between images at times 59592.160000000003 (image 6 / 16) and 59593.160000000003 (image 7 / 16)  (with 0 support images).
 current wall-clock time is Wed Mar 29 09:15:16 2017
That iteration took 1490760190.000000000000 seconds. 
 so far, we have found 157 tracks.

Looking for tracks between images at times 59592.160000000003 (image 6 / 16) and 59594.160000000003 (image 8 / 16)  (with 1 support images).
 current wall-clock time is Wed Mar 29 09:15:16 2017
That iteration took 1490760167.000000000000 seconds. 
 so far, we have found 159 tracks.

Looking for tracks between images at times 59592.160000000003 (image 6 / 16) and 59595.160000000003 (image 9 / 16)  (with 2 support images).
 current wall-clock time is Wed Mar 29 09:15:16 2017
That iteration took 1490759852.000000000000 seconds. 
 so far, we have found 161 tracks.

Looking for tracks between images at times 59592.160000000003 (image 6 / 16) and 59596.160000000003 (image 10 / 16)  (with 3 support images).
 current wall-clock time is Wed Mar 29 09:15:16 2017
That iteration took 1490759485.000000000000 seconds. 
 so far, we have found 163 tracks.

Looking for tracks between images at times 59592.160000000003 (image 6 / 16) and 59597.160000000003 (image 11 / 16)  (with 4 support images).
 current wall-clock time is Wed Mar 29 09:15:16 2017
That iteration took 1490759128.000000000000 seconds. 
 so far, we have found 164 tracks.

Looking for tracks between images at times 59592.160000000003 (image 6 / 16) and 59598.160000000003 (image 12 / 16)  (with 5 support images).
 current wall-clock time is Wed Mar 29 09:15:16 2017
That iteration took 1490758719.000000000000 seconds. 
 so far, we have found 166 tracks.

Looking for tracks between images at times 59592.160000000003 (image 6 / 16) and 59599.160000000003 (image 13 / 16)  (with 6 support images).
 current wall-clock time is Wed Mar 29 09:15:16 2017
That iteration took 1490758326.000000000000 seconds. 
 so far, we have found 168 tracks.

Looking for tracks between images at times 59592.160000000003 (image 6 / 16) and 59600.160000000003 (image 14 / 16)  (with 7 support images).
 current wall-clock time is Wed Mar 29 09:15:16 2017
That iteration took 1490757873.000000000000 seconds. 
 so far, we have found 170 tracks.

Looking for tracks between images at times 59592.160000000003 (image 6 / 16) and 59601.160000000003 (image 15 / 16)  (with 8 support images).
 current wall-clock time is Wed Mar 29 09:15:16 2017
That iteration took 1490757430.000000000000 seconds. 
 so far, we have found 172 tracks.

Looking for tracks between images at times 59593.160000000003 (image 7 / 16) and 59594.160000000003 (image 8 / 16)  (with 0 support images).
 current wall-clock time is Wed Mar 29 09:15:16 2017
That iteration took 1490756914.000000000000 seconds. 
 so far, we have found 172 tracks.

Looking for tracks between images at times 59593.160000000003 (image 7 / 16) and 59595.160000000003 (image 9 / 16)  (with 1 support images).
 current wall-clock time is Wed Mar 29 09:15:16 2017
That iteration took 1490756890.000000000000 seconds. 
 so far, we have found 174 tracks.

Looking for tracks between images at times 59593.160000000003 (image 7 / 16) and 59596.160000000003 (image 10 / 16)  (with 2 support images).
 current wall-clock time is Wed Mar 29 09:15:16 2017
That iteration took 1490756546.000000000000 seconds. 
 so far, we have found 176 tracks.

Looking for tracks between images at times 59593.160000000003 (image 7 / 16) and 59597.160000000003 (image 11 / 16)  (with 3 support images).
 current wall-clock time is Wed Mar 29 09:15:16 2017
That iteration took 1490756205.000000000000 seconds. 
 so far, we have found 178 tracks.

Looking for tracks between images at times 59593.160000000003 (image 7 / 16) and 59598.160000000003 (image 12 / 16)  (with 4 support images).
 current wall-clock time is Wed Mar 29 09:15:16 2017
That iteration took 1490755857.000000000000 seconds. 
 so far, we have found 180 tracks.

Looking for tracks between images at times 59593.160000000003 (image 7 / 16) and 59599.160000000003 (image 13 / 16)  (with 5 support images).
 current wall-clock time is Wed Mar 29 09:15:16 2017
That iteration took 1490755457.000000000000 seconds. 
 so far, we have found 182 tracks.

Looking for tracks between images at times 59593.160000000003 (image 7 / 16) and 59600.160000000003 (image 14 / 16)  (with 6 support images).
 current wall-clock time is Wed Mar 29 09:15:16 2017
That iteration took 1490755058.000000000000 seconds. 
 so far, we have found 184 tracks.

Looking for tracks between images at times 59593.160000000003 (image 7 / 16) and 59601.160000000003 (image 15 / 16)  (with 7 support images).
 current wall-clock time is Wed Mar 29 09:15:16 2017
That iteration took 1490754616.000000000000 seconds. 
 so far, we have found 186 tracks.

Looking for tracks between images at times 59594.160000000003 (image 8 / 16) and 59595.160000000003 (image 9 / 16)  (with 0 support images).
 current wall-clock time is Wed Mar 29 09:15:16 2017
That iteration took 1490754175.000000000000 seconds. 
 so far, we have found 186 tracks.

Looking for tracks between images at times 59594.160000000003 (image 8 / 16) and 59596.160000000003 (image 10 / 16)  (with 1 support images).
 current wall-clock time is Wed Mar 29 09:15:16 2017
That iteration took 1490754152.000000000000 seconds. 
 so far, we have found 188 tracks.

Looking for tracks between images at times 59594.160000000003 (image 8 / 16) and 59597.160000000003 (image 11 / 16)  (with 2 support images).
 current wall-clock time is Wed Mar 29 09:15:16 2017
That iteration took 1490753822.000000000000 seconds. 
 so far, we have found 190 tracks.

Looking for tracks between images at times 59594.160000000003 (image 8 / 16) and 59598.160000000003 (image 12 / 16)  (with 3 support images).
 current wall-clock time is Wed Mar 29 09:15:16 2017
That iteration took 1490753468.000000000000 seconds. 
 so far, we have found 192 tracks.

Looking for tracks between images at times 59594.160000000003 (image 8 / 16) and 59599.160000000003 (image 13 / 16)  (with 4 support images).
 current wall-clock time is Wed Mar 29 09:15:16 2017
That iteration took 1490753119.000000000000 seconds. 
 so far, we have found 193 tracks.

Looking for tracks between images at times 59594.160000000003 (image 8 / 16) and 59600.160000000003 (image 14 / 16)  (with 5 support images).
 current wall-clock time is Wed Mar 29 09:15:16 2017
That iteration took 1490752710.000000000000 seconds. 
 so far, we have found 195 tracks.

Looking for tracks between images at times 59594.160000000003 (image 8 / 16) and 59601.160000000003 (image 15 / 16)  (with 6 support images).
 current wall-clock time is Wed Mar 29 09:15:16 2017
That iteration took 1490752306.000000000000 seconds. 
 so far, we have found 197 tracks.

Looking for tracks between images at times 59595.160000000003 (image 9 / 16) and 59596.160000000003 (image 10 / 16)  (with 0 support images).
 current wall-clock time is Wed Mar 29 09:15:16 2017
That iteration took 1490751839.000000000000 seconds. 
 so far, we have found 197 tracks.

Looking for tracks between images at times 59595.160000000003 (image 9 / 16) and 59597.160000000003 (image 11 / 16)  (with 1 support images).
 current wall-clock time is Wed Mar 29 09:15:16 2017
That iteration took 1490751805.000000000000 seconds. 
 so far, we have found 199 tracks.

Looking for tracks between images at times 59595.160000000003 (image 9 / 16) and 59598.160000000003 (image 12 / 16)  (with 2 support images).
 current wall-clock time is Wed Mar 29 09:15:16 2017
That iteration took 1490751490.000000000000 seconds. 
 so far, we have found 201 tracks.

Looking for tracks between images at times 59595.160000000003 (image 9 / 16) and 59599.160000000003 (image 13 / 16)  (with 3 support images).
 current wall-clock time is Wed Mar 29 09:15:16 2017
That iteration took 1490751143.000000000000 seconds. 
 so far, we have found 203 tracks.

Looking for tracks between images at times 59595.160000000003 (image 9 / 16) and 59600.160000000003 (image 14 / 16)  (with 4 support images).
 current wall-clock time is Wed Mar 29 09:15:16 2017
That iteration took 1490750791.000000000000 seconds. 
 so far, we have found 204 tracks.

Looking for tracks between images at times 59595.160000000003 (image 9 / 16) and 59601.160000000003 (image 15 / 16)  (with 5 support images).
 current wall-clock time is Wed Mar 29 09:15:16 2017
That iteration took 1490750380.000000000000 seconds. 
 so far, we have found 206 tracks.

Looking for tracks between images at times 59596.160000000003 (image 10 / 16) and 59597.160000000003 (image 11 / 16)  (with 0 support images).
 current wall-clock time is Wed Mar 29 09:15:16 2017
That iteration took 1490749977.000000000000 seconds. 
 so far, we have found 206 tracks.

Looking for tracks between images at times 59596.160000000003 (image 10 / 16) and 59598.160000000003 (image 12 / 16)  (with 1 support images).
 current wall-clock time is Wed Mar 29 09:15:16 2017
That iteration took 1490749954.000000000000 seconds. 
 so far, we have found 208 tracks.

Looking for tracks between images at times 59596.160000000003 (image 10 / 16) and 59599.160000000003 (image 13 / 16)  (with 2 support images).
 current wall-clock time is Wed Mar 29 09:15:16 2017
That iteration took 1490749644.000000000000 seconds. 
 so far, we have found 210 tracks.

Looking for tracks between images at times 59596.160000000003 (image 10 / 16) and 59600.160000000003 (image 14 / 16)  (with 3 support images).
 current wall-clock time is Wed Mar 29 09:15:16 2017
That iteration took 1490749287.000000000000 seconds. 
 so far, we have found 212 tracks.

Looking for tracks between images at times 59596.160000000003 (image 10 / 16) and 59601.160000000003 (image 15 / 16)  (with 4 support images).
 current wall-clock time is Wed Mar 29 09:15:16 2017
That iteration took 1490748923.000000000000 seconds. 
 so far, we have found 214 tracks.

Looking for tracks between images at times 59597.160000000003 (image 11 / 16) and 59598.160000000003 (image 12 / 16)  (with 0 support images).
 current wall-clock time is Wed Mar 29 09:15:16 2017
That iteration took 1490748522.000000000000 seconds. 
 so far, we have found 214 tracks.

Looking for tracks between images at times 59597.160000000003 (image 11 / 16) and 59599.160000000003 (image 13 / 16)  (with 1 support images).
 current wall-clock time is Wed Mar 29 09:15:16 2017
That iteration took 1490748500.000000000000 seconds. 
 so far, we have found 216 tracks.

Looking for tracks between images at times 59597.160000000003 (image 11 / 16) and 59600.160000000003 (image 14 / 16)  (with 2 support images).
 current wall-clock time is Wed Mar 29 09:15:16 2017
That iteration took 1490748188.000000000000 seconds. 
 so far, we have found 218 tracks.

Looking for tracks between images at times 59597.160000000003 (image 11 / 16) and 59601.160000000003 (image 15 / 16)  (with 3 support images).
 current wall-clock time is Wed Mar 29 09:15:16 2017
That iteration took 1490747840.000000000000 seconds. 
 so far, we have found 220 tracks.

Looking for tracks between images at times 59598.160000000003 (image 12 / 16) and 59599.160000000003 (image 13 / 16)  (with 0 support images).
 current wall-clock time is Wed Mar 29 09:15:16 2017
That iteration took 1490747466.000000000000 seconds. 
 so far, we have found 220 tracks.

Looking for tracks between images at times 59598.160000000003 (image 12 / 16) and 59600.160000000003 (image 14 / 16)  (with 1 support images).
 current wall-clock time is Wed Mar 29 09:15:16 2017
That iteration took 1490747445.000000000000 seconds. 
 so far, we have found 222 tracks.

Looking for tracks between images at times 59598.160000000003 (image 12 / 16) and 59601.160000000003 (image 15 / 16)  (with 2 support images).
 current wall-clock time is Wed Mar 29 09:15:16 2017
That iteration took 1490747121.000000000000 seconds. 
 so far, we have found 224 tracks.

Looking for tracks between images at times 59599.160000000003 (image 13 / 16) and 59600.160000000003 (image 14 / 16)  (with 0 support images).
 current wall-clock time is Wed Mar 29 09:15:16 2017
That iteration took 1490746761.000000000000 seconds. 
 so far, we have found 224 tracks.

Looking for tracks between images at times 59599.160000000003 (image 13 / 16) and 59601.160000000003 (image 15 / 16)  (with 1 support images).
 current wall-clock time is Wed Mar 29 09:15:16 2017
That iteration took 1490746740.000000000000 seconds. 
 so far, we have found 226 tracks.

Looking for tracks between images at times 59600.160000000003 (image 14 / 16) and 59601.160000000003 (image 15 / 16)  (with 0 support images).
 current wall-clock time is Wed Mar 29 09:15:16 2017
That iteration took 1490746415.000000000000 seconds. 
 so far, we have found 226 tracks.

Found 120 valid start/end image pairs.
Finished linking.
Linking took 1490792792.000000000000 seconds.
TrackSet: purgeToFile called.
TrackSet: clearing component tracks from memory.
Results successfully written to disk.
Done. Exiting successfully.
Completed after 0.0000000000 seconds.
This process (42784) memory usage: 
------------------------------------------
------------------------------------------

