Set min unique nights per track: 3
Set min detections per track: 6
 Set output buffer size = 1000
Reading detections file 
Calculating topocentric correction 
Reading tracklets file 
Reading input took 0.0000000000 seconds.
Recentering all detections on (180, 0).
   Bounds were (in deg) R=[229.4031387540,  511.6444394460], D=[ -24.8317269676,  16.6339441186]
Setting tracklet velocities.
Sorting tracklets by image time and creating trees.
Doing the linking.
Looking for tracks between images at times 59604.160000000003 (image 0 / 6) and 59605.160000000003 (image 1 / 6)  (with 0 support images).
 current wall-clock time is Wed Mar 29 09:15:16 2017
That iteration took 1490793176.000000000000 seconds. 
 so far, we have found 0 tracks.

Looking for tracks between images at times 59604.160000000003 (image 0 / 6) and 59606.160000000003 (image 2 / 6)  (with 1 support images).
 current wall-clock time is Wed Mar 29 09:15:16 2017
That iteration took 1490792894.000000000000 seconds. 
 so far, we have found 2 tracks.

Looking for tracks between images at times 59604.160000000003 (image 0 / 6) and 59607.160000000003 (image 3 / 6)  (with 2 support images).
 current wall-clock time is Wed Mar 29 09:15:16 2017
That iteration took 1490792454.000000000000 seconds. 
 so far, we have found 4 tracks.

Looking for tracks between images at times 59604.160000000003 (image 0 / 6) and 59608.160000000003 (image 4 / 6)  (with 3 support images).
 current wall-clock time is Wed Mar 29 09:15:16 2017
That iteration took 1490792130.000000000000 seconds. 
 so far, we have found 6 tracks.

Looking for tracks between images at times 59604.160000000003 (image 0 / 6) and 59609.160000000003 (image 5 / 6)  (with 4 support images).
 current wall-clock time is Wed Mar 29 09:15:16 2017
That iteration took 1490791786.000000000000 seconds. 
 so far, we have found 8 tracks.

Looking for tracks between images at times 59605.160000000003 (image 1 / 6) and 59606.160000000003 (image 2 / 6)  (with 0 support images).
 current wall-clock time is Wed Mar 29 09:15:16 2017
That iteration took 1490791408.000000000000 seconds. 
 so far, we have found 8 tracks.

Looking for tracks between images at times 59605.160000000003 (image 1 / 6) and 59607.160000000003 (image 3 / 6)  (with 1 support images).
 current wall-clock time is Wed Mar 29 09:15:16 2017
That iteration took 1490791389.000000000000 seconds. 
 so far, we have found 10 tracks.

Looking for tracks between images at times 59605.160000000003 (image 1 / 6) and 59608.160000000003 (image 4 / 6)  (with 2 support images).
 current wall-clock time is Wed Mar 29 09:15:16 2017
That iteration took 1490791115.000000000000 seconds. 
 so far, we have found 12 tracks.

Looking for tracks between images at times 59605.160000000003 (image 1 / 6) and 59609.160000000003 (image 5 / 6)  (with 3 support images).
 current wall-clock time is Wed Mar 29 09:15:16 2017
That iteration took 1490790800.000000000000 seconds. 
 so far, we have found 14 tracks.

Looking for tracks between images at times 59606.160000000003 (image 2 / 6) and 59607.160000000003 (image 3 / 6)  (with 0 support images).
 current wall-clock time is Wed Mar 29 09:15:16 2017
That iteration took 1490790466.000000000000 seconds. 
 so far, we have found 14 tracks.

Looking for tracks between images at times 59606.160000000003 (image 2 / 6) and 59608.160000000003 (image 4 / 6)  (with 1 support images).
 current wall-clock time is Wed Mar 29 09:15:16 2017
That iteration took 1490790447.000000000000 seconds. 
 so far, we have found 16 tracks.

Looking for tracks between images at times 59606.160000000003 (image 2 / 6) and 59609.160000000003 (image 5 / 6)  (with 2 support images).
 current wall-clock time is Wed Mar 29 09:15:16 2017
That iteration took 1490790163.000000000000 seconds. 
 so far, we have found 18 tracks.

Looking for tracks between images at times 59607.160000000003 (image 3 / 6) and 59608.160000000003 (image 4 / 6)  (with 0 support images).
 current wall-clock time is Wed Mar 29 09:15:16 2017
That iteration took 1490789856.000000000000 seconds. 
 so far, we have found 18 tracks.

Looking for tracks between images at times 59607.160000000003 (image 3 / 6) and 59609.160000000003 (image 5 / 6)  (with 1 support images).
 current wall-clock time is Wed Mar 29 09:15:16 2017
That iteration took 1490789836.000000000000 seconds. 
 so far, we have found 20 tracks.

Looking for tracks between images at times 59608.160000000003 (image 4 / 6) and 59609.160000000003 (image 5 / 6)  (with 0 support images).
 current wall-clock time is Wed Mar 29 09:15:16 2017
That iteration took 1490789545.000000000000 seconds. 
 so far, we have found 20 tracks.

Found 15 valid start/end image pairs.
Finished linking.
Linking took 1490793181.000000000000 seconds.
TrackSet: purgeToFile called.
TrackSet: clearing component tracks from memory.
Results successfully written to disk.
Done. Exiting successfully.
Completed after 0.0000000000 seconds.
This process (42821) memory usage: 
------------------------------------------
------------------------------------------

