Set min unique nights per track: 3
Set min detections per track: 6
 Set output buffer size = 1000
Reading detections file 
Calculating topocentric correction 
Reading tracklets file 
Reading input took 0.0000000000 seconds.
Recentering all detections on (180, 0).
   Bounds were (in deg) R=[223.3919878520,  513.5699652490], D=[ -24.2561454423,  15.8614178923]
Setting tracklet velocities.
Sorting tracklets by image time and creating trees.
Doing the linking.
Looking for tracks between images at times 59587.160000000003 (image 0 / 16) and 59588.160000000003 (image 1 / 16)  (with 0 support images).
 current wall-clock time is Wed Mar 29 08:59:49 2017
That iteration took 1490792265.000000000000 seconds. 
 so far, we have found 0 tracks.

Looking for tracks between images at times 59587.160000000003 (image 0 / 16) and 59589.160000000003 (image 2 / 16)  (with 1 support images).
 current wall-clock time is Wed Mar 29 08:59:49 2017
That iteration took 1490792054.000000000000 seconds. 
 so far, we have found 2 tracks.

Looking for tracks between images at times 59587.160000000003 (image 0 / 16) and 59590.160000000003 (image 3 / 16)  (with 2 support images).
 current wall-clock time is Wed Mar 29 08:59:49 2017
That iteration took 1490791312.000000000000 seconds. 
 so far, we have found 4 tracks.

Looking for tracks between images at times 59587.160000000003 (image 0 / 16) and 59591.160000000003 (image 4 / 16)  (with 3 support images).
 current wall-clock time is Wed Mar 29 08:59:49 2017
That iteration took 1490790940.000000000000 seconds. 
 so far, we have found 6 tracks.

Looking for tracks between images at times 59587.160000000003 (image 0 / 16) and 59592.160000000003 (image 5 / 16)  (with 4 support images).
 current wall-clock time is Wed Mar 29 08:59:49 2017
That iteration took 1490790582.000000000000 seconds. 
 so far, we have found 8 tracks.

Looking for tracks between images at times 59587.160000000003 (image 0 / 16) and 59593.160000000003 (image 6 / 16)  (with 5 support images).
 current wall-clock time is Wed Mar 29 08:59:49 2017
That iteration took 1490790159.000000000000 seconds. 
 so far, we have found 10 tracks.

Looking for tracks between images at times 59587.160000000003 (image 0 / 16) and 59594.160000000003 (image 7 / 16)  (with 6 support images).
 current wall-clock time is Wed Mar 29 08:59:49 2017
That iteration took 1490789748.000000000000 seconds. 
 so far, we have found 12 tracks.

Looking for tracks between images at times 59587.160000000003 (image 0 / 16) and 59595.160000000003 (image 8 / 16)  (with 7 support images).
 current wall-clock time is Wed Mar 29 08:59:49 2017
That iteration took 1490789290.000000000000 seconds. 
 so far, we have found 15 tracks.

Looking for tracks between images at times 59587.160000000003 (image 0 / 16) and 59596.160000000003 (image 9 / 16)  (with 8 support images).
 current wall-clock time is Wed Mar 29 08:59:49 2017
That iteration took 1490788827.000000000000 seconds. 
 so far, we have found 17 tracks.

Looking for tracks between images at times 59587.160000000003 (image 0 / 16) and 59597.160000000003 (image 10 / 16)  (with 9 support images).
 current wall-clock time is Wed Mar 29 08:59:49 2017
That iteration took 1490788257.000000000000 seconds. 
 so far, we have found 20 tracks.

Looking for tracks between images at times 59587.160000000003 (image 0 / 16) and 59598.160000000003 (image 11 / 16)  (with 10 support images).
 current wall-clock time is Wed Mar 29 08:59:49 2017
That iteration took 1490787719.000000000000 seconds. 
 so far, we have found 23 tracks.

Looking for tracks between images at times 59587.160000000003 (image 0 / 16) and 59599.160000000003 (image 12 / 16)  (with 11 support images).
 current wall-clock time is Wed Mar 29 08:59:49 2017
That iteration took 1490787114.000000000000 seconds. 
 so far, we have found 26 tracks.

Looking for tracks between images at times 59587.160000000003 (image 0 / 16) and 59600.160000000003 (image 13 / 16)  (with 12 support images).
 current wall-clock time is Wed Mar 29 08:59:49 2017
That iteration took 1490786513.000000000000 seconds. 
 so far, we have found 29 tracks.

Looking for tracks between images at times 59587.160000000003 (image 0 / 16) and 59601.160000000003 (image 14 / 16)  (with 13 support images).
 current wall-clock time is Wed Mar 29 08:59:49 2017
That iteration took 1490785874.000000000000 seconds. 
 so far, we have found 31 tracks.

Looking for tracks between images at times 59587.160000000003 (image 0 / 16) and 59602.160000000003 (image 15 / 16)  (with 14 support images).
 current wall-clock time is Wed Mar 29 08:59:49 2017
That iteration took 1490785238.000000000000 seconds. 
 so far, we have found 33 tracks.

Looking for tracks between images at times 59588.160000000003 (image 1 / 16) and 59589.160000000003 (image 2 / 16)  (with 0 support images).
 current wall-clock time is Wed Mar 29 08:59:49 2017
That iteration took 1490784581.000000000000 seconds. 
 so far, we have found 33 tracks.

Looking for tracks between images at times 59588.160000000003 (image 1 / 16) and 59590.160000000003 (image 3 / 16)  (with 1 support images).
 current wall-clock time is Wed Mar 29 08:59:49 2017
That iteration took 1490784557.000000000000 seconds. 
 so far, we have found 35 tracks.

Looking for tracks between images at times 59588.160000000003 (image 1 / 16) and 59591.160000000003 (image 4 / 16)  (with 2 support images).
 current wall-clock time is Wed Mar 29 08:59:49 2017
That iteration took 1490784238.000000000000 seconds. 
 so far, we have found 37 tracks.

Looking for tracks between images at times 59588.160000000003 (image 1 / 16) and 59592.160000000003 (image 5 / 16)  (with 3 support images).
 current wall-clock time is Wed Mar 29 08:59:49 2017
That iteration took 1490783884.000000000000 seconds. 
 so far, we have found 39 tracks.

Looking for tracks between images at times 59588.160000000003 (image 1 / 16) and 59593.160000000003 (image 6 / 16)  (with 4 support images).
 current wall-clock time is Wed Mar 29 08:59:49 2017
That iteration took 1490783532.000000000000 seconds. 
 so far, we have found 41 tracks.

Looking for tracks between images at times 59588.160000000003 (image 1 / 16) and 59594.160000000003 (image 7 / 16)  (with 5 support images).
 current wall-clock time is Wed Mar 29 08:59:49 2017
That iteration took 1490783083.000000000000 seconds. 
 so far, we have found 43 tracks.

Looking for tracks between images at times 59588.160000000003 (image 1 / 16) and 59595.160000000003 (image 8 / 16)  (with 6 support images).
 current wall-clock time is Wed Mar 29 08:59:49 2017
That iteration took 1490782664.000000000000 seconds. 
 so far, we have found 45 tracks.

Looking for tracks between images at times 59588.160000000003 (image 1 / 16) and 59596.160000000003 (image 9 / 16)  (with 7 support images).
 current wall-clock time is Wed Mar 29 08:59:49 2017
That iteration took 1490782206.000000000000 seconds. 
 so far, we have found 48 tracks.

Looking for tracks between images at times 59588.160000000003 (image 1 / 16) and 59597.160000000003 (image 10 / 16)  (with 8 support images).
 current wall-clock time is Wed Mar 29 08:59:49 2017
That iteration took 1490781731.000000000000 seconds. 
 so far, we have found 50 tracks.

Looking for tracks between images at times 59588.160000000003 (image 1 / 16) and 59598.160000000003 (image 11 / 16)  (with 9 support images).
 current wall-clock time is Wed Mar 29 08:59:49 2017
That iteration took 1490781215.000000000000 seconds. 
 so far, we have found 53 tracks.

Looking for tracks between images at times 59588.160000000003 (image 1 / 16) and 59599.160000000003 (image 12 / 16)  (with 10 support images).
 current wall-clock time is Wed Mar 29 08:59:49 2017
That iteration took 1490780704.000000000000 seconds. 
 so far, we have found 56 tracks.

Looking for tracks between images at times 59588.160000000003 (image 1 / 16) and 59600.160000000003 (image 13 / 16)  (with 11 support images).
 current wall-clock time is Wed Mar 29 08:59:49 2017
That iteration took 1490780118.000000000000 seconds. 
 so far, we have found 59 tracks.

Looking for tracks between images at times 59588.160000000003 (image 1 / 16) and 59601.160000000003 (image 14 / 16)  (with 12 support images).
 current wall-clock time is Wed Mar 29 08:59:49 2017
That iteration took 1490779525.000000000000 seconds. 
 so far, we have found 62 tracks.

Looking for tracks between images at times 59588.160000000003 (image 1 / 16) and 59602.160000000003 (image 15 / 16)  (with 13 support images).
 current wall-clock time is Wed Mar 29 08:59:49 2017
That iteration took 1490778877.000000000000 seconds. 
 so far, we have found 64 tracks.

Looking for tracks between images at times 59589.160000000003 (image 2 / 16) and 59590.160000000003 (image 3 / 16)  (with 0 support images).
 current wall-clock time is Wed Mar 29 08:59:49 2017
That iteration took 1490778206.000000000000 seconds. 
 so far, we have found 64 tracks.

Looking for tracks between images at times 59589.160000000003 (image 2 / 16) and 59591.160000000003 (image 4 / 16)  (with 1 support images).
 current wall-clock time is Wed Mar 29 08:59:49 2017
That iteration took 1490778182.000000000000 seconds. 
 so far, we have found 66 tracks.

Looking for tracks between images at times 59589.160000000003 (image 2 / 16) and 59592.160000000003 (image 5 / 16)  (with 2 support images).
 current wall-clock time is Wed Mar 29 08:59:49 2017
That iteration took 1490777870.000000000000 seconds. 
 so far, we have found 68 tracks.

Looking for tracks between images at times 59589.160000000003 (image 2 / 16) and 59593.160000000003 (image 6 / 16)  (with 3 support images).
 current wall-clock time is Wed Mar 29 08:59:49 2017
That iteration took 1490777499.000000000000 seconds. 
 so far, we have found 70 tracks.

Looking for tracks between images at times 59589.160000000003 (image 2 / 16) and 59594.160000000003 (image 7 / 16)  (with 4 support images).
 current wall-clock time is Wed Mar 29 08:59:49 2017
That iteration took 1490777141.000000000000 seconds. 
 so far, we have found 71 tracks.

Looking for tracks between images at times 59589.160000000003 (image 2 / 16) and 59595.160000000003 (image 8 / 16)  (with 5 support images).
 current wall-clock time is Wed Mar 29 08:59:49 2017
That iteration took 1490776729.000000000000 seconds. 
 so far, we have found 73 tracks.

Looking for tracks between images at times 59589.160000000003 (image 2 / 16) and 59596.160000000003 (image 9 / 16)  (with 6 support images).
 current wall-clock time is Wed Mar 29 08:59:49 2017
That iteration took 1490776272.000000000000 seconds. 
 so far, we have found 75 tracks.

Looking for tracks between images at times 59589.160000000003 (image 2 / 16) and 59597.160000000003 (image 10 / 16)  (with 7 support images).
 current wall-clock time is Wed Mar 29 08:59:49 2017
That iteration took 1490775809.000000000000 seconds. 
 so far, we have found 77 tracks.

Looking for tracks between images at times 59589.160000000003 (image 2 / 16) and 59598.160000000003 (image 11 / 16)  (with 8 support images).
 current wall-clock time is Wed Mar 29 08:59:49 2017
That iteration took 1490775356.000000000000 seconds. 
 so far, we have found 80 tracks.

Looking for tracks between images at times 59589.160000000003 (image 2 / 16) and 59599.160000000003 (image 12 / 16)  (with 9 support images).
 current wall-clock time is Wed Mar 29 08:59:49 2017
That iteration took 1490774843.000000000000 seconds. 
 so far, we have found 83 tracks.

Looking for tracks between images at times 59589.160000000003 (image 2 / 16) and 59600.160000000003 (image 13 / 16)  (with 10 support images).
 current wall-clock time is Wed Mar 29 08:59:49 2017
That iteration took 1490774318.000000000000 seconds. 
 so far, we have found 86 tracks.

Looking for tracks between images at times 59589.160000000003 (image 2 / 16) and 59601.160000000003 (image 14 / 16)  (with 11 support images).
 current wall-clock time is Wed Mar 29 08:59:49 2017
That iteration took 1490773748.000000000000 seconds. 
 so far, we have found 89 tracks.

Looking for tracks between images at times 59589.160000000003 (image 2 / 16) and 59602.160000000003 (image 15 / 16)  (with 12 support images).
 current wall-clock time is Wed Mar 29 08:59:49 2017
That iteration took 1490773136.000000000000 seconds. 
 so far, we have found 91 tracks.

Looking for tracks between images at times 59590.160000000003 (image 3 / 16) and 59591.160000000003 (image 4 / 16)  (with 0 support images).
 current wall-clock time is Wed Mar 29 08:59:49 2017
That iteration took 1490772514.000000000000 seconds. 
 so far, we have found 91 tracks.

Looking for tracks between images at times 59590.160000000003 (image 3 / 16) and 59592.160000000003 (image 5 / 16)  (with 1 support images).
 current wall-clock time is Wed Mar 29 08:59:49 2017
That iteration took 1490772490.000000000000 seconds. 
 so far, we have found 93 tracks.

Looking for tracks between images at times 59590.160000000003 (image 3 / 16) and 59593.160000000003 (image 6 / 16)  (with 2 support images).
 current wall-clock time is Wed Mar 29 08:59:49 2017
That iteration took 1490772176.000000000000 seconds. 
 so far, we have found 95 tracks.

Looking for tracks between images at times 59590.160000000003 (image 3 / 16) and 59594.160000000003 (image 7 / 16)  (with 3 support images).
 current wall-clock time is Wed Mar 29 08:59:49 2017
That iteration took 1490771820.000000000000 seconds. 
 so far, we have found 97 tracks.

Looking for tracks between images at times 59590.160000000003 (image 3 / 16) and 59595.160000000003 (image 8 / 16)  (with 4 support images).
 current wall-clock time is Wed Mar 29 08:59:49 2017
That iteration took 1490771463.000000000000 seconds. 
 so far, we have found 98 tracks.

Looking for tracks between images at times 59590.160000000003 (image 3 / 16) and 59596.160000000003 (image 9 / 16)  (with 5 support images).
 current wall-clock time is Wed Mar 29 08:59:49 2017
That iteration took 1490771058.000000000000 seconds. 
 so far, we have found 100 tracks.

Looking for tracks between images at times 59590.160000000003 (image 3 / 16) and 59597.160000000003 (image 10 / 16)  (with 6 support images).
 current wall-clock time is Wed Mar 29 08:59:49 2017
That iteration took 1490770659.000000000000 seconds. 
 so far, we have found 102 tracks.

Looking for tracks between images at times 59590.160000000003 (image 3 / 16) and 59598.160000000003 (image 11 / 16)  (with 7 support images).
 current wall-clock time is Wed Mar 29 08:59:49 2017
That iteration took 1490770205.000000000000 seconds. 
 so far, we have found 104 tracks.

Looking for tracks between images at times 59590.160000000003 (image 3 / 16) and 59599.160000000003 (image 12 / 16)  (with 8 support images).
 current wall-clock time is Wed Mar 29 08:59:49 2017
That iteration took 1490769742.000000000000 seconds. 
 so far, we have found 106 tracks.

Looking for tracks between images at times 59590.160000000003 (image 3 / 16) and 59600.160000000003 (image 13 / 16)  (with 9 support images).
 current wall-clock time is Wed Mar 29 08:59:49 2017
That iteration took 1490769223.000000000000 seconds. 
 so far, we have found 109 tracks.

Looking for tracks between images at times 59590.160000000003 (image 3 / 16) and 59601.160000000003 (image 14 / 16)  (with 10 support images).
 current wall-clock time is Wed Mar 29 08:59:49 2017
That iteration took 1490768718.000000000000 seconds. 
 so far, we have found 112 tracks.

Looking for tracks between images at times 59590.160000000003 (image 3 / 16) and 59602.160000000003 (image 15 / 16)  (with 11 support images).
 current wall-clock time is Wed Mar 29 08:59:49 2017
That iteration took 1490768119.000000000000 seconds. 
 so far, we have found 115 tracks.

Looking for tracks between images at times 59591.160000000003 (image 4 / 16) and 59592.160000000003 (image 5 / 16)  (with 0 support images).
 current wall-clock time is Wed Mar 29 08:59:49 2017
That iteration took 1490767516.000000000000 seconds. 
 so far, we have found 115 tracks.

Looking for tracks between images at times 59591.160000000003 (image 4 / 16) and 59593.160000000003 (image 6 / 16)  (with 1 support images).
 current wall-clock time is Wed Mar 29 08:59:49 2017
That iteration took 1490767493.000000000000 seconds. 
 so far, we have found 117 tracks.

Looking for tracks between images at times 59591.160000000003 (image 4 / 16) and 59594.160000000003 (image 7 / 16)  (with 2 support images).
 current wall-clock time is Wed Mar 29 08:59:49 2017
That iteration took 1490767160.000000000000 seconds. 
 so far, we have found 119 tracks.

Looking for tracks between images at times 59591.160000000003 (image 4 / 16) and 59595.160000000003 (image 8 / 16)  (with 3 support images).
 current wall-clock time is Wed Mar 29 08:59:49 2017
That iteration took 1490766791.000000000000 seconds. 
 so far, we have found 121 tracks.

Looking for tracks between images at times 59591.160000000003 (image 4 / 16) and 59596.160000000003 (image 9 / 16)  (with 4 support images).
 current wall-clock time is Wed Mar 29 08:59:49 2017
That iteration took 1490766437.000000000000 seconds. 
 so far, we have found 122 tracks.

Looking for tracks between images at times 59591.160000000003 (image 4 / 16) and 59597.160000000003 (image 10 / 16)  (with 5 support images).
 current wall-clock time is Wed Mar 29 08:59:49 2017
That iteration took 1490766034.000000000000 seconds. 
 so far, we have found 124 tracks.

Looking for tracks between images at times 59591.160000000003 (image 4 / 16) and 59598.160000000003 (image 11 / 16)  (with 6 support images).
 current wall-clock time is Wed Mar 29 08:59:49 2017
That iteration took 1490765635.000000000000 seconds. 
 so far, we have found 126 tracks.

Looking for tracks between images at times 59591.160000000003 (image 4 / 16) and 59599.160000000003 (image 12 / 16)  (with 7 support images).
 current wall-clock time is Wed Mar 29 08:59:49 2017
That iteration took 1490765180.000000000000 seconds. 
 so far, we have found 128 tracks.

Looking for tracks between images at times 59591.160000000003 (image 4 / 16) and 59600.160000000003 (image 13 / 16)  (with 8 support images).
 current wall-clock time is Wed Mar 29 08:59:49 2017
That iteration took 1490764678.000000000000 seconds. 
 so far, we have found 130 tracks.

Looking for tracks between images at times 59591.160000000003 (image 4 / 16) and 59601.160000000003 (image 14 / 16)  (with 9 support images).
 current wall-clock time is Wed Mar 29 08:59:49 2017
That iteration took 1490764136.000000000000 seconds. 
 so far, we have found 133 tracks.

Looking for tracks between images at times 59591.160000000003 (image 4 / 16) and 59602.160000000003 (image 15 / 16)  (with 10 support images).
 current wall-clock time is Wed Mar 29 08:59:49 2017
That iteration took 1490763606.000000000000 seconds. 
 so far, we have found 136 tracks.

Looking for tracks between images at times 59592.160000000003 (image 5 / 16) and 59593.160000000003 (image 6 / 16)  (with 0 support images).
 current wall-clock time is Wed Mar 29 08:59:49 2017
That iteration took 1490763043.000000000000 seconds. 
 so far, we have found 136 tracks.

Looking for tracks between images at times 59592.160000000003 (image 5 / 16) and 59594.160000000003 (image 7 / 16)  (with 1 support images).
 current wall-clock time is Wed Mar 29 08:59:49 2017
That iteration took 1490763022.000000000000 seconds. 
 so far, we have found 138 tracks.

Looking for tracks between images at times 59592.160000000003 (image 5 / 16) and 59595.160000000003 (image 8 / 16)  (with 2 support images).
 current wall-clock time is Wed Mar 29 08:59:49 2017
That iteration took 1490762702.000000000000 seconds. 
 so far, we have found 140 tracks.

Looking for tracks between images at times 59592.160000000003 (image 5 / 16) and 59596.160000000003 (image 9 / 16)  (with 3 support images).
 current wall-clock time is Wed Mar 29 08:59:49 2017
That iteration took 1490762378.000000000000 seconds. 
 so far, we have found 142 tracks.

Looking for tracks between images at times 59592.160000000003 (image 5 / 16) and 59597.160000000003 (image 10 / 16)  (with 4 support images).
 current wall-clock time is Wed Mar 29 08:59:49 2017
That iteration took 1490762032.000000000000 seconds. 
 so far, we have found 143 tracks.

Looking for tracks between images at times 59592.160000000003 (image 5 / 16) and 59598.160000000003 (image 11 / 16)  (with 5 support images).
 current wall-clock time is Wed Mar 29 08:59:49 2017
That iteration took 1490761621.000000000000 seconds. 
 so far, we have found 145 tracks.

Looking for tracks between images at times 59592.160000000003 (image 5 / 16) and 59599.160000000003 (image 12 / 16)  (with 6 support images).
 current wall-clock time is Wed Mar 29 08:59:49 2017
That iteration took 1490761212.000000000000 seconds. 
 so far, we have found 147 tracks.

Looking for tracks between images at times 59592.160000000003 (image 5 / 16) and 59600.160000000003 (image 13 / 16)  (with 7 support images).
 current wall-clock time is Wed Mar 29 08:59:49 2017
That iteration took 1490760760.000000000000 seconds. 
 so far, we have found 149 tracks.

Looking for tracks between images at times 59592.160000000003 (image 5 / 16) and 59601.160000000003 (image 14 / 16)  (with 8 support images).
 current wall-clock time is Wed Mar 29 08:59:49 2017
That iteration took 1490760315.000000000000 seconds. 
 so far, we have found 151 tracks.

Looking for tracks between images at times 59592.160000000003 (image 5 / 16) and 59602.160000000003 (image 15 / 16)  (with 9 support images).
 current wall-clock time is Wed Mar 29 08:59:49 2017
That iteration took 1490759795.000000000000 seconds. 
 so far, we have found 153 tracks.

Looking for tracks between images at times 59593.160000000003 (image 6 / 16) and 59594.160000000003 (image 7 / 16)  (with 0 support images).
 current wall-clock time is Wed Mar 29 08:59:49 2017
That iteration took 1490759296.000000000000 seconds. 
 so far, we have found 153 tracks.

Looking for tracks between images at times 59593.160000000003 (image 6 / 16) and 59595.160000000003 (image 8 / 16)  (with 1 support images).
 current wall-clock time is Wed Mar 29 08:59:49 2017
That iteration took 1490759274.000000000000 seconds. 
 so far, we have found 155 tracks.

Looking for tracks between images at times 59593.160000000003 (image 6 / 16) and 59596.160000000003 (image 9 / 16)  (with 2 support images).
 current wall-clock time is Wed Mar 29 08:59:49 2017
That iteration took 1490758943.000000000000 seconds. 
 so far, we have found 157 tracks.

Looking for tracks between images at times 59593.160000000003 (image 6 / 16) and 59597.160000000003 (image 10 / 16)  (with 3 support images).
 current wall-clock time is Wed Mar 29 08:59:49 2017
That iteration took 1490758600.000000000000 seconds. 
 so far, we have found 159 tracks.

Looking for tracks between images at times 59593.160000000003 (image 6 / 16) and 59598.160000000003 (image 11 / 16)  (with 4 support images).
 current wall-clock time is Wed Mar 29 08:59:49 2017
That iteration took 1490758215.000000000000 seconds. 
 so far, we have found 161 tracks.

Looking for tracks between images at times 59593.160000000003 (image 6 / 16) and 59599.160000000003 (image 12 / 16)  (with 5 support images).
 current wall-clock time is Wed Mar 29 08:59:49 2017
That iteration took 1490757799.000000000000 seconds. 
 so far, we have found 163 tracks.

Looking for tracks between images at times 59593.160000000003 (image 6 / 16) and 59600.160000000003 (image 13 / 16)  (with 6 support images).
 current wall-clock time is Wed Mar 29 08:59:49 2017
That iteration took 1490757395.000000000000 seconds. 
 so far, we have found 165 tracks.

Looking for tracks between images at times 59593.160000000003 (image 6 / 16) and 59601.160000000003 (image 14 / 16)  (with 7 support images).
 current wall-clock time is Wed Mar 29 08:59:49 2017
That iteration took 1490756940.000000000000 seconds. 
 so far, we have found 167 tracks.

Looking for tracks between images at times 59593.160000000003 (image 6 / 16) and 59602.160000000003 (image 15 / 16)  (with 8 support images).
 current wall-clock time is Wed Mar 29 08:59:49 2017
That iteration took 1490756492.000000000000 seconds. 
 so far, we have found 169 tracks.

Looking for tracks between images at times 59594.160000000003 (image 7 / 16) and 59595.160000000003 (image 8 / 16)  (with 0 support images).
 current wall-clock time is Wed Mar 29 08:59:49 2017
That iteration took 1490755972.000000000000 seconds. 
 so far, we have found 169 tracks.

Looking for tracks between images at times 59594.160000000003 (image 7 / 16) and 59596.160000000003 (image 9 / 16)  (with 1 support images).
 current wall-clock time is Wed Mar 29 08:59:49 2017
That iteration took 1490755949.000000000000 seconds. 
 so far, we have found 171 tracks.

Looking for tracks between images at times 59594.160000000003 (image 7 / 16) and 59597.160000000003 (image 10 / 16)  (with 2 support images).
 current wall-clock time is Wed Mar 29 08:59:49 2017
That iteration took 1490755608.000000000000 seconds. 
 so far, we have found 173 tracks.

Looking for tracks between images at times 59594.160000000003 (image 7 / 16) and 59598.160000000003 (image 11 / 16)  (with 3 support images).
 current wall-clock time is Wed Mar 29 08:59:49 2017
That iteration took 1490755252.000000000000 seconds. 
 so far, we have found 175 tracks.

Looking for tracks between images at times 59594.160000000003 (image 7 / 16) and 59599.160000000003 (image 12 / 16)  (with 4 support images).
 current wall-clock time is Wed Mar 29 08:59:49 2017
That iteration took 1490754904.000000000000 seconds. 
 so far, we have found 176 tracks.

Looking for tracks between images at times 59594.160000000003 (image 7 / 16) and 59600.160000000003 (image 13 / 16)  (with 5 support images).
 current wall-clock time is Wed Mar 29 08:59:49 2017
That iteration took 1490754495.000000000000 seconds. 
 so far, we have found 178 tracks.

Looking for tracks between images at times 59594.160000000003 (image 7 / 16) and 59601.160000000003 (image 14 / 16)  (with 6 support images).
 current wall-clock time is Wed Mar 29 08:59:49 2017
That iteration took 1490754069.000000000000 seconds. 
 so far, we have found 180 tracks.

Looking for tracks between images at times 59594.160000000003 (image 7 / 16) and 59602.160000000003 (image 15 / 16)  (with 7 support images).
 current wall-clock time is Wed Mar 29 08:59:49 2017
That iteration took 1490753599.000000000000 seconds. 
 so far, we have found 182 tracks.

Looking for tracks between images at times 59595.160000000003 (image 8 / 16) and 59596.160000000003 (image 9 / 16)  (with 0 support images).
 current wall-clock time is Wed Mar 29 08:59:49 2017
That iteration took 1490753153.000000000000 seconds. 
 so far, we have found 182 tracks.

Looking for tracks between images at times 59595.160000000003 (image 8 / 16) and 59597.160000000003 (image 10 / 16)  (with 1 support images).
 current wall-clock time is Wed Mar 29 08:59:49 2017
That iteration took 1490753130.000000000000 seconds. 
 so far, we have found 184 tracks.

Looking for tracks between images at times 59595.160000000003 (image 8 / 16) and 59598.160000000003 (image 11 / 16)  (with 2 support images).
 current wall-clock time is Wed Mar 29 08:59:49 2017
That iteration took 1490752806.000000000000 seconds. 
 so far, we have found 186 tracks.

Looking for tracks between images at times 59595.160000000003 (image 8 / 16) and 59599.160000000003 (image 12 / 16)  (with 3 support images).
 current wall-clock time is Wed Mar 29 08:59:49 2017
That iteration took 1490752447.000000000000 seconds. 
 so far, we have found 188 tracks.

Looking for tracks between images at times 59595.160000000003 (image 8 / 16) and 59600.160000000003 (image 13 / 16)  (with 4 support images).
 current wall-clock time is Wed Mar 29 08:59:49 2017
That iteration took 1490752118.000000000000 seconds. 
 so far, we have found 189 tracks.

Looking for tracks between images at times 59595.160000000003 (image 8 / 16) and 59601.160000000003 (image 14 / 16)  (with 5 support images).
 current wall-clock time is Wed Mar 29 08:59:49 2017
That iteration took 1490751703.000000000000 seconds. 
 so far, we have found 191 tracks.

Looking for tracks between images at times 59595.160000000003 (image 8 / 16) and 59602.160000000003 (image 15 / 16)  (with 6 support images).
 current wall-clock time is Wed Mar 29 08:59:49 2017
That iteration took 1490751298.000000000000 seconds. 
 so far, we have found 193 tracks.

Looking for tracks between images at times 59596.160000000003 (image 9 / 16) and 59597.160000000003 (image 10 / 16)  (with 0 support images).
 current wall-clock time is Wed Mar 29 08:59:49 2017
That iteration took 1490750839.000000000000 seconds. 
 so far, we have found 193 tracks.

Looking for tracks between images at times 59596.160000000003 (image 9 / 16) and 59598.160000000003 (image 11 / 16)  (with 1 support images).
 current wall-clock time is Wed Mar 29 08:59:49 2017
That iteration took 1490750804.000000000000 seconds. 
 so far, we have found 195 tracks.

Looking for tracks between images at times 59596.160000000003 (image 9 / 16) and 59599.160000000003 (image 12 / 16)  (with 2 support images).
 current wall-clock time is Wed Mar 29 08:59:49 2017
That iteration took 1490750480.000000000000 seconds. 
 so far, we have found 197 tracks.

Looking for tracks between images at times 59596.160000000003 (image 9 / 16) and 59600.160000000003 (image 13 / 16)  (with 3 support images).
 current wall-clock time is Wed Mar 29 08:59:49 2017
That iteration took 1490750128.000000000000 seconds. 
 so far, we have found 199 tracks.

Looking for tracks between images at times 59596.160000000003 (image 9 / 16) and 59601.160000000003 (image 14 / 16)  (with 4 support images).
 current wall-clock time is Wed Mar 29 08:59:49 2017
That iteration took 1490749769.000000000000 seconds. 
 so far, we have found 201 tracks.

Looking for tracks between images at times 59596.160000000003 (image 9 / 16) and 59602.160000000003 (image 15 / 16)  (with 5 support images).
 current wall-clock time is Wed Mar 29 08:59:49 2017
That iteration took 1490749378.000000000000 seconds. 
 so far, we have found 203 tracks.

Looking for tracks between images at times 59597.160000000003 (image 10 / 16) and 59598.160000000003 (image 11 / 16)  (with 0 support images).
 current wall-clock time is Wed Mar 29 08:59:49 2017
That iteration took 1490748987.000000000000 seconds. 
 so far, we have found 203 tracks.

Looking for tracks between images at times 59597.160000000003 (image 10 / 16) and 59599.160000000003 (image 12 / 16)  (with 1 support images).
 current wall-clock time is Wed Mar 29 08:59:49 2017
That iteration took 1490748964.000000000000 seconds. 
 so far, we have found 205 tracks.

Looking for tracks between images at times 59597.160000000003 (image 10 / 16) and 59600.160000000003 (image 13 / 16)  (with 2 support images).
 current wall-clock time is Wed Mar 29 08:59:49 2017
That iteration took 1490748662.000000000000 seconds. 
 so far, we have found 207 tracks.

Looking for tracks between images at times 59597.160000000003 (image 10 / 16) and 59601.160000000003 (image 14 / 16)  (with 3 support images).
 current wall-clock time is Wed Mar 29 08:59:49 2017
That iteration took 1490748254.000000000000 seconds. 
 so far, we have found 209 tracks.

Looking for tracks between images at times 59597.160000000003 (image 10 / 16) and 59602.160000000003 (image 15 / 16)  (with 4 support images).
 current wall-clock time is Wed Mar 29 08:59:49 2017
That iteration took 1490747927.000000000000 seconds. 
 so far, we have found 210 tracks.

Looking for tracks between images at times 59598.160000000003 (image 11 / 16) and 59599.160000000003 (image 12 / 16)  (with 0 support images).
 current wall-clock time is Wed Mar 29 08:59:49 2017
That iteration took 1490747563.000000000000 seconds. 
 so far, we have found 210 tracks.

Looking for tracks between images at times 59598.160000000003 (image 11 / 16) and 59600.160000000003 (image 13 / 16)  (with 1 support images).
 current wall-clock time is Wed Mar 29 08:59:49 2017
That iteration took 1490747540.000000000000 seconds. 
 so far, we have found 212 tracks.

Looking for tracks between images at times 59598.160000000003 (image 11 / 16) and 59601.160000000003 (image 14 / 16)  (with 2 support images).
 current wall-clock time is Wed Mar 29 08:59:49 2017
That iteration took 1490747261.000000000000 seconds. 
 so far, we have found 214 tracks.

Looking for tracks between images at times 59598.160000000003 (image 11 / 16) and 59602.160000000003 (image 15 / 16)  (with 3 support images).
 current wall-clock time is Wed Mar 29 08:59:49 2017
That iteration took 1490746935.000000000000 seconds. 
 so far, we have found 216 tracks.

Looking for tracks between images at times 59599.160000000003 (image 12 / 16) and 59600.160000000003 (image 13 / 16)  (with 0 support images).
 current wall-clock time is Wed Mar 29 08:59:49 2017
That iteration took 1490746595.000000000000 seconds. 
 so far, we have found 216 tracks.

Looking for tracks between images at times 59599.160000000003 (image 12 / 16) and 59601.160000000003 (image 14 / 16)  (with 1 support images).
 current wall-clock time is Wed Mar 29 08:59:49 2017
That iteration took 1490746573.000000000000 seconds. 
 so far, we have found 218 tracks.

Looking for tracks between images at times 59599.160000000003 (image 12 / 16) and 59602.160000000003 (image 15 / 16)  (with 2 support images).
 current wall-clock time is Wed Mar 29 08:59:49 2017
That iteration took 1490746289.000000000000 seconds. 
 so far, we have found 220 tracks.

Looking for tracks between images at times 59600.160000000003 (image 13 / 16) and 59601.160000000003 (image 14 / 16)  (with 0 support images).
 current wall-clock time is Wed Mar 29 08:59:49 2017
That iteration took 1490745973.000000000000 seconds. 
 so far, we have found 220 tracks.

Looking for tracks between images at times 59600.160000000003 (image 13 / 16) and 59602.160000000003 (image 15 / 16)  (with 1 support images).
 current wall-clock time is Wed Mar 29 08:59:49 2017
That iteration took 1490745953.000000000000 seconds. 
 so far, we have found 222 tracks.

Looking for tracks between images at times 59601.160000000003 (image 14 / 16) and 59602.160000000003 (image 15 / 16)  (with 0 support images).
 current wall-clock time is Wed Mar 29 08:59:49 2017
That iteration took 1490745545.000000000000 seconds. 
 so far, we have found 222 tracks.

Found 120 valid start/end image pairs.
Finished linking.
Linking took 1490792269.000000000000 seconds.
TrackSet: purgeToFile called.
TrackSet: clearing component tracks from memory.
Results successfully written to disk.
Done. Exiting successfully.
Completed after 0.0000000000 seconds.
This process (41601) memory usage: 
------------------------------------------
------------------------------------------

