Set min unique nights per track: 3
Set min detections per track: 6
 Set output buffer size = 1000
Reading detections file 
Calculating topocentric correction 
Reading tracklets file 
Reading input took 0.0000000000 seconds.
Recentering all detections on (180, 0).
   Bounds were (in deg) R=[227.3929343410,  512.4858537390], D=[ -24.8317269676,  16.6339441186]
Setting tracklet velocities.
Sorting tracklets by image time and creating trees.
Doing the linking.
Looking for tracks between images at times 59598.160000000003 (image 0 / 12) and 59599.160000000003 (image 1 / 12)  (with 0 support images).
 current wall-clock time is Wed Mar 29 09:15:16 2017
That iteration took 1490793521.000000000000 seconds. 
 so far, we have found 0 tracks.

Looking for tracks between images at times 59598.160000000003 (image 0 / 12) and 59600.160000000003 (image 2 / 12)  (with 1 support images).
 current wall-clock time is Wed Mar 29 09:15:16 2017
That iteration took 1490793212.000000000000 seconds. 
 so far, we have found 2 tracks.

Looking for tracks between images at times 59598.160000000003 (image 0 / 12) and 59601.160000000003 (image 3 / 12)  (with 2 support images).
 current wall-clock time is Wed Mar 29 09:15:16 2017
That iteration took 1490792763.000000000000 seconds. 
 so far, we have found 4 tracks.

Looking for tracks between images at times 59598.160000000003 (image 0 / 12) and 59602.160000000003 (image 4 / 12)  (with 3 support images).
 current wall-clock time is Wed Mar 29 09:15:16 2017
That iteration took 1490792388.000000000000 seconds. 
 so far, we have found 6 tracks.

Looking for tracks between images at times 59598.160000000003 (image 0 / 12) and 59603.160000000003 (image 5 / 12)  (with 4 support images).
 current wall-clock time is Wed Mar 29 09:15:16 2017
That iteration took 1490791933.000000000000 seconds. 
 so far, we have found 8 tracks.

Looking for tracks between images at times 59598.160000000003 (image 0 / 12) and 59604.160000000003 (image 6 / 12)  (with 5 support images).
 current wall-clock time is Wed Mar 29 09:15:16 2017
That iteration took 1490791501.000000000000 seconds. 
 so far, we have found 10 tracks.

Looking for tracks between images at times 59598.160000000003 (image 0 / 12) and 59605.160000000003 (image 7 / 12)  (with 6 support images).
 current wall-clock time is Wed Mar 29 09:15:16 2017
That iteration took 1490791072.000000000000 seconds. 
 so far, we have found 12 tracks.

Looking for tracks between images at times 59598.160000000003 (image 0 / 12) and 59606.160000000003 (image 8 / 12)  (with 7 support images).
 current wall-clock time is Wed Mar 29 09:15:16 2017
That iteration took 1490790572.000000000000 seconds. 
 so far, we have found 14 tracks.

Looking for tracks between images at times 59598.160000000003 (image 0 / 12) and 59607.160000000003 (image 9 / 12)  (with 8 support images).
 current wall-clock time is Wed Mar 29 09:15:16 2017
That iteration took 1490790088.000000000000 seconds. 
 so far, we have found 16 tracks.

Looking for tracks between images at times 59598.160000000003 (image 0 / 12) and 59608.160000000003 (image 10 / 12)  (with 9 support images).
 current wall-clock time is Wed Mar 29 09:15:16 2017
That iteration took 1490789576.000000000000 seconds. 
 so far, we have found 18 tracks.

Looking for tracks between images at times 59598.160000000003 (image 0 / 12) and 59609.160000000003 (image 11 / 12)  (with 10 support images).
 current wall-clock time is Wed Mar 29 09:15:16 2017
That iteration took 1490789055.000000000000 seconds. 
 so far, we have found 20 tracks.

Looking for tracks between images at times 59599.160000000003 (image 1 / 12) and 59600.160000000003 (image 2 / 12)  (with 0 support images).
 current wall-clock time is Wed Mar 29 09:15:16 2017
That iteration took 1490788449.000000000000 seconds. 
 so far, we have found 20 tracks.

Looking for tracks between images at times 59599.160000000003 (image 1 / 12) and 59601.160000000003 (image 3 / 12)  (with 1 support images).
 current wall-clock time is Wed Mar 29 09:15:16 2017
That iteration took 1490788425.000000000000 seconds. 
 so far, we have found 22 tracks.

Looking for tracks between images at times 59599.160000000003 (image 1 / 12) and 59602.160000000003 (image 4 / 12)  (with 2 support images).
 current wall-clock time is Wed Mar 29 09:15:16 2017
That iteration took 1490788069.000000000000 seconds. 
 so far, we have found 24 tracks.

Looking for tracks between images at times 59599.160000000003 (image 1 / 12) and 59603.160000000003 (image 5 / 12)  (with 3 support images).
 current wall-clock time is Wed Mar 29 09:15:16 2017
That iteration took 1490787706.000000000000 seconds. 
 so far, we have found 26 tracks.

Looking for tracks between images at times 59599.160000000003 (image 1 / 12) and 59604.160000000003 (image 6 / 12)  (with 4 support images).
 current wall-clock time is Wed Mar 29 09:15:16 2017
That iteration took 1490787344.000000000000 seconds. 
 so far, we have found 27 tracks.

Looking for tracks between images at times 59599.160000000003 (image 1 / 12) and 59605.160000000003 (image 7 / 12)  (with 5 support images).
 current wall-clock time is Wed Mar 29 09:15:16 2017
That iteration took 1490786886.000000000000 seconds. 
 so far, we have found 29 tracks.

Looking for tracks between images at times 59599.160000000003 (image 1 / 12) and 59606.160000000003 (image 8 / 12)  (with 6 support images).
 current wall-clock time is Wed Mar 29 09:15:16 2017
That iteration took 1490786401.000000000000 seconds. 
 so far, we have found 31 tracks.

Looking for tracks between images at times 59599.160000000003 (image 1 / 12) and 59607.160000000003 (image 9 / 12)  (with 7 support images).
 current wall-clock time is Wed Mar 29 09:15:16 2017
That iteration took 1490785884.000000000000 seconds. 
 so far, we have found 33 tracks.

Looking for tracks between images at times 59599.160000000003 (image 1 / 12) and 59608.160000000003 (image 10 / 12)  (with 8 support images).
 current wall-clock time is Wed Mar 29 09:15:16 2017
That iteration took 1490785385.000000000000 seconds. 
 so far, we have found 35 tracks.

Looking for tracks between images at times 59599.160000000003 (image 1 / 12) and 59609.160000000003 (image 11 / 12)  (with 9 support images).
 current wall-clock time is Wed Mar 29 09:15:16 2017
That iteration took 1490784863.000000000000 seconds. 
 so far, we have found 37 tracks.

Looking for tracks between images at times 59600.160000000003 (image 2 / 12) and 59601.160000000003 (image 3 / 12)  (with 0 support images).
 current wall-clock time is Wed Mar 29 09:15:16 2017
That iteration took 1490784348.000000000000 seconds. 
 so far, we have found 37 tracks.

Looking for tracks between images at times 59600.160000000003 (image 2 / 12) and 59602.160000000003 (image 4 / 12)  (with 1 support images).
 current wall-clock time is Wed Mar 29 09:15:16 2017
That iteration took 1490784326.000000000000 seconds. 
 so far, we have found 39 tracks.

Looking for tracks between images at times 59600.160000000003 (image 2 / 12) and 59603.160000000003 (image 5 / 12)  (with 2 support images).
 current wall-clock time is Wed Mar 29 09:15:16 2017
That iteration took 1490784007.000000000000 seconds. 
 so far, we have found 41 tracks.

Looking for tracks between images at times 59600.160000000003 (image 2 / 12) and 59604.160000000003 (image 6 / 12)  (with 3 support images).
 current wall-clock time is Wed Mar 29 09:15:16 2017
That iteration took 1490783637.000000000000 seconds. 
 so far, we have found 43 tracks.

Looking for tracks between images at times 59600.160000000003 (image 2 / 12) and 59605.160000000003 (image 7 / 12)  (with 4 support images).
 current wall-clock time is Wed Mar 29 09:15:16 2017
That iteration took 1490783267.000000000000 seconds. 
 so far, we have found 45 tracks.

Looking for tracks between images at times 59600.160000000003 (image 2 / 12) and 59606.160000000003 (image 8 / 12)  (with 5 support images).
 current wall-clock time is Wed Mar 29 09:15:16 2017
That iteration took 1490782852.000000000000 seconds. 
 so far, we have found 47 tracks.

Looking for tracks between images at times 59600.160000000003 (image 2 / 12) and 59607.160000000003 (image 9 / 12)  (with 6 support images).
 current wall-clock time is Wed Mar 29 09:15:16 2017
That iteration took 1490782445.000000000000 seconds. 
 so far, we have found 49 tracks.

Looking for tracks between images at times 59600.160000000003 (image 2 / 12) and 59608.160000000003 (image 10 / 12)  (with 7 support images).
 current wall-clock time is Wed Mar 29 09:15:16 2017
That iteration took 1490781993.000000000000 seconds. 
 so far, we have found 51 tracks.

Looking for tracks between images at times 59600.160000000003 (image 2 / 12) and 59609.160000000003 (image 11 / 12)  (with 8 support images).
 current wall-clock time is Wed Mar 29 09:15:16 2017
That iteration took 1490781564.000000000000 seconds. 
 so far, we have found 53 tracks.

Looking for tracks between images at times 59601.160000000003 (image 3 / 12) and 59602.160000000003 (image 4 / 12)  (with 0 support images).
 current wall-clock time is Wed Mar 29 09:15:16 2017
That iteration took 1490781093.000000000000 seconds. 
 so far, we have found 53 tracks.

Looking for tracks between images at times 59601.160000000003 (image 3 / 12) and 59603.160000000003 (image 5 / 12)  (with 1 support images).
 current wall-clock time is Wed Mar 29 09:15:16 2017
That iteration took 1490781072.000000000000 seconds. 
 so far, we have found 55 tracks.

Looking for tracks between images at times 59601.160000000003 (image 3 / 12) and 59604.160000000003 (image 6 / 12)  (with 2 support images).
 current wall-clock time is Wed Mar 29 09:15:16 2017
That iteration took 1490780771.000000000000 seconds. 
 so far, we have found 57 tracks.

Looking for tracks between images at times 59601.160000000003 (image 3 / 12) and 59605.160000000003 (image 7 / 12)  (with 3 support images).
 current wall-clock time is Wed Mar 29 09:15:16 2017
That iteration took 1490780441.000000000000 seconds. 
 so far, we have found 59 tracks.

Looking for tracks between images at times 59601.160000000003 (image 3 / 12) and 59606.160000000003 (image 8 / 12)  (with 4 support images).
 current wall-clock time is Wed Mar 29 09:15:16 2017
That iteration took 1490780084.000000000000 seconds. 
 so far, we have found 61 tracks.

Looking for tracks between images at times 59601.160000000003 (image 3 / 12) and 59607.160000000003 (image 9 / 12)  (with 5 support images).
 current wall-clock time is Wed Mar 29 09:15:16 2017
That iteration took 1490779705.000000000000 seconds. 
 so far, we have found 63 tracks.

Looking for tracks between images at times 59601.160000000003 (image 3 / 12) and 59608.160000000003 (image 10 / 12)  (with 6 support images).
 current wall-clock time is Wed Mar 29 09:15:16 2017
That iteration took 1490779313.000000000000 seconds. 
 so far, we have found 65 tracks.

Looking for tracks between images at times 59601.160000000003 (image 3 / 12) and 59609.160000000003 (image 11 / 12)  (with 7 support images).
 current wall-clock time is Wed Mar 29 09:15:16 2017
That iteration took 1490778891.000000000000 seconds. 
 so far, we have found 67 tracks.

Looking for tracks between images at times 59602.160000000003 (image 4 / 12) and 59603.160000000003 (image 5 / 12)  (with 0 support images).
 current wall-clock time is Wed Mar 29 09:15:16 2017
That iteration took 1490778450.000000000000 seconds. 
 so far, we have found 67 tracks.

Looking for tracks between images at times 59602.160000000003 (image 4 / 12) and 59604.160000000003 (image 6 / 12)  (with 1 support images).
 current wall-clock time is Wed Mar 29 09:15:16 2017
That iteration took 1490778426.000000000000 seconds. 
 so far, we have found 69 tracks.

Looking for tracks between images at times 59602.160000000003 (image 4 / 12) and 59605.160000000003 (image 7 / 12)  (with 2 support images).
 current wall-clock time is Wed Mar 29 09:15:16 2017
That iteration took 1490778122.000000000000 seconds. 
 so far, we have found 71 tracks.

Looking for tracks between images at times 59602.160000000003 (image 4 / 12) and 59606.160000000003 (image 8 / 12)  (with 3 support images).
 current wall-clock time is Wed Mar 29 09:15:16 2017
That iteration took 1490777782.000000000000 seconds. 
 so far, we have found 73 tracks.

Looking for tracks between images at times 59602.160000000003 (image 4 / 12) and 59607.160000000003 (image 9 / 12)  (with 4 support images).
 current wall-clock time is Wed Mar 29 09:15:16 2017
That iteration took 1490777421.000000000000 seconds. 
 so far, we have found 75 tracks.

Looking for tracks between images at times 59602.160000000003 (image 4 / 12) and 59608.160000000003 (image 10 / 12)  (with 5 support images).
 current wall-clock time is Wed Mar 29 09:15:16 2017
That iteration took 1490777022.000000000000 seconds. 
 so far, we have found 77 tracks.

Looking for tracks between images at times 59602.160000000003 (image 4 / 12) and 59609.160000000003 (image 11 / 12)  (with 6 support images).
 current wall-clock time is Wed Mar 29 09:15:16 2017
That iteration took 1490776632.000000000000 seconds. 
 so far, we have found 79 tracks.

Looking for tracks between images at times 59603.160000000003 (image 5 / 12) and 59604.160000000003 (image 6 / 12)  (with 0 support images).
 current wall-clock time is Wed Mar 29 09:15:16 2017
That iteration took 1490776215.000000000000 seconds. 
 so far, we have found 79 tracks.

Looking for tracks between images at times 59603.160000000003 (image 5 / 12) and 59605.160000000003 (image 7 / 12)  (with 1 support images).
 current wall-clock time is Wed Mar 29 09:15:16 2017
That iteration took 1490776193.000000000000 seconds. 
 so far, we have found 81 tracks.

Looking for tracks between images at times 59603.160000000003 (image 5 / 12) and 59606.160000000003 (image 8 / 12)  (with 2 support images).
 current wall-clock time is Wed Mar 29 09:15:16 2017
That iteration took 1490775891.000000000000 seconds. 
 so far, we have found 83 tracks.

Looking for tracks between images at times 59603.160000000003 (image 5 / 12) and 59607.160000000003 (image 9 / 12)  (with 3 support images).
 current wall-clock time is Wed Mar 29 09:15:16 2017
That iteration took 1490775540.000000000000 seconds. 
 so far, we have found 85 tracks.

Looking for tracks between images at times 59603.160000000003 (image 5 / 12) and 59608.160000000003 (image 10 / 12)  (with 4 support images).
 current wall-clock time is Wed Mar 29 09:15:16 2017
That iteration took 1490775195.000000000000 seconds. 
 so far, we have found 87 tracks.

Looking for tracks between images at times 59603.160000000003 (image 5 / 12) and 59609.160000000003 (image 11 / 12)  (with 5 support images).
 current wall-clock time is Wed Mar 29 09:15:16 2017
That iteration took 1490774780.000000000000 seconds. 
 so far, we have found 89 tracks.

Looking for tracks between images at times 59604.160000000003 (image 6 / 12) and 59605.160000000003 (image 7 / 12)  (with 0 support images).
 current wall-clock time is Wed Mar 29 09:15:16 2017
That iteration took 1490774359.000000000000 seconds. 
 so far, we have found 89 tracks.

Looking for tracks between images at times 59604.160000000003 (image 6 / 12) and 59606.160000000003 (image 8 / 12)  (with 1 support images).
 current wall-clock time is Wed Mar 29 09:15:16 2017
That iteration took 1490774337.000000000000 seconds. 
 so far, we have found 91 tracks.

Looking for tracks between images at times 59604.160000000003 (image 6 / 12) and 59607.160000000003 (image 9 / 12)  (with 2 support images).
 current wall-clock time is Wed Mar 29 09:15:16 2017
That iteration took 1490773992.000000000000 seconds. 
 so far, we have found 93 tracks.

Looking for tracks between images at times 59604.160000000003 (image 6 / 12) and 59608.160000000003 (image 10 / 12)  (with 3 support images).
 current wall-clock time is Wed Mar 29 09:15:16 2017
That iteration took 1490773663.000000000000 seconds. 
 so far, we have found 95 tracks.

Looking for tracks between images at times 59604.160000000003 (image 6 / 12) and 59609.160000000003 (image 11 / 12)  (with 4 support images).
 current wall-clock time is Wed Mar 29 09:15:16 2017
That iteration took 1490773271.000000000000 seconds. 
 so far, we have found 97 tracks.

Looking for tracks between images at times 59605.160000000003 (image 7 / 12) and 59606.160000000003 (image 8 / 12)  (with 0 support images).
 current wall-clock time is Wed Mar 29 09:15:16 2017
That iteration took 1490772863.000000000000 seconds. 
 so far, we have found 97 tracks.

Looking for tracks between images at times 59605.160000000003 (image 7 / 12) and 59607.160000000003 (image 9 / 12)  (with 1 support images).
 current wall-clock time is Wed Mar 29 09:15:16 2017
That iteration took 1490772830.000000000000 seconds. 
 so far, we have found 99 tracks.

Looking for tracks between images at times 59605.160000000003 (image 7 / 12) and 59608.160000000003 (image 10 / 12)  (with 2 support images).
 current wall-clock time is Wed Mar 29 09:15:16 2017
That iteration took 1490772514.000000000000 seconds. 
 so far, we have found 101 tracks.

Looking for tracks between images at times 59605.160000000003 (image 7 / 12) and 59609.160000000003 (image 11 / 12)  (with 3 support images).
 current wall-clock time is Wed Mar 29 09:15:16 2017
That iteration took 1490772179.000000000000 seconds. 
 so far, we have found 103 tracks.

Looking for tracks between images at times 59606.160000000003 (image 8 / 12) and 59607.160000000003 (image 9 / 12)  (with 0 support images).
 current wall-clock time is Wed Mar 29 09:15:16 2017
That iteration took 1490771778.000000000000 seconds. 
 so far, we have found 103 tracks.

Looking for tracks between images at times 59606.160000000003 (image 8 / 12) and 59608.160000000003 (image 10 / 12)  (with 1 support images).
 current wall-clock time is Wed Mar 29 09:15:16 2017
That iteration took 1490771756.000000000000 seconds. 
 so far, we have found 105 tracks.

Looking for tracks between images at times 59606.160000000003 (image 8 / 12) and 59609.160000000003 (image 11 / 12)  (with 2 support images).
 current wall-clock time is Wed Mar 29 09:15:16 2017
That iteration took 1490771436.000000000000 seconds. 
 so far, we have found 107 tracks.

Looking for tracks between images at times 59607.160000000003 (image 9 / 12) and 59608.160000000003 (image 10 / 12)  (with 0 support images).
 current wall-clock time is Wed Mar 29 09:15:16 2017
That iteration took 1490771035.000000000000 seconds. 
 so far, we have found 107 tracks.

Looking for tracks between images at times 59607.160000000003 (image 9 / 12) and 59609.160000000003 (image 11 / 12)  (with 1 support images).
 current wall-clock time is Wed Mar 29 09:15:16 2017
That iteration took 1490771010.000000000000 seconds. 
 so far, we have found 109 tracks.

Looking for tracks between images at times 59608.160000000003 (image 10 / 12) and 59609.160000000003 (image 11 / 12)  (with 0 support images).
 current wall-clock time is Wed Mar 29 09:15:16 2017
That iteration took 1490770700.000000000000 seconds. 
 so far, we have found 109 tracks.

Found 66 valid start/end image pairs.
Finished linking.
Linking took 1490793523.000000000000 seconds.
TrackSet: purgeToFile called.
TrackSet: clearing component tracks from memory.
Results successfully written to disk.
Done. Exiting successfully.
Completed after 0.0000000000 seconds.
This process (42811) memory usage: 
------------------------------------------
------------------------------------------

