Set min unique nights per track: 3
Set min detections per track: 6
 Set output buffer size = 1000
Reading detections file 
Calculating topocentric correction 
Reading tracklets file 
Reading input took 0.0000000000 seconds.
Recentering all detections on (180, 0).
   Bounds were (in deg) R=[228.0775469120,  512.2234393270], D=[ -24.8317269676,  16.6339441186]
Setting tracklet velocities.
Sorting tracklets by image time and creating trees.
Doing the linking.
Looking for tracks between images at times 59600.160000000003 (image 0 / 10) and 59601.160000000003 (image 1 / 10)  (with 0 support images).
 current wall-clock time is Wed Mar 29 09:15:16 2017
That iteration took 1490793622.000000000000 seconds. 
 so far, we have found 0 tracks.

Looking for tracks between images at times 59600.160000000003 (image 0 / 10) and 59602.160000000003 (image 2 / 10)  (with 1 support images).
 current wall-clock time is Wed Mar 29 09:15:16 2017
That iteration took 1490793371.000000000000 seconds. 
 so far, we have found 2 tracks.

Looking for tracks between images at times 59600.160000000003 (image 0 / 10) and 59603.160000000003 (image 3 / 10)  (with 2 support images).
 current wall-clock time is Wed Mar 29 09:15:16 2017
That iteration took 1490792916.000000000000 seconds. 
 so far, we have found 4 tracks.

Looking for tracks between images at times 59600.160000000003 (image 0 / 10) and 59604.160000000003 (image 4 / 10)  (with 3 support images).
 current wall-clock time is Wed Mar 29 09:15:16 2017
That iteration took 1490792532.000000000000 seconds. 
 so far, we have found 6 tracks.

Looking for tracks between images at times 59600.160000000003 (image 0 / 10) and 59605.160000000003 (image 5 / 10)  (with 4 support images).
 current wall-clock time is Wed Mar 29 09:15:16 2017
That iteration took 1490792153.000000000000 seconds. 
 so far, we have found 8 tracks.

Looking for tracks between images at times 59600.160000000003 (image 0 / 10) and 59606.160000000003 (image 6 / 10)  (with 5 support images).
 current wall-clock time is Wed Mar 29 09:15:16 2017
That iteration took 1490791724.000000000000 seconds. 
 so far, we have found 10 tracks.

Looking for tracks between images at times 59600.160000000003 (image 0 / 10) and 59607.160000000003 (image 7 / 10)  (with 6 support images).
 current wall-clock time is Wed Mar 29 09:15:16 2017
That iteration took 1490791291.000000000000 seconds. 
 so far, we have found 12 tracks.

Looking for tracks between images at times 59600.160000000003 (image 0 / 10) and 59608.160000000003 (image 8 / 10)  (with 7 support images).
 current wall-clock time is Wed Mar 29 09:15:16 2017
That iteration took 1490790741.000000000000 seconds. 
 so far, we have found 14 tracks.

Looking for tracks between images at times 59600.160000000003 (image 0 / 10) and 59609.160000000003 (image 9 / 10)  (with 8 support images).
 current wall-clock time is Wed Mar 29 09:15:16 2017
That iteration took 1490790211.000000000000 seconds. 
 so far, we have found 16 tracks.

Looking for tracks between images at times 59601.160000000003 (image 1 / 10) and 59602.160000000003 (image 2 / 10)  (with 0 support images).
 current wall-clock time is Wed Mar 29 09:15:16 2017
That iteration took 1490789652.000000000000 seconds. 
 so far, we have found 16 tracks.

Looking for tracks between images at times 59601.160000000003 (image 1 / 10) and 59603.160000000003 (image 3 / 10)  (with 1 support images).
 current wall-clock time is Wed Mar 29 09:15:16 2017
That iteration took 1490789629.000000000000 seconds. 
 so far, we have found 18 tracks.

Looking for tracks between images at times 59601.160000000003 (image 1 / 10) and 59604.160000000003 (image 4 / 10)  (with 2 support images).
 current wall-clock time is Wed Mar 29 09:15:16 2017
That iteration took 1490789227.000000000000 seconds. 
 so far, we have found 20 tracks.

Looking for tracks between images at times 59601.160000000003 (image 1 / 10) and 59605.160000000003 (image 5 / 10)  (with 3 support images).
 current wall-clock time is Wed Mar 29 09:15:16 2017
That iteration took 1490788851.000000000000 seconds. 
 so far, we have found 22 tracks.

Looking for tracks between images at times 59601.160000000003 (image 1 / 10) and 59606.160000000003 (image 6 / 10)  (with 4 support images).
 current wall-clock time is Wed Mar 29 09:15:16 2017
That iteration took 1490788452.000000000000 seconds. 
 so far, we have found 24 tracks.

Looking for tracks between images at times 59601.160000000003 (image 1 / 10) and 59607.160000000003 (image 7 / 10)  (with 5 support images).
 current wall-clock time is Wed Mar 29 09:15:16 2017
That iteration took 1490788013.000000000000 seconds. 
 so far, we have found 26 tracks.

Looking for tracks between images at times 59601.160000000003 (image 1 / 10) and 59608.160000000003 (image 8 / 10)  (with 6 support images).
 current wall-clock time is Wed Mar 29 09:15:16 2017
That iteration took 1490787601.000000000000 seconds. 
 so far, we have found 28 tracks.

Looking for tracks between images at times 59601.160000000003 (image 1 / 10) and 59609.160000000003 (image 9 / 10)  (with 7 support images).
 current wall-clock time is Wed Mar 29 09:15:16 2017
That iteration took 1490787146.000000000000 seconds. 
 so far, we have found 30 tracks.

Looking for tracks between images at times 59602.160000000003 (image 2 / 10) and 59603.160000000003 (image 3 / 10)  (with 0 support images).
 current wall-clock time is Wed Mar 29 09:15:16 2017
That iteration took 1490786685.000000000000 seconds. 
 so far, we have found 30 tracks.

Looking for tracks between images at times 59602.160000000003 (image 2 / 10) and 59604.160000000003 (image 4 / 10)  (with 1 support images).
 current wall-clock time is Wed Mar 29 09:15:16 2017
That iteration took 1490786662.000000000000 seconds. 
 so far, we have found 32 tracks.

Looking for tracks between images at times 59602.160000000003 (image 2 / 10) and 59605.160000000003 (image 5 / 10)  (with 2 support images).
 current wall-clock time is Wed Mar 29 09:15:16 2017
That iteration took 1490786347.000000000000 seconds. 
 so far, we have found 34 tracks.

Looking for tracks between images at times 59602.160000000003 (image 2 / 10) and 59606.160000000003 (image 6 / 10)  (with 3 support images).
 current wall-clock time is Wed Mar 29 09:15:16 2017
That iteration took 1490785990.000000000000 seconds. 
 so far, we have found 36 tracks.

Looking for tracks between images at times 59602.160000000003 (image 2 / 10) and 59607.160000000003 (image 7 / 10)  (with 4 support images).
 current wall-clock time is Wed Mar 29 09:15:16 2017
That iteration took 1490785619.000000000000 seconds. 
 so far, we have found 38 tracks.

Looking for tracks between images at times 59602.160000000003 (image 2 / 10) and 59608.160000000003 (image 8 / 10)  (with 5 support images).
 current wall-clock time is Wed Mar 29 09:15:16 2017
That iteration took 1490785204.000000000000 seconds. 
 so far, we have found 40 tracks.

Looking for tracks between images at times 59602.160000000003 (image 2 / 10) and 59609.160000000003 (image 9 / 10)  (with 6 support images).
 current wall-clock time is Wed Mar 29 09:15:16 2017
That iteration took 1490784791.000000000000 seconds. 
 so far, we have found 42 tracks.

Looking for tracks between images at times 59603.160000000003 (image 3 / 10) and 59604.160000000003 (image 4 / 10)  (with 0 support images).
 current wall-clock time is Wed Mar 29 09:15:16 2017
That iteration took 1490784326.000000000000 seconds. 
 so far, we have found 42 tracks.

Looking for tracks between images at times 59603.160000000003 (image 3 / 10) and 59605.160000000003 (image 5 / 10)  (with 1 support images).
 current wall-clock time is Wed Mar 29 09:15:16 2017
That iteration took 1490784303.000000000000 seconds. 
 so far, we have found 44 tracks.

Looking for tracks between images at times 59603.160000000003 (image 3 / 10) and 59606.160000000003 (image 6 / 10)  (with 2 support images).
 current wall-clock time is Wed Mar 29 09:15:16 2017
That iteration took 1490783987.000000000000 seconds. 
 so far, we have found 46 tracks.

Looking for tracks between images at times 59603.160000000003 (image 3 / 10) and 59607.160000000003 (image 7 / 10)  (with 3 support images).
 current wall-clock time is Wed Mar 29 09:15:16 2017
That iteration took 1490783630.000000000000 seconds. 
 so far, we have found 48 tracks.

Looking for tracks between images at times 59603.160000000003 (image 3 / 10) and 59608.160000000003 (image 8 / 10)  (with 4 support images).
 current wall-clock time is Wed Mar 29 09:15:16 2017
That iteration took 1490783202.000000000000 seconds. 
 so far, we have found 50 tracks.

Looking for tracks between images at times 59603.160000000003 (image 3 / 10) and 59609.160000000003 (image 9 / 10)  (with 5 support images).
 current wall-clock time is Wed Mar 29 09:15:16 2017
That iteration took 1490782773.000000000000 seconds. 
 so far, we have found 52 tracks.

Looking for tracks between images at times 59604.160000000003 (image 4 / 10) and 59605.160000000003 (image 5 / 10)  (with 0 support images).
 current wall-clock time is Wed Mar 29 09:15:16 2017
That iteration took 1490782353.000000000000 seconds. 
 so far, we have found 52 tracks.

Looking for tracks between images at times 59604.160000000003 (image 4 / 10) and 59606.160000000003 (image 6 / 10)  (with 1 support images).
 current wall-clock time is Wed Mar 29 09:15:16 2017
That iteration took 1490782330.000000000000 seconds. 
 so far, we have found 54 tracks.

Looking for tracks between images at times 59604.160000000003 (image 4 / 10) and 59607.160000000003 (image 7 / 10)  (with 2 support images).
 current wall-clock time is Wed Mar 29 09:15:16 2017
That iteration took 1490781980.000000000000 seconds. 
 so far, we have found 56 tracks.

Looking for tracks between images at times 59604.160000000003 (image 4 / 10) and 59608.160000000003 (image 8 / 10)  (with 3 support images).
 current wall-clock time is Wed Mar 29 09:15:16 2017
That iteration took 1490781631.000000000000 seconds. 
 so far, we have found 58 tracks.

Looking for tracks between images at times 59604.160000000003 (image 4 / 10) and 59609.160000000003 (image 9 / 10)  (with 4 support images).
 current wall-clock time is Wed Mar 29 09:15:16 2017
That iteration took 1490781264.000000000000 seconds. 
 so far, we have found 60 tracks.

Looking for tracks between images at times 59605.160000000003 (image 5 / 10) and 59606.160000000003 (image 6 / 10)  (with 0 support images).
 current wall-clock time is Wed Mar 29 09:15:16 2017
That iteration took 1490780854.000000000000 seconds. 
 so far, we have found 60 tracks.

Looking for tracks between images at times 59605.160000000003 (image 5 / 10) and 59607.160000000003 (image 7 / 10)  (with 1 support images).
 current wall-clock time is Wed Mar 29 09:15:16 2017
That iteration took 1490780831.000000000000 seconds. 
 so far, we have found 62 tracks.

Looking for tracks between images at times 59605.160000000003 (image 5 / 10) and 59608.160000000003 (image 8 / 10)  (with 2 support images).
 current wall-clock time is Wed Mar 29 09:15:16 2017
That iteration took 1490780521.000000000000 seconds. 
 so far, we have found 64 tracks.

Looking for tracks between images at times 59605.160000000003 (image 5 / 10) and 59609.160000000003 (image 9 / 10)  (with 3 support images).
 current wall-clock time is Wed Mar 29 09:15:16 2017
That iteration took 1490780174.000000000000 seconds. 
 so far, we have found 66 tracks.

Looking for tracks between images at times 59606.160000000003 (image 6 / 10) and 59607.160000000003 (image 7 / 10)  (with 0 support images).
 current wall-clock time is Wed Mar 29 09:15:16 2017
That iteration took 1490779808.000000000000 seconds. 
 so far, we have found 66 tracks.

Looking for tracks between images at times 59606.160000000003 (image 6 / 10) and 59608.160000000003 (image 8 / 10)  (with 1 support images).
 current wall-clock time is Wed Mar 29 09:15:16 2017
That iteration took 1490779785.000000000000 seconds. 
 so far, we have found 68 tracks.

Looking for tracks between images at times 59606.160000000003 (image 6 / 10) and 59609.160000000003 (image 9 / 10)  (with 2 support images).
 current wall-clock time is Wed Mar 29 09:15:16 2017
That iteration took 1490779466.000000000000 seconds. 
 so far, we have found 70 tracks.

Looking for tracks between images at times 59607.160000000003 (image 7 / 10) and 59608.160000000003 (image 8 / 10)  (with 0 support images).
 current wall-clock time is Wed Mar 29 09:15:16 2017
That iteration took 1490779118.000000000000 seconds. 
 so far, we have found 70 tracks.

Looking for tracks between images at times 59607.160000000003 (image 7 / 10) and 59609.160000000003 (image 9 / 10)  (with 1 support images).
 current wall-clock time is Wed Mar 29 09:15:16 2017
That iteration took 1490779095.000000000000 seconds. 
 so far, we have found 72 tracks.

Looking for tracks between images at times 59608.160000000003 (image 8 / 10) and 59609.160000000003 (image 9 / 10)  (with 0 support images).
 current wall-clock time is Wed Mar 29 09:15:16 2017
That iteration took 1490778783.000000000000 seconds. 
 so far, we have found 72 tracks.

Found 45 valid start/end image pairs.
Finished linking.
Linking took 1490793626.000000000000 seconds.
TrackSet: purgeToFile called.
TrackSet: clearing component tracks from memory.
Results successfully written to disk.
Done. Exiting successfully.
Completed after 0.0000000000 seconds.
This process (42813) memory usage: 
------------------------------------------
------------------------------------------

