Reading input took 0.0000000000 seconds.
Linking took 0.0000000000 seconds.
Linking took 0.0000000000 seconds.
Completed after 0.0000000000 seconds.
This process (13842) memory usage: 
------------------------------------------
------------------------------------------

Reading input took 0.0000000000 seconds.
Linking took 0.0000000000 seconds.
Linking took 0.0000000000 seconds.
Completed after 0.0000000000 seconds.
This process (13844) memory usage: 
------------------------------------------
------------------------------------------

Reading input took 0.0000000000 seconds.
Linking took 0.0000000000 seconds.
Linking took 0.0000000000 seconds.
Completed after 0.0000000000 seconds.
This process (13846) memory usage: 
------------------------------------------
------------------------------------------

Reading input took 0.0000000000 seconds.
Linking took 0.0000000000 seconds.
Linking took 0.0000000000 seconds.
Completed after 0.0000000000 seconds.
This process (13848) memory usage: 
------------------------------------------
------------------------------------------

Reading input took 0.0000000000 seconds.
Linking took 0.0000000000 seconds.
Linking took 0.0000000000 seconds.
Completed after 0.0000000000 seconds.
This process (13850) memory usage: 
------------------------------------------
------------------------------------------

Reading input took 0.0000000000 seconds.
Linking took 0.0000000000 seconds.
Linking took 0.0000000000 seconds.
Completed after 0.0000000000 seconds.
This process (13852) memory usage: 
------------------------------------------
------------------------------------------

Reading input took 0.0000000000 seconds.
Linking took 0.0000000000 seconds.
Linking took 0.0000000000 seconds.
Completed after 0.0000000000 seconds.
This process (13854) memory usage: 
------------------------------------------
------------------------------------------

Reading input took 0.0000000000 seconds.
Linking took 0.0000000000 seconds.
Linking took 0.0000000000 seconds.
Completed after 0.0000000000 seconds.
This process (13856) memory usage: 
------------------------------------------
------------------------------------------

