Reading MITI files from /Users/joachim/repos/neosim/tutorial/nightly/
Reading tracklet files from /Users/joachim/repos/neosim/tutorial/run/trackletsFinal/
Will write 15 day window *.dets and *.ids files to /Users/joachim/repos/neosim/tutorial/run/trackletsByNight/
All nights:  [59580, 59581, 59582, 59583, 59584, 59585, 59586, 59587, 59588, 59589, 59590, 59591, 59592, 59593, 59594, 59595, 59596, 59597, 59598, 59599, 59600, 59601, 59602, 59603, 59604, 59605, 59606, 59607, 59608, 59609]
compatibleNights for night  59580  :   [59580, 59581, 59582, 59583, 59584, 59585, 59586, 59587, 59588, 59589, 59590, 59591, 59592, 59593, 59594, 59595]
adding  [59580, 59581, 59582, 59583, 59584, 59585, 59586, 59587, 59588, 59589, 59590, 59591, 59592, 59593, 59594, 59595]  to linkTracklets input set for  59580
stop looking after finding all tracks starting before  59581
done with  [59580, 59581, 59582, 59583, 59584, 59585, 59586, 59587, 59588, 59589, 59590, 59591, 59592, 59593, 59594, 59595]

compatibleNights for night  59581  :   [59581, 59582, 59583, 59584, 59585, 59586, 59587, 59588, 59589, 59590, 59591, 59592, 59593, 59594, 59595, 59596]
adding  [59581, 59582, 59583, 59584, 59585, 59586, 59587, 59588, 59589, 59590, 59591, 59592, 59593, 59594, 59595, 59596]  to linkTracklets input set for  59581
stop looking after finding all tracks starting before  59582
done with  [59581, 59582, 59583, 59584, 59585, 59586, 59587, 59588, 59589, 59590, 59591, 59592, 59593, 59594, 59595, 59596]

compatibleNights for night  59582  :   [59582, 59583, 59584, 59585, 59586, 59587, 59588, 59589, 59590, 59591, 59592, 59593, 59594, 59595, 59596, 59597]
adding  [59582, 59583, 59584, 59585, 59586, 59587, 59588, 59589, 59590, 59591, 59592, 59593, 59594, 59595, 59596, 59597]  to linkTracklets input set for  59582
stop looking after finding all tracks starting before  59583
done with  [59582, 59583, 59584, 59585, 59586, 59587, 59588, 59589, 59590, 59591, 59592, 59593, 59594, 59595, 59596, 59597]

compatibleNights for night  59583  :   [59583, 59584, 59585, 59586, 59587, 59588, 59589, 59590, 59591, 59592, 59593, 59594, 59595, 59596, 59597, 59598]
adding  [59583, 59584, 59585, 59586, 59587, 59588, 59589, 59590, 59591, 59592, 59593, 59594, 59595, 59596, 59597, 59598]  to linkTracklets input set for  59583
stop looking after finding all tracks starting before  59584
done with  [59583, 59584, 59585, 59586, 59587, 59588, 59589, 59590, 59591, 59592, 59593, 59594, 59595, 59596, 59597, 59598]

compatibleNights for night  59584  :   [59584, 59585, 59586, 59587, 59588, 59589, 59590, 59591, 59592, 59593, 59594, 59595, 59596, 59597, 59598, 59599]
adding  [59584, 59585, 59586, 59587, 59588, 59589, 59590, 59591, 59592, 59593, 59594, 59595, 59596, 59597, 59598, 59599]  to linkTracklets input set for  59584
stop looking after finding all tracks starting before  59585
done with  [59584, 59585, 59586, 59587, 59588, 59589, 59590, 59591, 59592, 59593, 59594, 59595, 59596, 59597, 59598, 59599]

compatibleNights for night  59585  :   [59585, 59586, 59587, 59588, 59589, 59590, 59591, 59592, 59593, 59594, 59595, 59596, 59597, 59598, 59599, 59600]
adding  [59585, 59586, 59587, 59588, 59589, 59590, 59591, 59592, 59593, 59594, 59595, 59596, 59597, 59598, 59599, 59600]  to linkTracklets input set for  59585
stop looking after finding all tracks starting before  59586
done with  [59585, 59586, 59587, 59588, 59589, 59590, 59591, 59592, 59593, 59594, 59595, 59596, 59597, 59598, 59599, 59600]

compatibleNights for night  59586  :   [59586, 59587, 59588, 59589, 59590, 59591, 59592, 59593, 59594, 59595, 59596, 59597, 59598, 59599, 59600, 59601]
adding  [59586, 59587, 59588, 59589, 59590, 59591, 59592, 59593, 59594, 59595, 59596, 59597, 59598, 59599, 59600, 59601]  to linkTracklets input set for  59586
stop looking after finding all tracks starting before  59587
done with  [59586, 59587, 59588, 59589, 59590, 59591, 59592, 59593, 59594, 59595, 59596, 59597, 59598, 59599, 59600, 59601]

compatibleNights for night  59587  :   [59587, 59588, 59589, 59590, 59591, 59592, 59593, 59594, 59595, 59596, 59597, 59598, 59599, 59600, 59601, 59602]
adding  [59587, 59588, 59589, 59590, 59591, 59592, 59593, 59594, 59595, 59596, 59597, 59598, 59599, 59600, 59601, 59602]  to linkTracklets input set for  59587
stop looking after finding all tracks starting before  59588
done with  [59587, 59588, 59589, 59590, 59591, 59592, 59593, 59594, 59595, 59596, 59597, 59598, 59599, 59600, 59601, 59602]

compatibleNights for night  59588  :   [59588, 59589, 59590, 59591, 59592, 59593, 59594, 59595, 59596, 59597, 59598, 59599, 59600, 59601, 59602, 59603]
adding  [59588, 59589, 59590, 59591, 59592, 59593, 59594, 59595, 59596, 59597, 59598, 59599, 59600, 59601, 59602, 59603]  to linkTracklets input set for  59588
stop looking after finding all tracks starting before  59589
done with  [59588, 59589, 59590, 59591, 59592, 59593, 59594, 59595, 59596, 59597, 59598, 59599, 59600, 59601, 59602, 59603]

compatibleNights for night  59589  :   [59589, 59590, 59591, 59592, 59593, 59594, 59595, 59596, 59597, 59598, 59599, 59600, 59601, 59602, 59603, 59604]
adding  [59589, 59590, 59591, 59592, 59593, 59594, 59595, 59596, 59597, 59598, 59599, 59600, 59601, 59602, 59603, 59604]  to linkTracklets input set for  59589
stop looking after finding all tracks starting before  59590
done with  [59589, 59590, 59591, 59592, 59593, 59594, 59595, 59596, 59597, 59598, 59599, 59600, 59601, 59602, 59603, 59604]

compatibleNights for night  59590  :   [59590, 59591, 59592, 59593, 59594, 59595, 59596, 59597, 59598, 59599, 59600, 59601, 59602, 59603, 59604, 59605]
adding  [59590, 59591, 59592, 59593, 59594, 59595, 59596, 59597, 59598, 59599, 59600, 59601, 59602, 59603, 59604, 59605]  to linkTracklets input set for  59590
stop looking after finding all tracks starting before  59591
done with  [59590, 59591, 59592, 59593, 59594, 59595, 59596, 59597, 59598, 59599, 59600, 59601, 59602, 59603, 59604, 59605]

compatibleNights for night  59591  :   [59591, 59592, 59593, 59594, 59595, 59596, 59597, 59598, 59599, 59600, 59601, 59602, 59603, 59604, 59605, 59606]
adding  [59591, 59592, 59593, 59594, 59595, 59596, 59597, 59598, 59599, 59600, 59601, 59602, 59603, 59604, 59605, 59606]  to linkTracklets input set for  59591
stop looking after finding all tracks starting before  59592
done with  [59591, 59592, 59593, 59594, 59595, 59596, 59597, 59598, 59599, 59600, 59601, 59602, 59603, 59604, 59605, 59606]

compatibleNights for night  59592  :   [59592, 59593, 59594, 59595, 59596, 59597, 59598, 59599, 59600, 59601, 59602, 59603, 59604, 59605, 59606, 59607]
adding  [59592, 59593, 59594, 59595, 59596, 59597, 59598, 59599, 59600, 59601, 59602, 59603, 59604, 59605, 59606, 59607]  to linkTracklets input set for  59592
stop looking after finding all tracks starting before  59593
done with  [59592, 59593, 59594, 59595, 59596, 59597, 59598, 59599, 59600, 59601, 59602, 59603, 59604, 59605, 59606, 59607]

compatibleNights for night  59593  :   [59593, 59594, 59595, 59596, 59597, 59598, 59599, 59600, 59601, 59602, 59603, 59604, 59605, 59606, 59607, 59608]
adding  [59593, 59594, 59595, 59596, 59597, 59598, 59599, 59600, 59601, 59602, 59603, 59604, 59605, 59606, 59607, 59608]  to linkTracklets input set for  59593
stop looking after finding all tracks starting before  59594
done with  [59593, 59594, 59595, 59596, 59597, 59598, 59599, 59600, 59601, 59602, 59603, 59604, 59605, 59606, 59607, 59608]

compatibleNights for night  59594  :   [59594, 59595, 59596, 59597, 59598, 59599, 59600, 59601, 59602, 59603, 59604, 59605, 59606, 59607, 59608, 59609]
adding  [59594, 59595, 59596, 59597, 59598, 59599, 59600, 59601, 59602, 59603, 59604, 59605, 59606, 59607, 59608, 59609]  to linkTracklets input set for  59594
stop looking after finding all tracks starting before  59595
done with  [59594, 59595, 59596, 59597, 59598, 59599, 59600, 59601, 59602, 59603, 59604, 59605, 59606, 59607, 59608, 59609]

compatibleNights for night  59595  :   [59595, 59596, 59597, 59598, 59599, 59600, 59601, 59602, 59603, 59604, 59605, 59606, 59607, 59608, 59609]
adding  [59595, 59596, 59597, 59598, 59599, 59600, 59601, 59602, 59603, 59604, 59605, 59606, 59607, 59608, 59609]  to linkTracklets input set for  59595
stop looking after finding all tracks starting before  59596
done with  [59595, 59596, 59597, 59598, 59599, 59600, 59601, 59602, 59603, 59604, 59605, 59606, 59607, 59608, 59609]

compatibleNights for night  59596  :   [59596, 59597, 59598, 59599, 59600, 59601, 59602, 59603, 59604, 59605, 59606, 59607, 59608, 59609]
adding  [59596, 59597, 59598, 59599, 59600, 59601, 59602, 59603, 59604, 59605, 59606, 59607, 59608, 59609]  to linkTracklets input set for  59596
stop looking after finding all tracks starting before  59597
done with  [59596, 59597, 59598, 59599, 59600, 59601, 59602, 59603, 59604, 59605, 59606, 59607, 59608, 59609]

compatibleNights for night  59597  :   [59597, 59598, 59599, 59600, 59601, 59602, 59603, 59604, 59605, 59606, 59607, 59608, 59609]
adding  [59597, 59598, 59599, 59600, 59601, 59602, 59603, 59604, 59605, 59606, 59607, 59608, 59609]  to linkTracklets input set for  59597
stop looking after finding all tracks starting before  59598
done with  [59597, 59598, 59599, 59600, 59601, 59602, 59603, 59604, 59605, 59606, 59607, 59608, 59609]

compatibleNights for night  59598  :   [59598, 59599, 59600, 59601, 59602, 59603, 59604, 59605, 59606, 59607, 59608, 59609]
adding  [59598, 59599, 59600, 59601, 59602, 59603, 59604, 59605, 59606, 59607, 59608, 59609]  to linkTracklets input set for  59598
stop looking after finding all tracks starting before  59599
done with  [59598, 59599, 59600, 59601, 59602, 59603, 59604, 59605, 59606, 59607, 59608, 59609]

compatibleNights for night  59599  :   [59599, 59600, 59601, 59602, 59603, 59604, 59605, 59606, 59607, 59608, 59609]
adding  [59599, 59600, 59601, 59602, 59603, 59604, 59605, 59606, 59607, 59608, 59609]  to linkTracklets input set for  59599
stop looking after finding all tracks starting before  59600
done with  [59599, 59600, 59601, 59602, 59603, 59604, 59605, 59606, 59607, 59608, 59609]

compatibleNights for night  59600  :   [59600, 59601, 59602, 59603, 59604, 59605, 59606, 59607, 59608, 59609]
adding  [59600, 59601, 59602, 59603, 59604, 59605, 59606, 59607, 59608, 59609]  to linkTracklets input set for  59600
stop looking after finding all tracks starting before  59601
done with  [59600, 59601, 59602, 59603, 59604, 59605, 59606, 59607, 59608, 59609]

compatibleNights for night  59601  :   [59601, 59602, 59603, 59604, 59605, 59606, 59607, 59608, 59609]
adding  [59601, 59602, 59603, 59604, 59605, 59606, 59607, 59608, 59609]  to linkTracklets input set for  59601
stop looking after finding all tracks starting before  59602
done with  [59601, 59602, 59603, 59604, 59605, 59606, 59607, 59608, 59609]

compatibleNights for night  59602  :   [59602, 59603, 59604, 59605, 59606, 59607, 59608, 59609]
adding  [59602, 59603, 59604, 59605, 59606, 59607, 59608, 59609]  to linkTracklets input set for  59602
stop looking after finding all tracks starting before  59603
done with  [59602, 59603, 59604, 59605, 59606, 59607, 59608, 59609]

compatibleNights for night  59603  :   [59603, 59604, 59605, 59606, 59607, 59608, 59609]
adding  [59603, 59604, 59605, 59606, 59607, 59608, 59609]  to linkTracklets input set for  59603
stop looking after finding all tracks starting before  59604
done with  [59603, 59604, 59605, 59606, 59607, 59608, 59609]

compatibleNights for night  59604  :   [59604, 59605, 59606, 59607, 59608, 59609]
adding  [59604, 59605, 59606, 59607, 59608, 59609]  to linkTracklets input set for  59604
stop looking after finding all tracks starting before  59605
done with  [59604, 59605, 59606, 59607, 59608, 59609]

compatibleNights for night  59605  :   [59605, 59606, 59607, 59608, 59609]
adding  [59605, 59606, 59607, 59608, 59609]  to linkTracklets input set for  59605
stop looking after finding all tracks starting before  59606
done with  [59605, 59606, 59607, 59608, 59609]

compatibleNights for night  59606  :   [59606, 59607, 59608, 59609]
adding  [59606, 59607, 59608, 59609]  to linkTracklets input set for  59606
stop looking after finding all tracks starting before  59607
done with  [59606, 59607, 59608, 59609]

compatibleNights for night  59607  :   [59607, 59608, 59609]
adding  [59607, 59608, 59609]  to linkTracklets input set for  59607
stop looking after finding all tracks starting before  59608
done with  [59607, 59608, 59609]

No track could start on night  59608
Compatible nights are:  [59608, 59609]
No track could start on night  59609
Compatible nights are:  [59609]
