Reading input took 0.0000000000 seconds.
Linking took 0.0000000000 seconds.
Linking took 0.0000000000 seconds.
Completed after 0.0000000000 seconds.
This process (41225) memory usage: 
------------------------------------------
------------------------------------------

Reading input took 0.0000000000 seconds.
Linking took 0.0000000000 seconds.
Linking took 0.0000000000 seconds.
Completed after 0.0000000000 seconds.
This process (41227) memory usage: 
------------------------------------------
------------------------------------------

Reading input took 0.0000000000 seconds.
Linking took 0.0000000000 seconds.
Linking took 0.0000000000 seconds.
Completed after 0.0000000000 seconds.
This process (41229) memory usage: 
------------------------------------------
------------------------------------------

Reading input took 0.0000000000 seconds.
Linking took 0.0000000000 seconds.
Linking took 0.0000000000 seconds.
Completed after 0.0000000000 seconds.
This process (41231) memory usage: 
------------------------------------------
------------------------------------------

Reading input took 0.0000000000 seconds.
Linking took 0.0000000000 seconds.
Linking took 0.0000000000 seconds.
Completed after 0.0000000000 seconds.
This process (41233) memory usage: 
------------------------------------------
------------------------------------------

Reading input took 0.0000000000 seconds.
Linking took 0.0000000000 seconds.
Linking took 0.0000000000 seconds.
Completed after 0.0000000000 seconds.
This process (41235) memory usage: 
------------------------------------------
------------------------------------------

Reading input took 0.0000000000 seconds.
Linking took 0.0000000000 seconds.
Linking took 0.0000000000 seconds.
Completed after 0.0000000000 seconds.
This process (41237) memory usage: 
------------------------------------------
------------------------------------------

Reading input took 0.0000000000 seconds.
Linking took 0.0000000000 seconds.
Linking took 0.0000000000 seconds.
Completed after 0.0000000000 seconds.
This process (41239) memory usage: 
------------------------------------------
------------------------------------------

Reading input took 0.0000000000 seconds.
Linking took 0.0000000000 seconds.
Linking took 0.0000000000 seconds.
Completed after 0.0000000000 seconds.
This process (41241) memory usage: 
------------------------------------------
------------------------------------------

Reading input took 0.0000000000 seconds.
Linking took 0.0000000000 seconds.
Linking took 0.0000000000 seconds.
Completed after 0.0000000000 seconds.
This process (41243) memory usage: 
------------------------------------------
------------------------------------------

Reading input took 0.0000000000 seconds.
Linking took 0.0000000000 seconds.
Linking took 0.0000000000 seconds.
Completed after 0.0000000000 seconds.
This process (41245) memory usage: 
------------------------------------------
------------------------------------------

Reading input took 0.0000000000 seconds.
Linking took 0.0000000000 seconds.
Linking took 0.0000000000 seconds.
Completed after 0.0000000000 seconds.
This process (41247) memory usage: 
------------------------------------------
------------------------------------------

Reading input took 0.0000000000 seconds.
Linking took 0.0000000000 seconds.
Linking took 0.0000000000 seconds.
Completed after 0.0000000000 seconds.
This process (41249) memory usage: 
------------------------------------------
------------------------------------------

Reading input took 0.0000000000 seconds.
Linking took 0.0000000000 seconds.
Linking took 0.0000000000 seconds.
Completed after 0.0000000000 seconds.
This process (41251) memory usage: 
------------------------------------------
------------------------------------------

Reading input took 0.0000000000 seconds.
Linking took 0.0000000000 seconds.
Linking took 0.0000000000 seconds.
Completed after 0.0000000000 seconds.
This process (41253) memory usage: 
------------------------------------------
------------------------------------------

Reading input took 0.0000000000 seconds.
Linking took 0.0000000000 seconds.
Linking took 0.0000000000 seconds.
Completed after 0.0000000000 seconds.
This process (41255) memory usage: 
------------------------------------------
------------------------------------------

Reading input took 0.0000000000 seconds.
Linking took 0.0000000000 seconds.
Linking took 0.0000000000 seconds.
Completed after 0.0000000000 seconds.
This process (41257) memory usage: 
------------------------------------------
------------------------------------------

Reading input took 0.0000000000 seconds.
Linking took 0.0000000000 seconds.
Linking took 0.0000000000 seconds.
Completed after 0.0000000000 seconds.
This process (41259) memory usage: 
------------------------------------------
------------------------------------------

Reading input took 0.0000000000 seconds.
Linking took 0.0000000000 seconds.
Linking took 0.0000000000 seconds.
Completed after 0.0000000000 seconds.
This process (41261) memory usage: 
------------------------------------------
------------------------------------------

Reading input took 0.0000000000 seconds.
Linking took 0.0000000000 seconds.
Linking took 0.0000000000 seconds.
Completed after 0.0000000000 seconds.
This process (41263) memory usage: 
------------------------------------------
------------------------------------------

Reading input took 0.0000000000 seconds.
Linking took 0.0000000000 seconds.
Linking took 0.0000000000 seconds.
Completed after 0.0000000000 seconds.
This process (41265) memory usage: 
------------------------------------------
------------------------------------------

Reading input took 0.0000000000 seconds.
Linking took 0.0000000000 seconds.
Linking took 0.0000000000 seconds.
Completed after 0.0000000000 seconds.
This process (41267) memory usage: 
------------------------------------------
------------------------------------------

Reading input took 0.0000000000 seconds.
Linking took 0.0000000000 seconds.
Linking took 0.0000000000 seconds.
Completed after 0.0000000000 seconds.
This process (41269) memory usage: 
------------------------------------------
------------------------------------------

Reading input took 0.0000000000 seconds.
Linking took 0.0000000000 seconds.
Linking took 0.0000000000 seconds.
Completed after 0.0000000000 seconds.
This process (41271) memory usage: 
------------------------------------------
------------------------------------------

Reading input took 0.0000000000 seconds.
Linking took 0.0000000000 seconds.
Linking took 0.0000000000 seconds.
Completed after 0.0000000000 seconds.
This process (41273) memory usage: 
------------------------------------------
------------------------------------------

Reading input took 0.0000000000 seconds.
Linking took 0.0000000000 seconds.
Linking took 0.0000000000 seconds.
Completed after 0.0000000000 seconds.
This process (41275) memory usage: 
------------------------------------------
------------------------------------------

Reading input took 0.0000000000 seconds.
Linking took 0.0000000000 seconds.
Linking took 0.0000000000 seconds.
Completed after 0.0000000000 seconds.
This process (41277) memory usage: 
------------------------------------------
------------------------------------------

Reading input took 0.0000000000 seconds.
Linking took 0.0000000000 seconds.
Linking took 0.0000000000 seconds.
Completed after 0.0000000000 seconds.
This process (41279) memory usage: 
------------------------------------------
------------------------------------------

Reading input took 0.0000000000 seconds.
Linking took 0.0000000000 seconds.
Linking took 0.0000000000 seconds.
Completed after 0.0000000000 seconds.
This process (41281) memory usage: 
------------------------------------------
------------------------------------------

Reading input took 0.0000000000 seconds.
Linking took 0.0000000000 seconds.
Linking took 0.0000000000 seconds.
Completed after 0.0000000000 seconds.
This process (41283) memory usage: 
------------------------------------------
------------------------------------------

