Reading MITI files from nightly/
Reading tracklet files from /Users/joachim/repos/neosim/mopsPresentation/samplerun/trackletsFinal/
Will write 15 day window *.dets and *.ids files to /Users/joachim/repos/neosim/mopsPresentation/samplerun/trackletsByNight/
All nights:  [51029, 51030, 51031, 51032, 51034, 51035, 51042, 51048]
compatibleNights for night  51029  :   [51029, 51030, 51031, 51032, 51034, 51035, 51042]
adding  [51029, 51030, 51031, 51032, 51034, 51035, 51042]  to linkTracklets input set for  51029
stop looking after finding all tracks starting before  51030
done with  [51029, 51030, 51031, 51032, 51034, 51035, 51042]

compatibleNights for night  51030  :   [51030, 51031, 51032, 51034, 51035, 51042]
adding  [51030, 51031, 51032, 51034, 51035, 51042]  to linkTracklets input set for  51030
stop looking after finding all tracks starting before  51031
done with  [51030, 51031, 51032, 51034, 51035, 51042]

compatibleNights for night  51031  :   [51031, 51032, 51034, 51035, 51042]
adding  [51031, 51032, 51034, 51035, 51042]  to linkTracklets input set for  51031
stop looking after finding all tracks starting before  51032
done with  [51031, 51032, 51034, 51035, 51042]

compatibleNights for night  51032  :   [51032, 51034, 51035, 51042]
adding  [51032, 51034, 51035, 51042]  to linkTracklets input set for  51032
stop looking after finding all tracks starting before  51034
done with  [51032, 51034, 51035, 51042]

compatibleNights for night  51034  :   [51034, 51035, 51042, 51048]
adding  [51034, 51035, 51042, 51048]  to linkTracklets input set for  51034
stop looking after finding all tracks starting before  51035
done with  [51034, 51035, 51042, 51048]

compatibleNights for night  51035  :   [51035, 51042, 51048]
adding  [51035, 51042, 51048]  to linkTracklets input set for  51035
stop looking after finding all tracks starting before  51042
done with  [51035, 51042, 51048]

No track could start on night  51042
Compatible nights are:  [51042, 51048]
No track could start on night  51048
Compatible nights are:  [51048]
