purifyTracklets: 
==========================================
Detections file:        nightly/51029.dias
Pairs (tracklets) file: /Users/joachim/repos/neosim/mopsPresentation/samplerun/trackletsCollapsed/51029.tracklets.collapsed
Output file:            /Users/joachim/repos/neosim/mopsPresentation/samplerun/trackletsPurified/51029.tracklets.purified
max RMS:                0.001
Reading detections file....
Reading tracklets (pairs) file....
Done!
Reading input took 0.0000000000 seconds.
Doing the filtering...
Done. Writing output.
Done!
Completed after 0.0000000000 seconds.
This process (13890) memory usage: 
------------------------------------------
------------------------------------------

purifyTracklets: 
==========================================
Detections file:        nightly/51030.dias
Pairs (tracklets) file: /Users/joachim/repos/neosim/mopsPresentation/samplerun/trackletsCollapsed/51030.tracklets.collapsed
Output file:            /Users/joachim/repos/neosim/mopsPresentation/samplerun/trackletsPurified/51030.tracklets.purified
max RMS:                0.001
Reading detections file....
Reading tracklets (pairs) file....
Done!
Reading input took 0.0000000000 seconds.
Doing the filtering...
Done. Writing output.
Done!
Completed after 0.0000000000 seconds.
This process (13892) memory usage: 
------------------------------------------
------------------------------------------

purifyTracklets: 
==========================================
Detections file:        nightly/51031.dias
Pairs (tracklets) file: /Users/joachim/repos/neosim/mopsPresentation/samplerun/trackletsCollapsed/51031.tracklets.collapsed
Output file:            /Users/joachim/repos/neosim/mopsPresentation/samplerun/trackletsPurified/51031.tracklets.purified
max RMS:                0.001
Reading detections file....
Reading tracklets (pairs) file....
Done!
Reading input took 0.0000000000 seconds.
Doing the filtering...
Done. Writing output.
Done!
Completed after 0.0000000000 seconds.
This process (13894) memory usage: 
------------------------------------------
------------------------------------------

purifyTracklets: 
==========================================
Detections file:        nightly/51032.dias
Pairs (tracklets) file: /Users/joachim/repos/neosim/mopsPresentation/samplerun/trackletsCollapsed/51032.tracklets.collapsed
Output file:            /Users/joachim/repos/neosim/mopsPresentation/samplerun/trackletsPurified/51032.tracklets.purified
max RMS:                0.001
Reading detections file....
Reading tracklets (pairs) file....
Done!
Reading input took 0.0000000000 seconds.
Doing the filtering...
Done. Writing output.
Done!
Completed after 0.0000000000 seconds.
This process (13896) memory usage: 
------------------------------------------
------------------------------------------

purifyTracklets: 
==========================================
Detections file:        nightly/51034.dias
Pairs (tracklets) file: /Users/joachim/repos/neosim/mopsPresentation/samplerun/trackletsCollapsed/51034.tracklets.collapsed
Output file:            /Users/joachim/repos/neosim/mopsPresentation/samplerun/trackletsPurified/51034.tracklets.purified
max RMS:                0.001
Reading detections file....
Reading tracklets (pairs) file....
Done!
Reading input took 0.0000000000 seconds.
Doing the filtering...
Done. Writing output.
Done!
Completed after 0.0000000000 seconds.
This process (13898) memory usage: 
------------------------------------------
------------------------------------------

purifyTracklets: 
==========================================
Detections file:        nightly/51035.dias
Pairs (tracklets) file: /Users/joachim/repos/neosim/mopsPresentation/samplerun/trackletsCollapsed/51035.tracklets.collapsed
Output file:            /Users/joachim/repos/neosim/mopsPresentation/samplerun/trackletsPurified/51035.tracklets.purified
max RMS:                0.001
Reading detections file....
Reading tracklets (pairs) file....
Done!
Reading input took 0.0000000000 seconds.
Doing the filtering...
Done. Writing output.
Done!
Completed after 0.0000000000 seconds.
This process (13900) memory usage: 
------------------------------------------
------------------------------------------

purifyTracklets: 
==========================================
Detections file:        nightly/51042.dias
Pairs (tracklets) file: /Users/joachim/repos/neosim/mopsPresentation/samplerun/trackletsCollapsed/51042.tracklets.collapsed
Output file:            /Users/joachim/repos/neosim/mopsPresentation/samplerun/trackletsPurified/51042.tracklets.purified
max RMS:                0.001
Reading detections file....
Reading tracklets (pairs) file....
Done!
Reading input took 0.0000000000 seconds.
Doing the filtering...
Done. Writing output.
Done!
Completed after 0.0000000000 seconds.
This process (13902) memory usage: 
------------------------------------------
------------------------------------------

purifyTracklets: 
==========================================
Detections file:        nightly/51048.dias
Pairs (tracklets) file: /Users/joachim/repos/neosim/mopsPresentation/samplerun/trackletsCollapsed/51048.tracklets.collapsed
Output file:            /Users/joachim/repos/neosim/mopsPresentation/samplerun/trackletsPurified/51048.tracklets.purified
max RMS:                0.001
Reading detections file....
Reading tracklets (pairs) file....
Done!
Reading input took 0.0000000000 seconds.
Doing the filtering...
Done. Writing output.
Done!
Completed after 0.0000000000 seconds.
This process (13904) memory usage: 
------------------------------------------
------------------------------------------

