purifyTracklets: 
==========================================
Detections file:        /Users/joachim/repos/neosim/tutorial/nightly/59580.dias
Pairs (tracklets) file: /Users/joachim/repos/neosim/tutorial/run/trackletsCollapsed/59580.tracklets.collapsed
Output file:            /Users/joachim/repos/neosim/tutorial/run/trackletsPurified/59580.tracklets.purified
max RMS:                0.001
Reading detections file....
Reading tracklets (pairs) file....
Done!
Reading input took 0.0000000000 seconds.
Doing the filtering...
Done. Writing output.
Done!
Completed after 0.0000000000 seconds.
This process (37510) memory usage: 
------------------------------------------
------------------------------------------

purifyTracklets: 
==========================================
Detections file:        /Users/joachim/repos/neosim/tutorial/nightly/59581.dias
Pairs (tracklets) file: /Users/joachim/repos/neosim/tutorial/run/trackletsCollapsed/59581.tracklets.collapsed
Output file:            /Users/joachim/repos/neosim/tutorial/run/trackletsPurified/59581.tracklets.purified
max RMS:                0.001
Reading detections file....
Reading tracklets (pairs) file....
Done!
Reading input took 0.0000000000 seconds.
Doing the filtering...
Done. Writing output.
Done!
Completed after 0.0000000000 seconds.
This process (37512) memory usage: 
------------------------------------------
------------------------------------------

purifyTracklets: 
==========================================
Detections file:        /Users/joachim/repos/neosim/tutorial/nightly/59582.dias
Pairs (tracklets) file: /Users/joachim/repos/neosim/tutorial/run/trackletsCollapsed/59582.tracklets.collapsed
Output file:            /Users/joachim/repos/neosim/tutorial/run/trackletsPurified/59582.tracklets.purified
max RMS:                0.001
Reading detections file....
Reading tracklets (pairs) file....
Done!
Reading input took 0.0000000000 seconds.
Doing the filtering...
Done. Writing output.
Done!
Completed after 0.0000000000 seconds.
This process (37514) memory usage: 
------------------------------------------
------------------------------------------

purifyTracklets: 
==========================================
Detections file:        /Users/joachim/repos/neosim/tutorial/nightly/59583.dias
Pairs (tracklets) file: /Users/joachim/repos/neosim/tutorial/run/trackletsCollapsed/59583.tracklets.collapsed
Output file:            /Users/joachim/repos/neosim/tutorial/run/trackletsPurified/59583.tracklets.purified
max RMS:                0.001
Reading detections file....
Reading tracklets (pairs) file....
Done!
Reading input took 0.0000000000 seconds.
Doing the filtering...
Done. Writing output.
Done!
Completed after 0.0000000000 seconds.
This process (37516) memory usage: 
------------------------------------------
------------------------------------------

purifyTracklets: 
==========================================
Detections file:        /Users/joachim/repos/neosim/tutorial/nightly/59584.dias
Pairs (tracklets) file: /Users/joachim/repos/neosim/tutorial/run/trackletsCollapsed/59584.tracklets.collapsed
Output file:            /Users/joachim/repos/neosim/tutorial/run/trackletsPurified/59584.tracklets.purified
max RMS:                0.001
Reading detections file....
Reading tracklets (pairs) file....
Done!
Reading input took 0.0000000000 seconds.
Doing the filtering...
Done. Writing output.
Done!
Completed after 0.0000000000 seconds.
This process (37518) memory usage: 
------------------------------------------
------------------------------------------

purifyTracklets: 
==========================================
Detections file:        /Users/joachim/repos/neosim/tutorial/nightly/59585.dias
Pairs (tracklets) file: /Users/joachim/repos/neosim/tutorial/run/trackletsCollapsed/59585.tracklets.collapsed
Output file:            /Users/joachim/repos/neosim/tutorial/run/trackletsPurified/59585.tracklets.purified
max RMS:                0.001
Reading detections file....
Reading tracklets (pairs) file....
Done!
Reading input took 0.0000000000 seconds.
Doing the filtering...
Done. Writing output.
Done!
Completed after 0.0000000000 seconds.
This process (37520) memory usage: 
------------------------------------------
------------------------------------------

purifyTracklets: 
==========================================
Detections file:        /Users/joachim/repos/neosim/tutorial/nightly/59586.dias
Pairs (tracklets) file: /Users/joachim/repos/neosim/tutorial/run/trackletsCollapsed/59586.tracklets.collapsed
Output file:            /Users/joachim/repos/neosim/tutorial/run/trackletsPurified/59586.tracklets.purified
max RMS:                0.001
Reading detections file....
Reading tracklets (pairs) file....
Done!
Reading input took 0.0000000000 seconds.
Doing the filtering...
Done. Writing output.
Done!
Completed after 0.0000000000 seconds.
This process (37522) memory usage: 
------------------------------------------
------------------------------------------

purifyTracklets: 
==========================================
Detections file:        /Users/joachim/repos/neosim/tutorial/nightly/59587.dias
Pairs (tracklets) file: /Users/joachim/repos/neosim/tutorial/run/trackletsCollapsed/59587.tracklets.collapsed
Output file:            /Users/joachim/repos/neosim/tutorial/run/trackletsPurified/59587.tracklets.purified
max RMS:                0.001
Reading detections file....
Reading tracklets (pairs) file....
Done!
Reading input took 0.0000000000 seconds.
Doing the filtering...
Done. Writing output.
Done!
Completed after 0.0000000000 seconds.
This process (37524) memory usage: 
------------------------------------------
------------------------------------------

purifyTracklets: 
==========================================
Detections file:        /Users/joachim/repos/neosim/tutorial/nightly/59588.dias
Pairs (tracklets) file: /Users/joachim/repos/neosim/tutorial/run/trackletsCollapsed/59588.tracklets.collapsed
Output file:            /Users/joachim/repos/neosim/tutorial/run/trackletsPurified/59588.tracklets.purified
max RMS:                0.001
Reading detections file....
Reading tracklets (pairs) file....
Done!
Reading input took 0.0000000000 seconds.
Doing the filtering...
Done. Writing output.
Done!
Completed after 0.0000000000 seconds.
This process (37526) memory usage: 
------------------------------------------
------------------------------------------

purifyTracklets: 
==========================================
Detections file:        /Users/joachim/repos/neosim/tutorial/nightly/59589.dias
Pairs (tracklets) file: /Users/joachim/repos/neosim/tutorial/run/trackletsCollapsed/59589.tracklets.collapsed
Output file:            /Users/joachim/repos/neosim/tutorial/run/trackletsPurified/59589.tracklets.purified
max RMS:                0.001
Reading detections file....
Reading tracklets (pairs) file....
Done!
Reading input took 0.0000000000 seconds.
Doing the filtering...
Done. Writing output.
Done!
Completed after 0.0000000000 seconds.
This process (37528) memory usage: 
------------------------------------------
------------------------------------------

purifyTracklets: 
==========================================
Detections file:        /Users/joachim/repos/neosim/tutorial/nightly/59590.dias
Pairs (tracklets) file: /Users/joachim/repos/neosim/tutorial/run/trackletsCollapsed/59590.tracklets.collapsed
Output file:            /Users/joachim/repos/neosim/tutorial/run/trackletsPurified/59590.tracklets.purified
max RMS:                0.001
Reading detections file....
Reading tracklets (pairs) file....
Done!
Reading input took 0.0000000000 seconds.
Doing the filtering...
Done. Writing output.
Done!
Completed after 0.0000000000 seconds.
This process (37530) memory usage: 
------------------------------------------
------------------------------------------

purifyTracklets: 
==========================================
Detections file:        /Users/joachim/repos/neosim/tutorial/nightly/59591.dias
Pairs (tracklets) file: /Users/joachim/repos/neosim/tutorial/run/trackletsCollapsed/59591.tracklets.collapsed
Output file:            /Users/joachim/repos/neosim/tutorial/run/trackletsPurified/59591.tracklets.purified
max RMS:                0.001
Reading detections file....
Reading tracklets (pairs) file....
Done!
Reading input took 0.0000000000 seconds.
Doing the filtering...
Done. Writing output.
Done!
Completed after 0.0000000000 seconds.
This process (37532) memory usage: 
------------------------------------------
------------------------------------------

purifyTracklets: 
==========================================
Detections file:        /Users/joachim/repos/neosim/tutorial/nightly/59592.dias
Pairs (tracklets) file: /Users/joachim/repos/neosim/tutorial/run/trackletsCollapsed/59592.tracklets.collapsed
Output file:            /Users/joachim/repos/neosim/tutorial/run/trackletsPurified/59592.tracklets.purified
max RMS:                0.001
Reading detections file....
Reading tracklets (pairs) file....
Done!
Reading input took 0.0000000000 seconds.
Doing the filtering...
Done. Writing output.
Done!
Completed after 0.0000000000 seconds.
This process (37534) memory usage: 
------------------------------------------
------------------------------------------

purifyTracklets: 
==========================================
Detections file:        /Users/joachim/repos/neosim/tutorial/nightly/59593.dias
Pairs (tracklets) file: /Users/joachim/repos/neosim/tutorial/run/trackletsCollapsed/59593.tracklets.collapsed
Output file:            /Users/joachim/repos/neosim/tutorial/run/trackletsPurified/59593.tracklets.purified
max RMS:                0.001
Reading detections file....
Reading tracklets (pairs) file....
Done!
Reading input took 0.0000000000 seconds.
Doing the filtering...
Done. Writing output.
Done!
Completed after 0.0000000000 seconds.
This process (37536) memory usage: 
------------------------------------------
------------------------------------------

purifyTracklets: 
==========================================
Detections file:        /Users/joachim/repos/neosim/tutorial/nightly/59594.dias
Pairs (tracklets) file: /Users/joachim/repos/neosim/tutorial/run/trackletsCollapsed/59594.tracklets.collapsed
Output file:            /Users/joachim/repos/neosim/tutorial/run/trackletsPurified/59594.tracklets.purified
max RMS:                0.001
Reading detections file....
Reading tracklets (pairs) file....
Done!
Reading input took 0.0000000000 seconds.
Doing the filtering...
Done. Writing output.
Done!
Completed after 0.0000000000 seconds.
This process (37538) memory usage: 
------------------------------------------
------------------------------------------

purifyTracklets: 
==========================================
Detections file:        /Users/joachim/repos/neosim/tutorial/nightly/59595.dias
Pairs (tracklets) file: /Users/joachim/repos/neosim/tutorial/run/trackletsCollapsed/59595.tracklets.collapsed
Output file:            /Users/joachim/repos/neosim/tutorial/run/trackletsPurified/59595.tracklets.purified
max RMS:                0.001
Reading detections file....
Reading tracklets (pairs) file....
Done!
Reading input took 0.0000000000 seconds.
Doing the filtering...
Done. Writing output.
Done!
Completed after 0.0000000000 seconds.
This process (37540) memory usage: 
------------------------------------------
------------------------------------------

purifyTracklets: 
==========================================
Detections file:        /Users/joachim/repos/neosim/tutorial/nightly/59596.dias
Pairs (tracklets) file: /Users/joachim/repos/neosim/tutorial/run/trackletsCollapsed/59596.tracklets.collapsed
Output file:            /Users/joachim/repos/neosim/tutorial/run/trackletsPurified/59596.tracklets.purified
max RMS:                0.001
Reading detections file....
Reading tracklets (pairs) file....
Done!
Reading input took 0.0000000000 seconds.
Doing the filtering...
Done. Writing output.
Done!
Completed after 0.0000000000 seconds.
This process (37542) memory usage: 
------------------------------------------
------------------------------------------

purifyTracklets: 
==========================================
Detections file:        /Users/joachim/repos/neosim/tutorial/nightly/59597.dias
Pairs (tracklets) file: /Users/joachim/repos/neosim/tutorial/run/trackletsCollapsed/59597.tracklets.collapsed
Output file:            /Users/joachim/repos/neosim/tutorial/run/trackletsPurified/59597.tracklets.purified
max RMS:                0.001
Reading detections file....
Reading tracklets (pairs) file....
Done!
Reading input took 0.0000000000 seconds.
Doing the filtering...
Done. Writing output.
Done!
Completed after 0.0000000000 seconds.
This process (37544) memory usage: 
------------------------------------------
------------------------------------------

purifyTracklets: 
==========================================
Detections file:        /Users/joachim/repos/neosim/tutorial/nightly/59598.dias
Pairs (tracklets) file: /Users/joachim/repos/neosim/tutorial/run/trackletsCollapsed/59598.tracklets.collapsed
Output file:            /Users/joachim/repos/neosim/tutorial/run/trackletsPurified/59598.tracklets.purified
max RMS:                0.001
Reading detections file....
Reading tracklets (pairs) file....
Done!
Reading input took 0.0000000000 seconds.
Doing the filtering...
Done. Writing output.
Done!
Completed after 0.0000000000 seconds.
This process (37546) memory usage: 
------------------------------------------
------------------------------------------

purifyTracklets: 
==========================================
Detections file:        /Users/joachim/repos/neosim/tutorial/nightly/59599.dias
Pairs (tracklets) file: /Users/joachim/repos/neosim/tutorial/run/trackletsCollapsed/59599.tracklets.collapsed
Output file:            /Users/joachim/repos/neosim/tutorial/run/trackletsPurified/59599.tracklets.purified
max RMS:                0.001
Reading detections file....
Reading tracklets (pairs) file....
Done!
Reading input took 0.0000000000 seconds.
Doing the filtering...
Done. Writing output.
Done!
Completed after 0.0000000000 seconds.
This process (37548) memory usage: 
------------------------------------------
------------------------------------------

purifyTracklets: 
==========================================
Detections file:        /Users/joachim/repos/neosim/tutorial/nightly/59600.dias
Pairs (tracklets) file: /Users/joachim/repos/neosim/tutorial/run/trackletsCollapsed/59600.tracklets.collapsed
Output file:            /Users/joachim/repos/neosim/tutorial/run/trackletsPurified/59600.tracklets.purified
max RMS:                0.001
Reading detections file....
Reading tracklets (pairs) file....
Done!
Reading input took 0.0000000000 seconds.
Doing the filtering...
Done. Writing output.
Done!
Completed after 0.0000000000 seconds.
This process (37550) memory usage: 
------------------------------------------
------------------------------------------

purifyTracklets: 
==========================================
Detections file:        /Users/joachim/repos/neosim/tutorial/nightly/59601.dias
Pairs (tracklets) file: /Users/joachim/repos/neosim/tutorial/run/trackletsCollapsed/59601.tracklets.collapsed
Output file:            /Users/joachim/repos/neosim/tutorial/run/trackletsPurified/59601.tracklets.purified
max RMS:                0.001
Reading detections file....
Reading tracklets (pairs) file....
Done!
Reading input took 0.0000000000 seconds.
Doing the filtering...
Done. Writing output.
Done!
Completed after 0.0000000000 seconds.
This process (37552) memory usage: 
------------------------------------------
------------------------------------------

purifyTracklets: 
==========================================
Detections file:        /Users/joachim/repos/neosim/tutorial/nightly/59602.dias
Pairs (tracklets) file: /Users/joachim/repos/neosim/tutorial/run/trackletsCollapsed/59602.tracklets.collapsed
Output file:            /Users/joachim/repos/neosim/tutorial/run/trackletsPurified/59602.tracklets.purified
max RMS:                0.001
Reading detections file....
Reading tracklets (pairs) file....
Done!
Reading input took 0.0000000000 seconds.
Doing the filtering...
Done. Writing output.
Done!
Completed after 0.0000000000 seconds.
This process (37554) memory usage: 
------------------------------------------
------------------------------------------

purifyTracklets: 
==========================================
Detections file:        /Users/joachim/repos/neosim/tutorial/nightly/59603.dias
Pairs (tracklets) file: /Users/joachim/repos/neosim/tutorial/run/trackletsCollapsed/59603.tracklets.collapsed
Output file:            /Users/joachim/repos/neosim/tutorial/run/trackletsPurified/59603.tracklets.purified
max RMS:                0.001
Reading detections file....
Reading tracklets (pairs) file....
Done!
Reading input took 0.0000000000 seconds.
Doing the filtering...
Done. Writing output.
Done!
Completed after 0.0000000000 seconds.
This process (37556) memory usage: 
------------------------------------------
------------------------------------------

purifyTracklets: 
==========================================
Detections file:        /Users/joachim/repos/neosim/tutorial/nightly/59604.dias
Pairs (tracklets) file: /Users/joachim/repos/neosim/tutorial/run/trackletsCollapsed/59604.tracklets.collapsed
Output file:            /Users/joachim/repos/neosim/tutorial/run/trackletsPurified/59604.tracklets.purified
max RMS:                0.001
Reading detections file....
Reading tracklets (pairs) file....
Done!
Reading input took 0.0000000000 seconds.
Doing the filtering...
Done. Writing output.
Done!
Completed after 0.0000000000 seconds.
This process (37558) memory usage: 
------------------------------------------
------------------------------------------

purifyTracklets: 
==========================================
Detections file:        /Users/joachim/repos/neosim/tutorial/nightly/59605.dias
Pairs (tracklets) file: /Users/joachim/repos/neosim/tutorial/run/trackletsCollapsed/59605.tracklets.collapsed
Output file:            /Users/joachim/repos/neosim/tutorial/run/trackletsPurified/59605.tracklets.purified
max RMS:                0.001
Reading detections file....
Reading tracklets (pairs) file....
Done!
Reading input took 0.0000000000 seconds.
Doing the filtering...
Done. Writing output.
Done!
Completed after 0.0000000000 seconds.
This process (37560) memory usage: 
------------------------------------------
------------------------------------------

purifyTracklets: 
==========================================
Detections file:        /Users/joachim/repos/neosim/tutorial/nightly/59606.dias
Pairs (tracklets) file: /Users/joachim/repos/neosim/tutorial/run/trackletsCollapsed/59606.tracklets.collapsed
Output file:            /Users/joachim/repos/neosim/tutorial/run/trackletsPurified/59606.tracklets.purified
max RMS:                0.001
Reading detections file....
Reading tracklets (pairs) file....
Done!
Reading input took 0.0000000000 seconds.
Doing the filtering...
Done. Writing output.
Done!
Completed after 0.0000000000 seconds.
This process (37562) memory usage: 
------------------------------------------
------------------------------------------

purifyTracklets: 
==========================================
Detections file:        /Users/joachim/repos/neosim/tutorial/nightly/59607.dias
Pairs (tracklets) file: /Users/joachim/repos/neosim/tutorial/run/trackletsCollapsed/59607.tracklets.collapsed
Output file:            /Users/joachim/repos/neosim/tutorial/run/trackletsPurified/59607.tracklets.purified
max RMS:                0.001
Reading detections file....
Reading tracklets (pairs) file....
Done!
Reading input took 0.0000000000 seconds.
Doing the filtering...
Done. Writing output.
Done!
Completed after 0.0000000000 seconds.
This process (37564) memory usage: 
------------------------------------------
------------------------------------------

purifyTracklets: 
==========================================
Detections file:        /Users/joachim/repos/neosim/tutorial/nightly/59608.dias
Pairs (tracklets) file: /Users/joachim/repos/neosim/tutorial/run/trackletsCollapsed/59608.tracklets.collapsed
Output file:            /Users/joachim/repos/neosim/tutorial/run/trackletsPurified/59608.tracklets.purified
max RMS:                0.001
Reading detections file....
Reading tracklets (pairs) file....
Done!
Reading input took 0.0000000000 seconds.
Doing the filtering...
Done. Writing output.
Done!
Completed after 0.0000000000 seconds.
This process (37566) memory usage: 
------------------------------------------
------------------------------------------

purifyTracklets: 
==========================================
Detections file:        /Users/joachim/repos/neosim/tutorial/nightly/59609.dias
Pairs (tracklets) file: /Users/joachim/repos/neosim/tutorial/run/trackletsCollapsed/59609.tracklets.collapsed
Output file:            /Users/joachim/repos/neosim/tutorial/run/trackletsPurified/59609.tracklets.purified
max RMS:                0.001
Reading detections file....
Reading tracklets (pairs) file....
Done!
Reading input took 0.0000000000 seconds.
Doing the filtering...
Done. Writing output.
Done!
Completed after 0.0000000000 seconds.
This process (37568) memory usage: 
------------------------------------------
------------------------------------------

